Building DAG of jobs...
Using shell: /bin/bash
Provided cores: 10
Rules claiming more threads will be scaled down.
Job counts:
	count	jobs
	1	all
	1	assignBarcodes_DAPI
	1	assignBarcodes_polyT
	30	decoding
	1	exportBarcodes
	1	exportFeatures_DAPI
	1	exportFeatures_polyT
	30	extractBarcodes
	1	filterBarcodes
	1	filterBarcodesFeature
	1	filterFeatures
	25	preprocessing
	1	trainPSM
	95

[Tue Oct  6 18:19:06 2020]
rule preprocessing:
    input: /mnt/NAS/Fang/Analysis/MERFISH/merfish_analysis/MERFISH_test/data/logs/fov_3_zpos_3.0_registration.log
    output: /mnt/NAS/Fang/Analysis/MERFISH/merfish_analysis/MERFISH_test/data/logs/fov_3_zpos_3.0_processing.log
    jobid: 156
    wildcards: analysisPath=/mnt/NAS/Fang/Analysis/MERFISH/merfish_analysis/MERFISH_test/data, fov=3, zpos=3.0


[Tue Oct  6 18:19:06 2020]
rule preprocessing:
    input: /mnt/NAS/Fang/Analysis/MERFISH/merfish_analysis/MERFISH_test/data/logs/fov_0_zpos_3.0_registration.log
    output: /mnt/NAS/Fang/Analysis/MERFISH/merfish_analysis/MERFISH_test/data/logs/fov_0_zpos_3.0_processing.log
    jobid: 138
    wildcards: analysisPath=/mnt/NAS/Fang/Analysis/MERFISH/merfish_analysis/MERFISH_test/data, fov=0, zpos=3.0


[Tue Oct  6 18:19:06 2020]
rule preprocessing:
    input: /mnt/NAS/Fang/Analysis/MERFISH/merfish_analysis/MERFISH_test/data/logs/fov_2_zpos_3.0_registration.log
    output: /mnt/NAS/Fang/Analysis/MERFISH/merfish_analysis/MERFISH_test/data/logs/fov_2_zpos_3.0_processing.log
    jobid: 150
    wildcards: analysisPath=/mnt/NAS/Fang/Analysis/MERFISH/merfish_analysis/MERFISH_test/data, fov=2, zpos=3.0


[Tue Oct  6 18:19:06 2020]
rule preprocessing:
    input: /mnt/NAS/Fang/Analysis/MERFISH/merfish_analysis/MERFISH_test/data/logs/fov_4_zpos_3.0_registration.log
    output: /mnt/NAS/Fang/Analysis/MERFISH/merfish_analysis/MERFISH_test/data/logs/fov_4_zpos_3.0_processing.log
    jobid: 162
    wildcards: analysisPath=/mnt/NAS/Fang/Analysis/MERFISH/merfish_analysis/MERFISH_test/data, fov=4, zpos=3.0


[Tue Oct  6 18:19:06 2020]
rule preprocessing:
    input: /mnt/NAS/Fang/Analysis/MERFISH/merfish_analysis/MERFISH_test/data/logs/fov_1_zpos_4.0_registration.log
    output: /mnt/NAS/Fang/Analysis/MERFISH/merfish_analysis/MERFISH_test/data/logs/fov_1_zpos_4.0_processing.log
    jobid: 145
    wildcards: analysisPath=/mnt/NAS/Fang/Analysis/MERFISH/merfish_analysis/MERFISH_test/data, fov=1, zpos=4.0


[Tue Oct  6 18:19:06 2020]
rule preprocessing:
    input: /mnt/NAS/Fang/Analysis/MERFISH/merfish_analysis/MERFISH_test/data/logs/fov_2_zpos_1.0_registration.log
    output: /mnt/NAS/Fang/Analysis/MERFISH/merfish_analysis/MERFISH_test/data/logs/fov_2_zpos_1.0_processing.log
    jobid: 148
    wildcards: analysisPath=/mnt/NAS/Fang/Analysis/MERFISH/merfish_analysis/MERFISH_test/data, fov=2, zpos=1.0


[Tue Oct  6 18:19:06 2020]
rule preprocessing:
    input: /mnt/NAS/Fang/Analysis/MERFISH/merfish_analysis/MERFISH_test/data/logs/fov_4_zpos_1.0_registration.log
    output: /mnt/NAS/Fang/Analysis/MERFISH/merfish_analysis/MERFISH_test/data/logs/fov_4_zpos_1.0_processing.log
    jobid: 160
    wildcards: analysisPath=/mnt/NAS/Fang/Analysis/MERFISH/merfish_analysis/MERFISH_test/data, fov=4, zpos=1.0


[Tue Oct  6 18:19:06 2020]
rule preprocessing:
    input: /mnt/NAS/Fang/Analysis/MERFISH/merfish_analysis/MERFISH_test/data/logs/fov_1_zpos_1.0_registration.log
    output: /mnt/NAS/Fang/Analysis/MERFISH/merfish_analysis/MERFISH_test/data/logs/fov_1_zpos_1.0_processing.log
    jobid: 142
    wildcards: analysisPath=/mnt/NAS/Fang/Analysis/MERFISH/merfish_analysis/MERFISH_test/data, fov=1, zpos=1.0


[Tue Oct  6 18:19:06 2020]
rule preprocessing:
    input: /mnt/NAS/Fang/Analysis/MERFISH/merfish_analysis/MERFISH_test/data/logs/fov_3_zpos_1.0_registration.log
    output: /mnt/NAS/Fang/Analysis/MERFISH/merfish_analysis/MERFISH_test/data/logs/fov_3_zpos_1.0_processing.log
    jobid: 154
    wildcards: analysisPath=/mnt/NAS/Fang/Analysis/MERFISH/merfish_analysis/MERFISH_test/data, fov=3, zpos=1.0


[Tue Oct  6 18:19:06 2020]
rule preprocessing:
    input: /mnt/NAS/Fang/Analysis/MERFISH/merfish_analysis/MERFISH_test/data/logs/fov_1_zpos_2.0_registration.log
    output: /mnt/NAS/Fang/Analysis/MERFISH/merfish_analysis/MERFISH_test/data/logs/fov_1_zpos_2.0_processing.log
    jobid: 143
    wildcards: analysisPath=/mnt/NAS/Fang/Analysis/MERFISH/merfish_analysis/MERFISH_test/data, fov=1, zpos=2.0

[Tue Oct  6 18:20:25 2020]
Finished job 162.
1 of 95 steps (1%) done

[Tue Oct  6 18:20:25 2020]
rule decoding:
    input: /mnt/NAS/Fang/Analysis/MERFISH/merfish_analysis/MERFISH_test/data/logs/fov_4_zpos_3.0_processing.log
    output: /mnt/NAS/Fang/Analysis/MERFISH/merfish_analysis/MERFISH_test/data/logs/fov_4_zpos_3.0_decoding.log
    jobid: 127
    wildcards: analysisPath=/mnt/NAS/Fang/Analysis/MERFISH/merfish_analysis/MERFISH_test/data, fov=4, zpos=3.0

[Tue Oct  6 18:20:27 2020]
Finished job 160.
2 of 95 steps (2%) done

[Tue Oct  6 18:20:27 2020]
rule decoding:
    input: /mnt/NAS/Fang/Analysis/MERFISH/merfish_analysis/MERFISH_test/data/logs/fov_0_zpos_6.0_processing.log
    output: /mnt/NAS/Fang/Analysis/MERFISH/merfish_analysis/MERFISH_test/data/logs/fov_0_zpos_6.0_decoding.log
    jobid: 106
    wildcards: analysisPath=/mnt/NAS/Fang/Analysis/MERFISH/merfish_analysis/MERFISH_test/data, fov=0, zpos=6.0

[Tue Oct  6 18:20:28 2020]
Finished job 156.
3 of 95 steps (3%) done

[Tue Oct  6 18:20:28 2020]
rule decoding:
    input: /mnt/NAS/Fang/Analysis/MERFISH/merfish_analysis/MERFISH_test/data/logs/fov_3_zpos_2.0_processing.log
    output: /mnt/NAS/Fang/Analysis/MERFISH/merfish_analysis/MERFISH_test/data/logs/fov_3_zpos_2.0_decoding.log
    jobid: 120
    wildcards: analysisPath=/mnt/NAS/Fang/Analysis/MERFISH/merfish_analysis/MERFISH_test/data, fov=3, zpos=2.0

[Tue Oct  6 18:20:29 2020]
Finished job 142.
4 of 95 steps (4%) done
[Tue Oct  6 18:20:29 2020]
Finished job 143.
5 of 95 steps (5%) done

[Tue Oct  6 18:20:29 2020]
rule preprocessing:
    input: /mnt/NAS/Fang/Analysis/MERFISH/merfish_analysis/MERFISH_test/data/logs/fov_3_zpos_4.0_registration.log
    output: /mnt/NAS/Fang/Analysis/MERFISH/merfish_analysis/MERFISH_test/data/logs/fov_3_zpos_4.0_processing.log
    jobid: 157
    wildcards: analysisPath=/mnt/NAS/Fang/Analysis/MERFISH/merfish_analysis/MERFISH_test/data, fov=3, zpos=4.0


[Tue Oct  6 18:20:29 2020]
rule preprocessing:
    input: /mnt/NAS/Fang/Analysis/MERFISH/merfish_analysis/MERFISH_test/data/logs/fov_4_zpos_6.0_registration.log
    output: /mnt/NAS/Fang/Analysis/MERFISH/merfish_analysis/MERFISH_test/data/logs/fov_4_zpos_6.0_processing.log
    jobid: 165
    wildcards: analysisPath=/mnt/NAS/Fang/Analysis/MERFISH/merfish_analysis/MERFISH_test/data, fov=4, zpos=6.0

[Tue Oct  6 18:20:29 2020]
Finished job 154.
6 of 95 steps (6%) done

[Tue Oct  6 18:20:29 2020]
rule decoding:
    input: /mnt/NAS/Fang/Analysis/MERFISH/merfish_analysis/MERFISH_test/data/logs/fov_3_zpos_1.0_processing.log
    output: /mnt/NAS/Fang/Analysis/MERFISH/merfish_analysis/MERFISH_test/data/logs/fov_3_zpos_1.0_decoding.log
    jobid: 119
    wildcards: analysisPath=/mnt/NAS/Fang/Analysis/MERFISH/merfish_analysis/MERFISH_test/data, fov=3, zpos=1.0

[Tue Oct  6 18:20:29 2020]
Finished job 148.
7 of 95 steps (7%) done

[Tue Oct  6 18:20:29 2020]
rule decoding:
    input: /mnt/NAS/Fang/Analysis/MERFISH/merfish_analysis/MERFISH_test/data/logs/fov_2_zpos_1.0_processing.log
    output: /mnt/NAS/Fang/Analysis/MERFISH/merfish_analysis/MERFISH_test/data/logs/fov_2_zpos_1.0_decoding.log
    jobid: 113
    wildcards: analysisPath=/mnt/NAS/Fang/Analysis/MERFISH/merfish_analysis/MERFISH_test/data, fov=2, zpos=1.0

[Tue Oct  6 18:20:29 2020]
Finished job 138.
8 of 95 steps (8%) done

[Tue Oct  6 18:20:29 2020]
rule decoding:
    input: /mnt/NAS/Fang/Analysis/MERFISH/merfish_analysis/MERFISH_test/data/logs/fov_0_zpos_3.0_processing.log
    output: /mnt/NAS/Fang/Analysis/MERFISH/merfish_analysis/MERFISH_test/data/logs/fov_0_zpos_3.0_decoding.log
    jobid: 103
    wildcards: analysisPath=/mnt/NAS/Fang/Analysis/MERFISH/merfish_analysis/MERFISH_test/data, fov=0, zpos=3.0

[Tue Oct  6 18:20:29 2020]
Finished job 145.
9 of 95 steps (9%) done

[Tue Oct  6 18:20:29 2020]
rule decoding:
    input: /mnt/NAS/Fang/Analysis/MERFISH/merfish_analysis/MERFISH_test/data/logs/fov_3_zpos_3.0_processing.log
    output: /mnt/NAS/Fang/Analysis/MERFISH/merfish_analysis/MERFISH_test/data/logs/fov_3_zpos_3.0_decoding.log
    jobid: 121
    wildcards: analysisPath=/mnt/NAS/Fang/Analysis/MERFISH/merfish_analysis/MERFISH_test/data, fov=3, zpos=3.0

[Tue Oct  6 18:20:30 2020]
Finished job 150.
10 of 95 steps (11%) done

[Tue Oct  6 18:20:30 2020]
rule decoding:
    input: /mnt/NAS/Fang/Analysis/MERFISH/merfish_analysis/MERFISH_test/data/logs/fov_1_zpos_1.0_processing.log
    output: /mnt/NAS/Fang/Analysis/MERFISH/merfish_analysis/MERFISH_test/data/logs/fov_1_zpos_1.0_decoding.log
    jobid: 107
    wildcards: analysisPath=/mnt/NAS/Fang/Analysis/MERFISH/merfish_analysis/MERFISH_test/data, fov=1, zpos=1.0

[Tue Oct  6 18:21:39 2020]
Finished job 165.
11 of 95 steps (12%) done

[Tue Oct  6 18:21:39 2020]
rule decoding:
    input: /mnt/NAS/Fang/Analysis/MERFISH/merfish_analysis/MERFISH_test/data/logs/fov_2_zpos_3.0_processing.log
    output: /mnt/NAS/Fang/Analysis/MERFISH/merfish_analysis/MERFISH_test/data/logs/fov_2_zpos_3.0_decoding.log
    jobid: 115
    wildcards: analysisPath=/mnt/NAS/Fang/Analysis/MERFISH/merfish_analysis/MERFISH_test/data, fov=2, zpos=3.0

[Tue Oct  6 18:21:42 2020]
Finished job 157.
12 of 95 steps (13%) done

[Tue Oct  6 18:21:42 2020]
rule decoding:
    input: /mnt/NAS/Fang/Analysis/MERFISH/merfish_analysis/MERFISH_test/data/logs/fov_1_zpos_2.0_processing.log
    output: /mnt/NAS/Fang/Analysis/MERFISH/merfish_analysis/MERFISH_test/data/logs/fov_1_zpos_2.0_decoding.log
    jobid: 108
    wildcards: analysisPath=/mnt/NAS/Fang/Analysis/MERFISH/merfish_analysis/MERFISH_test/data, fov=1, zpos=2.0

[Tue Oct  6 18:26:51 2020]
Finished job 127.
13 of 95 steps (14%) done

[Tue Oct  6 18:26:51 2020]
rule decoding:
    input: /mnt/NAS/Fang/Analysis/MERFISH/merfish_analysis/MERFISH_test/data/logs/fov_3_zpos_4.0_processing.log
    output: /mnt/NAS/Fang/Analysis/MERFISH/merfish_analysis/MERFISH_test/data/logs/fov_3_zpos_4.0_decoding.log
    jobid: 122
    wildcards: analysisPath=/mnt/NAS/Fang/Analysis/MERFISH/merfish_analysis/MERFISH_test/data, fov=3, zpos=4.0

[Tue Oct  6 18:26:54 2020]
Finished job 106.
14 of 95 steps (15%) done

[Tue Oct  6 18:26:54 2020]
rule decoding:
    input: /mnt/NAS/Fang/Analysis/MERFISH/merfish_analysis/MERFISH_test/data/logs/fov_4_zpos_6.0_processing.log
    output: /mnt/NAS/Fang/Analysis/MERFISH/merfish_analysis/MERFISH_test/data/logs/fov_4_zpos_6.0_decoding.log
    jobid: 130
    wildcards: analysisPath=/mnt/NAS/Fang/Analysis/MERFISH/merfish_analysis/MERFISH_test/data, fov=4, zpos=6.0

[Tue Oct  6 18:27:01 2020]
Finished job 120.
15 of 95 steps (16%) done

[Tue Oct  6 18:27:01 2020]
rule decoding:
    input: /mnt/NAS/Fang/Analysis/MERFISH/merfish_analysis/MERFISH_test/data/logs/fov_1_zpos_4.0_processing.log
    output: /mnt/NAS/Fang/Analysis/MERFISH/merfish_analysis/MERFISH_test/data/logs/fov_1_zpos_4.0_decoding.log
    jobid: 110
    wildcards: analysisPath=/mnt/NAS/Fang/Analysis/MERFISH/merfish_analysis/MERFISH_test/data, fov=1, zpos=4.0

[Tue Oct  6 18:27:05 2020]
Finished job 121.
16 of 95 steps (17%) done

[Tue Oct  6 18:27:05 2020]
rule decoding:
    input: /mnt/NAS/Fang/Analysis/MERFISH/merfish_analysis/MERFISH_test/data/logs/fov_4_zpos_1.0_processing.log
    output: /mnt/NAS/Fang/Analysis/MERFISH/merfish_analysis/MERFISH_test/data/logs/fov_4_zpos_1.0_decoding.log
    jobid: 125
    wildcards: analysisPath=/mnt/NAS/Fang/Analysis/MERFISH/merfish_analysis/MERFISH_test/data, fov=4, zpos=1.0

[Tue Oct  6 18:27:10 2020]
Finished job 107.
17 of 95 steps (18%) done

[Tue Oct  6 18:27:10 2020]
rule decoding:
    input: /mnt/NAS/Fang/Analysis/MERFISH/merfish_analysis/MERFISH_test/data/logs/fov_2_zpos_6.0_processing.log
    output: /mnt/NAS/Fang/Analysis/MERFISH/merfish_analysis/MERFISH_test/data/logs/fov_2_zpos_6.0_decoding.log
    jobid: 118
    wildcards: analysisPath=/mnt/NAS/Fang/Analysis/MERFISH/merfish_analysis/MERFISH_test/data, fov=2, zpos=6.0

[Tue Oct  6 18:27:11 2020]
Finished job 103.
18 of 95 steps (19%) done

[Tue Oct  6 18:27:11 2020]
rule decoding:
    input: /mnt/NAS/Fang/Analysis/MERFISH/merfish_analysis/MERFISH_test/data/logs/fov_4_zpos_2.0_processing.log
    output: /mnt/NAS/Fang/Analysis/MERFISH/merfish_analysis/MERFISH_test/data/logs/fov_4_zpos_2.0_decoding.log
    jobid: 126
    wildcards: analysisPath=/mnt/NAS/Fang/Analysis/MERFISH/merfish_analysis/MERFISH_test/data, fov=4, zpos=2.0

[Tue Oct  6 18:27:15 2020]
Finished job 119.
19 of 95 steps (20%) done

[Tue Oct  6 18:27:15 2020]
rule decoding:
    input: /mnt/NAS/Fang/Analysis/MERFISH/merfish_analysis/MERFISH_test/data/logs/fov_0_zpos_1.0_processing.log
    output: /mnt/NAS/Fang/Analysis/MERFISH/merfish_analysis/MERFISH_test/data/logs/fov_0_zpos_1.0_decoding.log
    jobid: 100
    wildcards: analysisPath=/mnt/NAS/Fang/Analysis/MERFISH/merfish_analysis/MERFISH_test/data, fov=0, zpos=1.0

[Tue Oct  6 18:27:18 2020]
Finished job 113.
20 of 95 steps (21%) done

[Tue Oct  6 18:27:18 2020]
rule preprocessing:
    input: /mnt/NAS/Fang/Analysis/MERFISH/merfish_analysis/MERFISH_test/data/logs/fov_3_zpos_5.0_registration.log
    output: /mnt/NAS/Fang/Analysis/MERFISH/merfish_analysis/MERFISH_test/data/logs/fov_3_zpos_5.0_processing.log
    jobid: 158
    wildcards: analysisPath=/mnt/NAS/Fang/Analysis/MERFISH/merfish_analysis/MERFISH_test/data, fov=3, zpos=5.0

[Tue Oct  6 18:28:13 2020]
Finished job 115.
21 of 95 steps (22%) done

[Tue Oct  6 18:28:13 2020]
rule preprocessing:
    input: /mnt/NAS/Fang/Analysis/MERFISH/merfish_analysis/MERFISH_test/data/logs/fov_0_zpos_5.0_registration.log
    output: /mnt/NAS/Fang/Analysis/MERFISH/merfish_analysis/MERFISH_test/data/logs/fov_0_zpos_5.0_processing.log
    jobid: 140
    wildcards: analysisPath=/mnt/NAS/Fang/Analysis/MERFISH/merfish_analysis/MERFISH_test/data, fov=0, zpos=5.0

[Tue Oct  6 18:28:13 2020]
Finished job 108.
22 of 95 steps (23%) done

[Tue Oct  6 18:28:13 2020]
rule preprocessing:
    input: /mnt/NAS/Fang/Analysis/MERFISH/merfish_analysis/MERFISH_test/data/logs/fov_2_zpos_5.0_registration.log
    output: /mnt/NAS/Fang/Analysis/MERFISH/merfish_analysis/MERFISH_test/data/logs/fov_2_zpos_5.0_processing.log
    jobid: 152
    wildcards: analysisPath=/mnt/NAS/Fang/Analysis/MERFISH/merfish_analysis/MERFISH_test/data, fov=2, zpos=5.0

[Tue Oct  6 18:28:23 2020]
Finished job 158.
23 of 95 steps (24%) done

[Tue Oct  6 18:28:23 2020]
rule preprocessing:
    input: /mnt/NAS/Fang/Analysis/MERFISH/merfish_analysis/MERFISH_test/data/logs/fov_4_zpos_5.0_registration.log
    output: /mnt/NAS/Fang/Analysis/MERFISH/merfish_analysis/MERFISH_test/data/logs/fov_4_zpos_5.0_processing.log
    jobid: 164
    wildcards: analysisPath=/mnt/NAS/Fang/Analysis/MERFISH/merfish_analysis/MERFISH_test/data, fov=4, zpos=5.0

[Tue Oct  6 18:29:19 2020]
Finished job 140.
24 of 95 steps (25%) done

[Tue Oct  6 18:29:19 2020]
rule preprocessing:
    input: /mnt/NAS/Fang/Analysis/MERFISH/merfish_analysis/MERFISH_test/data/logs/fov_1_zpos_5.0_registration.log
    output: /mnt/NAS/Fang/Analysis/MERFISH/merfish_analysis/MERFISH_test/data/logs/fov_1_zpos_5.0_processing.log
    jobid: 146
    wildcards: analysisPath=/mnt/NAS/Fang/Analysis/MERFISH/merfish_analysis/MERFISH_test/data, fov=1, zpos=5.0

[Tue Oct  6 18:29:19 2020]
Finished job 164.
25 of 95 steps (26%) done

[Tue Oct  6 18:29:19 2020]
rule preprocessing:
    input: /mnt/NAS/Fang/Analysis/MERFISH/merfish_analysis/MERFISH_test/data/logs/fov_1_zpos_6.0_registration.log
    output: /mnt/NAS/Fang/Analysis/MERFISH/merfish_analysis/MERFISH_test/data/logs/fov_1_zpos_6.0_processing.log
    jobid: 147
    wildcards: analysisPath=/mnt/NAS/Fang/Analysis/MERFISH/merfish_analysis/MERFISH_test/data, fov=1, zpos=6.0

[Tue Oct  6 18:29:23 2020]
Finished job 152.
26 of 95 steps (27%) done

[Tue Oct  6 18:29:23 2020]
rule preprocessing:
    input: /mnt/NAS/Fang/Analysis/MERFISH/merfish_analysis/MERFISH_test/data/logs/fov_4_zpos_4.0_registration.log
    output: /mnt/NAS/Fang/Analysis/MERFISH/merfish_analysis/MERFISH_test/data/logs/fov_4_zpos_4.0_processing.log
    jobid: 163
    wildcards: analysisPath=/mnt/NAS/Fang/Analysis/MERFISH/merfish_analysis/MERFISH_test/data, fov=4, zpos=4.0

[Tue Oct  6 18:30:23 2020]
Finished job 163.
27 of 95 steps (28%) done

[Tue Oct  6 18:30:23 2020]
rule preprocessing:
    input: /mnt/NAS/Fang/Analysis/MERFISH/merfish_analysis/MERFISH_test/data/logs/fov_3_zpos_6.0_registration.log
    output: /mnt/NAS/Fang/Analysis/MERFISH/merfish_analysis/MERFISH_test/data/logs/fov_3_zpos_6.0_processing.log
    jobid: 159
    wildcards: analysisPath=/mnt/NAS/Fang/Analysis/MERFISH/merfish_analysis/MERFISH_test/data, fov=3, zpos=6.0

[Tue Oct  6 18:30:24 2020]
Finished job 146.
28 of 95 steps (29%) done

[Tue Oct  6 18:30:24 2020]
rule preprocessing:
    input: /mnt/NAS/Fang/Analysis/MERFISH/merfish_analysis/MERFISH_test/data/logs/fov_2_zpos_4.0_registration.log
    output: /mnt/NAS/Fang/Analysis/MERFISH/merfish_analysis/MERFISH_test/data/logs/fov_2_zpos_4.0_processing.log
    jobid: 151
    wildcards: analysisPath=/mnt/NAS/Fang/Analysis/MERFISH/merfish_analysis/MERFISH_test/data, fov=2, zpos=4.0

[Tue Oct  6 18:30:27 2020]
Finished job 147.
29 of 95 steps (31%) done

[Tue Oct  6 18:30:27 2020]
rule preprocessing:
    input: /mnt/NAS/Fang/Analysis/MERFISH/merfish_analysis/MERFISH_test/data/logs/fov_0_zpos_4.0_registration.log
    output: /mnt/NAS/Fang/Analysis/MERFISH/merfish_analysis/MERFISH_test/data/logs/fov_0_zpos_4.0_processing.log
    jobid: 139
    wildcards: analysisPath=/mnt/NAS/Fang/Analysis/MERFISH/merfish_analysis/MERFISH_test/data, fov=0, zpos=4.0

[Tue Oct  6 18:31:29 2020]
Finished job 159.
30 of 95 steps (32%) done

[Tue Oct  6 18:31:29 2020]
rule preprocessing:
    input: /mnt/NAS/Fang/Analysis/MERFISH/merfish_analysis/MERFISH_test/data/logs/fov_1_zpos_3.0_registration.log
    output: /mnt/NAS/Fang/Analysis/MERFISH/merfish_analysis/MERFISH_test/data/logs/fov_1_zpos_3.0_processing.log
    jobid: 144
    wildcards: analysisPath=/mnt/NAS/Fang/Analysis/MERFISH/merfish_analysis/MERFISH_test/data, fov=1, zpos=3.0

[Tue Oct  6 18:31:30 2020]
Finished job 139.
31 of 95 steps (33%) done

[Tue Oct  6 18:31:30 2020]
rule preprocessing:
    input: /mnt/NAS/Fang/Analysis/MERFISH/merfish_analysis/MERFISH_test/data/logs/fov_2_zpos_2.0_registration.log
    output: /mnt/NAS/Fang/Analysis/MERFISH/merfish_analysis/MERFISH_test/data/logs/fov_2_zpos_2.0_processing.log
    jobid: 149
    wildcards: analysisPath=/mnt/NAS/Fang/Analysis/MERFISH/merfish_analysis/MERFISH_test/data, fov=2, zpos=2.0

[Tue Oct  6 18:31:33 2020]
Finished job 151.
32 of 95 steps (34%) done

[Tue Oct  6 18:31:33 2020]
rule preprocessing:
    input: /mnt/NAS/Fang/Analysis/MERFISH/merfish_analysis/MERFISH_test/data/logs/fov_0_zpos_2.0_registration.log
    output: /mnt/NAS/Fang/Analysis/MERFISH/merfish_analysis/MERFISH_test/data/logs/fov_0_zpos_2.0_processing.log
    jobid: 137
    wildcards: analysisPath=/mnt/NAS/Fang/Analysis/MERFISH/merfish_analysis/MERFISH_test/data, fov=0, zpos=2.0

[Tue Oct  6 18:32:05 2020]
Finished job 125.
33 of 95 steps (35%) done

[Tue Oct  6 18:32:06 2020]
rule exportFeatures_polyT:
    input: /mnt/NAS/Fang/Analysis/MERFISH/merfish_analysis/MERFISH_test/data/logs/fov_0_zpos_1.0_polyT_extract_features.log, /mnt/NAS/Fang/Analysis/MERFISH/merfish_analysis/MERFISH_test/data/logs/fov_0_zpos_2.0_polyT_extract_features.log, /mnt/NAS/Fang/Analysis/MERFISH/merfish_analysis/MERFISH_test/data/logs/fov_0_zpos_3.0_polyT_extract_features.log, /mnt/NAS/Fang/Analysis/MERFISH/merfish_analysis/MERFISH_test/data/logs/fov_0_zpos_4.0_polyT_extract_features.log, /mnt/NAS/Fang/Analysis/MERFISH/merfish_analysis/MERFISH_test/data/logs/fov_0_zpos_5.0_polyT_extract_features.log, /mnt/NAS/Fang/Analysis/MERFISH/merfish_analysis/MERFISH_test/data/logs/fov_0_zpos_6.0_polyT_extract_features.log, /mnt/NAS/Fang/Analysis/MERFISH/merfish_analysis/MERFISH_test/data/logs/fov_1_zpos_1.0_polyT_extract_features.log, /mnt/NAS/Fang/Analysis/MERFISH/merfish_analysis/MERFISH_test/data/logs/fov_1_zpos_2.0_polyT_extract_features.log, /mnt/NAS/Fang/Analysis/MERFISH/merfish_analysis/MERFISH_test/data/logs/fov_1_zpos_3.0_polyT_extract_features.log, /mnt/NAS/Fang/Analysis/MERFISH/merfish_analysis/MERFISH_test/data/logs/fov_1_zpos_4.0_polyT_extract_features.log, /mnt/NAS/Fang/Analysis/MERFISH/merfish_analysis/MERFISH_test/data/logs/fov_1_zpos_5.0_polyT_extract_features.log, /mnt/NAS/Fang/Analysis/MERFISH/merfish_analysis/MERFISH_test/data/logs/fov_1_zpos_6.0_polyT_extract_features.log, /mnt/NAS/Fang/Analysis/MERFISH/merfish_analysis/MERFISH_test/data/logs/fov_2_zpos_1.0_polyT_extract_features.log, /mnt/NAS/Fang/Analysis/MERFISH/merfish_analysis/MERFISH_test/data/logs/fov_2_zpos_2.0_polyT_extract_features.log, /mnt/NAS/Fang/Analysis/MERFISH/merfish_analysis/MERFISH_test/data/logs/fov_2_zpos_3.0_polyT_extract_features.log, /mnt/NAS/Fang/Analysis/MERFISH/merfish_analysis/MERFISH_test/data/logs/fov_2_zpos_4.0_polyT_extract_features.log, /mnt/NAS/Fang/Analysis/MERFISH/merfish_analysis/MERFISH_test/data/logs/fov_2_zpos_5.0_polyT_extract_features.log, /mnt/NAS/Fang/Analysis/MERFISH/merfish_analysis/MERFISH_test/data/logs/fov_2_zpos_6.0_polyT_extract_features.log, /mnt/NAS/Fang/Analysis/MERFISH/merfish_analysis/MERFISH_test/data/logs/fov_3_zpos_1.0_polyT_extract_features.log, /mnt/NAS/Fang/Analysis/MERFISH/merfish_analysis/MERFISH_test/data/logs/fov_3_zpos_2.0_polyT_extract_features.log, /mnt/NAS/Fang/Analysis/MERFISH/merfish_analysis/MERFISH_test/data/logs/fov_3_zpos_3.0_polyT_extract_features.log, /mnt/NAS/Fang/Analysis/MERFISH/merfish_analysis/MERFISH_test/data/logs/fov_3_zpos_4.0_polyT_extract_features.log, /mnt/NAS/Fang/Analysis/MERFISH/merfish_analysis/MERFISH_test/data/logs/fov_3_zpos_5.0_polyT_extract_features.log, /mnt/NAS/Fang/Analysis/MERFISH/merfish_analysis/MERFISH_test/data/logs/fov_3_zpos_6.0_polyT_extract_features.log, /mnt/NAS/Fang/Analysis/MERFISH/merfish_analysis/MERFISH_test/data/logs/fov_4_zpos_1.0_polyT_extract_features.log, /mnt/NAS/Fang/Analysis/MERFISH/merfish_analysis/MERFISH_test/data/logs/fov_4_zpos_2.0_polyT_extract_features.log, /mnt/NAS/Fang/Analysis/MERFISH/merfish_analysis/MERFISH_test/data/logs/fov_4_zpos_3.0_polyT_extract_features.log, /mnt/NAS/Fang/Analysis/MERFISH/merfish_analysis/MERFISH_test/data/logs/fov_4_zpos_4.0_polyT_extract_features.log, /mnt/NAS/Fang/Analysis/MERFISH/merfish_analysis/MERFISH_test/data/logs/fov_4_zpos_5.0_polyT_extract_features.log, /mnt/NAS/Fang/Analysis/MERFISH/merfish_analysis/MERFISH_test/data/logs/fov_4_zpos_6.0_polyT_extract_features.log
    output: /mnt/NAS/Fang/Analysis/MERFISH/merfish_analysis/MERFISH_test/data/logs/export_features_polyT.log
    jobid: 4
    wildcards: analysisPath=/mnt/NAS/Fang/Analysis/MERFISH/merfish_analysis/MERFISH_test/data

[Tue Oct  6 18:32:06 2020]
Finished job 122.
34 of 95 steps (36%) done

[Tue Oct  6 18:32:06 2020]
rule exportFeatures_DAPI:
    input: /mnt/NAS/Fang/Analysis/MERFISH/merfish_analysis/MERFISH_test/data/logs/fov_0_zpos_1.0_DAPI_extract_features.log, /mnt/NAS/Fang/Analysis/MERFISH/merfish_analysis/MERFISH_test/data/logs/fov_0_zpos_2.0_DAPI_extract_features.log, /mnt/NAS/Fang/Analysis/MERFISH/merfish_analysis/MERFISH_test/data/logs/fov_0_zpos_3.0_DAPI_extract_features.log, /mnt/NAS/Fang/Analysis/MERFISH/merfish_analysis/MERFISH_test/data/logs/fov_0_zpos_4.0_DAPI_extract_features.log, /mnt/NAS/Fang/Analysis/MERFISH/merfish_analysis/MERFISH_test/data/logs/fov_0_zpos_5.0_DAPI_extract_features.log, /mnt/NAS/Fang/Analysis/MERFISH/merfish_analysis/MERFISH_test/data/logs/fov_0_zpos_6.0_DAPI_extract_features.log, /mnt/NAS/Fang/Analysis/MERFISH/merfish_analysis/MERFISH_test/data/logs/fov_1_zpos_1.0_DAPI_extract_features.log, /mnt/NAS/Fang/Analysis/MERFISH/merfish_analysis/MERFISH_test/data/logs/fov_1_zpos_2.0_DAPI_extract_features.log, /mnt/NAS/Fang/Analysis/MERFISH/merfish_analysis/MERFISH_test/data/logs/fov_1_zpos_3.0_DAPI_extract_features.log, /mnt/NAS/Fang/Analysis/MERFISH/merfish_analysis/MERFISH_test/data/logs/fov_1_zpos_4.0_DAPI_extract_features.log, /mnt/NAS/Fang/Analysis/MERFISH/merfish_analysis/MERFISH_test/data/logs/fov_1_zpos_5.0_DAPI_extract_features.log, /mnt/NAS/Fang/Analysis/MERFISH/merfish_analysis/MERFISH_test/data/logs/fov_1_zpos_6.0_DAPI_extract_features.log, /mnt/NAS/Fang/Analysis/MERFISH/merfish_analysis/MERFISH_test/data/logs/fov_2_zpos_1.0_DAPI_extract_features.log, /mnt/NAS/Fang/Analysis/MERFISH/merfish_analysis/MERFISH_test/data/logs/fov_2_zpos_2.0_DAPI_extract_features.log, /mnt/NAS/Fang/Analysis/MERFISH/merfish_analysis/MERFISH_test/data/logs/fov_2_zpos_3.0_DAPI_extract_features.log, /mnt/NAS/Fang/Analysis/MERFISH/merfish_analysis/MERFISH_test/data/logs/fov_2_zpos_4.0_DAPI_extract_features.log, /mnt/NAS/Fang/Analysis/MERFISH/merfish_analysis/MERFISH_test/data/logs/fov_2_zpos_5.0_DAPI_extract_features.log, /mnt/NAS/Fang/Analysis/MERFISH/merfish_analysis/MERFISH_test/data/logs/fov_2_zpos_6.0_DAPI_extract_features.log, /mnt/NAS/Fang/Analysis/MERFISH/merfish_analysis/MERFISH_test/data/logs/fov_3_zpos_1.0_DAPI_extract_features.log, /mnt/NAS/Fang/Analysis/MERFISH/merfish_analysis/MERFISH_test/data/logs/fov_3_zpos_2.0_DAPI_extract_features.log, /mnt/NAS/Fang/Analysis/MERFISH/merfish_analysis/MERFISH_test/data/logs/fov_3_zpos_3.0_DAPI_extract_features.log, /mnt/NAS/Fang/Analysis/MERFISH/merfish_analysis/MERFISH_test/data/logs/fov_3_zpos_4.0_DAPI_extract_features.log, /mnt/NAS/Fang/Analysis/MERFISH/merfish_analysis/MERFISH_test/data/logs/fov_3_zpos_5.0_DAPI_extract_features.log, /mnt/NAS/Fang/Analysis/MERFISH/merfish_analysis/MERFISH_test/data/logs/fov_3_zpos_6.0_DAPI_extract_features.log, /mnt/NAS/Fang/Analysis/MERFISH/merfish_analysis/MERFISH_test/data/logs/fov_4_zpos_1.0_DAPI_extract_features.log, /mnt/NAS/Fang/Analysis/MERFISH/merfish_analysis/MERFISH_test/data/logs/fov_4_zpos_2.0_DAPI_extract_features.log, /mnt/NAS/Fang/Analysis/MERFISH/merfish_analysis/MERFISH_test/data/logs/fov_4_zpos_3.0_DAPI_extract_features.log, /mnt/NAS/Fang/Analysis/MERFISH/merfish_analysis/MERFISH_test/data/logs/fov_4_zpos_4.0_DAPI_extract_features.log, /mnt/NAS/Fang/Analysis/MERFISH/merfish_analysis/MERFISH_test/data/logs/fov_4_zpos_5.0_DAPI_extract_features.log, /mnt/NAS/Fang/Analysis/MERFISH/merfish_analysis/MERFISH_test/data/logs/fov_4_zpos_6.0_DAPI_extract_features.log
    output: /mnt/NAS/Fang/Analysis/MERFISH/merfish_analysis/MERFISH_test/data/logs/export_features_DAPI.log
    jobid: 5
    wildcards: analysisPath=/mnt/NAS/Fang/Analysis/MERFISH/merfish_analysis/MERFISH_test/data

[Tue Oct  6 18:32:07 2020]
Finished job 110.
35 of 95 steps (37%) done

[Tue Oct  6 18:32:07 2020]
rule decoding:
    input: /mnt/NAS/Fang/Analysis/MERFISH/merfish_analysis/MERFISH_test/data/logs/fov_3_zpos_5.0_processing.log
    output: /mnt/NAS/Fang/Analysis/MERFISH/merfish_analysis/MERFISH_test/data/logs/fov_3_zpos_5.0_decoding.log
    jobid: 123
    wildcards: analysisPath=/mnt/NAS/Fang/Analysis/MERFISH/merfish_analysis/MERFISH_test/data, fov=3, zpos=5.0

[Tue Oct  6 18:32:08 2020]
Finished job 130.
36 of 95 steps (38%) done

[Tue Oct  6 18:32:08 2020]
rule decoding:
    input: /mnt/NAS/Fang/Analysis/MERFISH/merfish_analysis/MERFISH_test/data/logs/fov_2_zpos_4.0_processing.log
    output: /mnt/NAS/Fang/Analysis/MERFISH/merfish_analysis/MERFISH_test/data/logs/fov_2_zpos_4.0_decoding.log
    jobid: 116
    wildcards: analysisPath=/mnt/NAS/Fang/Analysis/MERFISH/merfish_analysis/MERFISH_test/data, fov=2, zpos=4.0

[Tue Oct  6 18:32:16 2020]
Finished job 5.
37 of 95 steps (39%) done

[Tue Oct  6 18:32:16 2020]
rule decoding:
    input: /mnt/NAS/Fang/Analysis/MERFISH/merfish_analysis/MERFISH_test/data/logs/fov_4_zpos_5.0_processing.log
    output: /mnt/NAS/Fang/Analysis/MERFISH/merfish_analysis/MERFISH_test/data/logs/fov_4_zpos_5.0_decoding.log
    jobid: 129
    wildcards: analysisPath=/mnt/NAS/Fang/Analysis/MERFISH/merfish_analysis/MERFISH_test/data, fov=4, zpos=5.0

[Tue Oct  6 18:32:16 2020]
Finished job 4.
38 of 95 steps (40%) done

[Tue Oct  6 18:32:16 2020]
rule filterFeatures:
    input: /mnt/NAS/Fang/Analysis/MERFISH/merfish_analysis/MERFISH_test/data/logs/export_features_DAPI.log, /mnt/NAS/Fang/Analysis/MERFISH/merfish_analysis/MERFISH_test/data/logs/export_features_polyT.log
    output: /mnt/NAS/Fang/Analysis/MERFISH/merfish_analysis/MERFISH_test/data/logs/filter_features_DAPI.log, /mnt/NAS/Fang/Analysis/MERFISH/merfish_analysis/MERFISH_test/data/logs/filter_features_polyT.log
    jobid: 6
    wildcards: analysisPath=/mnt/NAS/Fang/Analysis/MERFISH/merfish_analysis/MERFISH_test/data

[Tue Oct  6 18:32:18 2020]
Finished job 118.
39 of 95 steps (41%) done

[Tue Oct  6 18:32:18 2020]
rule decoding:
    input: /mnt/NAS/Fang/Analysis/MERFISH/merfish_analysis/MERFISH_test/data/logs/fov_3_zpos_6.0_processing.log
    output: /mnt/NAS/Fang/Analysis/MERFISH/merfish_analysis/MERFISH_test/data/logs/fov_3_zpos_6.0_decoding.log
    jobid: 124
    wildcards: analysisPath=/mnt/NAS/Fang/Analysis/MERFISH/merfish_analysis/MERFISH_test/data, fov=3, zpos=6.0

[Tue Oct  6 18:32:22 2020]
Finished job 100.
40 of 95 steps (42%) done

[Tue Oct  6 18:32:22 2020]
rule decoding:
    input: /mnt/NAS/Fang/Analysis/MERFISH/merfish_analysis/MERFISH_test/data/logs/fov_4_zpos_4.0_processing.log
    output: /mnt/NAS/Fang/Analysis/MERFISH/merfish_analysis/MERFISH_test/data/logs/fov_4_zpos_4.0_decoding.log
    jobid: 128
    wildcards: analysisPath=/mnt/NAS/Fang/Analysis/MERFISH/merfish_analysis/MERFISH_test/data, fov=4, zpos=4.0

[Tue Oct  6 18:32:24 2020]
Finished job 144.
41 of 95 steps (43%) done

[Tue Oct  6 18:32:24 2020]
rule decoding:
    input: /mnt/NAS/Fang/Analysis/MERFISH/merfish_analysis/MERFISH_test/data/logs/fov_1_zpos_3.0_processing.log
    output: /mnt/NAS/Fang/Analysis/MERFISH/merfish_analysis/MERFISH_test/data/logs/fov_1_zpos_3.0_decoding.log
    jobid: 109
    wildcards: analysisPath=/mnt/NAS/Fang/Analysis/MERFISH/merfish_analysis/MERFISH_test/data, fov=1, zpos=3.0

[Tue Oct  6 18:32:25 2020]
Finished job 126.
42 of 95 steps (44%) done

[Tue Oct  6 18:32:25 2020]
rule decoding:
    input: /mnt/NAS/Fang/Analysis/MERFISH/merfish_analysis/MERFISH_test/data/logs/fov_0_zpos_5.0_processing.log
    output: /mnt/NAS/Fang/Analysis/MERFISH/merfish_analysis/MERFISH_test/data/logs/fov_0_zpos_5.0_decoding.log
    jobid: 105
    wildcards: analysisPath=/mnt/NAS/Fang/Analysis/MERFISH/merfish_analysis/MERFISH_test/data, fov=0, zpos=5.0

[Tue Oct  6 18:32:26 2020]
Finished job 6.
43 of 95 steps (45%) done

[Tue Oct  6 18:32:26 2020]
rule decoding:
    input: /mnt/NAS/Fang/Analysis/MERFISH/merfish_analysis/MERFISH_test/data/logs/fov_1_zpos_6.0_processing.log
    output: /mnt/NAS/Fang/Analysis/MERFISH/merfish_analysis/MERFISH_test/data/logs/fov_1_zpos_6.0_decoding.log
    jobid: 112
    wildcards: analysisPath=/mnt/NAS/Fang/Analysis/MERFISH/merfish_analysis/MERFISH_test/data, fov=1, zpos=6.0

[Tue Oct  6 18:32:29 2020]
Finished job 149.
44 of 95 steps (46%) done

[Tue Oct  6 18:32:29 2020]
rule decoding:
    input: /mnt/NAS/Fang/Analysis/MERFISH/merfish_analysis/MERFISH_test/data/logs/fov_2_zpos_2.0_processing.log
    output: /mnt/NAS/Fang/Analysis/MERFISH/merfish_analysis/MERFISH_test/data/logs/fov_2_zpos_2.0_decoding.log
    jobid: 114
    wildcards: analysisPath=/mnt/NAS/Fang/Analysis/MERFISH/merfish_analysis/MERFISH_test/data, fov=2, zpos=2.0

[Tue Oct  6 18:32:30 2020]
Finished job 137.
45 of 95 steps (47%) done

[Tue Oct  6 18:32:30 2020]
rule decoding:
    input: /mnt/NAS/Fang/Analysis/MERFISH/merfish_analysis/MERFISH_test/data/logs/fov_0_zpos_2.0_processing.log
    output: /mnt/NAS/Fang/Analysis/MERFISH/merfish_analysis/MERFISH_test/data/logs/fov_0_zpos_2.0_decoding.log
    jobid: 102
    wildcards: analysisPath=/mnt/NAS/Fang/Analysis/MERFISH/merfish_analysis/MERFISH_test/data, fov=0, zpos=2.0

[Tue Oct  6 18:38:31 2020]
Finished job 116.
46 of 95 steps (48%) done

[Tue Oct  6 18:38:31 2020]
rule decoding:
    input: /mnt/NAS/Fang/Analysis/MERFISH/merfish_analysis/MERFISH_test/data/logs/fov_0_zpos_4.0_processing.log
    output: /mnt/NAS/Fang/Analysis/MERFISH/merfish_analysis/MERFISH_test/data/logs/fov_0_zpos_4.0_decoding.log
    jobid: 104
    wildcards: analysisPath=/mnt/NAS/Fang/Analysis/MERFISH/merfish_analysis/MERFISH_test/data, fov=0, zpos=4.0

[Tue Oct  6 18:38:38 2020]
Finished job 123.
47 of 95 steps (49%) done

[Tue Oct  6 18:38:38 2020]
rule decoding:
    input: /mnt/NAS/Fang/Analysis/MERFISH/merfish_analysis/MERFISH_test/data/logs/fov_2_zpos_5.0_processing.log
    output: /mnt/NAS/Fang/Analysis/MERFISH/merfish_analysis/MERFISH_test/data/logs/fov_2_zpos_5.0_decoding.log
    jobid: 117
    wildcards: analysisPath=/mnt/NAS/Fang/Analysis/MERFISH/merfish_analysis/MERFISH_test/data, fov=2, zpos=5.0

[Tue Oct  6 18:38:52 2020]
Finished job 129.
48 of 95 steps (51%) done

[Tue Oct  6 18:38:52 2020]
rule decoding:
    input: /mnt/NAS/Fang/Analysis/MERFISH/merfish_analysis/MERFISH_test/data/logs/fov_1_zpos_5.0_processing.log
    output: /mnt/NAS/Fang/Analysis/MERFISH/merfish_analysis/MERFISH_test/data/logs/fov_1_zpos_5.0_decoding.log
    jobid: 111
    wildcards: analysisPath=/mnt/NAS/Fang/Analysis/MERFISH/merfish_analysis/MERFISH_test/data, fov=1, zpos=5.0

[Tue Oct  6 18:38:58 2020]
Finished job 124.
49 of 95 steps (52%) done
[Tue Oct  6 18:38:58 2020]
Finished job 112.
50 of 95 steps (53%) done
[Tue Oct  6 18:39:07 2020]
Finished job 105.
51 of 95 steps (54%) done
[Tue Oct  6 18:39:07 2020]
Finished job 109.
52 of 95 steps (55%) done
[Tue Oct  6 18:39:07 2020]
Finished job 114.
53 of 95 steps (56%) done
[Tue Oct  6 18:39:08 2020]
Finished job 128.
54 of 95 steps (57%) done
[Tue Oct  6 18:39:13 2020]
Finished job 102.
55 of 95 steps (58%) done
[Tue Oct  6 18:41:40 2020]
Finished job 104.
56 of 95 steps (59%) done
[Tue Oct  6 18:41:45 2020]
Finished job 117.
57 of 95 steps (60%) done
[Tue Oct  6 18:41:54 2020]
Finished job 111.
58 of 95 steps (61%) done

[Tue Oct  6 18:41:54 2020]
rule trainPSM:
    input: /mnt/NAS/Fang/Analysis/MERFISH/merfish_analysis/MERFISH_test/data/logs/fov_0_zpos_1.0_decoding.log, /mnt/NAS/Fang/Analysis/MERFISH/merfish_analysis/MERFISH_test/data/logs/fov_0_zpos_2.0_decoding.log, /mnt/NAS/Fang/Analysis/MERFISH/merfish_analysis/MERFISH_test/data/logs/fov_0_zpos_3.0_decoding.log, /mnt/NAS/Fang/Analysis/MERFISH/merfish_analysis/MERFISH_test/data/logs/fov_0_zpos_4.0_decoding.log, /mnt/NAS/Fang/Analysis/MERFISH/merfish_analysis/MERFISH_test/data/logs/fov_0_zpos_5.0_decoding.log, /mnt/NAS/Fang/Analysis/MERFISH/merfish_analysis/MERFISH_test/data/logs/fov_0_zpos_6.0_decoding.log, /mnt/NAS/Fang/Analysis/MERFISH/merfish_analysis/MERFISH_test/data/logs/fov_1_zpos_1.0_decoding.log, /mnt/NAS/Fang/Analysis/MERFISH/merfish_analysis/MERFISH_test/data/logs/fov_1_zpos_2.0_decoding.log, /mnt/NAS/Fang/Analysis/MERFISH/merfish_analysis/MERFISH_test/data/logs/fov_1_zpos_3.0_decoding.log, /mnt/NAS/Fang/Analysis/MERFISH/merfish_analysis/MERFISH_test/data/logs/fov_1_zpos_4.0_decoding.log, /mnt/NAS/Fang/Analysis/MERFISH/merfish_analysis/MERFISH_test/data/logs/fov_1_zpos_5.0_decoding.log, /mnt/NAS/Fang/Analysis/MERFISH/merfish_analysis/MERFISH_test/data/logs/fov_1_zpos_6.0_decoding.log, /mnt/NAS/Fang/Analysis/MERFISH/merfish_analysis/MERFISH_test/data/logs/fov_2_zpos_1.0_decoding.log, /mnt/NAS/Fang/Analysis/MERFISH/merfish_analysis/MERFISH_test/data/logs/fov_2_zpos_2.0_decoding.log, /mnt/NAS/Fang/Analysis/MERFISH/merfish_analysis/MERFISH_test/data/logs/fov_2_zpos_3.0_decoding.log, /mnt/NAS/Fang/Analysis/MERFISH/merfish_analysis/MERFISH_test/data/logs/fov_2_zpos_4.0_decoding.log, /mnt/NAS/Fang/Analysis/MERFISH/merfish_analysis/MERFISH_test/data/logs/fov_2_zpos_5.0_decoding.log, /mnt/NAS/Fang/Analysis/MERFISH/merfish_analysis/MERFISH_test/data/logs/fov_2_zpos_6.0_decoding.log, /mnt/NAS/Fang/Analysis/MERFISH/merfish_analysis/MERFISH_test/data/logs/fov_3_zpos_1.0_decoding.log, /mnt/NAS/Fang/Analysis/MERFISH/merfish_analysis/MERFISH_test/data/logs/fov_3_zpos_2.0_decoding.log, /mnt/NAS/Fang/Analysis/MERFISH/merfish_analysis/MERFISH_test/data/logs/fov_3_zpos_3.0_decoding.log, /mnt/NAS/Fang/Analysis/MERFISH/merfish_analysis/MERFISH_test/data/logs/fov_3_zpos_4.0_decoding.log, /mnt/NAS/Fang/Analysis/MERFISH/merfish_analysis/MERFISH_test/data/logs/fov_3_zpos_5.0_decoding.log, /mnt/NAS/Fang/Analysis/MERFISH/merfish_analysis/MERFISH_test/data/logs/fov_3_zpos_6.0_decoding.log, /mnt/NAS/Fang/Analysis/MERFISH/merfish_analysis/MERFISH_test/data/logs/fov_4_zpos_1.0_decoding.log, /mnt/NAS/Fang/Analysis/MERFISH/merfish_analysis/MERFISH_test/data/logs/fov_4_zpos_2.0_decoding.log, /mnt/NAS/Fang/Analysis/MERFISH/merfish_analysis/MERFISH_test/data/logs/fov_4_zpos_3.0_decoding.log, /mnt/NAS/Fang/Analysis/MERFISH/merfish_analysis/MERFISH_test/data/logs/fov_4_zpos_4.0_decoding.log, /mnt/NAS/Fang/Analysis/MERFISH/merfish_analysis/MERFISH_test/data/logs/fov_4_zpos_5.0_decoding.log, /mnt/NAS/Fang/Analysis/MERFISH/merfish_analysis/MERFISH_test/data/logs/fov_4_zpos_6.0_decoding.log
    output: /mnt/NAS/Fang/Analysis/MERFISH/merfish_analysis/MERFISH_test/data/logs/train_PSM.log
    jobid: 101
    wildcards: analysisPath=/mnt/NAS/Fang/Analysis/MERFISH/merfish_analysis/MERFISH_test/data

[Tue Oct  6 18:42:22 2020]
Finished job 101.
59 of 95 steps (62%) done

[Tue Oct  6 18:42:22 2020]
rule extractBarcodes:
    input: /mnt/NAS/Fang/Analysis/MERFISH/merfish_analysis/MERFISH_test/data/logs/fov_2_zpos_4.0_decoding.log, /mnt/NAS/Fang/Analysis/MERFISH/merfish_analysis/MERFISH_test/data/logs/train_PSM.log
    output: /mnt/NAS/Fang/Analysis/MERFISH/merfish_analysis/MERFISH_test/data/logs/fov_2_zpos_4.0_extract_barcodes.log
    jobid: 25
    wildcards: analysisPath=/mnt/NAS/Fang/Analysis/MERFISH/merfish_analysis/MERFISH_test/data, fov=2, zpos=4.0


[Tue Oct  6 18:42:22 2020]
rule extractBarcodes:
    input: /mnt/NAS/Fang/Analysis/MERFISH/merfish_analysis/MERFISH_test/data/logs/fov_0_zpos_2.0_decoding.log, /mnt/NAS/Fang/Analysis/MERFISH/merfish_analysis/MERFISH_test/data/logs/train_PSM.log
    output: /mnt/NAS/Fang/Analysis/MERFISH/merfish_analysis/MERFISH_test/data/logs/fov_0_zpos_2.0_extract_barcodes.log
    jobid: 11
    wildcards: analysisPath=/mnt/NAS/Fang/Analysis/MERFISH/merfish_analysis/MERFISH_test/data, fov=0, zpos=2.0


[Tue Oct  6 18:42:22 2020]
rule extractBarcodes:
    input: /mnt/NAS/Fang/Analysis/MERFISH/merfish_analysis/MERFISH_test/data/logs/fov_3_zpos_5.0_decoding.log, /mnt/NAS/Fang/Analysis/MERFISH/merfish_analysis/MERFISH_test/data/logs/train_PSM.log
    output: /mnt/NAS/Fang/Analysis/MERFISH/merfish_analysis/MERFISH_test/data/logs/fov_3_zpos_5.0_extract_barcodes.log
    jobid: 32
    wildcards: analysisPath=/mnt/NAS/Fang/Analysis/MERFISH/merfish_analysis/MERFISH_test/data, fov=3, zpos=5.0


[Tue Oct  6 18:42:22 2020]
rule extractBarcodes:
    input: /mnt/NAS/Fang/Analysis/MERFISH/merfish_analysis/MERFISH_test/data/logs/fov_1_zpos_3.0_decoding.log, /mnt/NAS/Fang/Analysis/MERFISH/merfish_analysis/MERFISH_test/data/logs/train_PSM.log
    output: /mnt/NAS/Fang/Analysis/MERFISH/merfish_analysis/MERFISH_test/data/logs/fov_1_zpos_3.0_extract_barcodes.log
    jobid: 18
    wildcards: analysisPath=/mnt/NAS/Fang/Analysis/MERFISH/merfish_analysis/MERFISH_test/data, fov=1, zpos=3.0


[Tue Oct  6 18:42:22 2020]
rule extractBarcodes:
    input: /mnt/NAS/Fang/Analysis/MERFISH/merfish_analysis/MERFISH_test/data/logs/fov_0_zpos_1.0_decoding.log, /mnt/NAS/Fang/Analysis/MERFISH/merfish_analysis/MERFISH_test/data/logs/train_PSM.log
    output: /mnt/NAS/Fang/Analysis/MERFISH/merfish_analysis/MERFISH_test/data/logs/fov_0_zpos_1.0_extract_barcodes.log
    jobid: 10
    wildcards: analysisPath=/mnt/NAS/Fang/Analysis/MERFISH/merfish_analysis/MERFISH_test/data, fov=0, zpos=1.0


[Tue Oct  6 18:42:22 2020]
rule extractBarcodes:
    input: /mnt/NAS/Fang/Analysis/MERFISH/merfish_analysis/MERFISH_test/data/logs/fov_2_zpos_5.0_decoding.log, /mnt/NAS/Fang/Analysis/MERFISH/merfish_analysis/MERFISH_test/data/logs/train_PSM.log
    output: /mnt/NAS/Fang/Analysis/MERFISH/merfish_analysis/MERFISH_test/data/logs/fov_2_zpos_5.0_extract_barcodes.log
    jobid: 26
    wildcards: analysisPath=/mnt/NAS/Fang/Analysis/MERFISH/merfish_analysis/MERFISH_test/data, fov=2, zpos=5.0


[Tue Oct  6 18:42:22 2020]
rule extractBarcodes:
    input: /mnt/NAS/Fang/Analysis/MERFISH/merfish_analysis/MERFISH_test/data/logs/fov_0_zpos_3.0_decoding.log, /mnt/NAS/Fang/Analysis/MERFISH/merfish_analysis/MERFISH_test/data/logs/train_PSM.log
    output: /mnt/NAS/Fang/Analysis/MERFISH/merfish_analysis/MERFISH_test/data/logs/fov_0_zpos_3.0_extract_barcodes.log
    jobid: 12
    wildcards: analysisPath=/mnt/NAS/Fang/Analysis/MERFISH/merfish_analysis/MERFISH_test/data, fov=0, zpos=3.0


[Tue Oct  6 18:42:22 2020]
rule extractBarcodes:
    input: /mnt/NAS/Fang/Analysis/MERFISH/merfish_analysis/MERFISH_test/data/logs/fov_4_zpos_4.0_decoding.log, /mnt/NAS/Fang/Analysis/MERFISH/merfish_analysis/MERFISH_test/data/logs/train_PSM.log
    output: /mnt/NAS/Fang/Analysis/MERFISH/merfish_analysis/MERFISH_test/data/logs/fov_4_zpos_4.0_extract_barcodes.log
    jobid: 37
    wildcards: analysisPath=/mnt/NAS/Fang/Analysis/MERFISH/merfish_analysis/MERFISH_test/data, fov=4, zpos=4.0


[Tue Oct  6 18:42:22 2020]
rule extractBarcodes:
    input: /mnt/NAS/Fang/Analysis/MERFISH/merfish_analysis/MERFISH_test/data/logs/fov_2_zpos_2.0_decoding.log, /mnt/NAS/Fang/Analysis/MERFISH/merfish_analysis/MERFISH_test/data/logs/train_PSM.log
    output: /mnt/NAS/Fang/Analysis/MERFISH/merfish_analysis/MERFISH_test/data/logs/fov_2_zpos_2.0_extract_barcodes.log
    jobid: 23
    wildcards: analysisPath=/mnt/NAS/Fang/Analysis/MERFISH/merfish_analysis/MERFISH_test/data, fov=2, zpos=2.0


[Tue Oct  6 18:42:22 2020]
rule extractBarcodes:
    input: /mnt/NAS/Fang/Analysis/MERFISH/merfish_analysis/MERFISH_test/data/logs/fov_4_zpos_5.0_decoding.log, /mnt/NAS/Fang/Analysis/MERFISH/merfish_analysis/MERFISH_test/data/logs/train_PSM.log
    output: /mnt/NAS/Fang/Analysis/MERFISH/merfish_analysis/MERFISH_test/data/logs/fov_4_zpos_5.0_extract_barcodes.log
    jobid: 38
    wildcards: analysisPath=/mnt/NAS/Fang/Analysis/MERFISH/merfish_analysis/MERFISH_test/data, fov=4, zpos=5.0

[Tue Oct  6 18:44:09 2020]
Finished job 25.
60 of 95 steps (63%) done

[Tue Oct  6 18:44:09 2020]
rule extractBarcodes:
    input: /mnt/NAS/Fang/Analysis/MERFISH/merfish_analysis/MERFISH_test/data/logs/fov_3_zpos_4.0_decoding.log, /mnt/NAS/Fang/Analysis/MERFISH/merfish_analysis/MERFISH_test/data/logs/train_PSM.log
    output: /mnt/NAS/Fang/Analysis/MERFISH/merfish_analysis/MERFISH_test/data/logs/fov_3_zpos_4.0_extract_barcodes.log
    jobid: 31
    wildcards: analysisPath=/mnt/NAS/Fang/Analysis/MERFISH/merfish_analysis/MERFISH_test/data, fov=3, zpos=4.0

[Tue Oct  6 18:44:14 2020]
Finished job 18.
61 of 95 steps (64%) done

[Tue Oct  6 18:44:14 2020]
rule extractBarcodes:
    input: /mnt/NAS/Fang/Analysis/MERFISH/merfish_analysis/MERFISH_test/data/logs/fov_1_zpos_2.0_decoding.log, /mnt/NAS/Fang/Analysis/MERFISH/merfish_analysis/MERFISH_test/data/logs/train_PSM.log
    output: /mnt/NAS/Fang/Analysis/MERFISH/merfish_analysis/MERFISH_test/data/logs/fov_1_zpos_2.0_extract_barcodes.log
    jobid: 17
    wildcards: analysisPath=/mnt/NAS/Fang/Analysis/MERFISH/merfish_analysis/MERFISH_test/data, fov=1, zpos=2.0

[Tue Oct  6 18:44:14 2020]
Finished job 12.
62 of 95 steps (65%) done

[Tue Oct  6 18:44:14 2020]
rule extractBarcodes:
    input: /mnt/NAS/Fang/Analysis/MERFISH/merfish_analysis/MERFISH_test/data/logs/fov_4_zpos_6.0_decoding.log, /mnt/NAS/Fang/Analysis/MERFISH/merfish_analysis/MERFISH_test/data/logs/train_PSM.log
    output: /mnt/NAS/Fang/Analysis/MERFISH/merfish_analysis/MERFISH_test/data/logs/fov_4_zpos_6.0_extract_barcodes.log
    jobid: 39
    wildcards: analysisPath=/mnt/NAS/Fang/Analysis/MERFISH/merfish_analysis/MERFISH_test/data, fov=4, zpos=6.0

[Tue Oct  6 18:44:20 2020]
Finished job 10.
63 of 95 steps (66%) done

[Tue Oct  6 18:44:20 2020]
rule extractBarcodes:
    input: /mnt/NAS/Fang/Analysis/MERFISH/merfish_analysis/MERFISH_test/data/logs/fov_3_zpos_6.0_decoding.log, /mnt/NAS/Fang/Analysis/MERFISH/merfish_analysis/MERFISH_test/data/logs/train_PSM.log
    output: /mnt/NAS/Fang/Analysis/MERFISH/merfish_analysis/MERFISH_test/data/logs/fov_3_zpos_6.0_extract_barcodes.log
    jobid: 33
    wildcards: analysisPath=/mnt/NAS/Fang/Analysis/MERFISH/merfish_analysis/MERFISH_test/data, fov=3, zpos=6.0

[Tue Oct  6 18:44:21 2020]
Finished job 26.
64 of 95 steps (67%) done

[Tue Oct  6 18:44:21 2020]
rule extractBarcodes:
    input: /mnt/NAS/Fang/Analysis/MERFISH/merfish_analysis/MERFISH_test/data/logs/fov_2_zpos_3.0_decoding.log, /mnt/NAS/Fang/Analysis/MERFISH/merfish_analysis/MERFISH_test/data/logs/train_PSM.log
    output: /mnt/NAS/Fang/Analysis/MERFISH/merfish_analysis/MERFISH_test/data/logs/fov_2_zpos_3.0_extract_barcodes.log
    jobid: 24
    wildcards: analysisPath=/mnt/NAS/Fang/Analysis/MERFISH/merfish_analysis/MERFISH_test/data, fov=2, zpos=3.0

[Tue Oct  6 18:44:21 2020]
Finished job 37.
65 of 95 steps (68%) done

[Tue Oct  6 18:44:21 2020]
rule extractBarcodes:
    input: /mnt/NAS/Fang/Analysis/MERFISH/merfish_analysis/MERFISH_test/data/logs/fov_3_zpos_2.0_decoding.log, /mnt/NAS/Fang/Analysis/MERFISH/merfish_analysis/MERFISH_test/data/logs/train_PSM.log
    output: /mnt/NAS/Fang/Analysis/MERFISH/merfish_analysis/MERFISH_test/data/logs/fov_3_zpos_2.0_extract_barcodes.log
    jobid: 29
    wildcards: analysisPath=/mnt/NAS/Fang/Analysis/MERFISH/merfish_analysis/MERFISH_test/data, fov=3, zpos=2.0

[Tue Oct  6 18:44:21 2020]
Finished job 23.
66 of 95 steps (69%) done

[Tue Oct  6 18:44:21 2020]
rule extractBarcodes:
    input: /mnt/NAS/Fang/Analysis/MERFISH/merfish_analysis/MERFISH_test/data/logs/fov_0_zpos_6.0_decoding.log, /mnt/NAS/Fang/Analysis/MERFISH/merfish_analysis/MERFISH_test/data/logs/train_PSM.log
    output: /mnt/NAS/Fang/Analysis/MERFISH/merfish_analysis/MERFISH_test/data/logs/fov_0_zpos_6.0_extract_barcodes.log
    jobid: 15
    wildcards: analysisPath=/mnt/NAS/Fang/Analysis/MERFISH/merfish_analysis/MERFISH_test/data, fov=0, zpos=6.0

[Tue Oct  6 18:44:21 2020]
Finished job 38.
67 of 95 steps (71%) done

[Tue Oct  6 18:44:21 2020]
rule extractBarcodes:
    input: /mnt/NAS/Fang/Analysis/MERFISH/merfish_analysis/MERFISH_test/data/logs/fov_4_zpos_3.0_decoding.log, /mnt/NAS/Fang/Analysis/MERFISH/merfish_analysis/MERFISH_test/data/logs/train_PSM.log
    output: /mnt/NAS/Fang/Analysis/MERFISH/merfish_analysis/MERFISH_test/data/logs/fov_4_zpos_3.0_extract_barcodes.log
    jobid: 36
    wildcards: analysisPath=/mnt/NAS/Fang/Analysis/MERFISH/merfish_analysis/MERFISH_test/data, fov=4, zpos=3.0

[Tue Oct  6 18:44:24 2020]
Finished job 11.
68 of 95 steps (72%) done

[Tue Oct  6 18:44:24 2020]
rule extractBarcodes:
    input: /mnt/NAS/Fang/Analysis/MERFISH/merfish_analysis/MERFISH_test/data/logs/fov_2_zpos_1.0_decoding.log, /mnt/NAS/Fang/Analysis/MERFISH/merfish_analysis/MERFISH_test/data/logs/train_PSM.log
    output: /mnt/NAS/Fang/Analysis/MERFISH/merfish_analysis/MERFISH_test/data/logs/fov_2_zpos_1.0_extract_barcodes.log
    jobid: 22
    wildcards: analysisPath=/mnt/NAS/Fang/Analysis/MERFISH/merfish_analysis/MERFISH_test/data, fov=2, zpos=1.0

[Tue Oct  6 18:44:29 2020]
Finished job 32.
69 of 95 steps (73%) done

[Tue Oct  6 18:44:29 2020]
rule extractBarcodes:
    input: /mnt/NAS/Fang/Analysis/MERFISH/merfish_analysis/MERFISH_test/data/logs/fov_3_zpos_3.0_decoding.log, /mnt/NAS/Fang/Analysis/MERFISH/merfish_analysis/MERFISH_test/data/logs/train_PSM.log
    output: /mnt/NAS/Fang/Analysis/MERFISH/merfish_analysis/MERFISH_test/data/logs/fov_3_zpos_3.0_extract_barcodes.log
    jobid: 30
    wildcards: analysisPath=/mnt/NAS/Fang/Analysis/MERFISH/merfish_analysis/MERFISH_test/data, fov=3, zpos=3.0

[Tue Oct  6 18:46:10 2020]
Finished job 17.
70 of 95 steps (74%) done

[Tue Oct  6 18:46:11 2020]
rule extractBarcodes:
    input: /mnt/NAS/Fang/Analysis/MERFISH/merfish_analysis/MERFISH_test/data/logs/fov_1_zpos_1.0_decoding.log, /mnt/NAS/Fang/Analysis/MERFISH/merfish_analysis/MERFISH_test/data/logs/train_PSM.log
    output: /mnt/NAS/Fang/Analysis/MERFISH/merfish_analysis/MERFISH_test/data/logs/fov_1_zpos_1.0_extract_barcodes.log
    jobid: 16
    wildcards: analysisPath=/mnt/NAS/Fang/Analysis/MERFISH/merfish_analysis/MERFISH_test/data, fov=1, zpos=1.0

[Tue Oct  6 18:46:12 2020]
Finished job 36.
71 of 95 steps (75%) done

[Tue Oct  6 18:46:12 2020]
rule extractBarcodes:
    input: /mnt/NAS/Fang/Analysis/MERFISH/merfish_analysis/MERFISH_test/data/logs/fov_1_zpos_6.0_decoding.log, /mnt/NAS/Fang/Analysis/MERFISH/merfish_analysis/MERFISH_test/data/logs/train_PSM.log
    output: /mnt/NAS/Fang/Analysis/MERFISH/merfish_analysis/MERFISH_test/data/logs/fov_1_zpos_6.0_extract_barcodes.log
    jobid: 21
    wildcards: analysisPath=/mnt/NAS/Fang/Analysis/MERFISH/merfish_analysis/MERFISH_test/data, fov=1, zpos=6.0

[Tue Oct  6 18:46:12 2020]
Finished job 39.
72 of 95 steps (76%) done

[Tue Oct  6 18:46:12 2020]
rule extractBarcodes:
    input: /mnt/NAS/Fang/Analysis/MERFISH/merfish_analysis/MERFISH_test/data/logs/fov_4_zpos_2.0_decoding.log, /mnt/NAS/Fang/Analysis/MERFISH/merfish_analysis/MERFISH_test/data/logs/train_PSM.log
    output: /mnt/NAS/Fang/Analysis/MERFISH/merfish_analysis/MERFISH_test/data/logs/fov_4_zpos_2.0_extract_barcodes.log
    jobid: 35
    wildcards: analysisPath=/mnt/NAS/Fang/Analysis/MERFISH/merfish_analysis/MERFISH_test/data, fov=4, zpos=2.0

[Tue Oct  6 18:46:12 2020]
Finished job 22.
73 of 95 steps (77%) done

[Tue Oct  6 18:46:12 2020]
rule extractBarcodes:
    input: /mnt/NAS/Fang/Analysis/MERFISH/merfish_analysis/MERFISH_test/data/logs/fov_0_zpos_5.0_decoding.log, /mnt/NAS/Fang/Analysis/MERFISH/merfish_analysis/MERFISH_test/data/logs/train_PSM.log
    output: /mnt/NAS/Fang/Analysis/MERFISH/merfish_analysis/MERFISH_test/data/logs/fov_0_zpos_5.0_extract_barcodes.log
    jobid: 14
    wildcards: analysisPath=/mnt/NAS/Fang/Analysis/MERFISH/merfish_analysis/MERFISH_test/data, fov=0, zpos=5.0

[Tue Oct  6 18:46:13 2020]
Finished job 31.
74 of 95 steps (78%) done

[Tue Oct  6 18:46:13 2020]
rule extractBarcodes:
    input: /mnt/NAS/Fang/Analysis/MERFISH/merfish_analysis/MERFISH_test/data/logs/fov_3_zpos_1.0_decoding.log, /mnt/NAS/Fang/Analysis/MERFISH/merfish_analysis/MERFISH_test/data/logs/train_PSM.log
    output: /mnt/NAS/Fang/Analysis/MERFISH/merfish_analysis/MERFISH_test/data/logs/fov_3_zpos_1.0_extract_barcodes.log
    jobid: 28
    wildcards: analysisPath=/mnt/NAS/Fang/Analysis/MERFISH/merfish_analysis/MERFISH_test/data, fov=3, zpos=1.0

[Tue Oct  6 18:46:15 2020]
Finished job 24.
75 of 95 steps (79%) done

[Tue Oct  6 18:46:15 2020]
rule extractBarcodes:
    input: /mnt/NAS/Fang/Analysis/MERFISH/merfish_analysis/MERFISH_test/data/logs/fov_1_zpos_5.0_decoding.log, /mnt/NAS/Fang/Analysis/MERFISH/merfish_analysis/MERFISH_test/data/logs/train_PSM.log
    output: /mnt/NAS/Fang/Analysis/MERFISH/merfish_analysis/MERFISH_test/data/logs/fov_1_zpos_5.0_extract_barcodes.log
    jobid: 20
    wildcards: analysisPath=/mnt/NAS/Fang/Analysis/MERFISH/merfish_analysis/MERFISH_test/data, fov=1, zpos=5.0

[Tue Oct  6 18:46:20 2020]
Finished job 29.
76 of 95 steps (80%) done

[Tue Oct  6 18:46:20 2020]
rule extractBarcodes:
    input: /mnt/NAS/Fang/Analysis/MERFISH/merfish_analysis/MERFISH_test/data/logs/fov_4_zpos_1.0_decoding.log, /mnt/NAS/Fang/Analysis/MERFISH/merfish_analysis/MERFISH_test/data/logs/train_PSM.log
    output: /mnt/NAS/Fang/Analysis/MERFISH/merfish_analysis/MERFISH_test/data/logs/fov_4_zpos_1.0_extract_barcodes.log
    jobid: 34
    wildcards: analysisPath=/mnt/NAS/Fang/Analysis/MERFISH/merfish_analysis/MERFISH_test/data, fov=4, zpos=1.0

[Tue Oct  6 18:46:24 2020]
Finished job 15.
77 of 95 steps (81%) done

[Tue Oct  6 18:46:24 2020]
rule extractBarcodes:
    input: /mnt/NAS/Fang/Analysis/MERFISH/merfish_analysis/MERFISH_test/data/logs/fov_0_zpos_4.0_decoding.log, /mnt/NAS/Fang/Analysis/MERFISH/merfish_analysis/MERFISH_test/data/logs/train_PSM.log
    output: /mnt/NAS/Fang/Analysis/MERFISH/merfish_analysis/MERFISH_test/data/logs/fov_0_zpos_4.0_extract_barcodes.log
    jobid: 13
    wildcards: analysisPath=/mnt/NAS/Fang/Analysis/MERFISH/merfish_analysis/MERFISH_test/data, fov=0, zpos=4.0

[Tue Oct  6 18:46:26 2020]
Finished job 33.
78 of 95 steps (82%) done

[Tue Oct  6 18:46:26 2020]
rule extractBarcodes:
    input: /mnt/NAS/Fang/Analysis/MERFISH/merfish_analysis/MERFISH_test/data/logs/fov_1_zpos_4.0_decoding.log, /mnt/NAS/Fang/Analysis/MERFISH/merfish_analysis/MERFISH_test/data/logs/train_PSM.log
    output: /mnt/NAS/Fang/Analysis/MERFISH/merfish_analysis/MERFISH_test/data/logs/fov_1_zpos_4.0_extract_barcodes.log
    jobid: 19
    wildcards: analysisPath=/mnt/NAS/Fang/Analysis/MERFISH/merfish_analysis/MERFISH_test/data, fov=1, zpos=4.0

[Tue Oct  6 18:46:33 2020]
Finished job 30.
79 of 95 steps (83%) done

[Tue Oct  6 18:46:33 2020]
rule extractBarcodes:
    input: /mnt/NAS/Fang/Analysis/MERFISH/merfish_analysis/MERFISH_test/data/logs/fov_2_zpos_6.0_decoding.log, /mnt/NAS/Fang/Analysis/MERFISH/merfish_analysis/MERFISH_test/data/logs/train_PSM.log
    output: /mnt/NAS/Fang/Analysis/MERFISH/merfish_analysis/MERFISH_test/data/logs/fov_2_zpos_6.0_extract_barcodes.log
    jobid: 27
    wildcards: analysisPath=/mnt/NAS/Fang/Analysis/MERFISH/merfish_analysis/MERFISH_test/data, fov=2, zpos=6.0

[Tue Oct  6 18:47:57 2020]
Finished job 16.
80 of 95 steps (84%) done
[Tue Oct  6 18:48:03 2020]
Finished job 28.
81 of 95 steps (85%) done
[Tue Oct  6 18:48:12 2020]
Finished job 35.
82 of 95 steps (86%) done
[Tue Oct  6 18:48:14 2020]
Finished job 14.
83 of 95 steps (87%) done
[Tue Oct  6 18:48:16 2020]
Finished job 21.
84 of 95 steps (88%) done
[Tue Oct  6 18:48:17 2020]
Finished job 19.
85 of 95 steps (89%) done
[Tue Oct  6 18:48:17 2020]
Finished job 13.
86 of 95 steps (91%) done
[Tue Oct  6 18:48:18 2020]
Finished job 20.
87 of 95 steps (92%) done
[Tue Oct  6 18:48:20 2020]
Finished job 34.
88 of 95 steps (93%) done
[Tue Oct  6 18:48:28 2020]
Finished job 27.
89 of 95 steps (94%) done

[Tue Oct  6 18:48:28 2020]
rule exportBarcodes:
    input: /mnt/NAS/Fang/Analysis/MERFISH/merfish_analysis/MERFISH_test/data/logs/fov_0_zpos_1.0_extract_barcodes.log, /mnt/NAS/Fang/Analysis/MERFISH/merfish_analysis/MERFISH_test/data/logs/fov_0_zpos_2.0_extract_barcodes.log, /mnt/NAS/Fang/Analysis/MERFISH/merfish_analysis/MERFISH_test/data/logs/fov_0_zpos_3.0_extract_barcodes.log, /mnt/NAS/Fang/Analysis/MERFISH/merfish_analysis/MERFISH_test/data/logs/fov_0_zpos_4.0_extract_barcodes.log, /mnt/NAS/Fang/Analysis/MERFISH/merfish_analysis/MERFISH_test/data/logs/fov_0_zpos_5.0_extract_barcodes.log, /mnt/NAS/Fang/Analysis/MERFISH/merfish_analysis/MERFISH_test/data/logs/fov_0_zpos_6.0_extract_barcodes.log, /mnt/NAS/Fang/Analysis/MERFISH/merfish_analysis/MERFISH_test/data/logs/fov_1_zpos_1.0_extract_barcodes.log, /mnt/NAS/Fang/Analysis/MERFISH/merfish_analysis/MERFISH_test/data/logs/fov_1_zpos_2.0_extract_barcodes.log, /mnt/NAS/Fang/Analysis/MERFISH/merfish_analysis/MERFISH_test/data/logs/fov_1_zpos_3.0_extract_barcodes.log, /mnt/NAS/Fang/Analysis/MERFISH/merfish_analysis/MERFISH_test/data/logs/fov_1_zpos_4.0_extract_barcodes.log, /mnt/NAS/Fang/Analysis/MERFISH/merfish_analysis/MERFISH_test/data/logs/fov_1_zpos_5.0_extract_barcodes.log, /mnt/NAS/Fang/Analysis/MERFISH/merfish_analysis/MERFISH_test/data/logs/fov_1_zpos_6.0_extract_barcodes.log, /mnt/NAS/Fang/Analysis/MERFISH/merfish_analysis/MERFISH_test/data/logs/fov_2_zpos_1.0_extract_barcodes.log, /mnt/NAS/Fang/Analysis/MERFISH/merfish_analysis/MERFISH_test/data/logs/fov_2_zpos_2.0_extract_barcodes.log, /mnt/NAS/Fang/Analysis/MERFISH/merfish_analysis/MERFISH_test/data/logs/fov_2_zpos_3.0_extract_barcodes.log, /mnt/NAS/Fang/Analysis/MERFISH/merfish_analysis/MERFISH_test/data/logs/fov_2_zpos_4.0_extract_barcodes.log, /mnt/NAS/Fang/Analysis/MERFISH/merfish_analysis/MERFISH_test/data/logs/fov_2_zpos_5.0_extract_barcodes.log, /mnt/NAS/Fang/Analysis/MERFISH/merfish_analysis/MERFISH_test/data/logs/fov_2_zpos_6.0_extract_barcodes.log, /mnt/NAS/Fang/Analysis/MERFISH/merfish_analysis/MERFISH_test/data/logs/fov_3_zpos_1.0_extract_barcodes.log, /mnt/NAS/Fang/Analysis/MERFISH/merfish_analysis/MERFISH_test/data/logs/fov_3_zpos_2.0_extract_barcodes.log, /mnt/NAS/Fang/Analysis/MERFISH/merfish_analysis/MERFISH_test/data/logs/fov_3_zpos_3.0_extract_barcodes.log, /mnt/NAS/Fang/Analysis/MERFISH/merfish_analysis/MERFISH_test/data/logs/fov_3_zpos_4.0_extract_barcodes.log, /mnt/NAS/Fang/Analysis/MERFISH/merfish_analysis/MERFISH_test/data/logs/fov_3_zpos_5.0_extract_barcodes.log, /mnt/NAS/Fang/Analysis/MERFISH/merfish_analysis/MERFISH_test/data/logs/fov_3_zpos_6.0_extract_barcodes.log, /mnt/NAS/Fang/Analysis/MERFISH/merfish_analysis/MERFISH_test/data/logs/fov_4_zpos_1.0_extract_barcodes.log, /mnt/NAS/Fang/Analysis/MERFISH/merfish_analysis/MERFISH_test/data/logs/fov_4_zpos_2.0_extract_barcodes.log, /mnt/NAS/Fang/Analysis/MERFISH/merfish_analysis/MERFISH_test/data/logs/fov_4_zpos_3.0_extract_barcodes.log, /mnt/NAS/Fang/Analysis/MERFISH/merfish_analysis/MERFISH_test/data/logs/fov_4_zpos_4.0_extract_barcodes.log, /mnt/NAS/Fang/Analysis/MERFISH/merfish_analysis/MERFISH_test/data/logs/fov_4_zpos_5.0_extract_barcodes.log, /mnt/NAS/Fang/Analysis/MERFISH/merfish_analysis/MERFISH_test/data/logs/fov_4_zpos_6.0_extract_barcodes.log
    output: /mnt/NAS/Fang/Analysis/MERFISH/merfish_analysis/MERFISH_test/data/logs/export_barcodes.log
    jobid: 2
    wildcards: analysisPath=/mnt/NAS/Fang/Analysis/MERFISH/merfish_analysis/MERFISH_test/data

[Tue Oct  6 18:48:31 2020]
Finished job 2.
90 of 95 steps (95%) done

[Tue Oct  6 18:48:31 2020]
rule filterBarcodes:
    input: /mnt/NAS/Fang/Analysis/MERFISH/merfish_analysis/MERFISH_test/data/logs/export_barcodes.log
    output: /mnt/NAS/Fang/Analysis/MERFISH/merfish_analysis/MERFISH_test/data/logs/filter_barcodes.log
    jobid: 3
    wildcards: analysisPath=/mnt/NAS/Fang/Analysis/MERFISH/merfish_analysis/MERFISH_test/data

[Tue Oct  6 18:48:38 2020]
Finished job 3.
91 of 95 steps (96%) done

[Tue Oct  6 18:48:38 2020]
rule assignBarcodes_DAPI:
    input: /mnt/NAS/Fang/Analysis/MERFISH/merfish_analysis/MERFISH_test/data/logs/filter_barcodes.log, /mnt/NAS/Fang/Analysis/MERFISH/merfish_analysis/MERFISH_test/data/logs/filter_features_DAPI.log
    output: /mnt/NAS/Fang/Analysis/MERFISH/merfish_analysis/MERFISH_test/data/logs/assign_barcodes_DAPI.log
    jobid: 7
    wildcards: analysisPath=/mnt/NAS/Fang/Analysis/MERFISH/merfish_analysis/MERFISH_test/data


[Tue Oct  6 18:48:38 2020]
rule assignBarcodes_polyT:
    input: /mnt/NAS/Fang/Analysis/MERFISH/merfish_analysis/MERFISH_test/data/logs/filter_barcodes.log, /mnt/NAS/Fang/Analysis/MERFISH/merfish_analysis/MERFISH_test/data/logs/filter_features_polyT.log
    output: /mnt/NAS/Fang/Analysis/MERFISH/merfish_analysis/MERFISH_test/data/logs/assign_barcodes_polyT.log
    jobid: 8
    wildcards: analysisPath=/mnt/NAS/Fang/Analysis/MERFISH/merfish_analysis/MERFISH_test/data

[Tue Oct  6 18:48:47 2020]
Finished job 8.
92 of 95 steps (97%) done
[Tue Oct  6 18:48:47 2020]
Finished job 7.
93 of 95 steps (98%) done

[Tue Oct  6 18:48:47 2020]
rule filterBarcodesFeature:
    input: /mnt/NAS/Fang/Analysis/MERFISH/merfish_analysis/MERFISH_test/data/logs/assign_barcodes_polyT.log, /mnt/NAS/Fang/Analysis/MERFISH/merfish_analysis/MERFISH_test/data/logs/assign_barcodes_DAPI.log
    output: /mnt/NAS/Fang/Analysis/MERFISH/merfish_analysis/MERFISH_test/data/logs/assign_barcodes_polyT_filter.log, /mnt/NAS/Fang/Analysis/MERFISH/merfish_analysis/MERFISH_test/data/logs/assign_barcodes_DAPI_filter.log
    jobid: 9
    wildcards: analysisPath=/mnt/NAS/Fang/Analysis/MERFISH/merfish_analysis/MERFISH_test/data

[Tue Oct  6 18:48:54 2020]
Finished job 9.
94 of 95 steps (99%) done

[Tue Oct  6 18:48:54 2020]
localrule all:
    input: /mnt/NAS/Fang/Analysis/MERFISH/merfish_analysis/MERFISH_test/data/logs/create_analysis.log, /mnt/NAS/Fang/Analysis/MERFISH/merfish_analysis/MERFISH_test/data/logs/export_barcodes.log, /mnt/NAS/Fang/Analysis/MERFISH/merfish_analysis/MERFISH_test/data/logs/filter_barcodes.log, /mnt/NAS/Fang/Analysis/MERFISH/merfish_analysis/MERFISH_test/data/logs/export_features_polyT.log, /mnt/NAS/Fang/Analysis/MERFISH/merfish_analysis/MERFISH_test/data/logs/export_features_DAPI.log, /mnt/NAS/Fang/Analysis/MERFISH/merfish_analysis/MERFISH_test/data/logs/filter_features_polyT.log, /mnt/NAS/Fang/Analysis/MERFISH/merfish_analysis/MERFISH_test/data/logs/filter_features_DAPI.log, /mnt/NAS/Fang/Analysis/MERFISH/merfish_analysis/MERFISH_test/data/logs/assign_barcodes_DAPI.log, /mnt/NAS/Fang/Analysis/MERFISH/merfish_analysis/MERFISH_test/data/logs/assign_barcodes_polyT.log, /mnt/NAS/Fang/Analysis/MERFISH/merfish_analysis/MERFISH_test/data/logs/assign_barcodes_DAPI_filter.log, /mnt/NAS/Fang/Analysis/MERFISH/merfish_analysis/MERFISH_test/data/logs/assign_barcodes_polyT_filter.log
    jobid: 0

[Tue Oct  6 18:48:54 2020]
Finished job 0.
95 of 95 steps (100%) done
Complete log: /home/rfang/github/merfishdecoder/merfish-parameters/snakemake/.snakemake/log/2020-10-06T181906.221681.snakemake.log
