Building DAG of jobs...
Using shell: /bin/bash
Provided cores: 10
Rules claiming more threads will be scaled down.
Job counts:
	count	jobs
	1	all
	1	assignBarcodes_DAPI
	1	assignBarcodes_polyT
	30	decoding
	1	exportBarcodes
	1	exportFeatures_DAPI
	1	exportFeatures_polyT
	30	extractBarcodes
	1	filterBarcodes
	1	filterBarcodesFeature
	1	filterFeatures
	30	preprocessing
	30	registration
	30	segmentation_DAPI
	30	segmentation_polyT
	1	trainPSM
	190

[Tue Oct  6 21:52:19 2020]
rule registration:
    input: /mnt/NAS/Fang/Analysis/MERFISH/merfish_analysis/MERFISH_test/data/logs/create_analysis.log
    output: /mnt/NAS/Fang/Analysis/MERFISH/merfish_analysis/MERFISH_test/data/logs/fov_3_zpos_5.0_registration.log
    jobid: 153
    wildcards: analysisPath=/mnt/NAS/Fang/Analysis/MERFISH/merfish_analysis/MERFISH_test/data, fov=3, zpos=5.0


[Tue Oct  6 21:52:19 2020]
rule registration:
    input: /mnt/NAS/Fang/Analysis/MERFISH/merfish_analysis/MERFISH_test/data/logs/create_analysis.log
    output: /mnt/NAS/Fang/Analysis/MERFISH/merfish_analysis/MERFISH_test/data/logs/fov_4_zpos_6.0_registration.log
    jobid: 160
    wildcards: analysisPath=/mnt/NAS/Fang/Analysis/MERFISH/merfish_analysis/MERFISH_test/data, fov=4, zpos=6.0


[Tue Oct  6 21:52:19 2020]
rule registration:
    input: /mnt/NAS/Fang/Analysis/MERFISH/merfish_analysis/MERFISH_test/data/logs/create_analysis.log
    output: /mnt/NAS/Fang/Analysis/MERFISH/merfish_analysis/MERFISH_test/data/logs/fov_2_zpos_1.0_registration.log
    jobid: 143
    wildcards: analysisPath=/mnt/NAS/Fang/Analysis/MERFISH/merfish_analysis/MERFISH_test/data, fov=2, zpos=1.0


[Tue Oct  6 21:52:19 2020]
rule registration:
    input: /mnt/NAS/Fang/Analysis/MERFISH/merfish_analysis/MERFISH_test/data/logs/create_analysis.log
    output: /mnt/NAS/Fang/Analysis/MERFISH/merfish_analysis/MERFISH_test/data/logs/fov_0_zpos_6.0_registration.log
    jobid: 136
    wildcards: analysisPath=/mnt/NAS/Fang/Analysis/MERFISH/merfish_analysis/MERFISH_test/data, fov=0, zpos=6.0


[Tue Oct  6 21:52:19 2020]
rule registration:
    input: /mnt/NAS/Fang/Analysis/MERFISH/merfish_analysis/MERFISH_test/data/logs/create_analysis.log
    output: /mnt/NAS/Fang/Analysis/MERFISH/merfish_analysis/MERFISH_test/data/logs/fov_3_zpos_2.0_registration.log
    jobid: 150
    wildcards: analysisPath=/mnt/NAS/Fang/Analysis/MERFISH/merfish_analysis/MERFISH_test/data, fov=3, zpos=2.0


[Tue Oct  6 21:52:19 2020]
rule registration:
    input: /mnt/NAS/Fang/Analysis/MERFISH/merfish_analysis/MERFISH_test/data/logs/create_analysis.log
    output: /mnt/NAS/Fang/Analysis/MERFISH/merfish_analysis/MERFISH_test/data/logs/fov_4_zpos_3.0_registration.log
    jobid: 157
    wildcards: analysisPath=/mnt/NAS/Fang/Analysis/MERFISH/merfish_analysis/MERFISH_test/data, fov=4, zpos=3.0


[Tue Oct  6 21:52:19 2020]
rule registration:
    input: /mnt/NAS/Fang/Analysis/MERFISH/merfish_analysis/MERFISH_test/data/logs/create_analysis.log
    output: /mnt/NAS/Fang/Analysis/MERFISH/merfish_analysis/MERFISH_test/data/logs/fov_1_zpos_4.0_registration.log
    jobid: 140
    wildcards: analysisPath=/mnt/NAS/Fang/Analysis/MERFISH/merfish_analysis/MERFISH_test/data, fov=1, zpos=4.0


[Tue Oct  6 21:52:19 2020]
rule registration:
    input: /mnt/NAS/Fang/Analysis/MERFISH/merfish_analysis/MERFISH_test/data/logs/create_analysis.log
    output: /mnt/NAS/Fang/Analysis/MERFISH/merfish_analysis/MERFISH_test/data/logs/fov_3_zpos_4.0_registration.log
    jobid: 152
    wildcards: analysisPath=/mnt/NAS/Fang/Analysis/MERFISH/merfish_analysis/MERFISH_test/data, fov=3, zpos=4.0


[Tue Oct  6 21:52:19 2020]
rule registration:
    input: /mnt/NAS/Fang/Analysis/MERFISH/merfish_analysis/MERFISH_test/data/logs/create_analysis.log
    output: /mnt/NAS/Fang/Analysis/MERFISH/merfish_analysis/MERFISH_test/data/logs/fov_4_zpos_5.0_registration.log
    jobid: 159
    wildcards: analysisPath=/mnt/NAS/Fang/Analysis/MERFISH/merfish_analysis/MERFISH_test/data, fov=4, zpos=5.0


[Tue Oct  6 21:52:19 2020]
rule registration:
    input: /mnt/NAS/Fang/Analysis/MERFISH/merfish_analysis/MERFISH_test/data/logs/create_analysis.log
    output: /mnt/NAS/Fang/Analysis/MERFISH/merfish_analysis/MERFISH_test/data/logs/fov_3_zpos_1.0_registration.log
    jobid: 149
    wildcards: analysisPath=/mnt/NAS/Fang/Analysis/MERFISH/merfish_analysis/MERFISH_test/data, fov=3, zpos=1.0

[Tue Oct  6 21:54:32 2020]
Finished job 152.
1 of 190 steps (0.53%) done

[Tue Oct  6 21:54:32 2020]
rule preprocessing:
    input: /mnt/NAS/Fang/Analysis/MERFISH/merfish_analysis/MERFISH_test/data/logs/fov_3_zpos_4.0_registration.log
    output: /mnt/NAS/Fang/Analysis/MERFISH/merfish_analysis/MERFISH_test/data/logs/fov_3_zpos_4.0_processing.log
    jobid: 182
    wildcards: analysisPath=/mnt/NAS/Fang/Analysis/MERFISH/merfish_analysis/MERFISH_test/data, fov=3, zpos=4.0

[Tue Oct  6 21:54:38 2020]
Error in rule preprocessing:
    jobid: 182
    output: /mnt/NAS/Fang/Analysis/MERFISH/merfish_analysis/MERFISH_test/data/logs/fov_3_zpos_4.0_processing.log
    shell:
        
		python /home/rfang/github/merfishdecoder/bin/merfishdecoder process-images 			--data-set-name=MERFISH_test/data 			--fov=3 --zpos=4.0 			--warped-images-name=/mnt/NAS/Fang/Analysis/MERFISH/merfish_analysis/MERFISH_test/data/warpedImages/fov_3_zpos_4.0.tif 			--output-name=/mnt/NAS/Fang/Analysis/MERFISH/merfish_analysis/MERFISH_test/data/processedImages/fov_3_zpos_4.0.npz 			--high-pass-filter-sigma=3 			> /mnt/NAS/Fang/Analysis/MERFISH/merfish_analysis/MERFISH_test/data/logs/fov_3_zpos_4.0_processing.log
		rm /mnt/NAS/Fang/Analysis/MERFISH/merfish_analysis/MERFISH_test/data/warpedImages/fov_3_zpos_4.0.tif
		
        (one of the commands exited with non-zero exit code; note that snakemake uses bash strict mode!)

Removing output files of failed job preprocessing since they might be corrupted:
/mnt/NAS/Fang/Analysis/MERFISH/merfish_analysis/MERFISH_test/data/logs/fov_3_zpos_4.0_processing.log
[Tue Oct  6 21:54:42 2020]
Finished job 160.
2 of 190 steps (1%) done
[Tue Oct  6 21:54:54 2020]
Finished job 149.
3 of 190 steps (2%) done
[Tue Oct  6 21:54:57 2020]
Finished job 143.
4 of 190 steps (2%) done
[Tue Oct  6 21:55:10 2020]
Finished job 136.
5 of 190 steps (3%) done
[Tue Oct  6 21:55:10 2020]
Finished job 159.
6 of 190 steps (3%) done
[Tue Oct  6 21:55:10 2020]
Finished job 140.
7 of 190 steps (4%) done
[Tue Oct  6 21:55:10 2020]
Finished job 153.
8 of 190 steps (4%) done
[Tue Oct  6 21:55:10 2020]
Finished job 157.
9 of 190 steps (5%) done
[Tue Oct  6 21:55:10 2020]
Finished job 150.
10 of 190 steps (5%) done
Shutting down, this might take some time.
Exiting because a job execution failed. Look above for error message
Complete log: /home/rfang/github/merfishdecoder/merfish-parameters/snakemake/.snakemake/log/2020-10-06T215219.231154.snakemake.log
