Building DAG of jobs...
Using shell: /bin/bash
Provided cores: 10
Rules claiming more threads will be scaled down.
Job counts:
	count	jobs
	1	all
	1	assignBarcodes_DAPI
	1	assignBarcodes_polyT
	30	decoding
	1	exportBarcodes
	1	exportFeatures_DAPI
	1	exportFeatures_polyT
	30	extractBarcodes
	1	filterBarcodes
	1	filterBarcodesFeature
	1	filterFeatures
	27	preprocessing
	9	registration
	27	segmentation_DAPI
	28	segmentation_polyT
	1	trainPSM
	161

[Tue Oct  6 22:28:47 2020]
rule segmentation_DAPI:
    input: /mnt/NAS/Fang/Analysis/MERFISH/merfish_analysis/MERFISH_test/data/logs/fov_4_zpos_1.0_registration.log
    output: /mnt/NAS/Fang/Analysis/MERFISH/merfish_analysis/MERFISH_test/data/logs/fov_4_zpos_1.0_DAPI_segmentation.log, /mnt/NAS/Fang/Analysis/MERFISH/merfish_analysis/MERFISH_test/data/logs/fov_4_zpos_1.0_DAPI_extract_features.log
    jobid: 94
    wildcards: analysisPath=/mnt/NAS/Fang/Analysis/MERFISH/merfish_analysis/MERFISH_test/data, fov=4, zpos=1.0


[Tue Oct  6 22:28:47 2020]
rule segmentation_DAPI:
    input: /mnt/NAS/Fang/Analysis/MERFISH/merfish_analysis/MERFISH_test/data/logs/fov_1_zpos_2.0_registration.log
    output: /mnt/NAS/Fang/Analysis/MERFISH/merfish_analysis/MERFISH_test/data/logs/fov_1_zpos_2.0_DAPI_segmentation.log, /mnt/NAS/Fang/Analysis/MERFISH/merfish_analysis/MERFISH_test/data/logs/fov_1_zpos_2.0_DAPI_extract_features.log
    jobid: 77
    wildcards: analysisPath=/mnt/NAS/Fang/Analysis/MERFISH/merfish_analysis/MERFISH_test/data, fov=1, zpos=2.0


[Tue Oct  6 22:28:47 2020]
rule segmentation_DAPI:
    input: /mnt/NAS/Fang/Analysis/MERFISH/merfish_analysis/MERFISH_test/data/logs/fov_3_zpos_4.0_registration.log
    output: /mnt/NAS/Fang/Analysis/MERFISH/merfish_analysis/MERFISH_test/data/logs/fov_3_zpos_4.0_DAPI_segmentation.log, /mnt/NAS/Fang/Analysis/MERFISH/merfish_analysis/MERFISH_test/data/logs/fov_3_zpos_4.0_DAPI_extract_features.log
    jobid: 91
    wildcards: analysisPath=/mnt/NAS/Fang/Analysis/MERFISH/merfish_analysis/MERFISH_test/data, fov=3, zpos=4.0


[Tue Oct  6 22:28:47 2020]
rule segmentation_DAPI:
    input: /mnt/NAS/Fang/Analysis/MERFISH/merfish_analysis/MERFISH_test/data/logs/fov_0_zpos_1.0_registration.log
    output: /mnt/NAS/Fang/Analysis/MERFISH/merfish_analysis/MERFISH_test/data/logs/fov_0_zpos_1.0_DAPI_segmentation.log, /mnt/NAS/Fang/Analysis/MERFISH/merfish_analysis/MERFISH_test/data/logs/fov_0_zpos_1.0_DAPI_extract_features.log
    jobid: 70
    wildcards: analysisPath=/mnt/NAS/Fang/Analysis/MERFISH/merfish_analysis/MERFISH_test/data, fov=0, zpos=1.0


[Tue Oct  6 22:28:47 2020]
rule segmentation_DAPI:
    input: /mnt/NAS/Fang/Analysis/MERFISH/merfish_analysis/MERFISH_test/data/logs/fov_2_zpos_3.0_registration.log
    output: /mnt/NAS/Fang/Analysis/MERFISH/merfish_analysis/MERFISH_test/data/logs/fov_2_zpos_3.0_DAPI_segmentation.log, /mnt/NAS/Fang/Analysis/MERFISH/merfish_analysis/MERFISH_test/data/logs/fov_2_zpos_3.0_DAPI_extract_features.log
    jobid: 84
    wildcards: analysisPath=/mnt/NAS/Fang/Analysis/MERFISH/merfish_analysis/MERFISH_test/data, fov=2, zpos=3.0


[Tue Oct  6 22:28:47 2020]
rule segmentation_DAPI:
    input: /mnt/NAS/Fang/Analysis/MERFISH/merfish_analysis/MERFISH_test/data/logs/fov_4_zpos_5.0_registration.log
    output: /mnt/NAS/Fang/Analysis/MERFISH/merfish_analysis/MERFISH_test/data/logs/fov_4_zpos_5.0_DAPI_segmentation.log, /mnt/NAS/Fang/Analysis/MERFISH/merfish_analysis/MERFISH_test/data/logs/fov_4_zpos_5.0_DAPI_extract_features.log
    jobid: 98
    wildcards: analysisPath=/mnt/NAS/Fang/Analysis/MERFISH/merfish_analysis/MERFISH_test/data, fov=4, zpos=5.0


[Tue Oct  6 22:28:47 2020]
rule segmentation_DAPI:
    input: /mnt/NAS/Fang/Analysis/MERFISH/merfish_analysis/MERFISH_test/data/logs/fov_1_zpos_3.0_registration.log
    output: /mnt/NAS/Fang/Analysis/MERFISH/merfish_analysis/MERFISH_test/data/logs/fov_1_zpos_3.0_DAPI_segmentation.log, /mnt/NAS/Fang/Analysis/MERFISH/merfish_analysis/MERFISH_test/data/logs/fov_1_zpos_3.0_DAPI_extract_features.log
    jobid: 78
    wildcards: analysisPath=/mnt/NAS/Fang/Analysis/MERFISH/merfish_analysis/MERFISH_test/data, fov=1, zpos=3.0


[Tue Oct  6 22:28:47 2020]
rule segmentation_DAPI:
    input: /mnt/NAS/Fang/Analysis/MERFISH/merfish_analysis/MERFISH_test/data/logs/fov_3_zpos_5.0_registration.log
    output: /mnt/NAS/Fang/Analysis/MERFISH/merfish_analysis/MERFISH_test/data/logs/fov_3_zpos_5.0_DAPI_segmentation.log, /mnt/NAS/Fang/Analysis/MERFISH/merfish_analysis/MERFISH_test/data/logs/fov_3_zpos_5.0_DAPI_extract_features.log
    jobid: 92
    wildcards: analysisPath=/mnt/NAS/Fang/Analysis/MERFISH/merfish_analysis/MERFISH_test/data, fov=3, zpos=5.0


[Tue Oct  6 22:28:47 2020]
rule segmentation_DAPI:
    input: /mnt/NAS/Fang/Analysis/MERFISH/merfish_analysis/MERFISH_test/data/logs/fov_2_zpos_6.0_registration.log
    output: /mnt/NAS/Fang/Analysis/MERFISH/merfish_analysis/MERFISH_test/data/logs/fov_2_zpos_6.0_DAPI_segmentation.log, /mnt/NAS/Fang/Analysis/MERFISH/merfish_analysis/MERFISH_test/data/logs/fov_2_zpos_6.0_DAPI_extract_features.log
    jobid: 87
    wildcards: analysisPath=/mnt/NAS/Fang/Analysis/MERFISH/merfish_analysis/MERFISH_test/data, fov=2, zpos=6.0


[Tue Oct  6 22:28:47 2020]
rule segmentation_DAPI:
    input: /mnt/NAS/Fang/Analysis/MERFISH/merfish_analysis/MERFISH_test/data/logs/fov_0_zpos_2.0_registration.log
    output: /mnt/NAS/Fang/Analysis/MERFISH/merfish_analysis/MERFISH_test/data/logs/fov_0_zpos_2.0_DAPI_segmentation.log, /mnt/NAS/Fang/Analysis/MERFISH/merfish_analysis/MERFISH_test/data/logs/fov_0_zpos_2.0_DAPI_extract_features.log
    jobid: 71
    wildcards: analysisPath=/mnt/NAS/Fang/Analysis/MERFISH/merfish_analysis/MERFISH_test/data, fov=0, zpos=2.0

[Tue Oct  6 22:28:55 2020]
Error in rule segmentation_DAPI:
    jobid: 92
    output: /mnt/NAS/Fang/Analysis/MERFISH/merfish_analysis/MERFISH_test/data/logs/fov_3_zpos_5.0_DAPI_segmentation.log, /mnt/NAS/Fang/Analysis/MERFISH/merfish_analysis/MERFISH_test/data/logs/fov_3_zpos_5.0_DAPI_extract_features.log
    shell:
        
		python /home/rfang/github/merfishdecoder/bin/merfishdecoder segmentation 			--data-set-name=MERFISH_test/data 			--fov=3 			--zpos=5.0 			--warped-images-name=/mnt/NAS/Fang/Analysis/MERFISH/merfish_analysis/MERFISH_test/data/warpedImages/fov_3_zpos_5.0.tif 			--feature-name=DAPI 			--output-name=/mnt/NAS/Fang/Analysis/MERFISH/merfish_analysis/MERFISH_test/data/segmentedImages/fov_3_zpos_5.0_DAPI.npz 			--diameter=150 			--model-type=nuclei 			--gpu=False  			> /mnt/NAS/Fang/Analysis/MERFISH/merfish_analysis/MERFISH_test/data/logs/fov_3_zpos_5.0_DAPI_segmentation.log
		python /home/rfang/github/merfishdecoder/bin/merfishdecoder extract-features 			--data-set-name=MERFISH_test/data 			--fov=3 			--zpos=5.0 			--segmented-images-name=/mnt/NAS/Fang/Analysis/MERFISH/merfish_analysis/MERFISH_test/data/segmentedImages/fov_3_zpos_5.0_DAPI.npz 			--output-name=/mnt/NAS/Fang/Analysis/MERFISH/merfish_analysis/MERFISH_test/data/extractedFeatures/fov_3_zpos_5.0_DAPI 			> /mnt/NAS/Fang/Analysis/MERFISH/merfish_analysis/MERFISH_test/data/logs/fov_3_zpos_5.0_DAPI_extract_features.log
		
        (one of the commands exited with non-zero exit code; note that snakemake uses bash strict mode!)

Removing output files of failed job segmentation_DAPI since they might be corrupted:
/mnt/NAS/Fang/Analysis/MERFISH/merfish_analysis/MERFISH_test/data/logs/fov_3_zpos_5.0_DAPI_segmentation.log
Terminating processes on user request, this might take some time.
Cancelling snakemake on user request.
