Building DAG of jobs...
Using shell: /bin/bash
Provided cores: 20
Rules claiming more threads will be scaled down.
Job counts:
	count	jobs
	1	all
	1	exportFeatures
	12	segmentation_DAPI
	12	segmentation_polyT
	26

[Mon Oct  5 17:53:51 2020]
rule segmentation_polyT:
    input: /mnt/NAS/Fang/Analysis/MERFISH/merfish_analysis/MERFISH_test/data/logs/fov_1_zpos_2.0_registration.log
    output: /mnt/NAS/Fang/Analysis/MERFISH/merfish_analysis/MERFISH_test/data/logs/fov_1_zpos_2.0_polyT_segmentation.log, /mnt/NAS/Fang/Analysis/MERFISH/merfish_analysis/MERFISH_test/data/logs/fov_1_zpos_2.0_polyT_extract_features.log
    jobid: 45
    wildcards: analysisPath=/mnt/NAS/Fang/Analysis/MERFISH/merfish_analysis/MERFISH_test/data, fov=1, zpos=2.0


[Mon Oct  5 17:53:51 2020]
rule segmentation_polyT:
    input: /mnt/NAS/Fang/Analysis/MERFISH/merfish_analysis/MERFISH_test/data/logs/fov_0_zpos_2.0_registration.log
    output: /mnt/NAS/Fang/Analysis/MERFISH/merfish_analysis/MERFISH_test/data/logs/fov_0_zpos_2.0_polyT_segmentation.log, /mnt/NAS/Fang/Analysis/MERFISH/merfish_analysis/MERFISH_test/data/logs/fov_0_zpos_2.0_polyT_extract_features.log
    jobid: 39
    wildcards: analysisPath=/mnt/NAS/Fang/Analysis/MERFISH/merfish_analysis/MERFISH_test/data, fov=0, zpos=2.0


[Mon Oct  5 17:53:51 2020]
rule segmentation_DAPI:
    input: /mnt/NAS/Fang/Analysis/MERFISH/merfish_analysis/MERFISH_test/data/logs/fov_1_zpos_1.0_registration.log
    output: /mnt/NAS/Fang/Analysis/MERFISH/merfish_analysis/MERFISH_test/data/logs/fov_1_zpos_1.0_DAPI_segmentation.log, /mnt/NAS/Fang/Analysis/MERFISH/merfish_analysis/MERFISH_test/data/logs/fov_1_zpos_1.0_DAPI_extract_features.log
    jobid: 32
    wildcards: analysisPath=/mnt/NAS/Fang/Analysis/MERFISH/merfish_analysis/MERFISH_test/data, fov=1, zpos=1.0


[Mon Oct  5 17:53:51 2020]
rule segmentation_polyT:
    input: /mnt/NAS/Fang/Analysis/MERFISH/merfish_analysis/MERFISH_test/data/logs/fov_1_zpos_3.0_registration.log
    output: /mnt/NAS/Fang/Analysis/MERFISH/merfish_analysis/MERFISH_test/data/logs/fov_1_zpos_3.0_polyT_segmentation.log, /mnt/NAS/Fang/Analysis/MERFISH/merfish_analysis/MERFISH_test/data/logs/fov_1_zpos_3.0_polyT_extract_features.log
    jobid: 46
    wildcards: analysisPath=/mnt/NAS/Fang/Analysis/MERFISH/merfish_analysis/MERFISH_test/data, fov=1, zpos=3.0


[Mon Oct  5 17:53:51 2020]
rule segmentation_polyT:
    input: /mnt/NAS/Fang/Analysis/MERFISH/merfish_analysis/MERFISH_test/data/logs/fov_0_zpos_3.0_registration.log
    output: /mnt/NAS/Fang/Analysis/MERFISH/merfish_analysis/MERFISH_test/data/logs/fov_0_zpos_3.0_polyT_segmentation.log, /mnt/NAS/Fang/Analysis/MERFISH/merfish_analysis/MERFISH_test/data/logs/fov_0_zpos_3.0_polyT_extract_features.log
    jobid: 40
    wildcards: analysisPath=/mnt/NAS/Fang/Analysis/MERFISH/merfish_analysis/MERFISH_test/data, fov=0, zpos=3.0


[Mon Oct  5 17:53:51 2020]
rule segmentation_DAPI:
    input: /mnt/NAS/Fang/Analysis/MERFISH/merfish_analysis/MERFISH_test/data/logs/fov_0_zpos_1.0_registration.log
    output: /mnt/NAS/Fang/Analysis/MERFISH/merfish_analysis/MERFISH_test/data/logs/fov_0_zpos_1.0_DAPI_segmentation.log, /mnt/NAS/Fang/Analysis/MERFISH/merfish_analysis/MERFISH_test/data/logs/fov_0_zpos_1.0_DAPI_extract_features.log
    jobid: 26
    wildcards: analysisPath=/mnt/NAS/Fang/Analysis/MERFISH/merfish_analysis/MERFISH_test/data, fov=0, zpos=1.0


[Mon Oct  5 17:53:51 2020]
rule segmentation_DAPI:
    input: /mnt/NAS/Fang/Analysis/MERFISH/merfish_analysis/MERFISH_test/data/logs/fov_1_zpos_2.0_registration.log
    output: /mnt/NAS/Fang/Analysis/MERFISH/merfish_analysis/MERFISH_test/data/logs/fov_1_zpos_2.0_DAPI_segmentation.log, /mnt/NAS/Fang/Analysis/MERFISH/merfish_analysis/MERFISH_test/data/logs/fov_1_zpos_2.0_DAPI_extract_features.log
    jobid: 33
    wildcards: analysisPath=/mnt/NAS/Fang/Analysis/MERFISH/merfish_analysis/MERFISH_test/data, fov=1, zpos=2.0


[Mon Oct  5 17:53:51 2020]
rule segmentation_polyT:
    input: /mnt/NAS/Fang/Analysis/MERFISH/merfish_analysis/MERFISH_test/data/logs/fov_1_zpos_4.0_registration.log
    output: /mnt/NAS/Fang/Analysis/MERFISH/merfish_analysis/MERFISH_test/data/logs/fov_1_zpos_4.0_polyT_segmentation.log, /mnt/NAS/Fang/Analysis/MERFISH/merfish_analysis/MERFISH_test/data/logs/fov_1_zpos_4.0_polyT_extract_features.log
    jobid: 47
    wildcards: analysisPath=/mnt/NAS/Fang/Analysis/MERFISH/merfish_analysis/MERFISH_test/data, fov=1, zpos=4.0


[Mon Oct  5 17:53:51 2020]
rule segmentation_DAPI:
    input: /mnt/NAS/Fang/Analysis/MERFISH/merfish_analysis/MERFISH_test/data/logs/fov_0_zpos_2.0_registration.log
    output: /mnt/NAS/Fang/Analysis/MERFISH/merfish_analysis/MERFISH_test/data/logs/fov_0_zpos_2.0_DAPI_segmentation.log, /mnt/NAS/Fang/Analysis/MERFISH/merfish_analysis/MERFISH_test/data/logs/fov_0_zpos_2.0_DAPI_extract_features.log
    jobid: 27
    wildcards: analysisPath=/mnt/NAS/Fang/Analysis/MERFISH/merfish_analysis/MERFISH_test/data, fov=0, zpos=2.0


[Mon Oct  5 17:53:51 2020]
rule segmentation_polyT:
    input: /mnt/NAS/Fang/Analysis/MERFISH/merfish_analysis/MERFISH_test/data/logs/fov_0_zpos_4.0_registration.log
    output: /mnt/NAS/Fang/Analysis/MERFISH/merfish_analysis/MERFISH_test/data/logs/fov_0_zpos_4.0_polyT_segmentation.log, /mnt/NAS/Fang/Analysis/MERFISH/merfish_analysis/MERFISH_test/data/logs/fov_0_zpos_4.0_polyT_extract_features.log
    jobid: 41
    wildcards: analysisPath=/mnt/NAS/Fang/Analysis/MERFISH/merfish_analysis/MERFISH_test/data, fov=0, zpos=4.0


[Mon Oct  5 17:53:51 2020]
rule segmentation_polyT:
    input: /mnt/NAS/Fang/Analysis/MERFISH/merfish_analysis/MERFISH_test/data/logs/fov_1_zpos_5.0_registration.log
    output: /mnt/NAS/Fang/Analysis/MERFISH/merfish_analysis/MERFISH_test/data/logs/fov_1_zpos_5.0_polyT_segmentation.log, /mnt/NAS/Fang/Analysis/MERFISH/merfish_analysis/MERFISH_test/data/logs/fov_1_zpos_5.0_polyT_extract_features.log
    jobid: 48
    wildcards: analysisPath=/mnt/NAS/Fang/Analysis/MERFISH/merfish_analysis/MERFISH_test/data, fov=1, zpos=5.0


[Mon Oct  5 17:53:51 2020]
rule segmentation_polyT:
    input: /mnt/NAS/Fang/Analysis/MERFISH/merfish_analysis/MERFISH_test/data/logs/fov_0_zpos_5.0_registration.log
    output: /mnt/NAS/Fang/Analysis/MERFISH/merfish_analysis/MERFISH_test/data/logs/fov_0_zpos_5.0_polyT_segmentation.log, /mnt/NAS/Fang/Analysis/MERFISH/merfish_analysis/MERFISH_test/data/logs/fov_0_zpos_5.0_polyT_extract_features.log
    jobid: 42
    wildcards: analysisPath=/mnt/NAS/Fang/Analysis/MERFISH/merfish_analysis/MERFISH_test/data, fov=0, zpos=5.0


[Mon Oct  5 17:53:51 2020]
rule segmentation_polyT:
    input: /mnt/NAS/Fang/Analysis/MERFISH/merfish_analysis/MERFISH_test/data/logs/fov_1_zpos_6.0_registration.log
    output: /mnt/NAS/Fang/Analysis/MERFISH/merfish_analysis/MERFISH_test/data/logs/fov_1_zpos_6.0_polyT_segmentation.log, /mnt/NAS/Fang/Analysis/MERFISH/merfish_analysis/MERFISH_test/data/logs/fov_1_zpos_6.0_polyT_extract_features.log
    jobid: 49
    wildcards: analysisPath=/mnt/NAS/Fang/Analysis/MERFISH/merfish_analysis/MERFISH_test/data, fov=1, zpos=6.0


[Mon Oct  5 17:53:51 2020]
rule segmentation_DAPI:
    input: /mnt/NAS/Fang/Analysis/MERFISH/merfish_analysis/MERFISH_test/data/logs/fov_0_zpos_4.0_registration.log
    output: /mnt/NAS/Fang/Analysis/MERFISH/merfish_analysis/MERFISH_test/data/logs/fov_0_zpos_4.0_DAPI_segmentation.log, /mnt/NAS/Fang/Analysis/MERFISH/merfish_analysis/MERFISH_test/data/logs/fov_0_zpos_4.0_DAPI_extract_features.log
    jobid: 29
    wildcards: analysisPath=/mnt/NAS/Fang/Analysis/MERFISH/merfish_analysis/MERFISH_test/data, fov=0, zpos=4.0

[Mon Oct  5 17:53:51 2020]
Error in rule segmentation_polyT:
    jobid: 39
    output: /mnt/NAS/Fang/Analysis/MERFISH/merfish_analysis/MERFISH_test/data/logs/fov_0_zpos_2.0_polyT_segmentation.log, /mnt/NAS/Fang/Analysis/MERFISH/merfish_analysis/MERFISH_test/data/logs/fov_0_zpos_2.0_polyT_extract_features.log
    shell:
        
		python /home/rfang/github/merfishdecoder/bin/merfishdecoder segmentation 			--data-set-name=MERFISH_test/data 			--fov=0 			--zpos=2.0 			--warped-images-name=/mnt/NAS/Fang/Analysis/MERFISH/merfish_analysis/MERFISH_test/data/warpedImages/fov_0_zpos_2.0.tif 			--feature-name=DAPI 			--output-name=/mnt/NAS/Fang/Analysis/MERFISH/merfish_analysis/MERFISH_test/data/segmentedImages/fov_0_zpos_2.0_polyT.npz 			--diameter=200 			--model-type=cyto 			--gpu=False  			> /mnt/NAS/Fang/Analysis/MERFISH/merfish_analysis/MERFISH_test/data/logs/fov_0_zpos_2.0_polyT_segmentation.log /mnt/NAS/Fang/Analysis/MERFISH/merfish_analysis/MERFISH_test/data/logs/fov_0_zpos_2.0_polyT_extract_features.log
		python /home/rfang/github/merfishdecoder/bin/merfishdecoder extract-features 			--data-set-name=MERFISH_test/data 			--fov=0 			--zpos=2.0 			--segmented-images-name=/mnt/NAS/Fang/Analysis/MERFISH/merfish_analysis/MERFISH_test/data/segmentedImages/fov_0_zpos_2.0_polyT.npz 			--output-name=/mnt/NAS/Fang/Analysis/MERFISH/merfish_analysis/MERFISH_test/data/extractedFeatures/fov_0_zpos_2.0_polyT 			> /mnt/NAS/Fang/Analysis/MERFISH/merfish_analysis/MERFISH_test/data/logs/fov_0_zpos_2.0_polyT_extract_features.log
		
        (one of the commands exited with non-zero exit code; note that snakemake uses bash strict mode!)

Removing output files of failed job segmentation_polyT since they might be corrupted:
/mnt/NAS/Fang/Analysis/MERFISH/merfish_analysis/MERFISH_test/data/logs/fov_0_zpos_2.0_polyT_segmentation.log

[Mon Oct  5 17:53:51 2020]
[Mon Oct  5 17:53:51 2020]
Error in rule segmentation_polyT:
rule segmentation_polyT:
    input: /mnt/NAS/Fang/Analysis/MERFISH/merfish_analysis/MERFISH_test/data/logs/fov_0_zpos_6.0_registration.log
    output: /mnt/NAS/Fang/Analysis/MERFISH/merfish_analysis/MERFISH_test/data/logs/fov_0_zpos_6.0_polyT_segmentation.log, /mnt/NAS/Fang/Analysis/MERFISH/merfish_analysis/MERFISH_test/data/logs/fov_0_zpos_6.0_polyT_extract_features.log
    jobid: 43
    wildcards: analysisPath=/mnt/NAS/Fang/Analysis/MERFISH/merfish_analysis/MERFISH_test/data, fov=0, zpos=6.0
    jobid: 45

[Mon Oct  5 17:53:51 2020]
    output: /mnt/NAS/Fang/Analysis/MERFISH/merfish_analysis/MERFISH_test/data/logs/fov_1_zpos_2.0_polyT_segmentation.log, /mnt/NAS/Fang/Analysis/MERFISH/merfish_analysis/MERFISH_test/data/logs/fov_1_zpos_2.0_polyT_extract_features.log
Error in rule segmentation_polyT:
    shell:
        
		python /home/rfang/github/merfishdecoder/bin/merfishdecoder segmentation 			--data-set-name=MERFISH_test/data 			--fov=1 			--zpos=2.0 			--warped-images-name=/mnt/NAS/Fang/Analysis/MERFISH/merfish_analysis/MERFISH_test/data/warpedImages/fov_1_zpos_2.0.tif 			--feature-name=DAPI 			--output-name=/mnt/NAS/Fang/Analysis/MERFISH/merfish_analysis/MERFISH_test/data/segmentedImages/fov_1_zpos_2.0_polyT.npz 			--diameter=200 			--model-type=cyto 			--gpu=False  			> /mnt/NAS/Fang/Analysis/MERFISH/merfish_analysis/MERFISH_test/data/logs/fov_1_zpos_2.0_polyT_segmentation.log /mnt/NAS/Fang/Analysis/MERFISH/merfish_analysis/MERFISH_test/data/logs/fov_1_zpos_2.0_polyT_extract_features.log
		python /home/rfang/github/merfishdecoder/bin/merfishdecoder extract-features 			--data-set-name=MERFISH_test/data 			--fov=1 			--zpos=2.0 			--segmented-images-name=/mnt/NAS/Fang/Analysis/MERFISH/merfish_analysis/MERFISH_test/data/segmentedImages/fov_1_zpos_2.0_polyT.npz 			--output-name=/mnt/NAS/Fang/Analysis/MERFISH/merfish_analysis/MERFISH_test/data/extractedFeatures/fov_1_zpos_2.0_polyT 			> /mnt/NAS/Fang/Analysis/MERFISH/merfish_analysis/MERFISH_test/data/logs/fov_1_zpos_2.0_polyT_extract_features.log
		
        (one of the commands exited with non-zero exit code; note that snakemake uses bash strict mode!)
    jobid: 46

    output: /mnt/NAS/Fang/Analysis/MERFISH/merfish_analysis/MERFISH_test/data/logs/fov_1_zpos_3.0_polyT_segmentation.log, /mnt/NAS/Fang/Analysis/MERFISH/merfish_analysis/MERFISH_test/data/logs/fov_1_zpos_3.0_polyT_extract_features.log
    shell:
        
		python /home/rfang/github/merfishdecoder/bin/merfishdecoder segmentation 			--data-set-name=MERFISH_test/data 			--fov=1 			--zpos=3.0 			--warped-images-name=/mnt/NAS/Fang/Analysis/MERFISH/merfish_analysis/MERFISH_test/data/warpedImages/fov_1_zpos_3.0.tif 			--feature-name=DAPI 			--output-name=/mnt/NAS/Fang/Analysis/MERFISH/merfish_analysis/MERFISH_test/data/segmentedImages/fov_1_zpos_3.0_polyT.npz 			--diameter=200 			--model-type=cyto 			--gpu=False  			> /mnt/NAS/Fang/Analysis/MERFISH/merfish_analysis/MERFISH_test/data/logs/fov_1_zpos_3.0_polyT_segmentation.log /mnt/NAS/Fang/Analysis/MERFISH/merfish_analysis/MERFISH_test/data/logs/fov_1_zpos_3.0_polyT_extract_features.log
		python /home/rfang/github/merfishdecoder/bin/merfishdecoder extract-features 			--data-set-name=MERFISH_test/data 			--fov=1 			--zpos=3.0 			--segmented-images-name=/mnt/NAS/Fang/Analysis/MERFISH/merfish_analysis/MERFISH_test/data/segmentedImages/fov_1_zpos_3.0_polyT.npz 			--output-name=/mnt/NAS/Fang/Analysis/MERFISH/merfish_analysis/MERFISH_test/data/extractedFeatures/fov_1_zpos_3.0_polyT 			> /mnt/NAS/Fang/Analysis/MERFISH/merfish_analysis/MERFISH_test/data/logs/fov_1_zpos_3.0_polyT_extract_features.log
		
        (one of the commands exited with non-zero exit code; note that snakemake uses bash strict mode!)

Removing output files of failed job segmentation_polyT since they might be corrupted:
/mnt/NAS/Fang/Analysis/MERFISH/merfish_analysis/MERFISH_test/data/logs/fov_1_zpos_2.0_polyT_segmentation.log

[Mon Oct  5 17:53:51 2020]
rule segmentation_DAPI:
    input: /mnt/NAS/Fang/Analysis/MERFISH/merfish_analysis/MERFISH_test/data/logs/fov_1_zpos_5.0_registration.log
    output: /mnt/NAS/Fang/Analysis/MERFISH/merfish_analysis/MERFISH_test/data/logs/fov_1_zpos_5.0_DAPI_segmentation.log, /mnt/NAS/Fang/Analysis/MERFISH/merfish_analysis/MERFISH_test/data/logs/fov_1_zpos_5.0_DAPI_extract_features.log
    jobid: 36
    wildcards: analysisPath=/mnt/NAS/Fang/Analysis/MERFISH/merfish_analysis/MERFISH_test/data, fov=1, zpos=5.0

Removing output files of failed job segmentation_polyT since they might be corrupted:
/mnt/NAS/Fang/Analysis/MERFISH/merfish_analysis/MERFISH_test/data/logs/fov_1_zpos_3.0_polyT_segmentation.log

[Mon Oct  5 17:53:51 2020]
rule segmentation_DAPI:
    input: /mnt/NAS/Fang/Analysis/MERFISH/merfish_analysis/MERFISH_test/data/logs/fov_0_zpos_5.0_registration.log
    output: /mnt/NAS/Fang/Analysis/MERFISH/merfish_analysis/MERFISH_test/data/logs/fov_0_zpos_5.0_DAPI_segmentation.log, /mnt/NAS/Fang/Analysis/MERFISH/merfish_analysis/MERFISH_test/data/logs/fov_0_zpos_5.0_DAPI_extract_features.log
    jobid: 30
    wildcards: analysisPath=/mnt/NAS/Fang/Analysis/MERFISH/merfish_analysis/MERFISH_test/data, fov=0, zpos=5.0


[Mon Oct  5 17:53:51 2020]
rule segmentation_polyT:
    input: /mnt/NAS/Fang/Analysis/MERFISH/merfish_analysis/MERFISH_test/data/logs/fov_1_zpos_1.0_registration.log
    output: /mnt/NAS/Fang/Analysis/MERFISH/merfish_analysis/MERFISH_test/data/logs/fov_1_zpos_1.0_polyT_segmentation.log, /mnt/NAS/Fang/Analysis/MERFISH/merfish_analysis/MERFISH_test/data/logs/fov_1_zpos_1.0_polyT_extract_features.log
    jobid: 44
    wildcards: analysisPath=/mnt/NAS/Fang/Analysis/MERFISH/merfish_analysis/MERFISH_test/data, fov=1, zpos=1.0


[Mon Oct  5 17:53:51 2020]
rule segmentation_DAPI:
    input: /mnt/NAS/Fang/Analysis/MERFISH/merfish_analysis/MERFISH_test/data/logs/fov_1_zpos_6.0_registration.log
    output: /mnt/NAS/Fang/Analysis/MERFISH/merfish_analysis/MERFISH_test/data/logs/fov_1_zpos_6.0_DAPI_segmentation.log, /mnt/NAS/Fang/Analysis/MERFISH/merfish_analysis/MERFISH_test/data/logs/fov_1_zpos_6.0_DAPI_extract_features.log
    jobid: 37
    wildcards: analysisPath=/mnt/NAS/Fang/Analysis/MERFISH/merfish_analysis/MERFISH_test/data, fov=1, zpos=6.0

[Mon Oct  5 17:53:51 2020]
Error in rule segmentation_polyT:
    jobid: 40
    output: /mnt/NAS/Fang/Analysis/MERFISH/merfish_analysis/MERFISH_test/data/logs/fov_0_zpos_3.0_polyT_segmentation.log, /mnt/NAS/Fang/Analysis/MERFISH/merfish_analysis/MERFISH_test/data/logs/fov_0_zpos_3.0_polyT_extract_features.log
    shell:
        
		python /home/rfang/github/merfishdecoder/bin/merfishdecoder segmentation 			--data-set-name=MERFISH_test/data 			--fov=0 			--zpos=3.0 			--warped-images-name=/mnt/NAS/Fang/Analysis/MERFISH/merfish_analysis/MERFISH_test/data/warpedImages/fov_0_zpos_3.0.tif 			--feature-name=DAPI 			--output-name=/mnt/NAS/Fang/Analysis/MERFISH/merfish_analysis/MERFISH_test/data/segmentedImages/fov_0_zpos_3.0_polyT.npz 			--diameter=200 			--model-type=cyto 			--gpu=False  			> /mnt/NAS/Fang/Analysis/MERFISH/merfish_analysis/MERFISH_test/data/logs/fov_0_zpos_3.0_polyT_segmentation.log /mnt/NAS/Fang/Analysis/MERFISH/merfish_analysis/MERFISH_test/data/logs/fov_0_zpos_3.0_polyT_extract_features.log
		python /home/rfang/github/merfishdecoder/bin/merfishdecoder extract-features 			--data-set-name=MERFISH_test/data 			--fov=0 			--zpos=3.0 			--segmented-images-name=/mnt/NAS/Fang/Analysis/MERFISH/merfish_analysis/MERFISH_test/data/segmentedImages/fov_0_zpos_3.0_polyT.npz 			--output-name=/mnt/NAS/Fang/Analysis/MERFISH/merfish_analysis/MERFISH_test/data/extractedFeatures/fov_0_zpos_3.0_polyT 			> /mnt/NAS/Fang/Analysis/MERFISH/merfish_analysis/MERFISH_test/data/logs/fov_0_zpos_3.0_polyT_extract_features.log
		
        (one of the commands exited with non-zero exit code; note that snakemake uses bash strict mode!)

Removing output files of failed job segmentation_polyT since they might be corrupted:
/mnt/NAS/Fang/Analysis/MERFISH/merfish_analysis/MERFISH_test/data/logs/fov_0_zpos_3.0_polyT_segmentation.log

[Mon Oct  5 17:53:51 2020]
rule segmentation_polyT:
    input: /mnt/NAS/Fang/Analysis/MERFISH/merfish_analysis/MERFISH_test/data/logs/fov_0_zpos_1.0_registration.log
    output: /mnt/NAS/Fang/Analysis/MERFISH/merfish_analysis/MERFISH_test/data/logs/fov_0_zpos_1.0_polyT_segmentation.log, /mnt/NAS/Fang/Analysis/MERFISH/merfish_analysis/MERFISH_test/data/logs/fov_0_zpos_1.0_polyT_extract_features.log
    jobid: 38
    wildcards: analysisPath=/mnt/NAS/Fang/Analysis/MERFISH/merfish_analysis/MERFISH_test/data, fov=0, zpos=1.0

[Mon Oct  5 17:53:51 2020]
Error in rule segmentation_polyT:
    jobid: 41
    output: /mnt/NAS/Fang/Analysis/MERFISH/merfish_analysis/MERFISH_test/data/logs/fov_0_zpos_4.0_polyT_segmentation.log, /mnt/NAS/Fang/Analysis/MERFISH/merfish_analysis/MERFISH_test/data/logs/fov_0_zpos_4.0_polyT_extract_features.log
    shell:
        
		python /home/rfang/github/merfishdecoder/bin/merfishdecoder segmentation 			--data-set-name=MERFISH_test/data 			--fov=0 			--zpos=4.0 			--warped-images-name=/mnt/NAS/Fang/Analysis/MERFISH/merfish_analysis/MERFISH_test/data/warpedImages/fov_0_zpos_4.0.tif 			--feature-name=DAPI 			--output-name=/mnt/NAS/Fang/Analysis/MERFISH/merfish_analysis/MERFISH_test/data/segmentedImages/fov_0_zpos_4.0_polyT.npz 			--diameter=200 			--model-type=cyto 			--gpu=False  			> /mnt/NAS/Fang/Analysis/MERFISH/merfish_analysis/MERFISH_test/data/logs/fov_0_zpos_4.0_polyT_segmentation.log /mnt/NAS/Fang/Analysis/MERFISH/merfish_analysis/MERFISH_test/data/logs/fov_0_zpos_4.0_polyT_extract_features.log
		python /home/rfang/github/merfishdecoder/bin/merfishdecoder extract-features 			--data-set-name=MERFISH_test/data 			--fov=0 			--zpos=4.0 			--segmented-images-name=/mnt/NAS/Fang/Analysis/MERFISH/merfish_analysis/MERFISH_test/data/segmentedImages/fov_0_zpos_4.0_polyT.npz 			--output-name=/mnt/NAS/Fang/Analysis/MERFISH/merfish_analysis/MERFISH_test/data/extractedFeatures/fov_0_zpos_4.0_polyT 			> /mnt/NAS/Fang/Analysis/MERFISH/merfish_analysis/MERFISH_test/data/logs/fov_0_zpos_4.0_polyT_extract_features.log
		
        (one of the commands exited with non-zero exit code; note that snakemake uses bash strict mode!)

Removing output files of failed job segmentation_polyT since they might be corrupted:
/mnt/NAS/Fang/Analysis/MERFISH/merfish_analysis/MERFISH_test/data/logs/fov_0_zpos_4.0_polyT_segmentation.log
[Mon Oct  5 17:53:51 2020]
Error in rule segmentation_polyT:
    jobid: 47
    output: /mnt/NAS/Fang/Analysis/MERFISH/merfish_analysis/MERFISH_test/data/logs/fov_1_zpos_4.0_polyT_segmentation.log, /mnt/NAS/Fang/Analysis/MERFISH/merfish_analysis/MERFISH_test/data/logs/fov_1_zpos_4.0_polyT_extract_features.log
    shell:
        
		python /home/rfang/github/merfishdecoder/bin/merfishdecoder segmentation 			--data-set-name=MERFISH_test/data 			--fov=1 			--zpos=4.0 			--warped-images-name=/mnt/NAS/Fang/Analysis/MERFISH/merfish_analysis/MERFISH_test/data/warpedImages/fov_1_zpos_4.0.tif 			--feature-name=DAPI 			--output-name=/mnt/NAS/Fang/Analysis/MERFISH/merfish_analysis/MERFISH_test/data/segmentedImages/fov_1_zpos_4.0_polyT.npz 			--diameter=200 			--model-type=cyto 			--gpu=False  			> /mnt/NAS/Fang/Analysis/MERFISH/merfish_analysis/MERFISH_test/data/logs/fov_1_zpos_4.0_polyT_segmentation.log /mnt/NAS/Fang/Analysis/MERFISH/merfish_analysis/MERFISH_test/data/logs/fov_1_zpos_4.0_polyT_extract_features.log
		python /home/rfang/github/merfishdecoder/bin/merfishdecoder extract-features 			--data-set-name=MERFISH_test/data 			--fov=1 			--zpos=4.0 			--segmented-images-name=/mnt/NAS/Fang/Analysis/MERFISH/merfish_analysis/MERFISH_test/data/segmentedImages/fov_1_zpos_4.0_polyT.npz 			--output-name=/mnt/NAS/Fang/Analysis/MERFISH/merfish_analysis/MERFISH_test/data/extractedFeatures/fov_1_zpos_4.0_polyT 			> /mnt/NAS/Fang/Analysis/MERFISH/merfish_analysis/MERFISH_test/data/logs/fov_1_zpos_4.0_polyT_extract_features.log
		
        (one of the commands exited with non-zero exit code; note that snakemake uses bash strict mode!)

[Mon Oct  5 17:53:51 2020]
Error in rule segmentation_polyT:
    jobid: 48
    output: /mnt/NAS/Fang/Analysis/MERFISH/merfish_analysis/MERFISH_test/data/logs/fov_1_zpos_5.0_polyT_segmentation.log, /mnt/NAS/Fang/Analysis/MERFISH/merfish_analysis/MERFISH_test/data/logs/fov_1_zpos_5.0_polyT_extract_features.log
    shell:
        
		python /home/rfang/github/merfishdecoder/bin/merfishdecoder segmentation 			--data-set-name=MERFISH_test/data 			--fov=1 			--zpos=5.0 			--warped-images-name=/mnt/NAS/Fang/Analysis/MERFISH/merfish_analysis/MERFISH_test/data/warpedImages/fov_1_zpos_5.0.tif 			--feature-name=DAPI 			--output-name=/mnt/NAS/Fang/Analysis/MERFISH/merfish_analysis/MERFISH_test/data/segmentedImages/fov_1_zpos_5.0_polyT.npz 			--diameter=200 			--model-type=cyto 			--gpu=False  			> /mnt/NAS/Fang/Analysis/MERFISH/merfish_analysis/MERFISH_test/data/logs/fov_1_zpos_5.0_polyT_segmentation.log /mnt/NAS/Fang/Analysis/MERFISH/merfish_analysis/MERFISH_test/data/logs/fov_1_zpos_5.0_polyT_extract_features.log
		python /home/rfang/github/merfishdecoder/bin/merfishdecoder extract-features 			--data-set-name=MERFISH_test/data 			--fov=1 			--zpos=5.0 			--segmented-images-name=/mnt/NAS/Fang/Analysis/MERFISH/merfish_analysis/MERFISH_test/data/segmentedImages/fov_1_zpos_5.0_polyT.npz 			--output-name=/mnt/NAS/Fang/Analysis/MERFISH/merfish_analysis/MERFISH_test/data/extractedFeatures/fov_1_zpos_5.0_polyT 			> /mnt/NAS/Fang/Analysis/MERFISH/merfish_analysis/MERFISH_test/data/logs/fov_1_zpos_5.0_polyT_extract_features.log
		
        (one of the commands exited with non-zero exit code; note that snakemake uses bash strict mode!)

Removing output files of failed job segmentation_polyT since they might be corrupted:
/mnt/NAS/Fang/Analysis/MERFISH/merfish_analysis/MERFISH_test/data/logs/fov_1_zpos_4.0_polyT_segmentation.log
Removing output files of failed job segmentation_polyT since they might be corrupted:
/mnt/NAS/Fang/Analysis/MERFISH/merfish_analysis/MERFISH_test/data/logs/fov_1_zpos_5.0_polyT_segmentation.log
[Mon Oct  5 17:53:51 2020]
Error in rule segmentation_polyT:
    jobid: 49
    output: /mnt/NAS/Fang/Analysis/MERFISH/merfish_analysis/MERFISH_test/data/logs/fov_1_zpos_6.0_polyT_segmentation.log, /mnt/NAS/Fang/Analysis/MERFISH/merfish_analysis/MERFISH_test/data/logs/fov_1_zpos_6.0_polyT_extract_features.log
    shell:
        
		python /home/rfang/github/merfishdecoder/bin/merfishdecoder segmentation 			--data-set-name=MERFISH_test/data 			--fov=1 			--zpos=6.0 			--warped-images-name=/mnt/NAS/Fang/Analysis/MERFISH/merfish_analysis/MERFISH_test/data/warpedImages/fov_1_zpos_6.0.tif 			--feature-name=DAPI 			--output-name=/mnt/NAS/Fang/Analysis/MERFISH/merfish_analysis/MERFISH_test/data/segmentedImages/fov_1_zpos_6.0_polyT.npz 			--diameter=200 			--model-type=cyto 			--gpu=False  			> /mnt/NAS/Fang/Analysis/MERFISH/merfish_analysis/MERFISH_test/data/logs/fov_1_zpos_6.0_polyT_segmentation.log /mnt/NAS/Fang/Analysis/MERFISH/merfish_analysis/MERFISH_test/data/logs/fov_1_zpos_6.0_polyT_extract_features.log
		python /home/rfang/github/merfishdecoder/bin/merfishdecoder extract-features 			--data-set-name=MERFISH_test/data 			--fov=1 			--zpos=6.0 			--segmented-images-name=/mnt/NAS/Fang/Analysis/MERFISH/merfish_analysis/MERFISH_test/data/segmentedImages/fov_1_zpos_6.0_polyT.npz 			--output-name=/mnt/NAS/Fang/Analysis/MERFISH/merfish_analysis/MERFISH_test/data/extractedFeatures/fov_1_zpos_6.0_polyT 			> /mnt/NAS/Fang/Analysis/MERFISH/merfish_analysis/MERFISH_test/data/logs/fov_1_zpos_6.0_polyT_extract_features.log
		
        (one of the commands exited with non-zero exit code; note that snakemake uses bash strict mode!)

Removing output files of failed job segmentation_polyT since they might be corrupted:
/mnt/NAS/Fang/Analysis/MERFISH/merfish_analysis/MERFISH_test/data/logs/fov_1_zpos_6.0_polyT_segmentation.log
[Mon Oct  5 17:53:51 2020]
Error in rule segmentation_polyT:
    jobid: 42
    output: /mnt/NAS/Fang/Analysis/MERFISH/merfish_analysis/MERFISH_test/data/logs/fov_0_zpos_5.0_polyT_segmentation.log, /mnt/NAS/Fang/Analysis/MERFISH/merfish_analysis/MERFISH_test/data/logs/fov_0_zpos_5.0_polyT_extract_features.log
    shell:
        
		python /home/rfang/github/merfishdecoder/bin/merfishdecoder segmentation 			--data-set-name=MERFISH_test/data 			--fov=0 			--zpos=5.0 			--warped-images-name=/mnt/NAS/Fang/Analysis/MERFISH/merfish_analysis/MERFISH_test/data/warpedImages/fov_0_zpos_5.0.tif 			--feature-name=DAPI 			--output-name=/mnt/NAS/Fang/Analysis/MERFISH/merfish_analysis/MERFISH_test/data/segmentedImages/fov_0_zpos_5.0_polyT.npz 			--diameter=200 			--model-type=cyto 			--gpu=False  			> /mnt/NAS/Fang/Analysis/MERFISH/merfish_analysis/MERFISH_test/data/logs/fov_0_zpos_5.0_polyT_segmentation.log /mnt/NAS/Fang/Analysis/MERFISH/merfish_analysis/MERFISH_test/data/logs/fov_0_zpos_5.0_polyT_extract_features.log
		python /home/rfang/github/merfishdecoder/bin/merfishdecoder extract-features 			--data-set-name=MERFISH_test/data 			--fov=0 			--zpos=5.0 			--segmented-images-name=/mnt/NAS/Fang/Analysis/MERFISH/merfish_analysis/MERFISH_test/data/segmentedImages/fov_0_zpos_5.0_polyT.npz 			--output-name=/mnt/NAS/Fang/Analysis/MERFISH/merfish_analysis/MERFISH_test/data/extractedFeatures/fov_0_zpos_5.0_polyT 			> /mnt/NAS/Fang/Analysis/MERFISH/merfish_analysis/MERFISH_test/data/logs/fov_0_zpos_5.0_polyT_extract_features.log
		
        (one of the commands exited with non-zero exit code; note that snakemake uses bash strict mode!)

Removing output files of failed job segmentation_polyT since they might be corrupted:
/mnt/NAS/Fang/Analysis/MERFISH/merfish_analysis/MERFISH_test/data/logs/fov_0_zpos_5.0_polyT_segmentation.log
[Mon Oct  5 17:53:51 2020]
Error in rule segmentation_polyT:
    jobid: 43
    output: /mnt/NAS/Fang/Analysis/MERFISH/merfish_analysis/MERFISH_test/data/logs/fov_0_zpos_6.0_polyT_segmentation.log, /mnt/NAS/Fang/Analysis/MERFISH/merfish_analysis/MERFISH_test/data/logs/fov_0_zpos_6.0_polyT_extract_features.log
    shell:
        
		python /home/rfang/github/merfishdecoder/bin/merfishdecoder segmentation 			--data-set-name=MERFISH_test/data 			--fov=0 			--zpos=6.0 			--warped-images-name=/mnt/NAS/Fang/Analysis/MERFISH/merfish_analysis/MERFISH_test/data/warpedImages/fov_0_zpos_6.0.tif 			--feature-name=DAPI 			--output-name=/mnt/NAS/Fang/Analysis/MERFISH/merfish_analysis/MERFISH_test/data/segmentedImages/fov_0_zpos_6.0_polyT.npz 			--diameter=200 			--model-type=cyto 			--gpu=False  			> /mnt/NAS/Fang/Analysis/MERFISH/merfish_analysis/MERFISH_test/data/logs/fov_0_zpos_6.0_polyT_segmentation.log /mnt/NAS/Fang/Analysis/MERFISH/merfish_analysis/MERFISH_test/data/logs/fov_0_zpos_6.0_polyT_extract_features.log
		python /home/rfang/github/merfishdecoder/bin/merfishdecoder extract-features 			--data-set-name=MERFISH_test/data 			--fov=0 			--zpos=6.0 			--segmented-images-name=/mnt/NAS/Fang/Analysis/MERFISH/merfish_analysis/MERFISH_test/data/segmentedImages/fov_0_zpos_6.0_polyT.npz 			--output-name=/mnt/NAS/Fang/Analysis/MERFISH/merfish_analysis/MERFISH_test/data/extractedFeatures/fov_0_zpos_6.0_polyT 			> /mnt/NAS/Fang/Analysis/MERFISH/merfish_analysis/MERFISH_test/data/logs/fov_0_zpos_6.0_polyT_extract_features.log
		
        (one of the commands exited with non-zero exit code; note that snakemake uses bash strict mode!)

Removing output files of failed job segmentation_polyT since they might be corrupted:
/mnt/NAS/Fang/Analysis/MERFISH/merfish_analysis/MERFISH_test/data/logs/fov_0_zpos_6.0_polyT_segmentation.log
[Mon Oct  5 17:53:51 2020]
Error in rule segmentation_polyT:
    jobid: 38
    output: /mnt/NAS/Fang/Analysis/MERFISH/merfish_analysis/MERFISH_test/data/logs/fov_0_zpos_1.0_polyT_segmentation.log, /mnt/NAS/Fang/Analysis/MERFISH/merfish_analysis/MERFISH_test/data/logs/fov_0_zpos_1.0_polyT_extract_features.log
    shell:
        
		python /home/rfang/github/merfishdecoder/bin/merfishdecoder segmentation 			--data-set-name=MERFISH_test/data 			--fov=0 			--zpos=1.0 			--warped-images-name=/mnt/NAS/Fang/Analysis/MERFISH/merfish_analysis/MERFISH_test/data/warpedImages/fov_0_zpos_1.0.tif 			--feature-name=DAPI 			--output-name=/mnt/NAS/Fang/Analysis/MERFISH/merfish_analysis/MERFISH_test/data/segmentedImages/fov_0_zpos_1.0_polyT.npz 			--diameter=200 			--model-type=cyto 			--gpu=False  			> /mnt/NAS/Fang/Analysis/MERFISH/merfish_analysis/MERFISH_test/data/logs/fov_0_zpos_1.0_polyT_segmentation.log /mnt/NAS/Fang/Analysis/MERFISH/merfish_analysis/MERFISH_test/data/logs/fov_0_zpos_1.0_polyT_extract_features.log
		python /home/rfang/github/merfishdecoder/bin/merfishdecoder extract-features 			--data-set-name=MERFISH_test/data 			--fov=0 			--zpos=1.0 			--segmented-images-name=/mnt/NAS/Fang/Analysis/MERFISH/merfish_analysis/MERFISH_test/data/segmentedImages/fov_0_zpos_1.0_polyT.npz 			--output-name=/mnt/NAS/Fang/Analysis/MERFISH/merfish_analysis/MERFISH_test/data/extractedFeatures/fov_0_zpos_1.0_polyT 			> /mnt/NAS/Fang/Analysis/MERFISH/merfish_analysis/MERFISH_test/data/logs/fov_0_zpos_1.0_polyT_extract_features.log
		
        (one of the commands exited with non-zero exit code; note that snakemake uses bash strict mode!)

[Mon Oct  5 17:53:51 2020]
Error in rule segmentation_polyT:
Removing output files of failed job segmentation_polyT since they might be corrupted:
/mnt/NAS/Fang/Analysis/MERFISH/merfish_analysis/MERFISH_test/data/logs/fov_0_zpos_1.0_polyT_segmentation.log
    jobid: 44
    output: /mnt/NAS/Fang/Analysis/MERFISH/merfish_analysis/MERFISH_test/data/logs/fov_1_zpos_1.0_polyT_segmentation.log, /mnt/NAS/Fang/Analysis/MERFISH/merfish_analysis/MERFISH_test/data/logs/fov_1_zpos_1.0_polyT_extract_features.log
    shell:
        
		python /home/rfang/github/merfishdecoder/bin/merfishdecoder segmentation 			--data-set-name=MERFISH_test/data 			--fov=1 			--zpos=1.0 			--warped-images-name=/mnt/NAS/Fang/Analysis/MERFISH/merfish_analysis/MERFISH_test/data/warpedImages/fov_1_zpos_1.0.tif 			--feature-name=DAPI 			--output-name=/mnt/NAS/Fang/Analysis/MERFISH/merfish_analysis/MERFISH_test/data/segmentedImages/fov_1_zpos_1.0_polyT.npz 			--diameter=200 			--model-type=cyto 			--gpu=False  			> /mnt/NAS/Fang/Analysis/MERFISH/merfish_analysis/MERFISH_test/data/logs/fov_1_zpos_1.0_polyT_segmentation.log /mnt/NAS/Fang/Analysis/MERFISH/merfish_analysis/MERFISH_test/data/logs/fov_1_zpos_1.0_polyT_extract_features.log
		python /home/rfang/github/merfishdecoder/bin/merfishdecoder extract-features 			--data-set-name=MERFISH_test/data 			--fov=1 			--zpos=1.0 			--segmented-images-name=/mnt/NAS/Fang/Analysis/MERFISH/merfish_analysis/MERFISH_test/data/segmentedImages/fov_1_zpos_1.0_polyT.npz 			--output-name=/mnt/NAS/Fang/Analysis/MERFISH/merfish_analysis/MERFISH_test/data/extractedFeatures/fov_1_zpos_1.0_polyT 			> /mnt/NAS/Fang/Analysis/MERFISH/merfish_analysis/MERFISH_test/data/logs/fov_1_zpos_1.0_polyT_extract_features.log
		
        (one of the commands exited with non-zero exit code; note that snakemake uses bash strict mode!)

Removing output files of failed job segmentation_polyT since they might be corrupted:
/mnt/NAS/Fang/Analysis/MERFISH/merfish_analysis/MERFISH_test/data/logs/fov_1_zpos_1.0_polyT_segmentation.log
Terminating processes on user request, this might take some time.
[Mon Oct  5 17:53:52 2020]
Error in rule segmentation_DAPI:
    jobid: 27
    output: /mnt/NAS/Fang/Analysis/MERFISH/merfish_analysis/MERFISH_test/data/logs/fov_0_zpos_2.0_DAPI_segmentation.log, /mnt/NAS/Fang/Analysis/MERFISH/merfish_analysis/MERFISH_test/data/logs/fov_0_zpos_2.0_DAPI_extract_features.log
    shell:
        
		python /home/rfang/github/merfishdecoder/bin/merfishdecoder segmentation 			--data-set-name=MERFISH_test/data 			--fov=0 			--zpos=2.0 			--warped-images-name=/mnt/NAS/Fang/Analysis/MERFISH/merfish_analysis/MERFISH_test/data/warpedImages/fov_0_zpos_2.0.tif 			--feature-name=DAPI 			--output-name=/mnt/NAS/Fang/Analysis/MERFISH/merfish_analysis/MERFISH_test/data/segmentedImages/fov_0_zpos_2.0_DAPI.npz 			--diameter=150 			--model-type=nuclei 			--gpu=False  			> /mnt/NAS/Fang/Analysis/MERFISH/merfish_analysis/MERFISH_test/data/logs/fov_0_zpos_2.0_DAPI_segmentation.log
		python /home/rfang/github/merfishdecoder/bin/merfishdecoder extract-features 			--data-set-name=MERFISH_test/data 			--fov=0 			--zpos=2.0 			--segmented-images-name=/mnt/NAS/Fang/Analysis/MERFISH/merfish_analysis/MERFISH_test/data/segmentedImages/fov_0_zpos_2.0_DAPI.npz 			--output-name=/mnt/NAS/Fang/Analysis/MERFISH/merfish_analysis/MERFISH_test/data/extractedFeatures/fov_0_zpos_2.0_DAPI 			> /mnt/NAS/Fang/Analysis/MERFISH/merfish_analysis/MERFISH_test/data/logs/fov_0_zpos_2.0_DAPI_extract_features.log
		
        (one of the commands exited with non-zero exit code; note that snakemake uses bash strict mode!)

[Mon Oct  5 17:53:52 2020]
Error in rule segmentation_DAPI:
    jobid: 33
    output: /mnt/NAS/Fang/Analysis/MERFISH/merfish_analysis/MERFISH_test/data/logs/fov_1_zpos_2.0_DAPI_segmentation.log, /mnt/NAS/Fang/Analysis/MERFISH/merfish_analysis/MERFISH_test/data/logs/fov_1_zpos_2.0_DAPI_extract_features.log
    shell:
        
		python /home/rfang/github/merfishdecoder/bin/merfishdecoder segmentation 			--data-set-name=MERFISH_test/data 			--fov=1 			--zpos=2.0 			--warped-images-name=/mnt/NAS/Fang/Analysis/MERFISH/merfish_analysis/MERFISH_test/data/warpedImages/fov_1_zpos_2.0.tif 			--feature-name=DAPI 			--output-name=/mnt/NAS/Fang/Analysis/MERFISH/merfish_analysis/MERFISH_test/data/segmentedImages/fov_1_zpos_2.0_DAPI.npz 			--diameter=150 			--model-type=nuclei 			--gpu=False  			> /mnt/NAS/Fang/Analysis/MERFISH/merfish_analysis/MERFISH_test/data/logs/fov_1_zpos_2.0_DAPI_segmentation.log
		python /home/rfang/github/merfishdecoder/bin/merfishdecoder extract-features 			--data-set-name=MERFISH_test/data 			--fov=1 			--zpos=2.0 			--segmented-images-name=/mnt/NAS/Fang/Analysis/MERFISH/merfish_analysis/MERFISH_test/data/segmentedImages/fov_1_zpos_2.0_DAPI.npz 			--output-name=/mnt/NAS/Fang/Analysis/MERFISH/merfish_analysis/MERFISH_test/data/extractedFeatures/fov_1_zpos_2.0_DAPI 			> /mnt/NAS/Fang/Analysis/MERFISH/merfish_analysis/MERFISH_test/data/logs/fov_1_zpos_2.0_DAPI_extract_features.log
		
        (one of the commands exited with non-zero exit code; note that snakemake uses bash strict mode!)

Removing output files of failed job segmentation_DAPI since they might be corrupted:
/mnt/NAS/Fang/Analysis/MERFISH/merfish_analysis/MERFISH_test/data/logs/fov_0_zpos_2.0_DAPI_segmentation.log
[Mon Oct  5 17:53:52 2020]
Error in rule segmentation_DAPI:
Removing output files of failed job segmentation_DAPI since they might be corrupted:
/mnt/NAS/Fang/Analysis/MERFISH/merfish_analysis/MERFISH_test/data/logs/fov_1_zpos_2.0_DAPI_segmentation.log
    jobid: 30
    output: /mnt/NAS/Fang/Analysis/MERFISH/merfish_analysis/MERFISH_test/data/logs/fov_0_zpos_5.0_DAPI_segmentation.log, /mnt/NAS/Fang/Analysis/MERFISH/merfish_analysis/MERFISH_test/data/logs/fov_0_zpos_5.0_DAPI_extract_features.log
    shell:
        
		python /home/rfang/github/merfishdecoder/bin/merfishdecoder segmentation 			--data-set-name=MERFISH_test/data 			--fov=0 			--zpos=5.0 			--warped-images-name=/mnt/NAS/Fang/Analysis/MERFISH/merfish_analysis/MERFISH_test/data/warpedImages/fov_0_zpos_5.0.tif 			--feature-name=DAPI 			--output-name=/mnt/NAS/Fang/Analysis/MERFISH/merfish_analysis/MERFISH_test/data/segmentedImages/fov_0_zpos_5.0_DAPI.npz 			--diameter=150 			--model-type=nuclei 			--gpu=False  			> /mnt/NAS/Fang/Analysis/MERFISH/merfish_analysis/MERFISH_test/data/logs/fov_0_zpos_5.0_DAPI_segmentation.log
		python /home/rfang/github/merfishdecoder/bin/merfishdecoder extract-features 			--data-set-name=MERFISH_test/data 			--fov=0 			--zpos=5.0 			--segmented-images-name=/mnt/NAS/Fang/Analysis/MERFISH/merfish_analysis/MERFISH_test/data/segmentedImages/fov_0_zpos_5.0_DAPI.npz 			--output-name=/mnt/NAS/Fang/Analysis/MERFISH/merfish_analysis/MERFISH_test/data/extractedFeatures/fov_0_zpos_5.0_DAPI 			> /mnt/NAS/Fang/Analysis/MERFISH/merfish_analysis/MERFISH_test/data/logs/fov_0_zpos_5.0_DAPI_extract_features.log
		
        (one of the commands exited with non-zero exit code; note that snakemake uses bash strict mode!)

Removing output files of failed job segmentation_DAPI since they might be corrupted:
/mnt/NAS/Fang/Analysis/MERFISH/merfish_analysis/MERFISH_test/data/logs/fov_0_zpos_5.0_DAPI_segmentation.log
[Mon Oct  5 17:53:52 2020]
Error in rule segmentation_DAPI:
    jobid: 26
    output: /mnt/NAS/Fang/Analysis/MERFISH/merfish_analysis/MERFISH_test/data/logs/fov_0_zpos_1.0_DAPI_segmentation.log, /mnt/NAS/Fang/Analysis/MERFISH/merfish_analysis/MERFISH_test/data/logs/fov_0_zpos_1.0_DAPI_extract_features.log
    shell:
        
		python /home/rfang/github/merfishdecoder/bin/merfishdecoder segmentation 			--data-set-name=MERFISH_test/data 			--fov=0 			--zpos=1.0 			--warped-images-name=/mnt/NAS/Fang/Analysis/MERFISH/merfish_analysis/MERFISH_test/data/warpedImages/fov_0_zpos_1.0.tif 			--feature-name=DAPI 			--output-name=/mnt/NAS/Fang/Analysis/MERFISH/merfish_analysis/MERFISH_test/data/segmentedImages/fov_0_zpos_1.0_DAPI.npz 			--diameter=150 			--model-type=nuclei 			--gpu=False  			> /mnt/NAS/Fang/Analysis/MERFISH/merfish_analysis/MERFISH_test/data/logs/fov_0_zpos_1.0_DAPI_segmentation.log
		python /home/rfang/github/merfishdecoder/bin/merfishdecoder extract-features 			--data-set-name=MERFISH_test/data 			--fov=0 			--zpos=1.0 			--segmented-images-name=/mnt/NAS/Fang/Analysis/MERFISH/merfish_analysis/MERFISH_test/data/segmentedImages/fov_0_zpos_1.0_DAPI.npz 			--output-name=/mnt/NAS/Fang/Analysis/MERFISH/merfish_analysis/MERFISH_test/data/extractedFeatures/fov_0_zpos_1.0_DAPI 			> /mnt/NAS/Fang/Analysis/MERFISH/merfish_analysis/MERFISH_test/data/logs/fov_0_zpos_1.0_DAPI_extract_features.log
		
        (one of the commands exited with non-zero exit code; note that snakemake uses bash strict mode!)

Removing output files of failed job segmentation_DAPI since they might be corrupted:
/mnt/NAS/Fang/Analysis/MERFISH/merfish_analysis/MERFISH_test/data/logs/fov_0_zpos_1.0_DAPI_segmentation.log
[Mon Oct  5 17:53:52 2020]
Error in rule segmentation_DAPI:
    jobid: 32
    output: /mnt/NAS/Fang/Analysis/MERFISH/merfish_analysis/MERFISH_test/data/logs/fov_1_zpos_1.0_DAPI_segmentation.log, /mnt/NAS/Fang/Analysis/MERFISH/merfish_analysis/MERFISH_test/data/logs/fov_1_zpos_1.0_DAPI_extract_features.log
    shell:
        
		python /home/rfang/github/merfishdecoder/bin/merfishdecoder segmentation 			--data-set-name=MERFISH_test/data 			--fov=1 			--zpos=1.0 			--warped-images-name=/mnt/NAS/Fang/Analysis/MERFISH/merfish_analysis/MERFISH_test/data/warpedImages/fov_1_zpos_1.0.tif 			--feature-name=DAPI 			--output-name=/mnt/NAS/Fang/Analysis/MERFISH/merfish_analysis/MERFISH_test/data/segmentedImages/fov_1_zpos_1.0_DAPI.npz 			--diameter=150 			--model-type=nuclei 			--gpu=False  			> /mnt/NAS/Fang/Analysis/MERFISH/merfish_analysis/MERFISH_test/data/logs/fov_1_zpos_1.0_DAPI_segmentation.log
		python /home/rfang/github/merfishdecoder/bin/merfishdecoder extract-features 			--data-set-name=MERFISH_test/data 			--fov=1 			--zpos=1.0 			--segmented-images-name=/mnt/NAS/Fang/Analysis/MERFISH/merfish_analysis/MERFISH_test/data/segmentedImages/fov_1_zpos_1.0_DAPI.npz 			--output-name=/mnt/NAS/Fang/Analysis/MERFISH/merfish_analysis/MERFISH_test/data/extractedFeatures/fov_1_zpos_1.0_DAPI 			> /mnt/NAS/Fang/Analysis/MERFISH/merfish_analysis/MERFISH_test/data/logs/fov_1_zpos_1.0_DAPI_extract_features.log
		
        (one of the commands exited with non-zero exit code; note that snakemake uses bash strict mode!)

Removing output files of failed job segmentation_DAPI since they might be corrupted:
/mnt/NAS/Fang/Analysis/MERFISH/merfish_analysis/MERFISH_test/data/logs/fov_1_zpos_1.0_DAPI_segmentation.log
[Mon Oct  5 17:53:53 2020]
Error in rule segmentation_DAPI:
    jobid: 29
[Mon Oct  5 17:53:53 2020]
    output: /mnt/NAS/Fang/Analysis/MERFISH/merfish_analysis/MERFISH_test/data/logs/fov_0_zpos_4.0_DAPI_segmentation.log, /mnt/NAS/Fang/Analysis/MERFISH/merfish_analysis/MERFISH_test/data/logs/fov_0_zpos_4.0_DAPI_extract_features.log
Error in rule segmentation_DAPI:
    shell:
        
		python /home/rfang/github/merfishdecoder/bin/merfishdecoder segmentation 			--data-set-name=MERFISH_test/data 			--fov=0 			--zpos=4.0 			--warped-images-name=/mnt/NAS/Fang/Analysis/MERFISH/merfish_analysis/MERFISH_test/data/warpedImages/fov_0_zpos_4.0.tif 			--feature-name=DAPI 			--output-name=/mnt/NAS/Fang/Analysis/MERFISH/merfish_analysis/MERFISH_test/data/segmentedImages/fov_0_zpos_4.0_DAPI.npz 			--diameter=150 			--model-type=nuclei 			--gpu=False  			> /mnt/NAS/Fang/Analysis/MERFISH/merfish_analysis/MERFISH_test/data/logs/fov_0_zpos_4.0_DAPI_segmentation.log
		python /home/rfang/github/merfishdecoder/bin/merfishdecoder extract-features 			--data-set-name=MERFISH_test/data 			--fov=0 			--zpos=4.0 			--segmented-images-name=/mnt/NAS/Fang/Analysis/MERFISH/merfish_analysis/MERFISH_test/data/segmentedImages/fov_0_zpos_4.0_DAPI.npz 			--output-name=/mnt/NAS/Fang/Analysis/MERFISH/merfish_analysis/MERFISH_test/data/extractedFeatures/fov_0_zpos_4.0_DAPI 			> /mnt/NAS/Fang/Analysis/MERFISH/merfish_analysis/MERFISH_test/data/logs/fov_0_zpos_4.0_DAPI_extract_features.log
		
        (one of the commands exited with non-zero exit code; note that snakemake uses bash strict mode!)
    jobid: 36

    output: /mnt/NAS/Fang/Analysis/MERFISH/merfish_analysis/MERFISH_test/data/logs/fov_1_zpos_5.0_DAPI_segmentation.log, /mnt/NAS/Fang/Analysis/MERFISH/merfish_analysis/MERFISH_test/data/logs/fov_1_zpos_5.0_DAPI_extract_features.log
    shell:
        
		python /home/rfang/github/merfishdecoder/bin/merfishdecoder segmentation 			--data-set-name=MERFISH_test/data 			--fov=1 			--zpos=5.0 			--warped-images-name=/mnt/NAS/Fang/Analysis/MERFISH/merfish_analysis/MERFISH_test/data/warpedImages/fov_1_zpos_5.0.tif 			--feature-name=DAPI 			--output-name=/mnt/NAS/Fang/Analysis/MERFISH/merfish_analysis/MERFISH_test/data/segmentedImages/fov_1_zpos_5.0_DAPI.npz 			--diameter=150 			--model-type=nuclei 			--gpu=False  			> /mnt/NAS/Fang/Analysis/MERFISH/merfish_analysis/MERFISH_test/data/logs/fov_1_zpos_5.0_DAPI_segmentation.log
		python /home/rfang/github/merfishdecoder/bin/merfishdecoder extract-features 			--data-set-name=MERFISH_test/data 			--fov=1 			--zpos=5.0 			--segmented-images-name=/mnt/NAS/Fang/Analysis/MERFISH/merfish_analysis/MERFISH_test/data/segmentedImages/fov_1_zpos_5.0_DAPI.npz 			--output-name=/mnt/NAS/Fang/Analysis/MERFISH/merfish_analysis/MERFISH_test/data/extractedFeatures/fov_1_zpos_5.0_DAPI 			> /mnt/NAS/Fang/Analysis/MERFISH/merfish_analysis/MERFISH_test/data/logs/fov_1_zpos_5.0_DAPI_extract_features.log
		
        (one of the commands exited with non-zero exit code; note that snakemake uses bash strict mode!)

Removing output files of failed job segmentation_DAPI since they might be corrupted:
/mnt/NAS/Fang/Analysis/MERFISH/merfish_analysis/MERFISH_test/data/logs/fov_0_zpos_4.0_DAPI_segmentation.log
Removing output files of failed job segmentation_DAPI since they might be corrupted:
/mnt/NAS/Fang/Analysis/MERFISH/merfish_analysis/MERFISH_test/data/logs/fov_1_zpos_5.0_DAPI_segmentation.log
[Mon Oct  5 17:53:53 2020]
Error in rule segmentation_DAPI:
    jobid: 37
    output: /mnt/NAS/Fang/Analysis/MERFISH/merfish_analysis/MERFISH_test/data/logs/fov_1_zpos_6.0_DAPI_segmentation.log, /mnt/NAS/Fang/Analysis/MERFISH/merfish_analysis/MERFISH_test/data/logs/fov_1_zpos_6.0_DAPI_extract_features.log
    shell:
        
		python /home/rfang/github/merfishdecoder/bin/merfishdecoder segmentation 			--data-set-name=MERFISH_test/data 			--fov=1 			--zpos=6.0 			--warped-images-name=/mnt/NAS/Fang/Analysis/MERFISH/merfish_analysis/MERFISH_test/data/warpedImages/fov_1_zpos_6.0.tif 			--feature-name=DAPI 			--output-name=/mnt/NAS/Fang/Analysis/MERFISH/merfish_analysis/MERFISH_test/data/segmentedImages/fov_1_zpos_6.0_DAPI.npz 			--diameter=150 			--model-type=nuclei 			--gpu=False  			> /mnt/NAS/Fang/Analysis/MERFISH/merfish_analysis/MERFISH_test/data/logs/fov_1_zpos_6.0_DAPI_segmentation.log
		python /home/rfang/github/merfishdecoder/bin/merfishdecoder extract-features 			--data-set-name=MERFISH_test/data 			--fov=1 			--zpos=6.0 			--segmented-images-name=/mnt/NAS/Fang/Analysis/MERFISH/merfish_analysis/MERFISH_test/data/segmentedImages/fov_1_zpos_6.0_DAPI.npz 			--output-name=/mnt/NAS/Fang/Analysis/MERFISH/merfish_analysis/MERFISH_test/data/extractedFeatures/fov_1_zpos_6.0_DAPI 			> /mnt/NAS/Fang/Analysis/MERFISH/merfish_analysis/MERFISH_test/data/logs/fov_1_zpos_6.0_DAPI_extract_features.log
		
        (one of the commands exited with non-zero exit code; note that snakemake uses bash strict mode!)

Removing output files of failed job segmentation_DAPI since they might be corrupted:
/mnt/NAS/Fang/Analysis/MERFISH/merfish_analysis/MERFISH_test/data/logs/fov_1_zpos_6.0_DAPI_segmentation.log
Complete log: /home/rfang/github/merfishdecoder/snakemake/.snakemake/log/2020-10-05T175351.576441.snakemake.log
