Building DAG of jobs...
Using shell: /bin/bash
Provided cores: 20
Rules claiming more threads will be scaled down.
Job counts:
	count	jobs
	1	all
	12	extractBarcodes
	13

[Mon Oct  5 16:46:48 2020]
rule extractBarcodes:
    input: /mnt/NAS/Fang/Analysis/MERFISH/merfish_analysis/MERFISH_test/data/decodedImages/fov_1_zpos_5.0.log, /mnt/NAS/Fang/Analysis/MERFISH/merfish_analysis/MERFISH_test/data/pixel_score_machine.log
    output: /mnt/NAS/Fang/Analysis/MERFISH/merfish_analysis/MERFISH_test/data/decodedBarcodes/fov_1_zpos_5.0.log
    jobid: 97
    wildcards: analysisPath=/mnt/NAS/Fang/Analysis/MERFISH/merfish_analysis/MERFISH_test/data, fov=1, zpos=5.0


[Mon Oct  5 16:46:48 2020]
rule extractBarcodes:
    input: /mnt/NAS/Fang/Analysis/MERFISH/merfish_analysis/MERFISH_test/data/decodedImages/fov_0_zpos_2.0.log, /mnt/NAS/Fang/Analysis/MERFISH/merfish_analysis/MERFISH_test/data/pixel_score_machine.log
    output: /mnt/NAS/Fang/Analysis/MERFISH/merfish_analysis/MERFISH_test/data/decodedBarcodes/fov_0_zpos_2.0.log
    jobid: 88
    wildcards: analysisPath=/mnt/NAS/Fang/Analysis/MERFISH/merfish_analysis/MERFISH_test/data, fov=0, zpos=2.0


[Mon Oct  5 16:46:48 2020]
rule extractBarcodes:
    input: /mnt/NAS/Fang/Analysis/MERFISH/merfish_analysis/MERFISH_test/data/decodedImages/fov_0_zpos_4.0.log, /mnt/NAS/Fang/Analysis/MERFISH/merfish_analysis/MERFISH_test/data/pixel_score_machine.log
    output: /mnt/NAS/Fang/Analysis/MERFISH/merfish_analysis/MERFISH_test/data/decodedBarcodes/fov_0_zpos_4.0.log
    jobid: 90
    wildcards: analysisPath=/mnt/NAS/Fang/Analysis/MERFISH/merfish_analysis/MERFISH_test/data, fov=0, zpos=4.0


[Mon Oct  5 16:46:48 2020]
rule extractBarcodes:
    input: /mnt/NAS/Fang/Analysis/MERFISH/merfish_analysis/MERFISH_test/data/decodedImages/fov_0_zpos_6.0.log, /mnt/NAS/Fang/Analysis/MERFISH/merfish_analysis/MERFISH_test/data/pixel_score_machine.log
    output: /mnt/NAS/Fang/Analysis/MERFISH/merfish_analysis/MERFISH_test/data/decodedBarcodes/fov_0_zpos_6.0.log
    jobid: 92
    wildcards: analysisPath=/mnt/NAS/Fang/Analysis/MERFISH/merfish_analysis/MERFISH_test/data, fov=0, zpos=6.0


[Mon Oct  5 16:46:48 2020]
rule extractBarcodes:
    input: /mnt/NAS/Fang/Analysis/MERFISH/merfish_analysis/MERFISH_test/data/decodedImages/fov_1_zpos_2.0.log, /mnt/NAS/Fang/Analysis/MERFISH/merfish_analysis/MERFISH_test/data/pixel_score_machine.log
    output: /mnt/NAS/Fang/Analysis/MERFISH/merfish_analysis/MERFISH_test/data/decodedBarcodes/fov_1_zpos_2.0.log
    jobid: 94
    wildcards: analysisPath=/mnt/NAS/Fang/Analysis/MERFISH/merfish_analysis/MERFISH_test/data, fov=1, zpos=2.0


[Mon Oct  5 16:46:48 2020]
rule extractBarcodes:
    input: /mnt/NAS/Fang/Analysis/MERFISH/merfish_analysis/MERFISH_test/data/decodedImages/fov_1_zpos_4.0.log, /mnt/NAS/Fang/Analysis/MERFISH/merfish_analysis/MERFISH_test/data/pixel_score_machine.log
    output: /mnt/NAS/Fang/Analysis/MERFISH/merfish_analysis/MERFISH_test/data/decodedBarcodes/fov_1_zpos_4.0.log
    jobid: 96
    wildcards: analysisPath=/mnt/NAS/Fang/Analysis/MERFISH/merfish_analysis/MERFISH_test/data, fov=1, zpos=4.0


[Mon Oct  5 16:46:48 2020]
rule extractBarcodes:
    input: /mnt/NAS/Fang/Analysis/MERFISH/merfish_analysis/MERFISH_test/data/decodedImages/fov_1_zpos_6.0.log, /mnt/NAS/Fang/Analysis/MERFISH/merfish_analysis/MERFISH_test/data/pixel_score_machine.log
    output: /mnt/NAS/Fang/Analysis/MERFISH/merfish_analysis/MERFISH_test/data/decodedBarcodes/fov_1_zpos_6.0.log
    jobid: 98
    wildcards: analysisPath=/mnt/NAS/Fang/Analysis/MERFISH/merfish_analysis/MERFISH_test/data, fov=1, zpos=6.0


[Mon Oct  5 16:46:48 2020]
rule extractBarcodes:
    input: /mnt/NAS/Fang/Analysis/MERFISH/merfish_analysis/MERFISH_test/data/decodedImages/fov_0_zpos_1.0.log, /mnt/NAS/Fang/Analysis/MERFISH/merfish_analysis/MERFISH_test/data/pixel_score_machine.log
    output: /mnt/NAS/Fang/Analysis/MERFISH/merfish_analysis/MERFISH_test/data/decodedBarcodes/fov_0_zpos_1.0.log
    jobid: 87
    wildcards: analysisPath=/mnt/NAS/Fang/Analysis/MERFISH/merfish_analysis/MERFISH_test/data, fov=0, zpos=1.0


[Mon Oct  5 16:46:48 2020]
rule extractBarcodes:
    input: /mnt/NAS/Fang/Analysis/MERFISH/merfish_analysis/MERFISH_test/data/decodedImages/fov_0_zpos_3.0.log, /mnt/NAS/Fang/Analysis/MERFISH/merfish_analysis/MERFISH_test/data/pixel_score_machine.log
    output: /mnt/NAS/Fang/Analysis/MERFISH/merfish_analysis/MERFISH_test/data/decodedBarcodes/fov_0_zpos_3.0.log
    jobid: 89
    wildcards: analysisPath=/mnt/NAS/Fang/Analysis/MERFISH/merfish_analysis/MERFISH_test/data, fov=0, zpos=3.0


[Mon Oct  5 16:46:48 2020]
rule extractBarcodes:
    input: /mnt/NAS/Fang/Analysis/MERFISH/merfish_analysis/MERFISH_test/data/decodedImages/fov_0_zpos_5.0.log, /mnt/NAS/Fang/Analysis/MERFISH/merfish_analysis/MERFISH_test/data/pixel_score_machine.log
    output: /mnt/NAS/Fang/Analysis/MERFISH/merfish_analysis/MERFISH_test/data/decodedBarcodes/fov_0_zpos_5.0.log
    jobid: 91
    wildcards: analysisPath=/mnt/NAS/Fang/Analysis/MERFISH/merfish_analysis/MERFISH_test/data, fov=0, zpos=5.0


[Mon Oct  5 16:46:48 2020]
rule extractBarcodes:
    input: /mnt/NAS/Fang/Analysis/MERFISH/merfish_analysis/MERFISH_test/data/decodedImages/fov_1_zpos_1.0.log, /mnt/NAS/Fang/Analysis/MERFISH/merfish_analysis/MERFISH_test/data/pixel_score_machine.log
    output: /mnt/NAS/Fang/Analysis/MERFISH/merfish_analysis/MERFISH_test/data/decodedBarcodes/fov_1_zpos_1.0.log
    jobid: 93
    wildcards: analysisPath=/mnt/NAS/Fang/Analysis/MERFISH/merfish_analysis/MERFISH_test/data, fov=1, zpos=1.0


[Mon Oct  5 16:46:48 2020]
rule extractBarcodes:
    input: /mnt/NAS/Fang/Analysis/MERFISH/merfish_analysis/MERFISH_test/data/decodedImages/fov_1_zpos_3.0.log, /mnt/NAS/Fang/Analysis/MERFISH/merfish_analysis/MERFISH_test/data/pixel_score_machine.log
    output: /mnt/NAS/Fang/Analysis/MERFISH/merfish_analysis/MERFISH_test/data/decodedBarcodes/fov_1_zpos_3.0.log
    jobid: 95
    wildcards: analysisPath=/mnt/NAS/Fang/Analysis/MERFISH/merfish_analysis/MERFISH_test/data, fov=1, zpos=3.0

[Mon Oct  5 16:46:50 2020]
Error in rule extractBarcodes:
    jobid: 92
    output: /mnt/NAS/Fang/Analysis/MERFISH/merfish_analysis/MERFISH_test/data/decodedBarcodes/fov_0_zpos_6.0.log
    shell:
        
		python /home/rfang/github/merfishdecoder/bin/merfishdecoder extract-barcodes 			--data-set-name=MERFISH_test/data 			--fov=0 			--zpos=6.0 			--decoded-images-name=/mnt/NAS/Fang/Analysis/MERFISH/merfish_analysis/MERFISH_test/data/decodedImages/fov_0_zpos_6.0.npz 			--output-name=/mnt/NAS/Fang/Analysis/MERFISH/merfish_analysis/MERFISH_test/data/decodedBarcodes/fov_0_zpos_6.0.h5 			--psm-name=/mnt/NAS/Fang/Analysis/MERFISH/merfish_analysis/MERFISH_test/data/extractedBarcodes/fov_0_zpos_6.0.pkl 			--barcodes-per-core=10 			--max-cores=2 			> /mnt/NAS/Fang/Analysis/MERFISH/merfish_analysis/MERFISH_test/data/decodedBarcodes/fov_0_zpos_6.0.log
		
        (one of the commands exited with non-zero exit code; note that snakemake uses bash strict mode!)

Removing output files of failed job extractBarcodes since they might be corrupted:
/mnt/NAS/Fang/Analysis/MERFISH/merfish_analysis/MERFISH_test/data/decodedBarcodes/fov_0_zpos_6.0.log
[Mon Oct  5 16:46:51 2020]
[Mon Oct  5 16:46:51 2020]
Error in rule extractBarcodes:
Error in rule extractBarcodes:
    jobid: 91
    jobid: 97
    output: /mnt/NAS/Fang/Analysis/MERFISH/merfish_analysis/MERFISH_test/data/decodedBarcodes/fov_0_zpos_5.0.log
    output: /mnt/NAS/Fang/Analysis/MERFISH/merfish_analysis/MERFISH_test/data/decodedBarcodes/fov_1_zpos_5.0.log
    shell:
        
		python /home/rfang/github/merfishdecoder/bin/merfishdecoder extract-barcodes 			--data-set-name=MERFISH_test/data 			--fov=0 			--zpos=5.0 			--decoded-images-name=/mnt/NAS/Fang/Analysis/MERFISH/merfish_analysis/MERFISH_test/data/decodedImages/fov_0_zpos_5.0.npz 			--output-name=/mnt/NAS/Fang/Analysis/MERFISH/merfish_analysis/MERFISH_test/data/decodedBarcodes/fov_0_zpos_5.0.h5 			--psm-name=/mnt/NAS/Fang/Analysis/MERFISH/merfish_analysis/MERFISH_test/data/extractedBarcodes/fov_0_zpos_5.0.pkl 			--barcodes-per-core=10 			--max-cores=2 			> /mnt/NAS/Fang/Analysis/MERFISH/merfish_analysis/MERFISH_test/data/decodedBarcodes/fov_0_zpos_5.0.log
		
        (one of the commands exited with non-zero exit code; note that snakemake uses bash strict mode!)
    shell:
        
		python /home/rfang/github/merfishdecoder/bin/merfishdecoder extract-barcodes 			--data-set-name=MERFISH_test/data 			--fov=1 			--zpos=5.0 			--decoded-images-name=/mnt/NAS/Fang/Analysis/MERFISH/merfish_analysis/MERFISH_test/data/decodedImages/fov_1_zpos_5.0.npz 			--output-name=/mnt/NAS/Fang/Analysis/MERFISH/merfish_analysis/MERFISH_test/data/decodedBarcodes/fov_1_zpos_5.0.h5 			--psm-name=/mnt/NAS/Fang/Analysis/MERFISH/merfish_analysis/MERFISH_test/data/extractedBarcodes/fov_1_zpos_5.0.pkl 			--barcodes-per-core=10 			--max-cores=2 			> /mnt/NAS/Fang/Analysis/MERFISH/merfish_analysis/MERFISH_test/data/decodedBarcodes/fov_1_zpos_5.0.log
		
        (one of the commands exited with non-zero exit code; note that snakemake uses bash strict mode!)


Removing output files of failed job extractBarcodes since they might be corrupted:
/mnt/NAS/Fang/Analysis/MERFISH/merfish_analysis/MERFISH_test/data/decodedBarcodes/fov_0_zpos_5.0.log
Removing output files of failed job extractBarcodes since they might be corrupted:
/mnt/NAS/Fang/Analysis/MERFISH/merfish_analysis/MERFISH_test/data/decodedBarcodes/fov_1_zpos_5.0.log
[Mon Oct  5 16:46:51 2020]
Error in rule extractBarcodes:
    jobid: 89
    output: /mnt/NAS/Fang/Analysis/MERFISH/merfish_analysis/MERFISH_test/data/decodedBarcodes/fov_0_zpos_3.0.log
    shell:
        
		python /home/rfang/github/merfishdecoder/bin/merfishdecoder extract-barcodes 			--data-set-name=MERFISH_test/data 			--fov=0 			--zpos=3.0 			--decoded-images-name=/mnt/NAS/Fang/Analysis/MERFISH/merfish_analysis/MERFISH_test/data/decodedImages/fov_0_zpos_3.0.npz 			--output-name=/mnt/NAS/Fang/Analysis/MERFISH/merfish_analysis/MERFISH_test/data/decodedBarcodes/fov_0_zpos_3.0.h5 			--psm-name=/mnt/NAS/Fang/Analysis/MERFISH/merfish_analysis/MERFISH_test/data/extractedBarcodes/fov_0_zpos_3.0.pkl 			--barcodes-per-core=10 			--max-cores=2 			> /mnt/NAS/Fang/Analysis/MERFISH/merfish_analysis/MERFISH_test/data/decodedBarcodes/fov_0_zpos_3.0.log
		
        (one of the commands exited with non-zero exit code; note that snakemake uses bash strict mode!)

Removing output files of failed job extractBarcodes since they might be corrupted:
/mnt/NAS/Fang/Analysis/MERFISH/merfish_analysis/MERFISH_test/data/decodedBarcodes/fov_0_zpos_3.0.log
[Mon Oct  5 16:46:51 2020]
Error in rule extractBarcodes:
    jobid: 95
    output: /mnt/NAS/Fang/Analysis/MERFISH/merfish_analysis/MERFISH_test/data/decodedBarcodes/fov_1_zpos_3.0.log
    shell:
        
		python /home/rfang/github/merfishdecoder/bin/merfishdecoder extract-barcodes 			--data-set-name=MERFISH_test/data 			--fov=1 			--zpos=3.0 			--decoded-images-name=/mnt/NAS/Fang/Analysis/MERFISH/merfish_analysis/MERFISH_test/data/decodedImages/fov_1_zpos_3.0.npz 			--output-name=/mnt/NAS/Fang/Analysis/MERFISH/merfish_analysis/MERFISH_test/data/decodedBarcodes/fov_1_zpos_3.0.h5 			--psm-name=/mnt/NAS/Fang/Analysis/MERFISH/merfish_analysis/MERFISH_test/data/extractedBarcodes/fov_1_zpos_3.0.pkl 			--barcodes-per-core=10 			--max-cores=2 			> /mnt/NAS/Fang/Analysis/MERFISH/merfish_analysis/MERFISH_test/data/decodedBarcodes/fov_1_zpos_3.0.log
		
        (one of the commands exited with non-zero exit code; note that snakemake uses bash strict mode!)

Removing output files of failed job extractBarcodes since they might be corrupted:
/mnt/NAS/Fang/Analysis/MERFISH/merfish_analysis/MERFISH_test/data/decodedBarcodes/fov_1_zpos_3.0.log
[Mon Oct  5 16:46:51 2020]
Error in rule extractBarcodes:
    jobid: 98
    output: /mnt/NAS/Fang/Analysis/MERFISH/merfish_analysis/MERFISH_test/data/decodedBarcodes/fov_1_zpos_6.0.log
    shell:
        
		python /home/rfang/github/merfishdecoder/bin/merfishdecoder extract-barcodes 			--data-set-name=MERFISH_test/data 			--fov=1 			--zpos=6.0 			--decoded-images-name=/mnt/NAS/Fang/Analysis/MERFISH/merfish_analysis/MERFISH_test/data/decodedImages/fov_1_zpos_6.0.npz 			--output-name=/mnt/NAS/Fang/Analysis/MERFISH/merfish_analysis/MERFISH_test/data/decodedBarcodes/fov_1_zpos_6.0.h5 			--psm-name=/mnt/NAS/Fang/Analysis/MERFISH/merfish_analysis/MERFISH_test/data/extractedBarcodes/fov_1_zpos_6.0.pkl 			--barcodes-per-core=10 			--max-cores=2 			> /mnt/NAS/Fang/Analysis/MERFISH/merfish_analysis/MERFISH_test/data/decodedBarcodes/fov_1_zpos_6.0.log
		
        (one of the commands exited with non-zero exit code; note that snakemake uses bash strict mode!)

Removing output files of failed job extractBarcodes since they might be corrupted:
/mnt/NAS/Fang/Analysis/MERFISH/merfish_analysis/MERFISH_test/data/decodedBarcodes/fov_1_zpos_6.0.log
[Mon Oct  5 16:46:51 2020]
Error in rule extractBarcodes:
    jobid: 88
    output: /mnt/NAS/Fang/Analysis/MERFISH/merfish_analysis/MERFISH_test/data/decodedBarcodes/fov_0_zpos_2.0.log
    shell:
        
		python /home/rfang/github/merfishdecoder/bin/merfishdecoder extract-barcodes 			--data-set-name=MERFISH_test/data 			--fov=0 			--zpos=2.0 			--decoded-images-name=/mnt/NAS/Fang/Analysis/MERFISH/merfish_analysis/MERFISH_test/data/decodedImages/fov_0_zpos_2.0.npz 			--output-name=/mnt/NAS/Fang/Analysis/MERFISH/merfish_analysis/MERFISH_test/data/decodedBarcodes/fov_0_zpos_2.0.h5 			--psm-name=/mnt/NAS/Fang/Analysis/MERFISH/merfish_analysis/MERFISH_test/data/extractedBarcodes/fov_0_zpos_2.0.pkl 			--barcodes-per-core=10 			--max-cores=2 			> /mnt/NAS/Fang/Analysis/MERFISH/merfish_analysis/MERFISH_test/data/decodedBarcodes/fov_0_zpos_2.0.log
		
        (one of the commands exited with non-zero exit code; note that snakemake uses bash strict mode!)

Removing output files of failed job extractBarcodes since they might be corrupted:
/mnt/NAS/Fang/Analysis/MERFISH/merfish_analysis/MERFISH_test/data/decodedBarcodes/fov_0_zpos_2.0.log
[Mon Oct  5 16:46:51 2020]
Error in rule extractBarcodes:
    jobid: 87
    output: /mnt/NAS/Fang/Analysis/MERFISH/merfish_analysis/MERFISH_test/data/decodedBarcodes/fov_0_zpos_1.0.log
    shell:
        
		python /home/rfang/github/merfishdecoder/bin/merfishdecoder extract-barcodes 			--data-set-name=MERFISH_test/data 			--fov=0 			--zpos=1.0 			--decoded-images-name=/mnt/NAS/Fang/Analysis/MERFISH/merfish_analysis/MERFISH_test/data/decodedImages/fov_0_zpos_1.0.npz 			--output-name=/mnt/NAS/Fang/Analysis/MERFISH/merfish_analysis/MERFISH_test/data/decodedBarcodes/fov_0_zpos_1.0.h5 			--psm-name=/mnt/NAS/Fang/Analysis/MERFISH/merfish_analysis/MERFISH_test/data/extractedBarcodes/fov_0_zpos_1.0.pkl 			--barcodes-per-core=10 			--max-cores=2 			> /mnt/NAS/Fang/Analysis/MERFISH/merfish_analysis/MERFISH_test/data/decodedBarcodes/fov_0_zpos_1.0.log
		
        (one of the commands exited with non-zero exit code; note that snakemake uses bash strict mode!)

Removing output files of failed job extractBarcodes since they might be corrupted:
/mnt/NAS/Fang/Analysis/MERFISH/merfish_analysis/MERFISH_test/data/decodedBarcodes/fov_0_zpos_1.0.log
[Mon Oct  5 16:46:51 2020]
Error in rule extractBarcodes:
    jobid: 96
    output: /mnt/NAS/Fang/Analysis/MERFISH/merfish_analysis/MERFISH_test/data/decodedBarcodes/fov_1_zpos_4.0.log
    shell:
        
		python /home/rfang/github/merfishdecoder/bin/merfishdecoder extract-barcodes 			--data-set-name=MERFISH_test/data 			--fov=1 			--zpos=4.0 			--decoded-images-name=/mnt/NAS/Fang/Analysis/MERFISH/merfish_analysis/MERFISH_test/data/decodedImages/fov_1_zpos_4.0.npz 			--output-name=/mnt/NAS/Fang/Analysis/MERFISH/merfish_analysis/MERFISH_test/data/decodedBarcodes/fov_1_zpos_4.0.h5 			--psm-name=/mnt/NAS/Fang/Analysis/MERFISH/merfish_analysis/MERFISH_test/data/extractedBarcodes/fov_1_zpos_4.0.pkl 			--barcodes-per-core=10 			--max-cores=2 			> /mnt/NAS/Fang/Analysis/MERFISH/merfish_analysis/MERFISH_test/data/decodedBarcodes/fov_1_zpos_4.0.log
		
        (one of the commands exited with non-zero exit code; note that snakemake uses bash strict mode!)

Removing output files of failed job extractBarcodes since they might be corrupted:
/mnt/NAS/Fang/Analysis/MERFISH/merfish_analysis/MERFISH_test/data/decodedBarcodes/fov_1_zpos_4.0.log
[Mon Oct  5 16:46:51 2020]
Error in rule extractBarcodes:
    jobid: 90
    output: /mnt/NAS/Fang/Analysis/MERFISH/merfish_analysis/MERFISH_test/data/decodedBarcodes/fov_0_zpos_4.0.log
    shell:
        
		python /home/rfang/github/merfishdecoder/bin/merfishdecoder extract-barcodes 			--data-set-name=MERFISH_test/data 			--fov=0 			--zpos=4.0 			--decoded-images-name=/mnt/NAS/Fang/Analysis/MERFISH/merfish_analysis/MERFISH_test/data/decodedImages/fov_0_zpos_4.0.npz 			--output-name=/mnt/NAS/Fang/Analysis/MERFISH/merfish_analysis/MERFISH_test/data/decodedBarcodes/fov_0_zpos_4.0.h5 			--psm-name=/mnt/NAS/Fang/Analysis/MERFISH/merfish_analysis/MERFISH_test/data/extractedBarcodes/fov_0_zpos_4.0.pkl 			--barcodes-per-core=10 			--max-cores=2 			> /mnt/NAS/Fang/Analysis/MERFISH/merfish_analysis/MERFISH_test/data/decodedBarcodes/fov_0_zpos_4.0.log
		
        (one of the commands exited with non-zero exit code; note that snakemake uses bash strict mode!)

Removing output files of failed job extractBarcodes since they might be corrupted:
/mnt/NAS/Fang/Analysis/MERFISH/merfish_analysis/MERFISH_test/data/decodedBarcodes/fov_0_zpos_4.0.log
[Mon Oct  5 16:46:51 2020]
Error in rule extractBarcodes:
    jobid: 94
    output: /mnt/NAS/Fang/Analysis/MERFISH/merfish_analysis/MERFISH_test/data/decodedBarcodes/fov_1_zpos_2.0.log
    shell:
        
		python /home/rfang/github/merfishdecoder/bin/merfishdecoder extract-barcodes 			--data-set-name=MERFISH_test/data 			--fov=1 			--zpos=2.0 			--decoded-images-name=/mnt/NAS/Fang/Analysis/MERFISH/merfish_analysis/MERFISH_test/data/decodedImages/fov_1_zpos_2.0.npz 			--output-name=/mnt/NAS/Fang/Analysis/MERFISH/merfish_analysis/MERFISH_test/data/decodedBarcodes/fov_1_zpos_2.0.h5 			--psm-name=/mnt/NAS/Fang/Analysis/MERFISH/merfish_analysis/MERFISH_test/data/extractedBarcodes/fov_1_zpos_2.0.pkl 			--barcodes-per-core=10 			--max-cores=2 			> /mnt/NAS/Fang/Analysis/MERFISH/merfish_analysis/MERFISH_test/data/decodedBarcodes/fov_1_zpos_2.0.log
		
        (one of the commands exited with non-zero exit code; note that snakemake uses bash strict mode!)

Removing output files of failed job extractBarcodes since they might be corrupted:
/mnt/NAS/Fang/Analysis/MERFISH/merfish_analysis/MERFISH_test/data/decodedBarcodes/fov_1_zpos_2.0.log
[Mon Oct  5 16:46:51 2020]
Error in rule extractBarcodes:
    jobid: 93
    output: /mnt/NAS/Fang/Analysis/MERFISH/merfish_analysis/MERFISH_test/data/decodedBarcodes/fov_1_zpos_1.0.log
    shell:
        
		python /home/rfang/github/merfishdecoder/bin/merfishdecoder extract-barcodes 			--data-set-name=MERFISH_test/data 			--fov=1 			--zpos=1.0 			--decoded-images-name=/mnt/NAS/Fang/Analysis/MERFISH/merfish_analysis/MERFISH_test/data/decodedImages/fov_1_zpos_1.0.npz 			--output-name=/mnt/NAS/Fang/Analysis/MERFISH/merfish_analysis/MERFISH_test/data/decodedBarcodes/fov_1_zpos_1.0.h5 			--psm-name=/mnt/NAS/Fang/Analysis/MERFISH/merfish_analysis/MERFISH_test/data/extractedBarcodes/fov_1_zpos_1.0.pkl 			--barcodes-per-core=10 			--max-cores=2 			> /mnt/NAS/Fang/Analysis/MERFISH/merfish_analysis/MERFISH_test/data/decodedBarcodes/fov_1_zpos_1.0.log
		
        (one of the commands exited with non-zero exit code; note that snakemake uses bash strict mode!)

Removing output files of failed job extractBarcodes since they might be corrupted:
/mnt/NAS/Fang/Analysis/MERFISH/merfish_analysis/MERFISH_test/data/decodedBarcodes/fov_1_zpos_1.0.log
Shutting down, this might take some time.
Exiting because a job execution failed. Look above for error message
Complete log: /home/rfang/github/merfishdecoder/snakemake/.snakemake/log/2020-10-05T164648.498542.snakemake.log
