Building DAG of jobs...
Using shell: /bin/bash
Provided cores: 10
Rules claiming more threads will be scaled down.
Job counts:
	count	jobs
	1	all
	2	registration
	3

[Mon Oct  5 15:32:58 2020]
rule registration:
    input: /mnt/NAS/Fang/Analysis/MERFISH/merfish_analysis/MERFISH_test/data/filemap.csv
    output: /mnt/NAS/Fang/Analysis/MERFISH/merfish_analysis/MERFISH_test/data/warpedImages/fov_0_zpos_1.0.log
    jobid: 2
    wildcards: analysisPath=/mnt/NAS/Fang/Analysis/MERFISH/merfish_analysis/MERFISH_test/data, fov=0, zpos=1.0


[Mon Oct  5 15:32:58 2020]
rule registration:
    input: /mnt/NAS/Fang/Analysis/MERFISH/merfish_analysis/MERFISH_test/data/filemap.csv
    output: /mnt/NAS/Fang/Analysis/MERFISH/merfish_analysis/MERFISH_test/data/warpedImages/fov_0_zpos_2.0.log
    jobid: 3
    wildcards: analysisPath=/mnt/NAS/Fang/Analysis/MERFISH/merfish_analysis/MERFISH_test/data, fov=0, zpos=2.0

[Mon Oct  5 15:32:58 2020]
Error in rule registration:
    jobid: 2
    output: /mnt/NAS/Fang/Analysis/MERFISH/merfish_analysis/MERFISH_test/data/warpedImages/fov_0_zpos_1.0.log
    shell:
        python /home/rfang/github/merfishdecoder/bin/merfishdecoder register-images 			--data-set-name=MERFISH_test/data 			--fov=0 			--zpos=1.0  			--output-name=/mnt/NAS/Fang/Analysis/MERFISH/merfish_analysis/MERFISH_test/data/warpedImages/fov_0_zpos_1.0.tif 			--register-drift=True 			--ref-frame-index=0 			--high-pass-filter-sigma=3 			--register-color=True 			--register-color-profile=None 			--save-fiducials=False \ 
			> /mnt/NAS/Fang/Analysis/MERFISH/merfish_analysis/MERFISH_test/data/warpedImages/fov_0_zpos_1.0.log
        (one of the commands exited with non-zero exit code; note that snakemake uses bash strict mode!)

[Mon Oct  5 15:32:58 2020]
Error in rule registration:
    jobid: 3
    output: /mnt/NAS/Fang/Analysis/MERFISH/merfish_analysis/MERFISH_test/data/warpedImages/fov_0_zpos_2.0.log
    shell:
        python /home/rfang/github/merfishdecoder/bin/merfishdecoder register-images 			--data-set-name=MERFISH_test/data 			--fov=0 			--zpos=2.0  			--output-name=/mnt/NAS/Fang/Analysis/MERFISH/merfish_analysis/MERFISH_test/data/warpedImages/fov_0_zpos_2.0.tif 			--register-drift=True 			--ref-frame-index=0 			--high-pass-filter-sigma=3 			--register-color=True 			--register-color-profile=None 			--save-fiducials=False \ 
			> /mnt/NAS/Fang/Analysis/MERFISH/merfish_analysis/MERFISH_test/data/warpedImages/fov_0_zpos_2.0.log
        (one of the commands exited with non-zero exit code; note that snakemake uses bash strict mode!)

Shutting down, this might take some time.
Exiting because a job execution failed. Look above for error message
Complete log: /home/rfang/github/merfishdecoder/snakemake/.snakemake/log/2020-10-05T153258.753772.snakemake.log
