Building DAG of jobs...
Using shell: /bin/bash
Provided cores: 20
Rules claiming more threads will be scaled down.
Job counts:
	count	jobs
	1	all
	1	createAnalysis
	12	decoding
	12	extractFeatures_DAPI
	12	extractFeatures_polyT
	12	pre
	12	registration
	12	segmentation_DAPI
	12	segmentation_polyT
	1	trainPSM
	87

[Mon Oct  5 16:09:18 2020]
rule createAnalysis:
    output: /mnt/NAS/Fang/Analysis/MERFISH/merfish_analysis/MERFISH_test/data/filemap.csv
    jobid: 1
    wildcards: analysisPath=/mnt/NAS/Fang/Analysis/MERFISH/merfish_analysis/MERFISH_test/data


[Mon Oct  5 16:09:18 2020]
rule trainPSM:
    output: /mnt/NAS/Fang/Analysis/MERFISH/merfish_analysis/MERFISH_test/data/pixel_score_machine.log
    jobid: 86
    wildcards: analysisPath=/mnt/NAS/Fang/Analysis/MERFISH/merfish_analysis/MERFISH_test/data

[Mon Oct  5 16:09:20 2020]
Error in rule trainPSM:
    jobid: 86
    output: /mnt/NAS/Fang/Analysis/MERFISH/merfish_analysis/MERFISH_test/data/pixel_score_machine.log
    shell:
        
		python /home/rfang/github/merfishdecoder/bin/merfishdecoder 			train-psm --data-set-name=MERFISH_test/data 			--decoded-images-dir=/mnt/NAS/Fang/Analysis/MERFISH/merfish_analysis/MERFISH_test/data/decodedImages 			--output-name=/mnt/NAS/Fang/Analysis/MERFISH/merfish_analysis/MERFISH_test/data/pixel_score_machine.pkl 			--zpos-num=20 			> /mnt/NAS/Fang/Analysis/MERFISH/merfish_analysis/MERFISH_test/data/pixel_score_machine.log
		
        (one of the commands exited with non-zero exit code; note that snakemake uses bash strict mode!)

Removing output files of failed job trainPSM since they might be corrupted:
/mnt/NAS/Fang/Analysis/MERFISH/merfish_analysis/MERFISH_test/data/pixel_score_machine.log
[Mon Oct  5 16:09:20 2020]
Finished job 1.
1 of 87 steps (1%) done
Shutting down, this might take some time.
Exiting because a job execution failed. Look above for error message
Complete log: /home/rfang/github/merfishdecoder/snakemake/.snakemake/log/2020-10-05T160918.501995.snakemake.log
