Building DAG of jobs...
Using shell: /bin/bash
Provided cores: 10
Rules claiming more threads will be scaled down.
Job counts:
	count	jobs
	1	all
	2	extractFeatures_DAPI
	2	extractFeatures_polyT
	5

[Mon Oct  5 15:58:18 2020]
rule extractFeatures_DAPI:
    input: /mnt/NAS/Fang/Analysis/MERFISH/merfish_analysis/MERFISH_test/data/segmentedImages/fov_0_zpos_2.0_DAPI.log
    output: /mnt/NAS/Fang/Analysis/MERFISH/merfish_analysis/MERFISH_test/data/extractedFeatures/fov_0_zpos_2.0_DAPI.log
    jobid: 13
    wildcards: analysisPath=/mnt/NAS/Fang/Analysis/MERFISH/merfish_analysis/MERFISH_test/data, fov=0, zpos=2.0


[Mon Oct  5 15:58:18 2020]
rule extractFeatures_polyT:
    input: /mnt/NAS/Fang/Analysis/MERFISH/merfish_analysis/MERFISH_test/data/segmentedImages/fov_0_zpos_1.0_polyT.log
    output: /mnt/NAS/Fang/Analysis/MERFISH/merfish_analysis/MERFISH_test/data/extractedFeatures/fov_0_zpos_1.0_polyT.log
    jobid: 14
    wildcards: analysisPath=/mnt/NAS/Fang/Analysis/MERFISH/merfish_analysis/MERFISH_test/data, fov=0, zpos=1.0


[Mon Oct  5 15:58:18 2020]
rule extractFeatures_polyT:
    input: /mnt/NAS/Fang/Analysis/MERFISH/merfish_analysis/MERFISH_test/data/segmentedImages/fov_0_zpos_2.0_polyT.log
    output: /mnt/NAS/Fang/Analysis/MERFISH/merfish_analysis/MERFISH_test/data/extractedFeatures/fov_0_zpos_2.0_polyT.log
    jobid: 15
    wildcards: analysisPath=/mnt/NAS/Fang/Analysis/MERFISH/merfish_analysis/MERFISH_test/data, fov=0, zpos=2.0


[Mon Oct  5 15:58:18 2020]
rule extractFeatures_DAPI:
    input: /mnt/NAS/Fang/Analysis/MERFISH/merfish_analysis/MERFISH_test/data/segmentedImages/fov_0_zpos_1.0_DAPI.log
    output: /mnt/NAS/Fang/Analysis/MERFISH/merfish_analysis/MERFISH_test/data/extractedFeatures/fov_0_zpos_1.0_DAPI.log
    jobid: 12
    wildcards: analysisPath=/mnt/NAS/Fang/Analysis/MERFISH/merfish_analysis/MERFISH_test/data, fov=0, zpos=1.0

[Mon Oct  5 15:58:23 2020]
Finished job 12.
1 of 5 steps (20%) done
[Mon Oct  5 15:58:23 2020]
Finished job 14.
2 of 5 steps (40%) done
[Mon Oct  5 15:58:24 2020]
Finished job 13.
3 of 5 steps (60%) done
[Mon Oct  5 15:58:24 2020]
Finished job 15.
4 of 5 steps (80%) done

[Mon Oct  5 15:58:24 2020]
localrule all:
    input: /mnt/NAS/Fang/Analysis/MERFISH/merfish_analysis/MERFISH_test/data/filemap.csv, /mnt/NAS/Fang/Analysis/MERFISH/merfish_analysis/MERFISH_test/data/warpedImages/fov_0_zpos_1.0.log, /mnt/NAS/Fang/Analysis/MERFISH/merfish_analysis/MERFISH_test/data/warpedImages/fov_0_zpos_2.0.log, /mnt/NAS/Fang/Analysis/MERFISH/merfish_analysis/MERFISH_test/data/processedImages/fov_0_zpos_1.0.log, /mnt/NAS/Fang/Analysis/MERFISH/merfish_analysis/MERFISH_test/data/processedImages/fov_0_zpos_2.0.log, /mnt/NAS/Fang/Analysis/MERFISH/merfish_analysis/MERFISH_test/data/segmentedImages/fov_0_zpos_1.0_DAPI.log, /mnt/NAS/Fang/Analysis/MERFISH/merfish_analysis/MERFISH_test/data/segmentedImages/fov_0_zpos_2.0_DAPI.log, /mnt/NAS/Fang/Analysis/MERFISH/merfish_analysis/MERFISH_test/data/segmentedImages/fov_0_zpos_1.0_polyT.log, /mnt/NAS/Fang/Analysis/MERFISH/merfish_analysis/MERFISH_test/data/segmentedImages/fov_0_zpos_2.0_polyT.log, /mnt/NAS/Fang/Analysis/MERFISH/merfish_analysis/MERFISH_test/data/decodedImages/fov_0_zpos_1.0.log, /mnt/NAS/Fang/Analysis/MERFISH/merfish_analysis/MERFISH_test/data/decodedImages/fov_0_zpos_2.0.log, /mnt/NAS/Fang/Analysis/MERFISH/merfish_analysis/MERFISH_test/data/extractedFeatures/fov_0_zpos_1.0_DAPI.log, /mnt/NAS/Fang/Analysis/MERFISH/merfish_analysis/MERFISH_test/data/extractedFeatures/fov_0_zpos_2.0_DAPI.log, /mnt/NAS/Fang/Analysis/MERFISH/merfish_analysis/MERFISH_test/data/extractedFeatures/fov_0_zpos_1.0_polyT.log, /mnt/NAS/Fang/Analysis/MERFISH/merfish_analysis/MERFISH_test/data/extractedFeatures/fov_0_zpos_2.0_polyT.log
    jobid: 0

[Mon Oct  5 15:58:24 2020]
Finished job 0.
5 of 5 steps (100%) done
Complete log: /home/rfang/github/merfishdecoder/snakemake/.snakemake/log/2020-10-05T155818.488951.snakemake.log
