Building DAG of jobs...
Using shell: /bin/bash
Provided cores: 10
Rules claiming more threads will be scaled down.
Job counts:
	count	jobs
	1	all
	1	assignBarcodes_DAPI
	1	assignBarcodes_polyT
	1	createAnalysis
	600	decoding
	1	exportBarcodes
	1	exportFeatures
	1	exportGeneFeatureMatrix
	600	extractBarcodes
	1	filterBarcodes
	1	filterBarcodesFeature
	1	filterFeatures
	600	preprocessing
	100	registration
	600	segmentation_DAPI
	600	segmentation_polyT
	1	trainPSM
	3111

[Tue Oct  6 10:39:09 2020]
rule createAnalysis:
    output: /mnt/NAS/Fang/Analysis/MERFISH/merfish_analysis/20200303_hMTG_V11_4000gene_best_sample/data/logs/create_analysis.log
    jobid: 1
    wildcards: analysisPath=/mnt/NAS/Fang/Analysis/MERFISH/merfish_analysis/20200303_hMTG_V11_4000gene_best_sample/data

[Tue Oct  6 10:39:10 2020]
Finished job 1.
1 of 3111 steps (0.03%) done

[Tue Oct  6 10:39:10 2020]
rule registration:
    input: /mnt/NAS/Fang/Analysis/MERFISH/merfish_analysis/20200303_hMTG_V11_4000gene_best_sample/data/logs/create_analysis.log
    output: /mnt/NAS/Fang/Analysis/MERFISH/merfish_analysis/20200303_hMTG_V11_4000gene_best_sample/data/logs/fov_74_zpos_1.0_registration.log, /mnt/NAS/Fang/Analysis/MERFISH/merfish_analysis/20200303_hMTG_V11_4000gene_best_sample/data/logs/fov_74_zpos_2.0_registration.log, /mnt/NAS/Fang/Analysis/MERFISH/merfish_analysis/20200303_hMTG_V11_4000gene_best_sample/data/logs/fov_74_zpos_3.0_registration.log, /mnt/NAS/Fang/Analysis/MERFISH/merfish_analysis/20200303_hMTG_V11_4000gene_best_sample/data/logs/fov_74_zpos_4.0_registration.log, /mnt/NAS/Fang/Analysis/MERFISH/merfish_analysis/20200303_hMTG_V11_4000gene_best_sample/data/logs/fov_74_zpos_5.0_registration.log, /mnt/NAS/Fang/Analysis/MERFISH/merfish_analysis/20200303_hMTG_V11_4000gene_best_sample/data/logs/fov_74_zpos_6.0_registration.log
    jobid: 76
    wildcards: analysisPath=/mnt/NAS/Fang/Analysis/MERFISH/merfish_analysis/20200303_hMTG_V11_4000gene_best_sample/data, fov=74


[Tue Oct  6 10:39:10 2020]
rule registration:
    input: /mnt/NAS/Fang/Analysis/MERFISH/merfish_analysis/20200303_hMTG_V11_4000gene_best_sample/data/logs/create_analysis.log
    output: /mnt/NAS/Fang/Analysis/MERFISH/merfish_analysis/20200303_hMTG_V11_4000gene_best_sample/data/logs/fov_92_zpos_1.0_registration.log, /mnt/NAS/Fang/Analysis/MERFISH/merfish_analysis/20200303_hMTG_V11_4000gene_best_sample/data/logs/fov_92_zpos_2.0_registration.log, /mnt/NAS/Fang/Analysis/MERFISH/merfish_analysis/20200303_hMTG_V11_4000gene_best_sample/data/logs/fov_92_zpos_3.0_registration.log, /mnt/NAS/Fang/Analysis/MERFISH/merfish_analysis/20200303_hMTG_V11_4000gene_best_sample/data/logs/fov_92_zpos_4.0_registration.log, /mnt/NAS/Fang/Analysis/MERFISH/merfish_analysis/20200303_hMTG_V11_4000gene_best_sample/data/logs/fov_92_zpos_5.0_registration.log, /mnt/NAS/Fang/Analysis/MERFISH/merfish_analysis/20200303_hMTG_V11_4000gene_best_sample/data/logs/fov_92_zpos_6.0_registration.log
    jobid: 94
    wildcards: analysisPath=/mnt/NAS/Fang/Analysis/MERFISH/merfish_analysis/20200303_hMTG_V11_4000gene_best_sample/data, fov=92


[Tue Oct  6 10:39:10 2020]
rule registration:
    input: /mnt/NAS/Fang/Analysis/MERFISH/merfish_analysis/20200303_hMTG_V11_4000gene_best_sample/data/logs/create_analysis.log
    output: /mnt/NAS/Fang/Analysis/MERFISH/merfish_analysis/20200303_hMTG_V11_4000gene_best_sample/data/logs/fov_9_zpos_1.0_registration.log, /mnt/NAS/Fang/Analysis/MERFISH/merfish_analysis/20200303_hMTG_V11_4000gene_best_sample/data/logs/fov_9_zpos_2.0_registration.log, /mnt/NAS/Fang/Analysis/MERFISH/merfish_analysis/20200303_hMTG_V11_4000gene_best_sample/data/logs/fov_9_zpos_3.0_registration.log, /mnt/NAS/Fang/Analysis/MERFISH/merfish_analysis/20200303_hMTG_V11_4000gene_best_sample/data/logs/fov_9_zpos_4.0_registration.log, /mnt/NAS/Fang/Analysis/MERFISH/merfish_analysis/20200303_hMTG_V11_4000gene_best_sample/data/logs/fov_9_zpos_5.0_registration.log, /mnt/NAS/Fang/Analysis/MERFISH/merfish_analysis/20200303_hMTG_V11_4000gene_best_sample/data/logs/fov_9_zpos_6.0_registration.log
    jobid: 11
    wildcards: analysisPath=/mnt/NAS/Fang/Analysis/MERFISH/merfish_analysis/20200303_hMTG_V11_4000gene_best_sample/data, fov=9


[Tue Oct  6 10:39:10 2020]
rule registration:
    input: /mnt/NAS/Fang/Analysis/MERFISH/merfish_analysis/20200303_hMTG_V11_4000gene_best_sample/data/logs/create_analysis.log
    output: /mnt/NAS/Fang/Analysis/MERFISH/merfish_analysis/20200303_hMTG_V11_4000gene_best_sample/data/logs/fov_23_zpos_1.0_registration.log, /mnt/NAS/Fang/Analysis/MERFISH/merfish_analysis/20200303_hMTG_V11_4000gene_best_sample/data/logs/fov_23_zpos_2.0_registration.log, /mnt/NAS/Fang/Analysis/MERFISH/merfish_analysis/20200303_hMTG_V11_4000gene_best_sample/data/logs/fov_23_zpos_3.0_registration.log, /mnt/NAS/Fang/Analysis/MERFISH/merfish_analysis/20200303_hMTG_V11_4000gene_best_sample/data/logs/fov_23_zpos_4.0_registration.log, /mnt/NAS/Fang/Analysis/MERFISH/merfish_analysis/20200303_hMTG_V11_4000gene_best_sample/data/logs/fov_23_zpos_5.0_registration.log, /mnt/NAS/Fang/Analysis/MERFISH/merfish_analysis/20200303_hMTG_V11_4000gene_best_sample/data/logs/fov_23_zpos_6.0_registration.log
    jobid: 25
    wildcards: analysisPath=/mnt/NAS/Fang/Analysis/MERFISH/merfish_analysis/20200303_hMTG_V11_4000gene_best_sample/data, fov=23


[Tue Oct  6 10:39:10 2020]
rule registration:
    input: /mnt/NAS/Fang/Analysis/MERFISH/merfish_analysis/20200303_hMTG_V11_4000gene_best_sample/data/logs/create_analysis.log
    output: /mnt/NAS/Fang/Analysis/MERFISH/merfish_analysis/20200303_hMTG_V11_4000gene_best_sample/data/logs/fov_37_zpos_1.0_registration.log, /mnt/NAS/Fang/Analysis/MERFISH/merfish_analysis/20200303_hMTG_V11_4000gene_best_sample/data/logs/fov_37_zpos_2.0_registration.log, /mnt/NAS/Fang/Analysis/MERFISH/merfish_analysis/20200303_hMTG_V11_4000gene_best_sample/data/logs/fov_37_zpos_3.0_registration.log, /mnt/NAS/Fang/Analysis/MERFISH/merfish_analysis/20200303_hMTG_V11_4000gene_best_sample/data/logs/fov_37_zpos_4.0_registration.log, /mnt/NAS/Fang/Analysis/MERFISH/merfish_analysis/20200303_hMTG_V11_4000gene_best_sample/data/logs/fov_37_zpos_5.0_registration.log, /mnt/NAS/Fang/Analysis/MERFISH/merfish_analysis/20200303_hMTG_V11_4000gene_best_sample/data/logs/fov_37_zpos_6.0_registration.log
    jobid: 39
    wildcards: analysisPath=/mnt/NAS/Fang/Analysis/MERFISH/merfish_analysis/20200303_hMTG_V11_4000gene_best_sample/data, fov=37


[Tue Oct  6 10:39:10 2020]
rule registration:
    input: /mnt/NAS/Fang/Analysis/MERFISH/merfish_analysis/20200303_hMTG_V11_4000gene_best_sample/data/logs/create_analysis.log
    output: /mnt/NAS/Fang/Analysis/MERFISH/merfish_analysis/20200303_hMTG_V11_4000gene_best_sample/data/logs/fov_65_zpos_1.0_registration.log, /mnt/NAS/Fang/Analysis/MERFISH/merfish_analysis/20200303_hMTG_V11_4000gene_best_sample/data/logs/fov_65_zpos_2.0_registration.log, /mnt/NAS/Fang/Analysis/MERFISH/merfish_analysis/20200303_hMTG_V11_4000gene_best_sample/data/logs/fov_65_zpos_3.0_registration.log, /mnt/NAS/Fang/Analysis/MERFISH/merfish_analysis/20200303_hMTG_V11_4000gene_best_sample/data/logs/fov_65_zpos_4.0_registration.log, /mnt/NAS/Fang/Analysis/MERFISH/merfish_analysis/20200303_hMTG_V11_4000gene_best_sample/data/logs/fov_65_zpos_5.0_registration.log, /mnt/NAS/Fang/Analysis/MERFISH/merfish_analysis/20200303_hMTG_V11_4000gene_best_sample/data/logs/fov_65_zpos_6.0_registration.log
    jobid: 67
    wildcards: analysisPath=/mnt/NAS/Fang/Analysis/MERFISH/merfish_analysis/20200303_hMTG_V11_4000gene_best_sample/data, fov=65


[Tue Oct  6 10:39:10 2020]
rule registration:
    input: /mnt/NAS/Fang/Analysis/MERFISH/merfish_analysis/20200303_hMTG_V11_4000gene_best_sample/data/logs/create_analysis.log
    output: /mnt/NAS/Fang/Analysis/MERFISH/merfish_analysis/20200303_hMTG_V11_4000gene_best_sample/data/logs/fov_93_zpos_1.0_registration.log, /mnt/NAS/Fang/Analysis/MERFISH/merfish_analysis/20200303_hMTG_V11_4000gene_best_sample/data/logs/fov_93_zpos_2.0_registration.log, /mnt/NAS/Fang/Analysis/MERFISH/merfish_analysis/20200303_hMTG_V11_4000gene_best_sample/data/logs/fov_93_zpos_3.0_registration.log, /mnt/NAS/Fang/Analysis/MERFISH/merfish_analysis/20200303_hMTG_V11_4000gene_best_sample/data/logs/fov_93_zpos_4.0_registration.log, /mnt/NAS/Fang/Analysis/MERFISH/merfish_analysis/20200303_hMTG_V11_4000gene_best_sample/data/logs/fov_93_zpos_5.0_registration.log, /mnt/NAS/Fang/Analysis/MERFISH/merfish_analysis/20200303_hMTG_V11_4000gene_best_sample/data/logs/fov_93_zpos_6.0_registration.log
    jobid: 95
    wildcards: analysisPath=/mnt/NAS/Fang/Analysis/MERFISH/merfish_analysis/20200303_hMTG_V11_4000gene_best_sample/data, fov=93


[Tue Oct  6 10:39:10 2020]
rule registration:
    input: /mnt/NAS/Fang/Analysis/MERFISH/merfish_analysis/20200303_hMTG_V11_4000gene_best_sample/data/logs/create_analysis.log
    output: /mnt/NAS/Fang/Analysis/MERFISH/merfish_analysis/20200303_hMTG_V11_4000gene_best_sample/data/logs/fov_10_zpos_1.0_registration.log, /mnt/NAS/Fang/Analysis/MERFISH/merfish_analysis/20200303_hMTG_V11_4000gene_best_sample/data/logs/fov_10_zpos_2.0_registration.log, /mnt/NAS/Fang/Analysis/MERFISH/merfish_analysis/20200303_hMTG_V11_4000gene_best_sample/data/logs/fov_10_zpos_3.0_registration.log, /mnt/NAS/Fang/Analysis/MERFISH/merfish_analysis/20200303_hMTG_V11_4000gene_best_sample/data/logs/fov_10_zpos_4.0_registration.log, /mnt/NAS/Fang/Analysis/MERFISH/merfish_analysis/20200303_hMTG_V11_4000gene_best_sample/data/logs/fov_10_zpos_5.0_registration.log, /mnt/NAS/Fang/Analysis/MERFISH/merfish_analysis/20200303_hMTG_V11_4000gene_best_sample/data/logs/fov_10_zpos_6.0_registration.log
    jobid: 12
    wildcards: analysisPath=/mnt/NAS/Fang/Analysis/MERFISH/merfish_analysis/20200303_hMTG_V11_4000gene_best_sample/data, fov=10


[Tue Oct  6 10:39:10 2020]
rule registration:
    input: /mnt/NAS/Fang/Analysis/MERFISH/merfish_analysis/20200303_hMTG_V11_4000gene_best_sample/data/logs/create_analysis.log
    output: /mnt/NAS/Fang/Analysis/MERFISH/merfish_analysis/20200303_hMTG_V11_4000gene_best_sample/data/logs/fov_24_zpos_1.0_registration.log, /mnt/NAS/Fang/Analysis/MERFISH/merfish_analysis/20200303_hMTG_V11_4000gene_best_sample/data/logs/fov_24_zpos_2.0_registration.log, /mnt/NAS/Fang/Analysis/MERFISH/merfish_analysis/20200303_hMTG_V11_4000gene_best_sample/data/logs/fov_24_zpos_3.0_registration.log, /mnt/NAS/Fang/Analysis/MERFISH/merfish_analysis/20200303_hMTG_V11_4000gene_best_sample/data/logs/fov_24_zpos_4.0_registration.log, /mnt/NAS/Fang/Analysis/MERFISH/merfish_analysis/20200303_hMTG_V11_4000gene_best_sample/data/logs/fov_24_zpos_5.0_registration.log, /mnt/NAS/Fang/Analysis/MERFISH/merfish_analysis/20200303_hMTG_V11_4000gene_best_sample/data/logs/fov_24_zpos_6.0_registration.log
    jobid: 26
    wildcards: analysisPath=/mnt/NAS/Fang/Analysis/MERFISH/merfish_analysis/20200303_hMTG_V11_4000gene_best_sample/data, fov=24


[Tue Oct  6 10:39:10 2020]
rule registration:
    input: /mnt/NAS/Fang/Analysis/MERFISH/merfish_analysis/20200303_hMTG_V11_4000gene_best_sample/data/logs/create_analysis.log
    output: /mnt/NAS/Fang/Analysis/MERFISH/merfish_analysis/20200303_hMTG_V11_4000gene_best_sample/data/logs/fov_38_zpos_1.0_registration.log, /mnt/NAS/Fang/Analysis/MERFISH/merfish_analysis/20200303_hMTG_V11_4000gene_best_sample/data/logs/fov_38_zpos_2.0_registration.log, /mnt/NAS/Fang/Analysis/MERFISH/merfish_analysis/20200303_hMTG_V11_4000gene_best_sample/data/logs/fov_38_zpos_3.0_registration.log, /mnt/NAS/Fang/Analysis/MERFISH/merfish_analysis/20200303_hMTG_V11_4000gene_best_sample/data/logs/fov_38_zpos_4.0_registration.log, /mnt/NAS/Fang/Analysis/MERFISH/merfish_analysis/20200303_hMTG_V11_4000gene_best_sample/data/logs/fov_38_zpos_5.0_registration.log, /mnt/NAS/Fang/Analysis/MERFISH/merfish_analysis/20200303_hMTG_V11_4000gene_best_sample/data/logs/fov_38_zpos_6.0_registration.log
    jobid: 40
    wildcards: analysisPath=/mnt/NAS/Fang/Analysis/MERFISH/merfish_analysis/20200303_hMTG_V11_4000gene_best_sample/data, fov=38

[Tue Oct  6 10:51:57 2020]
Finished job 40.
2 of 3111 steps (0.06%) done

[Tue Oct  6 10:51:58 2020]
rule registration:
    input: /mnt/NAS/Fang/Analysis/MERFISH/merfish_analysis/20200303_hMTG_V11_4000gene_best_sample/data/logs/create_analysis.log
    output: /mnt/NAS/Fang/Analysis/MERFISH/merfish_analysis/20200303_hMTG_V11_4000gene_best_sample/data/logs/fov_52_zpos_1.0_registration.log, /mnt/NAS/Fang/Analysis/MERFISH/merfish_analysis/20200303_hMTG_V11_4000gene_best_sample/data/logs/fov_52_zpos_2.0_registration.log, /mnt/NAS/Fang/Analysis/MERFISH/merfish_analysis/20200303_hMTG_V11_4000gene_best_sample/data/logs/fov_52_zpos_3.0_registration.log, /mnt/NAS/Fang/Analysis/MERFISH/merfish_analysis/20200303_hMTG_V11_4000gene_best_sample/data/logs/fov_52_zpos_4.0_registration.log, /mnt/NAS/Fang/Analysis/MERFISH/merfish_analysis/20200303_hMTG_V11_4000gene_best_sample/data/logs/fov_52_zpos_5.0_registration.log, /mnt/NAS/Fang/Analysis/MERFISH/merfish_analysis/20200303_hMTG_V11_4000gene_best_sample/data/logs/fov_52_zpos_6.0_registration.log
    jobid: 54
    wildcards: analysisPath=/mnt/NAS/Fang/Analysis/MERFISH/merfish_analysis/20200303_hMTG_V11_4000gene_best_sample/data, fov=52

[Tue Oct  6 10:51:59 2020]
Finished job 12.
3 of 3111 steps (0.10%) done

[Tue Oct  6 10:51:59 2020]
rule registration:
    input: /mnt/NAS/Fang/Analysis/MERFISH/merfish_analysis/20200303_hMTG_V11_4000gene_best_sample/data/logs/create_analysis.log
    output: /mnt/NAS/Fang/Analysis/MERFISH/merfish_analysis/20200303_hMTG_V11_4000gene_best_sample/data/logs/fov_97_zpos_1.0_registration.log, /mnt/NAS/Fang/Analysis/MERFISH/merfish_analysis/20200303_hMTG_V11_4000gene_best_sample/data/logs/fov_97_zpos_2.0_registration.log, /mnt/NAS/Fang/Analysis/MERFISH/merfish_analysis/20200303_hMTG_V11_4000gene_best_sample/data/logs/fov_97_zpos_3.0_registration.log, /mnt/NAS/Fang/Analysis/MERFISH/merfish_analysis/20200303_hMTG_V11_4000gene_best_sample/data/logs/fov_97_zpos_4.0_registration.log, /mnt/NAS/Fang/Analysis/MERFISH/merfish_analysis/20200303_hMTG_V11_4000gene_best_sample/data/logs/fov_97_zpos_5.0_registration.log, /mnt/NAS/Fang/Analysis/MERFISH/merfish_analysis/20200303_hMTG_V11_4000gene_best_sample/data/logs/fov_97_zpos_6.0_registration.log
    jobid: 99
    wildcards: analysisPath=/mnt/NAS/Fang/Analysis/MERFISH/merfish_analysis/20200303_hMTG_V11_4000gene_best_sample/data, fov=97

[Tue Oct  6 10:52:34 2020]
Finished job 94.
4 of 3111 steps (0.13%) done

[Tue Oct  6 10:52:34 2020]
rule registration:
    input: /mnt/NAS/Fang/Analysis/MERFISH/merfish_analysis/20200303_hMTG_V11_4000gene_best_sample/data/logs/create_analysis.log
    output: /mnt/NAS/Fang/Analysis/MERFISH/merfish_analysis/20200303_hMTG_V11_4000gene_best_sample/data/logs/fov_75_zpos_1.0_registration.log, /mnt/NAS/Fang/Analysis/MERFISH/merfish_analysis/20200303_hMTG_V11_4000gene_best_sample/data/logs/fov_75_zpos_2.0_registration.log, /mnt/NAS/Fang/Analysis/MERFISH/merfish_analysis/20200303_hMTG_V11_4000gene_best_sample/data/logs/fov_75_zpos_3.0_registration.log, /mnt/NAS/Fang/Analysis/MERFISH/merfish_analysis/20200303_hMTG_V11_4000gene_best_sample/data/logs/fov_75_zpos_4.0_registration.log, /mnt/NAS/Fang/Analysis/MERFISH/merfish_analysis/20200303_hMTG_V11_4000gene_best_sample/data/logs/fov_75_zpos_5.0_registration.log, /mnt/NAS/Fang/Analysis/MERFISH/merfish_analysis/20200303_hMTG_V11_4000gene_best_sample/data/logs/fov_75_zpos_6.0_registration.log
    jobid: 77
    wildcards: analysisPath=/mnt/NAS/Fang/Analysis/MERFISH/merfish_analysis/20200303_hMTG_V11_4000gene_best_sample/data, fov=75

[Tue Oct  6 10:53:07 2020]
Finished job 25.
5 of 3111 steps (0.16%) done

[Tue Oct  6 10:53:07 2020]
rule registration:
    input: /mnt/NAS/Fang/Analysis/MERFISH/merfish_analysis/20200303_hMTG_V11_4000gene_best_sample/data/logs/create_analysis.log
    output: /mnt/NAS/Fang/Analysis/MERFISH/merfish_analysis/20200303_hMTG_V11_4000gene_best_sample/data/logs/fov_27_zpos_1.0_registration.log, /mnt/NAS/Fang/Analysis/MERFISH/merfish_analysis/20200303_hMTG_V11_4000gene_best_sample/data/logs/fov_27_zpos_2.0_registration.log, /mnt/NAS/Fang/Analysis/MERFISH/merfish_analysis/20200303_hMTG_V11_4000gene_best_sample/data/logs/fov_27_zpos_3.0_registration.log, /mnt/NAS/Fang/Analysis/MERFISH/merfish_analysis/20200303_hMTG_V11_4000gene_best_sample/data/logs/fov_27_zpos_4.0_registration.log, /mnt/NAS/Fang/Analysis/MERFISH/merfish_analysis/20200303_hMTG_V11_4000gene_best_sample/data/logs/fov_27_zpos_5.0_registration.log, /mnt/NAS/Fang/Analysis/MERFISH/merfish_analysis/20200303_hMTG_V11_4000gene_best_sample/data/logs/fov_27_zpos_6.0_registration.log
    jobid: 29
    wildcards: analysisPath=/mnt/NAS/Fang/Analysis/MERFISH/merfish_analysis/20200303_hMTG_V11_4000gene_best_sample/data, fov=27

[Tue Oct  6 10:53:37 2020]
Finished job 39.
6 of 3111 steps (0.19%) done

[Tue Oct  6 10:53:37 2020]
rule registration:
    input: /mnt/NAS/Fang/Analysis/MERFISH/merfish_analysis/20200303_hMTG_V11_4000gene_best_sample/data/logs/create_analysis.log
    output: /mnt/NAS/Fang/Analysis/MERFISH/merfish_analysis/20200303_hMTG_V11_4000gene_best_sample/data/logs/fov_40_zpos_1.0_registration.log, /mnt/NAS/Fang/Analysis/MERFISH/merfish_analysis/20200303_hMTG_V11_4000gene_best_sample/data/logs/fov_40_zpos_2.0_registration.log, /mnt/NAS/Fang/Analysis/MERFISH/merfish_analysis/20200303_hMTG_V11_4000gene_best_sample/data/logs/fov_40_zpos_3.0_registration.log, /mnt/NAS/Fang/Analysis/MERFISH/merfish_analysis/20200303_hMTG_V11_4000gene_best_sample/data/logs/fov_40_zpos_4.0_registration.log, /mnt/NAS/Fang/Analysis/MERFISH/merfish_analysis/20200303_hMTG_V11_4000gene_best_sample/data/logs/fov_40_zpos_5.0_registration.log, /mnt/NAS/Fang/Analysis/MERFISH/merfish_analysis/20200303_hMTG_V11_4000gene_best_sample/data/logs/fov_40_zpos_6.0_registration.log
    jobid: 42
    wildcards: analysisPath=/mnt/NAS/Fang/Analysis/MERFISH/merfish_analysis/20200303_hMTG_V11_4000gene_best_sample/data, fov=40

[Tue Oct  6 10:54:02 2020]
Finished job 11.
7 of 3111 steps (0.23%) done

[Tue Oct  6 10:54:02 2020]
rule registration:
    input: /mnt/NAS/Fang/Analysis/MERFISH/merfish_analysis/20200303_hMTG_V11_4000gene_best_sample/data/logs/create_analysis.log
    output: /mnt/NAS/Fang/Analysis/MERFISH/merfish_analysis/20200303_hMTG_V11_4000gene_best_sample/data/logs/fov_11_zpos_1.0_registration.log, /mnt/NAS/Fang/Analysis/MERFISH/merfish_analysis/20200303_hMTG_V11_4000gene_best_sample/data/logs/fov_11_zpos_2.0_registration.log, /mnt/NAS/Fang/Analysis/MERFISH/merfish_analysis/20200303_hMTG_V11_4000gene_best_sample/data/logs/fov_11_zpos_3.0_registration.log, /mnt/NAS/Fang/Analysis/MERFISH/merfish_analysis/20200303_hMTG_V11_4000gene_best_sample/data/logs/fov_11_zpos_4.0_registration.log, /mnt/NAS/Fang/Analysis/MERFISH/merfish_analysis/20200303_hMTG_V11_4000gene_best_sample/data/logs/fov_11_zpos_5.0_registration.log, /mnt/NAS/Fang/Analysis/MERFISH/merfish_analysis/20200303_hMTG_V11_4000gene_best_sample/data/logs/fov_11_zpos_6.0_registration.log
    jobid: 13
    wildcards: analysisPath=/mnt/NAS/Fang/Analysis/MERFISH/merfish_analysis/20200303_hMTG_V11_4000gene_best_sample/data, fov=11

[Tue Oct  6 10:54:11 2020]
Finished job 76.
8 of 3111 steps (0.26%) done

[Tue Oct  6 10:54:11 2020]
rule registration:
    input: /mnt/NAS/Fang/Analysis/MERFISH/merfish_analysis/20200303_hMTG_V11_4000gene_best_sample/data/logs/create_analysis.log
    output: /mnt/NAS/Fang/Analysis/MERFISH/merfish_analysis/20200303_hMTG_V11_4000gene_best_sample/data/logs/fov_46_zpos_1.0_registration.log, /mnt/NAS/Fang/Analysis/MERFISH/merfish_analysis/20200303_hMTG_V11_4000gene_best_sample/data/logs/fov_46_zpos_2.0_registration.log, /mnt/NAS/Fang/Analysis/MERFISH/merfish_analysis/20200303_hMTG_V11_4000gene_best_sample/data/logs/fov_46_zpos_3.0_registration.log, /mnt/NAS/Fang/Analysis/MERFISH/merfish_analysis/20200303_hMTG_V11_4000gene_best_sample/data/logs/fov_46_zpos_4.0_registration.log, /mnt/NAS/Fang/Analysis/MERFISH/merfish_analysis/20200303_hMTG_V11_4000gene_best_sample/data/logs/fov_46_zpos_5.0_registration.log, /mnt/NAS/Fang/Analysis/MERFISH/merfish_analysis/20200303_hMTG_V11_4000gene_best_sample/data/logs/fov_46_zpos_6.0_registration.log
    jobid: 48
    wildcards: analysisPath=/mnt/NAS/Fang/Analysis/MERFISH/merfish_analysis/20200303_hMTG_V11_4000gene_best_sample/data, fov=46

[Tue Oct  6 10:54:26 2020]
Finished job 95.
9 of 3111 steps (0.29%) done

[Tue Oct  6 10:54:26 2020]
rule registration:
    input: /mnt/NAS/Fang/Analysis/MERFISH/merfish_analysis/20200303_hMTG_V11_4000gene_best_sample/data/logs/create_analysis.log
    output: /mnt/NAS/Fang/Analysis/MERFISH/merfish_analysis/20200303_hMTG_V11_4000gene_best_sample/data/logs/fov_21_zpos_1.0_registration.log, /mnt/NAS/Fang/Analysis/MERFISH/merfish_analysis/20200303_hMTG_V11_4000gene_best_sample/data/logs/fov_21_zpos_2.0_registration.log, /mnt/NAS/Fang/Analysis/MERFISH/merfish_analysis/20200303_hMTG_V11_4000gene_best_sample/data/logs/fov_21_zpos_3.0_registration.log, /mnt/NAS/Fang/Analysis/MERFISH/merfish_analysis/20200303_hMTG_V11_4000gene_best_sample/data/logs/fov_21_zpos_4.0_registration.log, /mnt/NAS/Fang/Analysis/MERFISH/merfish_analysis/20200303_hMTG_V11_4000gene_best_sample/data/logs/fov_21_zpos_5.0_registration.log, /mnt/NAS/Fang/Analysis/MERFISH/merfish_analysis/20200303_hMTG_V11_4000gene_best_sample/data/logs/fov_21_zpos_6.0_registration.log
    jobid: 23
    wildcards: analysisPath=/mnt/NAS/Fang/Analysis/MERFISH/merfish_analysis/20200303_hMTG_V11_4000gene_best_sample/data, fov=21

[Tue Oct  6 10:54:26 2020]
Finished job 26.
10 of 3111 steps (0.32%) done
[Tue Oct  6 10:54:26 2020]
Finished job 67.
11 of 3111 steps (0.35%) done

[Tue Oct  6 10:54:26 2020]
rule registration:
    input: /mnt/NAS/Fang/Analysis/MERFISH/merfish_analysis/20200303_hMTG_V11_4000gene_best_sample/data/logs/create_analysis.log
    output: /mnt/NAS/Fang/Analysis/MERFISH/merfish_analysis/20200303_hMTG_V11_4000gene_best_sample/data/logs/fov_7_zpos_1.0_registration.log, /mnt/NAS/Fang/Analysis/MERFISH/merfish_analysis/20200303_hMTG_V11_4000gene_best_sample/data/logs/fov_7_zpos_2.0_registration.log, /mnt/NAS/Fang/Analysis/MERFISH/merfish_analysis/20200303_hMTG_V11_4000gene_best_sample/data/logs/fov_7_zpos_3.0_registration.log, /mnt/NAS/Fang/Analysis/MERFISH/merfish_analysis/20200303_hMTG_V11_4000gene_best_sample/data/logs/fov_7_zpos_4.0_registration.log, /mnt/NAS/Fang/Analysis/MERFISH/merfish_analysis/20200303_hMTG_V11_4000gene_best_sample/data/logs/fov_7_zpos_5.0_registration.log, /mnt/NAS/Fang/Analysis/MERFISH/merfish_analysis/20200303_hMTG_V11_4000gene_best_sample/data/logs/fov_7_zpos_6.0_registration.log
    jobid: 9
    wildcards: analysisPath=/mnt/NAS/Fang/Analysis/MERFISH/merfish_analysis/20200303_hMTG_V11_4000gene_best_sample/data, fov=7


[Tue Oct  6 10:54:26 2020]
rule registration:
    input: /mnt/NAS/Fang/Analysis/MERFISH/merfish_analysis/20200303_hMTG_V11_4000gene_best_sample/data/logs/create_analysis.log
    output: /mnt/NAS/Fang/Analysis/MERFISH/merfish_analysis/20200303_hMTG_V11_4000gene_best_sample/data/logs/fov_31_zpos_1.0_registration.log, /mnt/NAS/Fang/Analysis/MERFISH/merfish_analysis/20200303_hMTG_V11_4000gene_best_sample/data/logs/fov_31_zpos_2.0_registration.log, /mnt/NAS/Fang/Analysis/MERFISH/merfish_analysis/20200303_hMTG_V11_4000gene_best_sample/data/logs/fov_31_zpos_3.0_registration.log, /mnt/NAS/Fang/Analysis/MERFISH/merfish_analysis/20200303_hMTG_V11_4000gene_best_sample/data/logs/fov_31_zpos_4.0_registration.log, /mnt/NAS/Fang/Analysis/MERFISH/merfish_analysis/20200303_hMTG_V11_4000gene_best_sample/data/logs/fov_31_zpos_5.0_registration.log, /mnt/NAS/Fang/Analysis/MERFISH/merfish_analysis/20200303_hMTG_V11_4000gene_best_sample/data/logs/fov_31_zpos_6.0_registration.log
    jobid: 33
    wildcards: analysisPath=/mnt/NAS/Fang/Analysis/MERFISH/merfish_analysis/20200303_hMTG_V11_4000gene_best_sample/data, fov=31

[Tue Oct  6 11:05:08 2020]
Finished job 99.
12 of 3111 steps (0.39%) done

[Tue Oct  6 11:05:08 2020]
rule registration:
    input: /mnt/NAS/Fang/Analysis/MERFISH/merfish_analysis/20200303_hMTG_V11_4000gene_best_sample/data/logs/create_analysis.log
    output: /mnt/NAS/Fang/Analysis/MERFISH/merfish_analysis/20200303_hMTG_V11_4000gene_best_sample/data/logs/fov_59_zpos_1.0_registration.log, /mnt/NAS/Fang/Analysis/MERFISH/merfish_analysis/20200303_hMTG_V11_4000gene_best_sample/data/logs/fov_59_zpos_2.0_registration.log, /mnt/NAS/Fang/Analysis/MERFISH/merfish_analysis/20200303_hMTG_V11_4000gene_best_sample/data/logs/fov_59_zpos_3.0_registration.log, /mnt/NAS/Fang/Analysis/MERFISH/merfish_analysis/20200303_hMTG_V11_4000gene_best_sample/data/logs/fov_59_zpos_4.0_registration.log, /mnt/NAS/Fang/Analysis/MERFISH/merfish_analysis/20200303_hMTG_V11_4000gene_best_sample/data/logs/fov_59_zpos_5.0_registration.log, /mnt/NAS/Fang/Analysis/MERFISH/merfish_analysis/20200303_hMTG_V11_4000gene_best_sample/data/logs/fov_59_zpos_6.0_registration.log
    jobid: 61
    wildcards: analysisPath=/mnt/NAS/Fang/Analysis/MERFISH/merfish_analysis/20200303_hMTG_V11_4000gene_best_sample/data, fov=59

[Tue Oct  6 11:05:28 2020]
Finished job 42.
13 of 3111 steps (0.42%) done

[Tue Oct  6 11:05:28 2020]
rule registration:
    input: /mnt/NAS/Fang/Analysis/MERFISH/merfish_analysis/20200303_hMTG_V11_4000gene_best_sample/data/logs/create_analysis.log
    output: /mnt/NAS/Fang/Analysis/MERFISH/merfish_analysis/20200303_hMTG_V11_4000gene_best_sample/data/logs/fov_58_zpos_1.0_registration.log, /mnt/NAS/Fang/Analysis/MERFISH/merfish_analysis/20200303_hMTG_V11_4000gene_best_sample/data/logs/fov_58_zpos_2.0_registration.log, /mnt/NAS/Fang/Analysis/MERFISH/merfish_analysis/20200303_hMTG_V11_4000gene_best_sample/data/logs/fov_58_zpos_3.0_registration.log, /mnt/NAS/Fang/Analysis/MERFISH/merfish_analysis/20200303_hMTG_V11_4000gene_best_sample/data/logs/fov_58_zpos_4.0_registration.log, /mnt/NAS/Fang/Analysis/MERFISH/merfish_analysis/20200303_hMTG_V11_4000gene_best_sample/data/logs/fov_58_zpos_5.0_registration.log, /mnt/NAS/Fang/Analysis/MERFISH/merfish_analysis/20200303_hMTG_V11_4000gene_best_sample/data/logs/fov_58_zpos_6.0_registration.log
    jobid: 60
    wildcards: analysisPath=/mnt/NAS/Fang/Analysis/MERFISH/merfish_analysis/20200303_hMTG_V11_4000gene_best_sample/data, fov=58

[Tue Oct  6 11:06:42 2020]
Finished job 13.
14 of 3111 steps (0.45%) done

[Tue Oct  6 11:06:43 2020]
rule registration:
    input: /mnt/NAS/Fang/Analysis/MERFISH/merfish_analysis/20200303_hMTG_V11_4000gene_best_sample/data/logs/create_analysis.log
    output: /mnt/NAS/Fang/Analysis/MERFISH/merfish_analysis/20200303_hMTG_V11_4000gene_best_sample/data/logs/fov_55_zpos_1.0_registration.log, /mnt/NAS/Fang/Analysis/MERFISH/merfish_analysis/20200303_hMTG_V11_4000gene_best_sample/data/logs/fov_55_zpos_2.0_registration.log, /mnt/NAS/Fang/Analysis/MERFISH/merfish_analysis/20200303_hMTG_V11_4000gene_best_sample/data/logs/fov_55_zpos_3.0_registration.log, /mnt/NAS/Fang/Analysis/MERFISH/merfish_analysis/20200303_hMTG_V11_4000gene_best_sample/data/logs/fov_55_zpos_4.0_registration.log, /mnt/NAS/Fang/Analysis/MERFISH/merfish_analysis/20200303_hMTG_V11_4000gene_best_sample/data/logs/fov_55_zpos_5.0_registration.log, /mnt/NAS/Fang/Analysis/MERFISH/merfish_analysis/20200303_hMTG_V11_4000gene_best_sample/data/logs/fov_55_zpos_6.0_registration.log
    jobid: 57
    wildcards: analysisPath=/mnt/NAS/Fang/Analysis/MERFISH/merfish_analysis/20200303_hMTG_V11_4000gene_best_sample/data, fov=55

[Tue Oct  6 11:06:45 2020]
Finished job 29.
15 of 3111 steps (0.48%) done
[Tue Oct  6 11:06:45 2020]
Finished job 77.
16 of 3111 steps (0.51%) done
[Tue Oct  6 11:06:45 2020]
Finished job 54.
17 of 3111 steps (0.55%) done

[Tue Oct  6 11:06:45 2020]
rule segmentation_DAPI:
    input: /mnt/NAS/Fang/Analysis/MERFISH/merfish_analysis/20200303_hMTG_V11_4000gene_best_sample/data/logs/fov_10_zpos_4.0_registration.log
    output: /mnt/NAS/Fang/Analysis/MERFISH/merfish_analysis/20200303_hMTG_V11_4000gene_best_sample/data/logs/fov_10_zpos_4.0_DAPI_segmentation.log, /mnt/NAS/Fang/Analysis/MERFISH/merfish_analysis/20200303_hMTG_V11_4000gene_best_sample/data/logs/fov_10_zpos_4.0_DAPI_extract_features.log
    jobid: 765
    wildcards: analysisPath=/mnt/NAS/Fang/Analysis/MERFISH/merfish_analysis/20200303_hMTG_V11_4000gene_best_sample/data, fov=10, zpos=4.0


[Tue Oct  6 11:06:45 2020]
rule segmentation_DAPI:
    input: /mnt/NAS/Fang/Analysis/MERFISH/merfish_analysis/20200303_hMTG_V11_4000gene_best_sample/data/logs/fov_10_zpos_5.0_registration.log
    output: /mnt/NAS/Fang/Analysis/MERFISH/merfish_analysis/20200303_hMTG_V11_4000gene_best_sample/data/logs/fov_10_zpos_5.0_DAPI_segmentation.log, /mnt/NAS/Fang/Analysis/MERFISH/merfish_analysis/20200303_hMTG_V11_4000gene_best_sample/data/logs/fov_10_zpos_5.0_DAPI_extract_features.log
    jobid: 766
    wildcards: analysisPath=/mnt/NAS/Fang/Analysis/MERFISH/merfish_analysis/20200303_hMTG_V11_4000gene_best_sample/data, fov=10, zpos=5.0


[Tue Oct  6 11:06:45 2020]
rule registration:
    input: /mnt/NAS/Fang/Analysis/MERFISH/merfish_analysis/20200303_hMTG_V11_4000gene_best_sample/data/logs/create_analysis.log
    output: /mnt/NAS/Fang/Analysis/MERFISH/merfish_analysis/20200303_hMTG_V11_4000gene_best_sample/data/logs/fov_54_zpos_1.0_registration.log, /mnt/NAS/Fang/Analysis/MERFISH/merfish_analysis/20200303_hMTG_V11_4000gene_best_sample/data/logs/fov_54_zpos_2.0_registration.log, /mnt/NAS/Fang/Analysis/MERFISH/merfish_analysis/20200303_hMTG_V11_4000gene_best_sample/data/logs/fov_54_zpos_3.0_registration.log, /mnt/NAS/Fang/Analysis/MERFISH/merfish_analysis/20200303_hMTG_V11_4000gene_best_sample/data/logs/fov_54_zpos_4.0_registration.log, /mnt/NAS/Fang/Analysis/MERFISH/merfish_analysis/20200303_hMTG_V11_4000gene_best_sample/data/logs/fov_54_zpos_5.0_registration.log, /mnt/NAS/Fang/Analysis/MERFISH/merfish_analysis/20200303_hMTG_V11_4000gene_best_sample/data/logs/fov_54_zpos_6.0_registration.log
    jobid: 56
    wildcards: analysisPath=/mnt/NAS/Fang/Analysis/MERFISH/merfish_analysis/20200303_hMTG_V11_4000gene_best_sample/data, fov=54

[Tue Oct  6 11:06:46 2020]
Finished job 48.
18 of 3111 steps (0.58%) done

[Tue Oct  6 11:06:46 2020]
rule registration:
    input: /mnt/NAS/Fang/Analysis/MERFISH/merfish_analysis/20200303_hMTG_V11_4000gene_best_sample/data/logs/create_analysis.log
    output: /mnt/NAS/Fang/Analysis/MERFISH/merfish_analysis/20200303_hMTG_V11_4000gene_best_sample/data/logs/fov_81_zpos_1.0_registration.log, /mnt/NAS/Fang/Analysis/MERFISH/merfish_analysis/20200303_hMTG_V11_4000gene_best_sample/data/logs/fov_81_zpos_2.0_registration.log, /mnt/NAS/Fang/Analysis/MERFISH/merfish_analysis/20200303_hMTG_V11_4000gene_best_sample/data/logs/fov_81_zpos_3.0_registration.log, /mnt/NAS/Fang/Analysis/MERFISH/merfish_analysis/20200303_hMTG_V11_4000gene_best_sample/data/logs/fov_81_zpos_4.0_registration.log, /mnt/NAS/Fang/Analysis/MERFISH/merfish_analysis/20200303_hMTG_V11_4000gene_best_sample/data/logs/fov_81_zpos_5.0_registration.log, /mnt/NAS/Fang/Analysis/MERFISH/merfish_analysis/20200303_hMTG_V11_4000gene_best_sample/data/logs/fov_81_zpos_6.0_registration.log
    jobid: 83
    wildcards: analysisPath=/mnt/NAS/Fang/Analysis/MERFISH/merfish_analysis/20200303_hMTG_V11_4000gene_best_sample/data, fov=81

[Tue Oct  6 11:07:14 2020]
Finished job 33.
19 of 3111 steps (0.61%) done

[Tue Oct  6 11:07:14 2020]
rule registration:
    input: /mnt/NAS/Fang/Analysis/MERFISH/merfish_analysis/20200303_hMTG_V11_4000gene_best_sample/data/logs/create_analysis.log
    output: /mnt/NAS/Fang/Analysis/MERFISH/merfish_analysis/20200303_hMTG_V11_4000gene_best_sample/data/logs/fov_78_zpos_1.0_registration.log, /mnt/NAS/Fang/Analysis/MERFISH/merfish_analysis/20200303_hMTG_V11_4000gene_best_sample/data/logs/fov_78_zpos_2.0_registration.log, /mnt/NAS/Fang/Analysis/MERFISH/merfish_analysis/20200303_hMTG_V11_4000gene_best_sample/data/logs/fov_78_zpos_3.0_registration.log, /mnt/NAS/Fang/Analysis/MERFISH/merfish_analysis/20200303_hMTG_V11_4000gene_best_sample/data/logs/fov_78_zpos_4.0_registration.log, /mnt/NAS/Fang/Analysis/MERFISH/merfish_analysis/20200303_hMTG_V11_4000gene_best_sample/data/logs/fov_78_zpos_5.0_registration.log, /mnt/NAS/Fang/Analysis/MERFISH/merfish_analysis/20200303_hMTG_V11_4000gene_best_sample/data/logs/fov_78_zpos_6.0_registration.log
    jobid: 80
    wildcards: analysisPath=/mnt/NAS/Fang/Analysis/MERFISH/merfish_analysis/20200303_hMTG_V11_4000gene_best_sample/data, fov=78

[Tue Oct  6 11:07:54 2020]
Finished job 765.
20 of 3111 steps (0.64%) done

[Tue Oct  6 11:07:54 2020]
rule registration:
    input: /mnt/NAS/Fang/Analysis/MERFISH/merfish_analysis/20200303_hMTG_V11_4000gene_best_sample/data/logs/create_analysis.log
    output: /mnt/NAS/Fang/Analysis/MERFISH/merfish_analysis/20200303_hMTG_V11_4000gene_best_sample/data/logs/fov_51_zpos_1.0_registration.log, /mnt/NAS/Fang/Analysis/MERFISH/merfish_analysis/20200303_hMTG_V11_4000gene_best_sample/data/logs/fov_51_zpos_2.0_registration.log, /mnt/NAS/Fang/Analysis/MERFISH/merfish_analysis/20200303_hMTG_V11_4000gene_best_sample/data/logs/fov_51_zpos_3.0_registration.log, /mnt/NAS/Fang/Analysis/MERFISH/merfish_analysis/20200303_hMTG_V11_4000gene_best_sample/data/logs/fov_51_zpos_4.0_registration.log, /mnt/NAS/Fang/Analysis/MERFISH/merfish_analysis/20200303_hMTG_V11_4000gene_best_sample/data/logs/fov_51_zpos_5.0_registration.log, /mnt/NAS/Fang/Analysis/MERFISH/merfish_analysis/20200303_hMTG_V11_4000gene_best_sample/data/logs/fov_51_zpos_6.0_registration.log
    jobid: 53
    wildcards: analysisPath=/mnt/NAS/Fang/Analysis/MERFISH/merfish_analysis/20200303_hMTG_V11_4000gene_best_sample/data, fov=51

[Tue Oct  6 11:07:55 2020]
Finished job 766.
21 of 3111 steps (0.68%) done

[Tue Oct  6 11:07:55 2020]
rule registration:
    input: /mnt/NAS/Fang/Analysis/MERFISH/merfish_analysis/20200303_hMTG_V11_4000gene_best_sample/data/logs/create_analysis.log
    output: /mnt/NAS/Fang/Analysis/MERFISH/merfish_analysis/20200303_hMTG_V11_4000gene_best_sample/data/logs/fov_79_zpos_1.0_registration.log, /mnt/NAS/Fang/Analysis/MERFISH/merfish_analysis/20200303_hMTG_V11_4000gene_best_sample/data/logs/fov_79_zpos_2.0_registration.log, /mnt/NAS/Fang/Analysis/MERFISH/merfish_analysis/20200303_hMTG_V11_4000gene_best_sample/data/logs/fov_79_zpos_3.0_registration.log, /mnt/NAS/Fang/Analysis/MERFISH/merfish_analysis/20200303_hMTG_V11_4000gene_best_sample/data/logs/fov_79_zpos_4.0_registration.log, /mnt/NAS/Fang/Analysis/MERFISH/merfish_analysis/20200303_hMTG_V11_4000gene_best_sample/data/logs/fov_79_zpos_5.0_registration.log, /mnt/NAS/Fang/Analysis/MERFISH/merfish_analysis/20200303_hMTG_V11_4000gene_best_sample/data/logs/fov_79_zpos_6.0_registration.log
    jobid: 81
    wildcards: analysisPath=/mnt/NAS/Fang/Analysis/MERFISH/merfish_analysis/20200303_hMTG_V11_4000gene_best_sample/data, fov=79

[Tue Oct  6 11:08:16 2020]
Finished job 9.
22 of 3111 steps (0.71%) done

[Tue Oct  6 11:08:16 2020]
rule registration:
    input: /mnt/NAS/Fang/Analysis/MERFISH/merfish_analysis/20200303_hMTG_V11_4000gene_best_sample/data/logs/create_analysis.log
    output: /mnt/NAS/Fang/Analysis/MERFISH/merfish_analysis/20200303_hMTG_V11_4000gene_best_sample/data/logs/fov_48_zpos_1.0_registration.log, /mnt/NAS/Fang/Analysis/MERFISH/merfish_analysis/20200303_hMTG_V11_4000gene_best_sample/data/logs/fov_48_zpos_2.0_registration.log, /mnt/NAS/Fang/Analysis/MERFISH/merfish_analysis/20200303_hMTG_V11_4000gene_best_sample/data/logs/fov_48_zpos_3.0_registration.log, /mnt/NAS/Fang/Analysis/MERFISH/merfish_analysis/20200303_hMTG_V11_4000gene_best_sample/data/logs/fov_48_zpos_4.0_registration.log, /mnt/NAS/Fang/Analysis/MERFISH/merfish_analysis/20200303_hMTG_V11_4000gene_best_sample/data/logs/fov_48_zpos_5.0_registration.log, /mnt/NAS/Fang/Analysis/MERFISH/merfish_analysis/20200303_hMTG_V11_4000gene_best_sample/data/logs/fov_48_zpos_6.0_registration.log
    jobid: 50
    wildcards: analysisPath=/mnt/NAS/Fang/Analysis/MERFISH/merfish_analysis/20200303_hMTG_V11_4000gene_best_sample/data, fov=48

[Tue Oct  6 11:08:57 2020]
Finished job 23.
23 of 3111 steps (0.74%) done

[Tue Oct  6 11:08:57 2020]
rule registration:
    input: /mnt/NAS/Fang/Analysis/MERFISH/merfish_analysis/20200303_hMTG_V11_4000gene_best_sample/data/logs/create_analysis.log
    output: /mnt/NAS/Fang/Analysis/MERFISH/merfish_analysis/20200303_hMTG_V11_4000gene_best_sample/data/logs/fov_72_zpos_1.0_registration.log, /mnt/NAS/Fang/Analysis/MERFISH/merfish_analysis/20200303_hMTG_V11_4000gene_best_sample/data/logs/fov_72_zpos_2.0_registration.log, /mnt/NAS/Fang/Analysis/MERFISH/merfish_analysis/20200303_hMTG_V11_4000gene_best_sample/data/logs/fov_72_zpos_3.0_registration.log, /mnt/NAS/Fang/Analysis/MERFISH/merfish_analysis/20200303_hMTG_V11_4000gene_best_sample/data/logs/fov_72_zpos_4.0_registration.log, /mnt/NAS/Fang/Analysis/MERFISH/merfish_analysis/20200303_hMTG_V11_4000gene_best_sample/data/logs/fov_72_zpos_5.0_registration.log, /mnt/NAS/Fang/Analysis/MERFISH/merfish_analysis/20200303_hMTG_V11_4000gene_best_sample/data/logs/fov_72_zpos_6.0_registration.log
    jobid: 74
    wildcards: analysisPath=/mnt/NAS/Fang/Analysis/MERFISH/merfish_analysis/20200303_hMTG_V11_4000gene_best_sample/data, fov=72

[Tue Oct  6 11:15:59 2020]
Error in rule registration:
    jobid: 80
    output: /mnt/NAS/Fang/Analysis/MERFISH/merfish_analysis/20200303_hMTG_V11_4000gene_best_sample/data/logs/fov_78_zpos_1.0_registration.log, /mnt/NAS/Fang/Analysis/MERFISH/merfish_analysis/20200303_hMTG_V11_4000gene_best_sample/data/logs/fov_78_zpos_2.0_registration.log, /mnt/NAS/Fang/Analysis/MERFISH/merfish_analysis/20200303_hMTG_V11_4000gene_best_sample/data/logs/fov_78_zpos_3.0_registration.log, /mnt/NAS/Fang/Analysis/MERFISH/merfish_analysis/20200303_hMTG_V11_4000gene_best_sample/data/logs/fov_78_zpos_4.0_registration.log, /mnt/NAS/Fang/Analysis/MERFISH/merfish_analysis/20200303_hMTG_V11_4000gene_best_sample/data/logs/fov_78_zpos_5.0_registration.log, /mnt/NAS/Fang/Analysis/MERFISH/merfish_analysis/20200303_hMTG_V11_4000gene_best_sample/data/logs/fov_78_zpos_6.0_registration.log
    shell:
        
		python /home/rfang/github/merfishdecoder/bin/merfishdecoder register-images 			--data-set-name=20200303_hMTG_V11_4000gene_best_sample/data 			--fov=78 			--zpos=1.0  			--output-name=/mnt/NAS/Fang/Analysis/MERFISH/merfish_analysis/20200303_hMTG_V11_4000gene_best_sample/data/warpedImages/fov_78_zpos_1.0.tif 			--register-drift=True 			--ref-frame-index=0 			--high-pass-filter-sigma=3 			--register-color=True 			--save-fiducials=False 			> /mnt/NAS/Fang/Analysis/MERFISH/merfish_analysis/20200303_hMTG_V11_4000gene_best_sample/data/logs/fov_78_zpos_1.0_registration.log
		python /home/rfang/github/merfishdecoder/bin/merfishdecoder register-images 			--data-set-name=20200303_hMTG_V11_4000gene_best_sample/data 			--fov=78 			--zpos=2.0 			--output-name=/mnt/NAS/Fang/Analysis/MERFISH/merfish_analysis/20200303_hMTG_V11_4000gene_best_sample/data/warpedImages/fov_78_zpos_2.0.tif 			--register-drift=True 			--ref-frame-index=0 			--high-pass-filter-sigma=3 			--register-color=True 			--save-fiducials=False 			> /mnt/NAS/Fang/Analysis/MERFISH/merfish_analysis/20200303_hMTG_V11_4000gene_best_sample/data/logs/fov_78_zpos_2.0_registration.log
		python /home/rfang/github/merfishdecoder/bin/merfishdecoder register-images 			--data-set-name=20200303_hMTG_V11_4000gene_best_sample/data 			--fov=78 			--zpos=3.0  			--output-name=/mnt/NAS/Fang/Analysis/MERFISH/merfish_analysis/20200303_hMTG_V11_4000gene_best_sample/data/warpedImages/fov_78_zpos_3.0.tif 			--register-drift=True 			--ref-frame-index=0 			--high-pass-filter-sigma=3 			--register-color=True 			--save-fiducials=False 			> /mnt/NAS/Fang/Analysis/MERFISH/merfish_analysis/20200303_hMTG_V11_4000gene_best_sample/data/logs/fov_78_zpos_3.0_registration.log
		python /home/rfang/github/merfishdecoder/bin/merfishdecoder register-images 			--data-set-name=20200303_hMTG_V11_4000gene_best_sample/data 			--fov=78 			--zpos=4.0  			--output-name=/mnt/NAS/Fang/Analysis/MERFISH/merfish_analysis/20200303_hMTG_V11_4000gene_best_sample/data/warpedImages/fov_78_zpos_4.0.tif 			--register-drift=True 			--ref-frame-index=0 			--high-pass-filter-sigma=3 			--register-color=True 			--save-fiducials=False 			> /mnt/NAS/Fang/Analysis/MERFISH/merfish_analysis/20200303_hMTG_V11_4000gene_best_sample/data/logs/fov_78_zpos_4.0_registration.log
		python /home/rfang/github/merfishdecoder/bin/merfishdecoder register-images 			--data-set-name=20200303_hMTG_V11_4000gene_best_sample/data 			--fov=78 			--zpos=5.0  			--output-name=/mnt/NAS/Fang/Analysis/MERFISH/merfish_analysis/20200303_hMTG_V11_4000gene_best_sample/data/warpedImages/fov_78_zpos_5.0.tif 			--register-drift=True 			--ref-frame-index=0 			--high-pass-filter-sigma=3 			--register-color=True 			--save-fiducials=False 			> /mnt/NAS/Fang/Analysis/MERFISH/merfish_analysis/20200303_hMTG_V11_4000gene_best_sample/data/logs/fov_78_zpos_5.0_registration.log
		python /home/rfang/github/merfishdecoder/bin/merfishdecoder register-images 			--data-set-name=20200303_hMTG_V11_4000gene_best_sample/data 			--fov=78 			--zpos=6.0  			--output-name=/mnt/NAS/Fang/Analysis/MERFISH/merfish_analysis/20200303_hMTG_V11_4000gene_best_sample/data/warpedImages/fov_78_zpos_6.0.tif 			--register-drift=True 			--ref-frame-index=0 			--high-pass-filter-sigma=3 			--register-color=True 			--save-fiducials=False 			> /mnt/NAS/Fang/Analysis/MERFISH/merfish_analysis/20200303_hMTG_V11_4000gene_best_sample/data/logs/fov_78_zpos_6.0_registration.log
		
        (one of the commands exited with non-zero exit code; note that snakemake uses bash strict mode!)

Removing output files of failed job registration since they might be corrupted:
/mnt/NAS/Fang/Analysis/MERFISH/merfish_analysis/20200303_hMTG_V11_4000gene_best_sample/data/logs/fov_78_zpos_1.0_registration.log, /mnt/NAS/Fang/Analysis/MERFISH/merfish_analysis/20200303_hMTG_V11_4000gene_best_sample/data/logs/fov_78_zpos_2.0_registration.log, /mnt/NAS/Fang/Analysis/MERFISH/merfish_analysis/20200303_hMTG_V11_4000gene_best_sample/data/logs/fov_78_zpos_3.0_registration.log, /mnt/NAS/Fang/Analysis/MERFISH/merfish_analysis/20200303_hMTG_V11_4000gene_best_sample/data/logs/fov_78_zpos_4.0_registration.log, /mnt/NAS/Fang/Analysis/MERFISH/merfish_analysis/20200303_hMTG_V11_4000gene_best_sample/data/logs/fov_78_zpos_5.0_registration.log
[Tue Oct  6 11:17:43 2020]
Finished job 61.
24 of 3111 steps (0.77%) done
[Tue Oct  6 11:17:48 2020]
Finished job 60.
25 of 3111 steps (0.80%) done
[Tue Oct  6 11:18:20 2020]
Finished job 83.
26 of 3111 steps (0.84%) done
[Tue Oct  6 11:19:05 2020]
Finished job 57.
27 of 3111 steps (0.87%) done
[Tue Oct  6 11:19:24 2020]
Finished job 56.
28 of 3111 steps (0.90%) done
[Tue Oct  6 11:19:39 2020]
Finished job 81.
29 of 3111 steps (0.93%) done
[Tue Oct  6 11:19:50 2020]
Finished job 53.
30 of 3111 steps (0.96%) done
[Tue Oct  6 11:19:54 2020]
Finished job 50.
31 of 3111 steps (1.00%) done
[Tue Oct  6 11:21:18 2020]
Finished job 74.
32 of 3111 steps (1%) done
Shutting down, this might take some time.
Exiting because a job execution failed. Look above for error message
Complete log: /home/rfang/github/merfishdecoder/snakemake/.snakemake/log/2020-10-06T103858.519117.snakemake.log
