Building DAG of jobs...
Using shell: /bin/bash
Provided cores: 10
Rules claiming more threads will be scaled down.
Job counts:
	count	jobs
	1	all
	1	assignBarcodes_DAPI
	1	assignBarcodes_polyT
	1	createAnalysis
	30	decoding
	1	exportBarcodes
	1	exportFeatures
	1	exportGeneFeatureMatrix
	30	extractBarcodes
	1	filterBarcodes
	1	filterBarcodesFeature
	1	filterFeatures
	30	preprocessing
	5	registration
	30	segmentation_DAPI
	30	segmentation_polyT
	1	trainPSM
	166

[Tue Oct  6 11:32:41 2020]
rule createAnalysis:
    output: /mnt/NAS/Fang/Analysis/MERFISH/merfish_analysis/MERFISH_test/data/logs/create_analysis.log
    jobid: 1
    wildcards: analysisPath=/mnt/NAS/Fang/Analysis/MERFISH/merfish_analysis/MERFISH_test/data

[Tue Oct  6 11:32:42 2020]
Error in rule createAnalysis:
    jobid: 1
    output: /mnt/NAS/Fang/Analysis/MERFISH/merfish_analysis/MERFISH_test/data/logs/create_analysis.log
    shell:
        
		python /home/rfang/github/merfishdecoder/bin/merfishdecoder create-analysis 			--data-set-name=MERFISH_test/data 			--codebook-name=hMTGE1_V11_codebook_4000.csv 			--data-organization-name=hMTGdataorganization_48bit_6z.v11.csv 			--microscope-parameter-name=MERFISH_MZ.json 			--microscope-chromatic-aberration-name=MERFIFH_MZ_ca_profile_2020_10_01_.pkl 			--position-name=MERFISH_test_positions.csv 			--data-home=r3fang/MERFISH_raw_data 			--analysis-home=/mnt/NAS/Fang/Analysis/MERFISH/merfish_analysis 			> /mnt/NAS/Fang/Analysis/MERFISH/merfish_analysis/MERFISH_test/data/logs/create_analysis.log
		
        (one of the commands exited with non-zero exit code; note that snakemake uses bash strict mode!)

Removing output files of failed job createAnalysis since they might be corrupted:
/mnt/NAS/Fang/Analysis/MERFISH/merfish_analysis/MERFISH_test/data/logs/create_analysis.log
Shutting down, this might take some time.
Exiting because a job execution failed. Look above for error message
Complete log: /home/rfang/github/merfishdecoder/snakemake/.snakemake/log/2020-10-06T113240.545798.snakemake.log
