Building DAG of jobs...
Using shell: /bin/bash
Provided cores: 10
Rules claiming more threads will be scaled down.
Job counts:
	count	jobs
	1	all
	1	assignBarcodes_DAPI
	1	assignBarcodes_polyT
	300	decoding
	1	exportBarcodes
	1	exportFeatures
	1	exportGeneFeatureMatrix
	30	extractBarcodes
	1	filterBarcodes
	1	filterBarcodesFeature
	1	filterFeatures
	1	trainPSM
	340

[Tue Oct  6 12:02:43 2020]
rule decoding:
    input: /mnt/NAS/Fang/Analysis/MERFISH/merfish_analysis/MERFISH_test/data/logs/create_analysis.log
    output: /mnt/NAS/Fang/Analysis/MERFISH/merfish_analysis/MERFISH_test/data/logs/fov_29_zpos_1.0_registration.log, /mnt/NAS/Fang/Analysis/MERFISH/merfish_analysis/MERFISH_test/data/logs/fov_29_zpos_1.0_processing.log, /mnt/NAS/Fang/Analysis/MERFISH/merfish_analysis/MERFISH_test/data/logs/fov_29_zpos_1.0_DAPI_segmentation.log, /mnt/NAS/Fang/Analysis/MERFISH/merfish_analysis/MERFISH_test/data/logs/fov_29_zpos_1.0_polyT_segmentation.log, /mnt/NAS/Fang/Analysis/MERFISH/merfish_analysis/MERFISH_test/data/logs/fov_29_zpos_1.0_polyT_extract_features.log, /mnt/NAS/Fang/Analysis/MERFISH/merfish_analysis/MERFISH_test/data/logs/fov_29_zpos_1.0_DAPI_extract_features.log, /mnt/NAS/Fang/Analysis/MERFISH/merfish_analysis/MERFISH_test/data/logs/fov_29_zpos_1.0_decoding.log
    jobid: 215
    wildcards: analysisPath=/mnt/NAS/Fang/Analysis/MERFISH/merfish_analysis/MERFISH_test/data, fov=29, zpos=1.0


[Tue Oct  6 12:02:43 2020]
rule decoding:
    input: /mnt/NAS/Fang/Analysis/MERFISH/merfish_analysis/MERFISH_test/data/logs/create_analysis.log
    output: /mnt/NAS/Fang/Analysis/MERFISH/merfish_analysis/MERFISH_test/data/logs/fov_39_zpos_6.0_registration.log, /mnt/NAS/Fang/Analysis/MERFISH/merfish_analysis/MERFISH_test/data/logs/fov_39_zpos_6.0_processing.log, /mnt/NAS/Fang/Analysis/MERFISH/merfish_analysis/MERFISH_test/data/logs/fov_39_zpos_6.0_DAPI_segmentation.log, /mnt/NAS/Fang/Analysis/MERFISH/merfish_analysis/MERFISH_test/data/logs/fov_39_zpos_6.0_polyT_segmentation.log, /mnt/NAS/Fang/Analysis/MERFISH/merfish_analysis/MERFISH_test/data/logs/fov_39_zpos_6.0_polyT_extract_features.log, /mnt/NAS/Fang/Analysis/MERFISH/merfish_analysis/MERFISH_test/data/logs/fov_39_zpos_6.0_DAPI_extract_features.log, /mnt/NAS/Fang/Analysis/MERFISH/merfish_analysis/MERFISH_test/data/logs/fov_39_zpos_6.0_decoding.log
    jobid: 280
    wildcards: analysisPath=/mnt/NAS/Fang/Analysis/MERFISH/merfish_analysis/MERFISH_test/data, fov=39, zpos=6.0


[Tue Oct  6 12:02:43 2020]
rule decoding:
    input: /mnt/NAS/Fang/Analysis/MERFISH/merfish_analysis/MERFISH_test/data/logs/create_analysis.log
    output: /mnt/NAS/Fang/Analysis/MERFISH/merfish_analysis/MERFISH_test/data/logs/fov_45_zpos_6.0_registration.log, /mnt/NAS/Fang/Analysis/MERFISH/merfish_analysis/MERFISH_test/data/logs/fov_45_zpos_6.0_processing.log, /mnt/NAS/Fang/Analysis/MERFISH/merfish_analysis/MERFISH_test/data/logs/fov_45_zpos_6.0_DAPI_segmentation.log, /mnt/NAS/Fang/Analysis/MERFISH/merfish_analysis/MERFISH_test/data/logs/fov_45_zpos_6.0_polyT_segmentation.log, /mnt/NAS/Fang/Analysis/MERFISH/merfish_analysis/MERFISH_test/data/logs/fov_45_zpos_6.0_polyT_extract_features.log, /mnt/NAS/Fang/Analysis/MERFISH/merfish_analysis/MERFISH_test/data/logs/fov_45_zpos_6.0_DAPI_extract_features.log, /mnt/NAS/Fang/Analysis/MERFISH/merfish_analysis/MERFISH_test/data/logs/fov_45_zpos_6.0_decoding.log
    jobid: 316
    wildcards: analysisPath=/mnt/NAS/Fang/Analysis/MERFISH/merfish_analysis/MERFISH_test/data, fov=45, zpos=6.0


[Tue Oct  6 12:02:43 2020]
rule decoding:
    input: /mnt/NAS/Fang/Analysis/MERFISH/merfish_analysis/MERFISH_test/data/logs/create_analysis.log
    output: /mnt/NAS/Fang/Analysis/MERFISH/merfish_analysis/MERFISH_test/data/logs/fov_46_zpos_6.0_registration.log, /mnt/NAS/Fang/Analysis/MERFISH/merfish_analysis/MERFISH_test/data/logs/fov_46_zpos_6.0_processing.log, /mnt/NAS/Fang/Analysis/MERFISH/merfish_analysis/MERFISH_test/data/logs/fov_46_zpos_6.0_DAPI_segmentation.log, /mnt/NAS/Fang/Analysis/MERFISH/merfish_analysis/MERFISH_test/data/logs/fov_46_zpos_6.0_polyT_segmentation.log, /mnt/NAS/Fang/Analysis/MERFISH/merfish_analysis/MERFISH_test/data/logs/fov_46_zpos_6.0_polyT_extract_features.log, /mnt/NAS/Fang/Analysis/MERFISH/merfish_analysis/MERFISH_test/data/logs/fov_46_zpos_6.0_DAPI_extract_features.log, /mnt/NAS/Fang/Analysis/MERFISH/merfish_analysis/MERFISH_test/data/logs/fov_46_zpos_6.0_decoding.log
    jobid: 322
    wildcards: analysisPath=/mnt/NAS/Fang/Analysis/MERFISH/merfish_analysis/MERFISH_test/data, fov=46, zpos=6.0


[Tue Oct  6 12:02:43 2020]
rule decoding:
    input: /mnt/NAS/Fang/Analysis/MERFISH/merfish_analysis/MERFISH_test/data/logs/create_analysis.log
    output: /mnt/NAS/Fang/Analysis/MERFISH/merfish_analysis/MERFISH_test/data/logs/fov_2_zpos_2.0_registration.log, /mnt/NAS/Fang/Analysis/MERFISH/merfish_analysis/MERFISH_test/data/logs/fov_2_zpos_2.0_processing.log, /mnt/NAS/Fang/Analysis/MERFISH/merfish_analysis/MERFISH_test/data/logs/fov_2_zpos_2.0_DAPI_segmentation.log, /mnt/NAS/Fang/Analysis/MERFISH/merfish_analysis/MERFISH_test/data/logs/fov_2_zpos_2.0_polyT_segmentation.log, /mnt/NAS/Fang/Analysis/MERFISH/merfish_analysis/MERFISH_test/data/logs/fov_2_zpos_2.0_polyT_extract_features.log, /mnt/NAS/Fang/Analysis/MERFISH/merfish_analysis/MERFISH_test/data/logs/fov_2_zpos_2.0_DAPI_extract_features.log, /mnt/NAS/Fang/Analysis/MERFISH/merfish_analysis/MERFISH_test/data/logs/fov_2_zpos_2.0_decoding.log
    jobid: 15
    wildcards: analysisPath=/mnt/NAS/Fang/Analysis/MERFISH/merfish_analysis/MERFISH_test/data, fov=2, zpos=2.0


[Tue Oct  6 12:02:43 2020]
rule decoding:
    input: /mnt/NAS/Fang/Analysis/MERFISH/merfish_analysis/MERFISH_test/data/logs/create_analysis.log
    output: /mnt/NAS/Fang/Analysis/MERFISH/merfish_analysis/MERFISH_test/data/logs/fov_4_zpos_4.0_registration.log, /mnt/NAS/Fang/Analysis/MERFISH/merfish_analysis/MERFISH_test/data/logs/fov_4_zpos_4.0_processing.log, /mnt/NAS/Fang/Analysis/MERFISH/merfish_analysis/MERFISH_test/data/logs/fov_4_zpos_4.0_DAPI_segmentation.log, /mnt/NAS/Fang/Analysis/MERFISH/merfish_analysis/MERFISH_test/data/logs/fov_4_zpos_4.0_polyT_segmentation.log, /mnt/NAS/Fang/Analysis/MERFISH/merfish_analysis/MERFISH_test/data/logs/fov_4_zpos_4.0_polyT_extract_features.log, /mnt/NAS/Fang/Analysis/MERFISH/merfish_analysis/MERFISH_test/data/logs/fov_4_zpos_4.0_DAPI_extract_features.log, /mnt/NAS/Fang/Analysis/MERFISH/merfish_analysis/MERFISH_test/data/logs/fov_4_zpos_4.0_decoding.log
    jobid: 29
    wildcards: analysisPath=/mnt/NAS/Fang/Analysis/MERFISH/merfish_analysis/MERFISH_test/data, fov=4, zpos=4.0


[Tue Oct  6 12:02:43 2020]
rule decoding:
    input: /mnt/NAS/Fang/Analysis/MERFISH/merfish_analysis/MERFISH_test/data/logs/create_analysis.log
    output: /mnt/NAS/Fang/Analysis/MERFISH/merfish_analysis/MERFISH_test/data/logs/fov_7_zpos_3.0_registration.log, /mnt/NAS/Fang/Analysis/MERFISH/merfish_analysis/MERFISH_test/data/logs/fov_7_zpos_3.0_processing.log, /mnt/NAS/Fang/Analysis/MERFISH/merfish_analysis/MERFISH_test/data/logs/fov_7_zpos_3.0_DAPI_segmentation.log, /mnt/NAS/Fang/Analysis/MERFISH/merfish_analysis/MERFISH_test/data/logs/fov_7_zpos_3.0_polyT_segmentation.log, /mnt/NAS/Fang/Analysis/MERFISH/merfish_analysis/MERFISH_test/data/logs/fov_7_zpos_3.0_polyT_extract_features.log, /mnt/NAS/Fang/Analysis/MERFISH/merfish_analysis/MERFISH_test/data/logs/fov_7_zpos_3.0_DAPI_extract_features.log, /mnt/NAS/Fang/Analysis/MERFISH/merfish_analysis/MERFISH_test/data/logs/fov_7_zpos_3.0_decoding.log
    jobid: 85
    wildcards: analysisPath=/mnt/NAS/Fang/Analysis/MERFISH/merfish_analysis/MERFISH_test/data, fov=7, zpos=3.0


[Tue Oct  6 12:02:43 2020]
rule decoding:
    input: /mnt/NAS/Fang/Analysis/MERFISH/merfish_analysis/MERFISH_test/data/logs/create_analysis.log
    output: /mnt/NAS/Fang/Analysis/MERFISH/merfish_analysis/MERFISH_test/data/logs/fov_9_zpos_5.0_registration.log, /mnt/NAS/Fang/Analysis/MERFISH/merfish_analysis/MERFISH_test/data/logs/fov_9_zpos_5.0_processing.log, /mnt/NAS/Fang/Analysis/MERFISH/merfish_analysis/MERFISH_test/data/logs/fov_9_zpos_5.0_DAPI_segmentation.log, /mnt/NAS/Fang/Analysis/MERFISH/merfish_analysis/MERFISH_test/data/logs/fov_9_zpos_5.0_polyT_segmentation.log, /mnt/NAS/Fang/Analysis/MERFISH/merfish_analysis/MERFISH_test/data/logs/fov_9_zpos_5.0_polyT_extract_features.log, /mnt/NAS/Fang/Analysis/MERFISH/merfish_analysis/MERFISH_test/data/logs/fov_9_zpos_5.0_DAPI_extract_features.log, /mnt/NAS/Fang/Analysis/MERFISH/merfish_analysis/MERFISH_test/data/logs/fov_9_zpos_5.0_decoding.log
    jobid: 99
    wildcards: analysisPath=/mnt/NAS/Fang/Analysis/MERFISH/merfish_analysis/MERFISH_test/data, fov=9, zpos=5.0


[Tue Oct  6 12:02:43 2020]
rule decoding:
    input: /mnt/NAS/Fang/Analysis/MERFISH/merfish_analysis/MERFISH_test/data/logs/create_analysis.log
    output: /mnt/NAS/Fang/Analysis/MERFISH/merfish_analysis/MERFISH_test/data/logs/fov_12_zpos_1.0_registration.log, /mnt/NAS/Fang/Analysis/MERFISH/merfish_analysis/MERFISH_test/data/logs/fov_12_zpos_1.0_processing.log, /mnt/NAS/Fang/Analysis/MERFISH/merfish_analysis/MERFISH_test/data/logs/fov_12_zpos_1.0_DAPI_segmentation.log, /mnt/NAS/Fang/Analysis/MERFISH/merfish_analysis/MERFISH_test/data/logs/fov_12_zpos_1.0_polyT_segmentation.log, /mnt/NAS/Fang/Analysis/MERFISH/merfish_analysis/MERFISH_test/data/logs/fov_12_zpos_1.0_polyT_extract_features.log, /mnt/NAS/Fang/Analysis/MERFISH/merfish_analysis/MERFISH_test/data/logs/fov_12_zpos_1.0_DAPI_extract_features.log, /mnt/NAS/Fang/Analysis/MERFISH/merfish_analysis/MERFISH_test/data/logs/fov_12_zpos_1.0_decoding.log
    jobid: 113
    wildcards: analysisPath=/mnt/NAS/Fang/Analysis/MERFISH/merfish_analysis/MERFISH_test/data, fov=12, zpos=1.0


[Tue Oct  6 12:02:43 2020]
rule decoding:
    input: /mnt/NAS/Fang/Analysis/MERFISH/merfish_analysis/MERFISH_test/data/logs/create_analysis.log
    output: /mnt/NAS/Fang/Analysis/MERFISH/merfish_analysis/MERFISH_test/data/logs/fov_19_zpos_1.0_registration.log, /mnt/NAS/Fang/Analysis/MERFISH/merfish_analysis/MERFISH_test/data/logs/fov_19_zpos_1.0_processing.log, /mnt/NAS/Fang/Analysis/MERFISH/merfish_analysis/MERFISH_test/data/logs/fov_19_zpos_1.0_DAPI_segmentation.log, /mnt/NAS/Fang/Analysis/MERFISH/merfish_analysis/MERFISH_test/data/logs/fov_19_zpos_1.0_polyT_segmentation.log, /mnt/NAS/Fang/Analysis/MERFISH/merfish_analysis/MERFISH_test/data/logs/fov_19_zpos_1.0_polyT_extract_features.log, /mnt/NAS/Fang/Analysis/MERFISH/merfish_analysis/MERFISH_test/data/logs/fov_19_zpos_1.0_DAPI_extract_features.log, /mnt/NAS/Fang/Analysis/MERFISH/merfish_analysis/MERFISH_test/data/logs/fov_19_zpos_1.0_decoding.log
    jobid: 155
    wildcards: analysisPath=/mnt/NAS/Fang/Analysis/MERFISH/merfish_analysis/MERFISH_test/data, fov=19, zpos=1.0

[Tue Oct  6 12:02:45 2020]
Error in rule decoding:
    jobid: 99
    output: /mnt/NAS/Fang/Analysis/MERFISH/merfish_analysis/MERFISH_test/data/logs/fov_9_zpos_5.0_registration.log, /mnt/NAS/Fang/Analysis/MERFISH/merfish_analysis/MERFISH_test/data/logs/fov_9_zpos_5.0_processing.log, /mnt/NAS/Fang/Analysis/MERFISH/merfish_analysis/MERFISH_test/data/logs/fov_9_zpos_5.0_DAPI_segmentation.log, /mnt/NAS/Fang/Analysis/MERFISH/merfish_analysis/MERFISH_test/data/logs/fov_9_zpos_5.0_polyT_segmentation.log, /mnt/NAS/Fang/Analysis/MERFISH/merfish_analysis/MERFISH_test/data/logs/fov_9_zpos_5.0_polyT_extract_features.log, /mnt/NAS/Fang/Analysis/MERFISH/merfish_analysis/MERFISH_test/data/logs/fov_9_zpos_5.0_DAPI_extract_features.log, /mnt/NAS/Fang/Analysis/MERFISH/merfish_analysis/MERFISH_test/data/logs/fov_9_zpos_5.0_decoding.log
    shell:
        
		python /home/rfang/github/merfishdecoder/bin/merfishdecoder register-images 			--data-set-name=MERFISH_test/data 			--fov=9 			--zpos=1.0  			--output-name=/mnt/NAS/Fang/Analysis/MERFISH/merfish_analysis/MERFISH_test/data/warpedImages/fov_9_zpos_5.0.tif 			--register-drift=True 			--ref-frame-index=0 			--high-pass-filter-sigma=3 			--register-color=True 			--save-fiducials=False 			> /mnt/NAS/Fang/Analysis/MERFISH/merfish_analysis/MERFISH_test/data/logs/fov_9_zpos_5.0_registration.log

		python /home/rfang/github/merfishdecoder/bin/merfishdecoder segmentation 			--data-set-name=MERFISH_test/data 			--fov=9 			--zpos=5.0 			--warped-images-name=/mnt/NAS/Fang/Analysis/MERFISH/merfish_analysis/MERFISH_test/data/warpedImages/fov_9_zpos_5.0.tif 			--feature-name=DAPI 			--output-name=/mnt/NAS/Fang/Analysis/MERFISH/merfish_analysis/MERFISH_test/data/segmentedImages/fov_9_zpos_5.0_DAPI.npz 			--diameter=150 			--model-type=nuclei 			--gpu=False  			> /mnt/NAS/Fang/Analysis/MERFISH/merfish_analysis/MERFISH_test/data/logs/fov_9_zpos_5.0_DAPI_segmentation.log
		
		python /home/rfang/github/merfishdecoder/bin/merfishdecoder extract-features 			--data-set-name=MERFISH_test/data 			--fov=9 			--zpos=5.0 			--segmented-images-name=/mnt/NAS/Fang/Analysis/MERFISH/merfish_analysis/MERFISH_test/data/segmentedImages/fov_9_zpos_5.0_DAPI.npz 			--output-name=/mnt/NAS/Fang/Analysis/MERFISH/merfish_analysis/MERFISH_test/data/extractedFeatures/fov_9_zpos_5.0_DAPI 			> /mnt/NAS/Fang/Analysis/MERFISH/merfish_analysis/MERFISH_test/data/logs/fov_9_zpos_5.0_DAPI_extract_features.log

		rm /mnt/NAS/Fang/Analysis/MERFISH/merfish_analysis/MERFISH_test/data/segmentedImages/fov_9_zpos_5.0_DAPI.npz
		
		python /home/rfang/github/merfishdecoder/bin/merfishdecoder segmentation 			--data-set-name=MERFISH_test/data 			--fov=9 			--zpos=5.0 			--warped-images-name=/mnt/NAS/Fang/Analysis/MERFISH/merfish_analysis/MERFISH_test/data/warpedImages/fov_9_zpos_5.0.tif 			--feature-name=polyT 			--output-name=/mnt/NAS/Fang/Analysis/MERFISH/merfish_analysis/MERFISH_test/data/segmentedImages/fov_9_zpos_5.0_ployT.npz 			--diameter=200 			--model-type=cyto 			--gpu=False  			> /mnt/NAS/Fang/Analysis/MERFISH/merfish_analysis/MERFISH_test/data/logs/fov_9_zpos_5.0_polyT_segmentation.log
		
		python /home/rfang/github/merfishdecoder/bin/merfishdecoder extract-features 			--data-set-name=MERFISH_test/data 			--fov=9 			--zpos=5.0 			--segmented-images-name=/mnt/NAS/Fang/Analysis/MERFISH/merfish_analysis/MERFISH_test/data/segmentedImages/fov_9_zpos_5.0_polyT.npz 			--output-name=/mnt/NAS/Fang/Analysis/MERFISH/merfish_analysis/MERFISH_test/data/extractedFeatures/fov_9_zpos_5.0_polyT 			> /mnt/NAS/Fang/Analysis/MERFISH/merfish_analysis/MERFISH_test/data/logs/fov_9_zpos_5.0_polyT_extract_features.log

		rm /mnt/NAS/Fang/Analysis/MERFISH/merfish_analysis/MERFISH_test/data/segmentedImages/fov_9_zpos_5.0_polyT.npz
		
		python /home/rfang/github/merfishdecoder/bin/merfishdecoder process-images 			--data-set-name=MERFISH_test/data 			--fov=9 --zpos=5.0 			--warped-images-name=/mnt/NAS/Fang/Analysis/MERFISH/merfish_analysis/MERFISH_test/data/warpedImages/fov_9_zpos_5.0.tif 			--output-name=/mnt/NAS/Fang/Analysis/MERFISH/merfish_analysis/MERFISH_test/data/processedImages/fov_9_zpos_5.0.npz 			--high-pass-filter-sigma=3 			> /mnt/NAS/Fang/Analysis/MERFISH/merfish_analysis/MERFISH_test/data/logs/fov_9_zpos_5.0_processing.log
		
		rm /mnt/NAS/Fang/Analysis/MERFISH/merfish_analysis/MERFISH_test/data/warpedImages/fov_9_zpos_5.0.tif

		python /home/rfang/github/merfishdecoder/bin/merfishdecoder decode-images 			--data-set-name=MERFISH_test/data 			--fov=9 			--zpos=5.0 			--decoding-images-name=/mnt/NAS/Fang/Analysis/MERFISH/merfish_analysis/MERFISH_test/data/processedImages/fov_9_zpos_5.0.npz 			--output-name=/mnt/NAS/Fang/Analysis/MERFISH/merfish_analysis/MERFISH_test/data/decodedImages/fov_9_zpos_5.0.npz 			--border-size=80 			--magnitude-threshold=0 			--distance-threshold=0.6 			> /mnt/NAS/Fang/Analysis/MERFISH/merfish_analysis/MERFISH_test/data/logs/fov_9_zpos_5.0_decoding.log

		rm /mnt/NAS/Fang/Analysis/MERFISH/merfish_analysis/MERFISH_test/data/processedImages/fov_9_zpos_5.0.npz

		
        (one of the commands exited with non-zero exit code; note that snakemake uses bash strict mode!)

[Tue Oct  6 12:02:45 2020]
Error in rule decoding:
    jobid: 280
    output: /mnt/NAS/Fang/Analysis/MERFISH/merfish_analysis/MERFISH_test/data/logs/fov_39_zpos_6.0_registration.log, /mnt/NAS/Fang/Analysis/MERFISH/merfish_analysis/MERFISH_test/data/logs/fov_39_zpos_6.0_processing.log, /mnt/NAS/Fang/Analysis/MERFISH/merfish_analysis/MERFISH_test/data/logs/fov_39_zpos_6.0_DAPI_segmentation.log, /mnt/NAS/Fang/Analysis/MERFISH/merfish_analysis/MERFISH_test/data/logs/fov_39_zpos_6.0_polyT_segmentation.log, /mnt/NAS/Fang/Analysis/MERFISH/merfish_analysis/MERFISH_test/data/logs/fov_39_zpos_6.0_polyT_extract_features.log, /mnt/NAS/Fang/Analysis/MERFISH/merfish_analysis/MERFISH_test/data/logs/fov_39_zpos_6.0_DAPI_extract_features.log, /mnt/NAS/Fang/Analysis/MERFISH/merfish_analysis/MERFISH_test/data/logs/fov_39_zpos_6.0_decoding.log
    shell:
        
		python /home/rfang/github/merfishdecoder/bin/merfishdecoder register-images 			--data-set-name=MERFISH_test/data 			--fov=39 			--zpos=1.0  			--output-name=/mnt/NAS/Fang/Analysis/MERFISH/merfish_analysis/MERFISH_test/data/warpedImages/fov_39_zpos_6.0.tif 			--register-drift=True 			--ref-frame-index=0 			--high-pass-filter-sigma=3 			--register-color=True 			--save-fiducials=False 			> /mnt/NAS/Fang/Analysis/MERFISH/merfish_analysis/MERFISH_test/data/logs/fov_39_zpos_6.0_registration.log

		python /home/rfang/github/merfishdecoder/bin/merfishdecoder segmentation 			--data-set-name=MERFISH_test/data 			--fov=39 			--zpos=6.0 			--warped-images-name=/mnt/NAS/Fang/Analysis/MERFISH/merfish_analysis/MERFISH_test/data/warpedImages/fov_39_zpos_6.0.tif 			--feature-name=DAPI 			--output-name=/mnt/NAS/Fang/Analysis/MERFISH/merfish_analysis/MERFISH_test/data/segmentedImages/fov_39_zpos_6.0_DAPI.npz 			--diameter=150 			--model-type=nuclei 			--gpu=False  			> /mnt/NAS/Fang/Analysis/MERFISH/merfish_analysis/MERFISH_test/data/logs/fov_39_zpos_6.0_DAPI_segmentation.log
		
		python /home/rfang/github/merfishdecoder/bin/merfishdecoder extract-features 			--data-set-name=MERFISH_test/data 			--fov=39 			--zpos=6.0 			--segmented-images-name=/mnt/NAS/Fang/Analysis/MERFISH/merfish_analysis/MERFISH_test/data/segmentedImages/fov_39_zpos_6.0_DAPI.npz 			--output-name=/mnt/NAS/Fang/Analysis/MERFISH/merfish_analysis/MERFISH_test/data/extractedFeatures/fov_39_zpos_6.0_DAPI 			> /mnt/NAS/Fang/Analysis/MERFISH/merfish_analysis/MERFISH_test/data/logs/fov_39_zpos_6.0_DAPI_extract_features.log

		rm /mnt/NAS/Fang/Analysis/MERFISH/merfish_analysis/MERFISH_test/data/segmentedImages/fov_39_zpos_6.0_DAPI.npz
		
		python /home/rfang/github/merfishdecoder/bin/merfishdecoder segmentation 			--data-set-name=MERFISH_test/data 			--fov=39 			--zpos=6.0 			--warped-images-name=/mnt/NAS/Fang/Analysis/MERFISH/merfish_analysis/MERFISH_test/data/warpedImages/fov_39_zpos_6.0.tif 			--feature-name=polyT 			--output-name=/mnt/NAS/Fang/Analysis/MERFISH/merfish_analysis/MERFISH_test/data/segmentedImages/fov_39_zpos_6.0_ployT.npz 			--diameter=200 			--model-type=cyto 			--gpu=False  			> /mnt/NAS/Fang/Analysis/MERFISH/merfish_analysis/MERFISH_test/data/logs/fov_39_zpos_6.0_polyT_segmentation.log
		
		python /home/rfang/github/merfishdecoder/bin/merfishdecoder extract-features 			--data-set-name=MERFISH_test/data 			--fov=39 			--zpos=6.0 			--segmented-images-name=/mnt/NAS/Fang/Analysis/MERFISH/merfish_analysis/MERFISH_test/data/segmentedImages/fov_39_zpos_6.0_polyT.npz 			--output-name=/mnt/NAS/Fang/Analysis/MERFISH/merfish_analysis/MERFISH_test/data/extractedFeatures/fov_39_zpos_6.0_polyT 			> /mnt/NAS/Fang/Analysis/MERFISH/merfish_analysis/MERFISH_test/data/logs/fov_39_zpos_6.0_polyT_extract_features.log

		rm /mnt/NAS/Fang/Analysis/MERFISH/merfish_analysis/MERFISH_test/data/segmentedImages/fov_39_zpos_6.0_polyT.npz
		
		python /home/rfang/github/merfishdecoder/bin/merfishdecoder process-images 			--data-set-name=MERFISH_test/data 			--fov=39 --zpos=6.0 			--warped-images-name=/mnt/NAS/Fang/Analysis/MERFISH/merfish_analysis/MERFISH_test/data/warpedImages/fov_39_zpos_6.0.tif 			--output-name=/mnt/NAS/Fang/Analysis/MERFISH/merfish_analysis/MERFISH_test/data/processedImages/fov_39_zpos_6.0.npz 			--high-pass-filter-sigma=3 			> /mnt/NAS/Fang/Analysis/MERFISH/merfish_analysis/MERFISH_test/data/logs/fov_39_zpos_6.0_processing.log
		
		rm /mnt/NAS/Fang/Analysis/MERFISH/merfish_analysis/MERFISH_test/data/warpedImages/fov_39_zpos_6.0.tif

		python /home/rfang/github/merfishdecoder/bin/merfishdecoder decode-images 			--data-set-name=MERFISH_test/data 			--fov=39 			--zpos=6.0 			--decoding-images-name=/mnt/NAS/Fang/Analysis/MERFISH/merfish_analysis/MERFISH_test/data/processedImages/fov_39_zpos_6.0.npz 			--output-name=/mnt/NAS/Fang/Analysis/MERFISH/merfish_analysis/MERFISH_test/data/decodedImages/fov_39_zpos_6.0.npz 			--border-size=80 			--magnitude-threshold=0 			--distance-threshold=0.6 			> /mnt/NAS/Fang/Analysis/MERFISH/merfish_analysis/MERFISH_test/data/logs/fov_39_zpos_6.0_decoding.log

		rm /mnt/NAS/Fang/Analysis/MERFISH/merfish_analysis/MERFISH_test/data/processedImages/fov_39_zpos_6.0.npz

		
        (one of the commands exited with non-zero exit code; note that snakemake uses bash strict mode!)

[Tue Oct  6 12:02:45 2020]
Error in rule decoding:
    jobid: 85
    output: /mnt/NAS/Fang/Analysis/MERFISH/merfish_analysis/MERFISH_test/data/logs/fov_7_zpos_3.0_registration.log, /mnt/NAS/Fang/Analysis/MERFISH/merfish_analysis/MERFISH_test/data/logs/fov_7_zpos_3.0_processing.log, /mnt/NAS/Fang/Analysis/MERFISH/merfish_analysis/MERFISH_test/data/logs/fov_7_zpos_3.0_DAPI_segmentation.log, /mnt/NAS/Fang/Analysis/MERFISH/merfish_analysis/MERFISH_test/data/logs/fov_7_zpos_3.0_polyT_segmentation.log, /mnt/NAS/Fang/Analysis/MERFISH/merfish_analysis/MERFISH_test/data/logs/fov_7_zpos_3.0_polyT_extract_features.log, /mnt/NAS/Fang/Analysis/MERFISH/merfish_analysis/MERFISH_test/data/logs/fov_7_zpos_3.0_DAPI_extract_features.log, /mnt/NAS/Fang/Analysis/MERFISH/merfish_analysis/MERFISH_test/data/logs/fov_7_zpos_3.0_decoding.log
    shell:
        
		python /home/rfang/github/merfishdecoder/bin/merfishdecoder register-images 			--data-set-name=MERFISH_test/data 			--fov=7 			--zpos=1.0  			--output-name=/mnt/NAS/Fang/Analysis/MERFISH/merfish_analysis/MERFISH_test/data/warpedImages/fov_7_zpos_3.0.tif 			--register-drift=True 			--ref-frame-index=0 			--high-pass-filter-sigma=3 			--register-color=True 			--save-fiducials=False 			> /mnt/NAS/Fang/Analysis/MERFISH/merfish_analysis/MERFISH_test/data/logs/fov_7_zpos_3.0_registration.log

		python /home/rfang/github/merfishdecoder/bin/merfishdecoder segmentation 			--data-set-name=MERFISH_test/data 			--fov=7 			--zpos=3.0 			--warped-images-name=/mnt/NAS/Fang/Analysis/MERFISH/merfish_analysis/MERFISH_test/data/warpedImages/fov_7_zpos_3.0.tif 			--feature-name=DAPI 			--output-name=/mnt/NAS/Fang/Analysis/MERFISH/merfish_analysis/MERFISH_test/data/segmentedImages/fov_7_zpos_3.0_DAPI.npz 			--diameter=150 			--model-type=nuclei 			--gpu=False  			> /mnt/NAS/Fang/Analysis/MERFISH/merfish_analysis/MERFISH_test/data/logs/fov_7_zpos_3.0_DAPI_segmentation.log
		
		python /home/rfang/github/merfishdecoder/bin/merfishdecoder extract-features 			--data-set-name=MERFISH_test/data 			--fov=7 			--zpos=3.0 			--segmented-images-name=/mnt/NAS/Fang/Analysis/MERFISH/merfish_analysis/MERFISH_test/data/segmentedImages/fov_7_zpos_3.0_DAPI.npz 			--output-name=/mnt/NAS/Fang/Analysis/MERFISH/merfish_analysis/MERFISH_test/data/extractedFeatures/fov_7_zpos_3.0_DAPI 			> /mnt/NAS/Fang/Analysis/MERFISH/merfish_analysis/MERFISH_test/data/logs/fov_7_zpos_3.0_DAPI_extract_features.log

		rm /mnt/NAS/Fang/Analysis/MERFISH/merfish_analysis/MERFISH_test/data/segmentedImages/fov_7_zpos_3.0_DAPI.npz
		
		python /home/rfang/github/merfishdecoder/bin/merfishdecoder segmentation 			--data-set-name=MERFISH_test/data 			--fov=7 			--zpos=3.0 			--warped-images-name=/mnt/NAS/Fang/Analysis/MERFISH/merfish_analysis/MERFISH_test/data/warpedImages/fov_7_zpos_3.0.tif 			--feature-name=polyT 			--output-name=/mnt/NAS/Fang/Analysis/MERFISH/merfish_analysis/MERFISH_test/data/segmentedImages/fov_7_zpos_3.0_ployT.npz 			--diameter=200 			--model-type=cyto 			--gpu=False  			> /mnt/NAS/Fang/Analysis/MERFISH/merfish_analysis/MERFISH_test/data/logs/fov_7_zpos_3.0_polyT_segmentation.log
		
		python /home/rfang/github/merfishdecoder/bin/merfishdecoder extract-features 			--data-set-name=MERFISH_test/data 			--fov=7 			--zpos=3.0 			--segmented-images-name=/mnt/NAS/Fang/Analysis/MERFISH/merfish_analysis/MERFISH_test/data/segmentedImages/fov_7_zpos_3.0_polyT.npz 			--output-name=/mnt/NAS/Fang/Analysis/MERFISH/merfish_analysis/MERFISH_test/data/extractedFeatures/fov_7_zpos_3.0_polyT 			> /mnt/NAS/Fang/Analysis/MERFISH/merfish_analysis/MERFISH_test/data/logs/fov_7_zpos_3.0_polyT_extract_features.log

		rm /mnt/NAS/Fang/Analysis/MERFISH/merfish_analysis/MERFISH_test/data/segmentedImages/fov_7_zpos_3.0_polyT.npz
		
		python /home/rfang/github/merfishdecoder/bin/merfishdecoder process-images 			--data-set-name=MERFISH_test/data 			--fov=7 --zpos=3.0 			--warped-images-name=/mnt/NAS/Fang/Analysis/MERFISH/merfish_analysis/MERFISH_test/data/warpedImages/fov_7_zpos_3.0.tif 			--output-name=/mnt/NAS/Fang/Analysis/MERFISH/merfish_analysis/MERFISH_test/data/processedImages/fov_7_zpos_3.0.npz 			--high-pass-filter-sigma=3 			> /mnt/NAS/Fang/Analysis/MERFISH/merfish_analysis/MERFISH_test/data/logs/fov_7_zpos_3.0_processing.log
		
		rm /mnt/NAS/Fang/Analysis/MERFISH/merfish_analysis/MERFISH_test/data/warpedImages/fov_7_zpos_3.0.tif

		python /home/rfang/github/merfishdecoder/bin/merfishdecoder decode-images 			--data-set-name=MERFISH_test/data 			--fov=7 			--zpos=3.0 			--decoding-images-name=/mnt/NAS/Fang/Analysis/MERFISH/merfish_analysis/MERFISH_test/data/processedImages/fov_7_zpos_3.0.npz 			--output-name=/mnt/NAS/Fang/Analysis/MERFISH/merfish_analysis/MERFISH_test/data/decodedImages/fov_7_zpos_3.0.npz 			--border-size=80 			--magnitude-threshold=0 			--distance-threshold=0.6 			> /mnt/NAS/Fang/Analysis/MERFISH/merfish_analysis/MERFISH_test/data/logs/fov_7_zpos_3.0_decoding.log

		rm /mnt/NAS/Fang/Analysis/MERFISH/merfish_analysis/MERFISH_test/data/processedImages/fov_7_zpos_3.0.npz

		
        (one of the commands exited with non-zero exit code; note that snakemake uses bash strict mode!)

Removing output files of failed job decoding since they might be corrupted:
/mnt/NAS/Fang/Analysis/MERFISH/merfish_analysis/MERFISH_test/data/logs/fov_9_zpos_5.0_registration.log
Removing output files of failed job decoding since they might be corrupted:
/mnt/NAS/Fang/Analysis/MERFISH/merfish_analysis/MERFISH_test/data/logs/fov_39_zpos_6.0_registration.log
[Tue Oct  6 12:02:45 2020]
Error in rule decoding:
    jobid: 155
    output: /mnt/NAS/Fang/Analysis/MERFISH/merfish_analysis/MERFISH_test/data/logs/fov_19_zpos_1.0_registration.log, /mnt/NAS/Fang/Analysis/MERFISH/merfish_analysis/MERFISH_test/data/logs/fov_19_zpos_1.0_processing.log, /mnt/NAS/Fang/Analysis/MERFISH/merfish_analysis/MERFISH_test/data/logs/fov_19_zpos_1.0_DAPI_segmentation.log, /mnt/NAS/Fang/Analysis/MERFISH/merfish_analysis/MERFISH_test/data/logs/fov_19_zpos_1.0_polyT_segmentation.log, /mnt/NAS/Fang/Analysis/MERFISH/merfish_analysis/MERFISH_test/data/logs/fov_19_zpos_1.0_polyT_extract_features.log, /mnt/NAS/Fang/Analysis/MERFISH/merfish_analysis/MERFISH_test/data/logs/fov_19_zpos_1.0_DAPI_extract_features.log, /mnt/NAS/Fang/Analysis/MERFISH/merfish_analysis/MERFISH_test/data/logs/fov_19_zpos_1.0_decoding.log
    shell:
        
		python /home/rfang/github/merfishdecoder/bin/merfishdecoder register-images 			--data-set-name=MERFISH_test/data 			--fov=19 			--zpos=1.0  			--output-name=/mnt/NAS/Fang/Analysis/MERFISH/merfish_analysis/MERFISH_test/data/warpedImages/fov_19_zpos_1.0.tif 			--register-drift=True 			--ref-frame-index=0 			--high-pass-filter-sigma=3 			--register-color=True 			--save-fiducials=False 			> /mnt/NAS/Fang/Analysis/MERFISH/merfish_analysis/MERFISH_test/data/logs/fov_19_zpos_1.0_registration.log

		python /home/rfang/github/merfishdecoder/bin/merfishdecoder segmentation 			--data-set-name=MERFISH_test/data 			--fov=19 			--zpos=1.0 			--warped-images-name=/mnt/NAS/Fang/Analysis/MERFISH/merfish_analysis/MERFISH_test/data/warpedImages/fov_19_zpos_1.0.tif 			--feature-name=DAPI 			--output-name=/mnt/NAS/Fang/Analysis/MERFISH/merfish_analysis/MERFISH_test/data/segmentedImages/fov_19_zpos_1.0_DAPI.npz 			--diameter=150 			--model-type=nuclei 			--gpu=False  			> /mnt/NAS/Fang/Analysis/MERFISH/merfish_analysis/MERFISH_test/data/logs/fov_19_zpos_1.0_DAPI_segmentation.log
		
		python /home/rfang/github/merfishdecoder/bin/merfishdecoder extract-features 			--data-set-name=MERFISH_test/data 			--fov=19 			--zpos=1.0 			--segmented-images-name=/mnt/NAS/Fang/Analysis/MERFISH/merfish_analysis/MERFISH_test/data/segmentedImages/fov_19_zpos_1.0_DAPI.npz 			--output-name=/mnt/NAS/Fang/Analysis/MERFISH/merfish_analysis/MERFISH_test/data/extractedFeatures/fov_19_zpos_1.0_DAPI 			> /mnt/NAS/Fang/Analysis/MERFISH/merfish_analysis/MERFISH_test/data/logs/fov_19_zpos_1.0_DAPI_extract_features.log

		rm /mnt/NAS/Fang/Analysis/MERFISH/merfish_analysis/MERFISH_test/data/segmentedImages/fov_19_zpos_1.0_DAPI.npz
		
		python /home/rfang/github/merfishdecoder/bin/merfishdecoder segmentation 			--data-set-name=MERFISH_test/data 			--fov=19 			--zpos=1.0 			--warped-images-name=/mnt/NAS/Fang/Analysis/MERFISH/merfish_analysis/MERFISH_test/data/warpedImages/fov_19_zpos_1.0.tif 			--feature-name=polyT 			--output-name=/mnt/NAS/Fang/Analysis/MERFISH/merfish_analysis/MERFISH_test/data/segmentedImages/fov_19_zpos_1.0_ployT.npz 			--diameter=200 			--model-type=cyto 			--gpu=False  			> /mnt/NAS/Fang/Analysis/MERFISH/merfish_analysis/MERFISH_test/data/logs/fov_19_zpos_1.0_polyT_segmentation.log
		
		python /home/rfang/github/merfishdecoder/bin/merfishdecoder extract-features 			--data-set-name=MERFISH_test/data 			--fov=19 			--zpos=1.0 			--segmented-images-name=/mnt/NAS/Fang/Analysis/MERFISH/merfish_analysis/MERFISH_test/data/segmentedImages/fov_19_zpos_1.0_polyT.npz 			--output-name=/mnt/NAS/Fang/Analysis/MERFISH/merfish_analysis/MERFISH_test/data/extractedFeatures/fov_19_zpos_1.0_polyT 			> /mnt/NAS/Fang/Analysis/MERFISH/merfish_analysis/MERFISH_test/data/logs/fov_19_zpos_1.0_polyT_extract_features.log

		rm /mnt/NAS/Fang/Analysis/MERFISH/merfish_analysis/MERFISH_test/data/segmentedImages/fov_19_zpos_1.0_polyT.npz
		
		python /home/rfang/github/merfishdecoder/bin/merfishdecoder process-images 			--data-set-name=MERFISH_test/data 			--fov=19 --zpos=1.0 			--warped-images-name=/mnt/NAS/Fang/Analysis/MERFISH/merfish_analysis/MERFISH_test/data/warpedImages/fov_19_zpos_1.0.tif 			--output-name=/mnt/NAS/Fang/Analysis/MERFISH/merfish_analysis/MERFISH_test/data/processedImages/fov_19_zpos_1.0.npz 			--high-pass-filter-sigma=3 			> /mnt/NAS/Fang/Analysis/MERFISH/merfish_analysis/MERFISH_test/data/logs/fov_19_zpos_1.0_processing.log
		
		rm /mnt/NAS/Fang/Analysis/MERFISH/merfish_analysis/MERFISH_test/data/warpedImages/fov_19_zpos_1.0.tif

		python /home/rfang/github/merfishdecoder/bin/merfishdecoder decode-images 			--data-set-name=MERFISH_test/data 			--fov=19 			--zpos=1.0 			--decoding-images-name=/mnt/NAS/Fang/Analysis/MERFISH/merfish_analysis/MERFISH_test/data/processedImages/fov_19_zpos_1.0.npz 			--output-name=/mnt/NAS/Fang/Analysis/MERFISH/merfish_analysis/MERFISH_test/data/decodedImages/fov_19_zpos_1.0.npz 			--border-size=80 			--magnitude-threshold=0 			--distance-threshold=0.6 			> /mnt/NAS/Fang/Analysis/MERFISH/merfish_analysis/MERFISH_test/data/logs/fov_19_zpos_1.0_decoding.log

		rm /mnt/NAS/Fang/Analysis/MERFISH/merfish_analysis/MERFISH_test/data/processedImages/fov_19_zpos_1.0.npz

		
        (one of the commands exited with non-zero exit code; note that snakemake uses bash strict mode!)

Removing output files of failed job decoding since they might be corrupted:
/mnt/NAS/Fang/Analysis/MERFISH/merfish_analysis/MERFISH_test/data/logs/fov_7_zpos_3.0_registration.log
Removing output files of failed job decoding since they might be corrupted:
/mnt/NAS/Fang/Analysis/MERFISH/merfish_analysis/MERFISH_test/data/logs/fov_19_zpos_1.0_registration.log
[Tue Oct  6 12:02:45 2020]
Error in rule decoding:
    jobid: 322
    output: /mnt/NAS/Fang/Analysis/MERFISH/merfish_analysis/MERFISH_test/data/logs/fov_46_zpos_6.0_registration.log, /mnt/NAS/Fang/Analysis/MERFISH/merfish_analysis/MERFISH_test/data/logs/fov_46_zpos_6.0_processing.log, /mnt/NAS/Fang/Analysis/MERFISH/merfish_analysis/MERFISH_test/data/logs/fov_46_zpos_6.0_DAPI_segmentation.log, /mnt/NAS/Fang/Analysis/MERFISH/merfish_analysis/MERFISH_test/data/logs/fov_46_zpos_6.0_polyT_segmentation.log, /mnt/NAS/Fang/Analysis/MERFISH/merfish_analysis/MERFISH_test/data/logs/fov_46_zpos_6.0_polyT_extract_features.log, /mnt/NAS/Fang/Analysis/MERFISH/merfish_analysis/MERFISH_test/data/logs/fov_46_zpos_6.0_DAPI_extract_features.log, /mnt/NAS/Fang/Analysis/MERFISH/merfish_analysis/MERFISH_test/data/logs/fov_46_zpos_6.0_decoding.log
    shell:
        
		python /home/rfang/github/merfishdecoder/bin/merfishdecoder register-images 			--data-set-name=MERFISH_test/data 			--fov=46 			--zpos=1.0  			--output-name=/mnt/NAS/Fang/Analysis/MERFISH/merfish_analysis/MERFISH_test/data/warpedImages/fov_46_zpos_6.0.tif 			--register-drift=True 			--ref-frame-index=0 			--high-pass-filter-sigma=3 			--register-color=True 			--save-fiducials=False 			> /mnt/NAS/Fang/Analysis/MERFISH/merfish_analysis/MERFISH_test/data/logs/fov_46_zpos_6.0_registration.log

		python /home/rfang/github/merfishdecoder/bin/merfishdecoder segmentation 			--data-set-name=MERFISH_test/data 			--fov=46 			--zpos=6.0 			--warped-images-name=/mnt/NAS/Fang/Analysis/MERFISH/merfish_analysis/MERFISH_test/data/warpedImages/fov_46_zpos_6.0.tif 			--feature-name=DAPI 			--output-name=/mnt/NAS/Fang/Analysis/MERFISH/merfish_analysis/MERFISH_test/data/segmentedImages/fov_46_zpos_6.0_DAPI.npz 			--diameter=150 			--model-type=nuclei 			--gpu=False  			> /mnt/NAS/Fang/Analysis/MERFISH/merfish_analysis/MERFISH_test/data/logs/fov_46_zpos_6.0_DAPI_segmentation.log
		
		python /home/rfang/github/merfishdecoder/bin/merfishdecoder extract-features 			--data-set-name=MERFISH_test/data 			--fov=46 			--zpos=6.0 			--segmented-images-name=/mnt/NAS/Fang/Analysis/MERFISH/merfish_analysis/MERFISH_test/data/segmentedImages/fov_46_zpos_6.0_DAPI.npz 			--output-name=/mnt/NAS/Fang/Analysis/MERFISH/merfish_analysis/MERFISH_test/data/extractedFeatures/fov_46_zpos_6.0_DAPI 			> /mnt/NAS/Fang/Analysis/MERFISH/merfish_analysis/MERFISH_test/data/logs/fov_46_zpos_6.0_DAPI_extract_features.log

		rm /mnt/NAS/Fang/Analysis/MERFISH/merfish_analysis/MERFISH_test/data/segmentedImages/fov_46_zpos_6.0_DAPI.npz
		
		python /home/rfang/github/merfishdecoder/bin/merfishdecoder segmentation 			--data-set-name=MERFISH_test/data 			--fov=46 			--zpos=6.0 			--warped-images-name=/mnt/NAS/Fang/Analysis/MERFISH/merfish_analysis/MERFISH_test/data/warpedImages/fov_46_zpos_6.0.tif 			--feature-name=polyT 			--output-name=/mnt/NAS/Fang/Analysis/MERFISH/merfish_analysis/MERFISH_test/data/segmentedImages/fov_46_zpos_6.0_ployT.npz 			--diameter=200 			--model-type=cyto 			--gpu=False  			> /mnt/NAS/Fang/Analysis/MERFISH/merfish_analysis/MERFISH_test/data/logs/fov_46_zpos_6.0_polyT_segmentation.log
		
		python /home/rfang/github/merfishdecoder/bin/merfishdecoder extract-features 			--data-set-name=MERFISH_test/data 			--fov=46 			--zpos=6.0 			--segmented-images-name=/mnt/NAS/Fang/Analysis/MERFISH/merfish_analysis/MERFISH_test/data/segmentedImages/fov_46_zpos_6.0_polyT.npz 			--output-name=/mnt/NAS/Fang/Analysis/MERFISH/merfish_analysis/MERFISH_test/data/extractedFeatures/fov_46_zpos_6.0_polyT 			> /mnt/NAS/Fang/Analysis/MERFISH/merfish_analysis/MERFISH_test/data/logs/fov_46_zpos_6.0_polyT_extract_features.log

		rm /mnt/NAS/Fang/Analysis/MERFISH/merfish_analysis/MERFISH_test/data/segmentedImages/fov_46_zpos_6.0_polyT.npz
		
		python /home/rfang/github/merfishdecoder/bin/merfishdecoder process-images 			--data-set-name=MERFISH_test/data 			--fov=46 --zpos=6.0 			--warped-images-name=/mnt/NAS/Fang/Analysis/MERFISH/merfish_analysis/MERFISH_test/data/warpedImages/fov_46_zpos_6.0.tif 			--output-name=/mnt/NAS/Fang/Analysis/MERFISH/merfish_analysis/MERFISH_test/data/processedImages/fov_46_zpos_6.0.npz 			--high-pass-filter-sigma=3 			> /mnt/NAS/Fang/Analysis/MERFISH/merfish_analysis/MERFISH_test/data/logs/fov_46_zpos_6.0_processing.log
		
		rm /mnt/NAS/Fang/Analysis/MERFISH/merfish_analysis/MERFISH_test/data/warpedImages/fov_46_zpos_6.0.tif

		python /home/rfang/github/merfishdecoder/bin/merfishdecoder decode-images 			--data-set-name=MERFISH_test/data 			--fov=46 			--zpos=6.0 			--decoding-images-name=/mnt/NAS/Fang/Analysis/MERFISH/merfish_analysis/MERFISH_test/data/processedImages/fov_46_zpos_6.0.npz 			--output-name=/mnt/NAS/Fang/Analysis/MERFISH/merfish_analysis/MERFISH_test/data/decodedImages/fov_46_zpos_6.0.npz 			--border-size=80 			--magnitude-threshold=0 			--distance-threshold=0.6 			> /mnt/NAS/Fang/Analysis/MERFISH/merfish_analysis/MERFISH_test/data/logs/fov_46_zpos_6.0_decoding.log

		rm /mnt/NAS/Fang/Analysis/MERFISH/merfish_analysis/MERFISH_test/data/processedImages/fov_46_zpos_6.0.npz

		
        (one of the commands exited with non-zero exit code; note that snakemake uses bash strict mode!)

Removing output files of failed job decoding since they might be corrupted:
/mnt/NAS/Fang/Analysis/MERFISH/merfish_analysis/MERFISH_test/data/logs/fov_46_zpos_6.0_registration.log
[Tue Oct  6 12:02:45 2020]
Error in rule decoding:
    jobid: 316
    output: /mnt/NAS/Fang/Analysis/MERFISH/merfish_analysis/MERFISH_test/data/logs/fov_45_zpos_6.0_registration.log, /mnt/NAS/Fang/Analysis/MERFISH/merfish_analysis/MERFISH_test/data/logs/fov_45_zpos_6.0_processing.log, /mnt/NAS/Fang/Analysis/MERFISH/merfish_analysis/MERFISH_test/data/logs/fov_45_zpos_6.0_DAPI_segmentation.log, /mnt/NAS/Fang/Analysis/MERFISH/merfish_analysis/MERFISH_test/data/logs/fov_45_zpos_6.0_polyT_segmentation.log, /mnt/NAS/Fang/Analysis/MERFISH/merfish_analysis/MERFISH_test/data/logs/fov_45_zpos_6.0_polyT_extract_features.log, /mnt/NAS/Fang/Analysis/MERFISH/merfish_analysis/MERFISH_test/data/logs/fov_45_zpos_6.0_DAPI_extract_features.log, /mnt/NAS/Fang/Analysis/MERFISH/merfish_analysis/MERFISH_test/data/logs/fov_45_zpos_6.0_decoding.log
    shell:
        
		python /home/rfang/github/merfishdecoder/bin/merfishdecoder register-images 			--data-set-name=MERFISH_test/data 			--fov=45 			--zpos=1.0  			--output-name=/mnt/NAS/Fang/Analysis/MERFISH/merfish_analysis/MERFISH_test/data/warpedImages/fov_45_zpos_6.0.tif 			--register-drift=True 			--ref-frame-index=0 			--high-pass-filter-sigma=3 			--register-color=True 			--save-fiducials=False 			> /mnt/NAS/Fang/Analysis/MERFISH/merfish_analysis/MERFISH_test/data/logs/fov_45_zpos_6.0_registration.log

		python /home/rfang/github/merfishdecoder/bin/merfishdecoder segmentation 			--data-set-name=MERFISH_test/data 			--fov=45 			--zpos=6.0 			--warped-images-name=/mnt/NAS/Fang/Analysis/MERFISH/merfish_analysis/MERFISH_test/data/warpedImages/fov_45_zpos_6.0.tif 			--feature-name=DAPI 			--output-name=/mnt/NAS/Fang/Analysis/MERFISH/merfish_analysis/MERFISH_test/data/segmentedImages/fov_45_zpos_6.0_DAPI.npz 			--diameter=150 			--model-type=nuclei 			--gpu=False  			> /mnt/NAS/Fang/Analysis/MERFISH/merfish_analysis/MERFISH_test/data/logs/fov_45_zpos_6.0_DAPI_segmentation.log
		
		python /home/rfang/github/merfishdecoder/bin/merfishdecoder extract-features 			--data-set-name=MERFISH_test/data 			--fov=45 			--zpos=6.0 			--segmented-images-name=/mnt/NAS/Fang/Analysis/MERFISH/merfish_analysis/MERFISH_test/data/segmentedImages/fov_45_zpos_6.0_DAPI.npz 			--output-name=/mnt/NAS/Fang/Analysis/MERFISH/merfish_analysis/MERFISH_test/data/extractedFeatures/fov_45_zpos_6.0_DAPI 			> /mnt/NAS/Fang/Analysis/MERFISH/merfish_analysis/MERFISH_test/data/logs/fov_45_zpos_6.0_DAPI_extract_features.log

		rm /mnt/NAS/Fang/Analysis/MERFISH/merfish_analysis/MERFISH_test/data/segmentedImages/fov_45_zpos_6.0_DAPI.npz
		
		python /home/rfang/github/merfishdecoder/bin/merfishdecoder segmentation 			--data-set-name=MERFISH_test/data 			--fov=45 			--zpos=6.0 			--warped-images-name=/mnt/NAS/Fang/Analysis/MERFISH/merfish_analysis/MERFISH_test/data/warpedImages/fov_45_zpos_6.0.tif 			--feature-name=polyT 			--output-name=/mnt/NAS/Fang/Analysis/MERFISH/merfish_analysis/MERFISH_test/data/segmentedImages/fov_45_zpos_6.0_ployT.npz 			--diameter=200 			--model-type=cyto 			--gpu=False  			> /mnt/NAS/Fang/Analysis/MERFISH/merfish_analysis/MERFISH_test/data/logs/fov_45_zpos_6.0_polyT_segmentation.log
		
		python /home/rfang/github/merfishdecoder/bin/merfishdecoder extract-features 			--data-set-name=MERFISH_test/data 			--fov=45 			--zpos=6.0 			--segmented-images-name=/mnt/NAS/Fang/Analysis/MERFISH/merfish_analysis/MERFISH_test/data/segmentedImages/fov_45_zpos_6.0_polyT.npz 			--output-name=/mnt/NAS/Fang/Analysis/MERFISH/merfish_analysis/MERFISH_test/data/extractedFeatures/fov_45_zpos_6.0_polyT 			> /mnt/NAS/Fang/Analysis/MERFISH/merfish_analysis/MERFISH_test/data/logs/fov_45_zpos_6.0_polyT_extract_features.log

		rm /mnt/NAS/Fang/Analysis/MERFISH/merfish_analysis/MERFISH_test/data/segmentedImages/fov_45_zpos_6.0_polyT.npz
		
		python /home/rfang/github/merfishdecoder/bin/merfishdecoder process-images 			--data-set-name=MERFISH_test/data 			--fov=45 --zpos=6.0 			--warped-images-name=/mnt/NAS/Fang/Analysis/MERFISH/merfish_analysis/MERFISH_test/data/warpedImages/fov_45_zpos_6.0.tif 			--output-name=/mnt/NAS/Fang/Analysis/MERFISH/merfish_analysis/MERFISH_test/data/processedImages/fov_45_zpos_6.0.npz 			--high-pass-filter-sigma=3 			> /mnt/NAS/Fang/Analysis/MERFISH/merfish_analysis/MERFISH_test/data/logs/fov_45_zpos_6.0_processing.log
		
		rm /mnt/NAS/Fang/Analysis/MERFISH/merfish_analysis/MERFISH_test/data/warpedImages/fov_45_zpos_6.0.tif

		python /home/rfang/github/merfishdecoder/bin/merfishdecoder decode-images 			--data-set-name=MERFISH_test/data 			--fov=45 			--zpos=6.0 			--decoding-images-name=/mnt/NAS/Fang/Analysis/MERFISH/merfish_analysis/MERFISH_test/data/processedImages/fov_45_zpos_6.0.npz 			--output-name=/mnt/NAS/Fang/Analysis/MERFISH/merfish_analysis/MERFISH_test/data/decodedImages/fov_45_zpos_6.0.npz 			--border-size=80 			--magnitude-threshold=0 			--distance-threshold=0.6 			> /mnt/NAS/Fang/Analysis/MERFISH/merfish_analysis/MERFISH_test/data/logs/fov_45_zpos_6.0_decoding.log

		rm /mnt/NAS/Fang/Analysis/MERFISH/merfish_analysis/MERFISH_test/data/processedImages/fov_45_zpos_6.0.npz

		
        (one of the commands exited with non-zero exit code; note that snakemake uses bash strict mode!)

Removing output files of failed job decoding since they might be corrupted:
/mnt/NAS/Fang/Analysis/MERFISH/merfish_analysis/MERFISH_test/data/logs/fov_45_zpos_6.0_registration.log
[Tue Oct  6 12:02:45 2020]
Error in rule decoding:
    jobid: 215
    output: /mnt/NAS/Fang/Analysis/MERFISH/merfish_analysis/MERFISH_test/data/logs/fov_29_zpos_1.0_registration.log, /mnt/NAS/Fang/Analysis/MERFISH/merfish_analysis/MERFISH_test/data/logs/fov_29_zpos_1.0_processing.log, /mnt/NAS/Fang/Analysis/MERFISH/merfish_analysis/MERFISH_test/data/logs/fov_29_zpos_1.0_DAPI_segmentation.log, /mnt/NAS/Fang/Analysis/MERFISH/merfish_analysis/MERFISH_test/data/logs/fov_29_zpos_1.0_polyT_segmentation.log, /mnt/NAS/Fang/Analysis/MERFISH/merfish_analysis/MERFISH_test/data/logs/fov_29_zpos_1.0_polyT_extract_features.log, /mnt/NAS/Fang/Analysis/MERFISH/merfish_analysis/MERFISH_test/data/logs/fov_29_zpos_1.0_DAPI_extract_features.log, /mnt/NAS/Fang/Analysis/MERFISH/merfish_analysis/MERFISH_test/data/logs/fov_29_zpos_1.0_decoding.log
    shell:
        
		python /home/rfang/github/merfishdecoder/bin/merfishdecoder register-images 			--data-set-name=MERFISH_test/data 			--fov=29 			--zpos=1.0  			--output-name=/mnt/NAS/Fang/Analysis/MERFISH/merfish_analysis/MERFISH_test/data/warpedImages/fov_29_zpos_1.0.tif 			--register-drift=True 			--ref-frame-index=0 			--high-pass-filter-sigma=3 			--register-color=True 			--save-fiducials=False 			> /mnt/NAS/Fang/Analysis/MERFISH/merfish_analysis/MERFISH_test/data/logs/fov_29_zpos_1.0_registration.log

		python /home/rfang/github/merfishdecoder/bin/merfishdecoder segmentation 			--data-set-name=MERFISH_test/data 			--fov=29 			--zpos=1.0 			--warped-images-name=/mnt/NAS/Fang/Analysis/MERFISH/merfish_analysis/MERFISH_test/data/warpedImages/fov_29_zpos_1.0.tif 			--feature-name=DAPI 			--output-name=/mnt/NAS/Fang/Analysis/MERFISH/merfish_analysis/MERFISH_test/data/segmentedImages/fov_29_zpos_1.0_DAPI.npz 			--diameter=150 			--model-type=nuclei 			--gpu=False  			> /mnt/NAS/Fang/Analysis/MERFISH/merfish_analysis/MERFISH_test/data/logs/fov_29_zpos_1.0_DAPI_segmentation.log
		
		python /home/rfang/github/merfishdecoder/bin/merfishdecoder extract-features 			--data-set-name=MERFISH_test/data 			--fov=29 			--zpos=1.0 			--segmented-images-name=/mnt/NAS/Fang/Analysis/MERFISH/merfish_analysis/MERFISH_test/data/segmentedImages/fov_29_zpos_1.0_DAPI.npz 			--output-name=/mnt/NAS/Fang/Analysis/MERFISH/merfish_analysis/MERFISH_test/data/extractedFeatures/fov_29_zpos_1.0_DAPI 			> /mnt/NAS/Fang/Analysis/MERFISH/merfish_analysis/MERFISH_test/data/logs/fov_29_zpos_1.0_DAPI_extract_features.log

		rm /mnt/NAS/Fang/Analysis/MERFISH/merfish_analysis/MERFISH_test/data/segmentedImages/fov_29_zpos_1.0_DAPI.npz
		
		python /home/rfang/github/merfishdecoder/bin/merfishdecoder segmentation 			--data-set-name=MERFISH_test/data 			--fov=29 			--zpos=1.0 			--warped-images-name=/mnt/NAS/Fang/Analysis/MERFISH/merfish_analysis/MERFISH_test/data/warpedImages/fov_29_zpos_1.0.tif 			--feature-name=polyT 			--output-name=/mnt/NAS/Fang/Analysis/MERFISH/merfish_analysis/MERFISH_test/data/segmentedImages/fov_29_zpos_1.0_ployT.npz 			--diameter=200 			--model-type=cyto 			--gpu=False  			> /mnt/NAS/Fang/Analysis/MERFISH/merfish_analysis/MERFISH_test/data/logs/fov_29_zpos_1.0_polyT_segmentation.log
		
		python /home/rfang/github/merfishdecoder/bin/merfishdecoder extract-features 			--data-set-name=MERFISH_test/data 			--fov=29 			--zpos=1.0 			--segmented-images-name=/mnt/NAS/Fang/Analysis/MERFISH/merfish_analysis/MERFISH_test/data/segmentedImages/fov_29_zpos_1.0_polyT.npz 			--output-name=/mnt/NAS/Fang/Analysis/MERFISH/merfish_analysis/MERFISH_test/data/extractedFeatures/fov_29_zpos_1.0_polyT 			> /mnt/NAS/Fang/Analysis/MERFISH/merfish_analysis/MERFISH_test/data/logs/fov_29_zpos_1.0_polyT_extract_features.log

		rm /mnt/NAS/Fang/Analysis/MERFISH/merfish_analysis/MERFISH_test/data/segmentedImages/fov_29_zpos_1.0_polyT.npz
		
		python /home/rfang/github/merfishdecoder/bin/merfishdecoder process-images 			--data-set-name=MERFISH_test/data 			--fov=29 --zpos=1.0 			--warped-images-name=/mnt/NAS/Fang/Analysis/MERFISH/merfish_analysis/MERFISH_test/data/warpedImages/fov_29_zpos_1.0.tif 			--output-name=/mnt/NAS/Fang/Analysis/MERFISH/merfish_analysis/MERFISH_test/data/processedImages/fov_29_zpos_1.0.npz 			--high-pass-filter-sigma=3 			> /mnt/NAS/Fang/Analysis/MERFISH/merfish_analysis/MERFISH_test/data/logs/fov_29_zpos_1.0_processing.log
		
		rm /mnt/NAS/Fang/Analysis/MERFISH/merfish_analysis/MERFISH_test/data/warpedImages/fov_29_zpos_1.0.tif

		python /home/rfang/github/merfishdecoder/bin/merfishdecoder decode-images 			--data-set-name=MERFISH_test/data 			--fov=29 			--zpos=1.0 			--decoding-images-name=/mnt/NAS/Fang/Analysis/MERFISH/merfish_analysis/MERFISH_test/data/processedImages/fov_29_zpos_1.0.npz 			--output-name=/mnt/NAS/Fang/Analysis/MERFISH/merfish_analysis/MERFISH_test/data/decodedImages/fov_29_zpos_1.0.npz 			--border-size=80 			--magnitude-threshold=0 			--distance-threshold=0.6 			> /mnt/NAS/Fang/Analysis/MERFISH/merfish_analysis/MERFISH_test/data/logs/fov_29_zpos_1.0_decoding.log

		rm /mnt/NAS/Fang/Analysis/MERFISH/merfish_analysis/MERFISH_test/data/processedImages/fov_29_zpos_1.0.npz

		
        (one of the commands exited with non-zero exit code; note that snakemake uses bash strict mode!)

Removing output files of failed job decoding since they might be corrupted:
/mnt/NAS/Fang/Analysis/MERFISH/merfish_analysis/MERFISH_test/data/logs/fov_29_zpos_1.0_registration.log
[Tue Oct  6 12:02:45 2020]
Error in rule decoding:
    jobid: 113
    output: /mnt/NAS/Fang/Analysis/MERFISH/merfish_analysis/MERFISH_test/data/logs/fov_12_zpos_1.0_registration.log, /mnt/NAS/Fang/Analysis/MERFISH/merfish_analysis/MERFISH_test/data/logs/fov_12_zpos_1.0_processing.log, /mnt/NAS/Fang/Analysis/MERFISH/merfish_analysis/MERFISH_test/data/logs/fov_12_zpos_1.0_DAPI_segmentation.log, /mnt/NAS/Fang/Analysis/MERFISH/merfish_analysis/MERFISH_test/data/logs/fov_12_zpos_1.0_polyT_segmentation.log, /mnt/NAS/Fang/Analysis/MERFISH/merfish_analysis/MERFISH_test/data/logs/fov_12_zpos_1.0_polyT_extract_features.log, /mnt/NAS/Fang/Analysis/MERFISH/merfish_analysis/MERFISH_test/data/logs/fov_12_zpos_1.0_DAPI_extract_features.log, /mnt/NAS/Fang/Analysis/MERFISH/merfish_analysis/MERFISH_test/data/logs/fov_12_zpos_1.0_decoding.log
    shell:
        
		python /home/rfang/github/merfishdecoder/bin/merfishdecoder register-images 			--data-set-name=MERFISH_test/data 			--fov=12 			--zpos=1.0  			--output-name=/mnt/NAS/Fang/Analysis/MERFISH/merfish_analysis/MERFISH_test/data/warpedImages/fov_12_zpos_1.0.tif 			--register-drift=True 			--ref-frame-index=0 			--high-pass-filter-sigma=3 			--register-color=True 			--save-fiducials=False 			> /mnt/NAS/Fang/Analysis/MERFISH/merfish_analysis/MERFISH_test/data/logs/fov_12_zpos_1.0_registration.log

		python /home/rfang/github/merfishdecoder/bin/merfishdecoder segmentation 			--data-set-name=MERFISH_test/data 			--fov=12 			--zpos=1.0 			--warped-images-name=/mnt/NAS/Fang/Analysis/MERFISH/merfish_analysis/MERFISH_test/data/warpedImages/fov_12_zpos_1.0.tif 			--feature-name=DAPI 			--output-name=/mnt/NAS/Fang/Analysis/MERFISH/merfish_analysis/MERFISH_test/data/segmentedImages/fov_12_zpos_1.0_DAPI.npz 			--diameter=150 			--model-type=nuclei 			--gpu=False  			> /mnt/NAS/Fang/Analysis/MERFISH/merfish_analysis/MERFISH_test/data/logs/fov_12_zpos_1.0_DAPI_segmentation.log
		
		python /home/rfang/github/merfishdecoder/bin/merfishdecoder extract-features 			--data-set-name=MERFISH_test/data 			--fov=12 			--zpos=1.0 			--segmented-images-name=/mnt/NAS/Fang/Analysis/MERFISH/merfish_analysis/MERFISH_test/data/segmentedImages/fov_12_zpos_1.0_DAPI.npz 			--output-name=/mnt/NAS/Fang/Analysis/MERFISH/merfish_analysis/MERFISH_test/data/extractedFeatures/fov_12_zpos_1.0_DAPI 			> /mnt/NAS/Fang/Analysis/MERFISH/merfish_analysis/MERFISH_test/data/logs/fov_12_zpos_1.0_DAPI_extract_features.log

		rm /mnt/NAS/Fang/Analysis/MERFISH/merfish_analysis/MERFISH_test/data/segmentedImages/fov_12_zpos_1.0_DAPI.npz
		
		python /home/rfang/github/merfishdecoder/bin/merfishdecoder segmentation 			--data-set-name=MERFISH_test/data 			--fov=12 			--zpos=1.0 			--warped-images-name=/mnt/NAS/Fang/Analysis/MERFISH/merfish_analysis/MERFISH_test/data/warpedImages/fov_12_zpos_1.0.tif 			--feature-name=polyT 			--output-name=/mnt/NAS/Fang/Analysis/MERFISH/merfish_analysis/MERFISH_test/data/segmentedImages/fov_12_zpos_1.0_ployT.npz 			--diameter=200 			--model-type=cyto 			--gpu=False  			> /mnt/NAS/Fang/Analysis/MERFISH/merfish_analysis/MERFISH_test/data/logs/fov_12_zpos_1.0_polyT_segmentation.log
		
		python /home/rfang/github/merfishdecoder/bin/merfishdecoder extract-features 			--data-set-name=MERFISH_test/data 			--fov=12 			--zpos=1.0 			--segmented-images-name=/mnt/NAS/Fang/Analysis/MERFISH/merfish_analysis/MERFISH_test/data/segmentedImages/fov_12_zpos_1.0_polyT.npz 			--output-name=/mnt/NAS/Fang/Analysis/MERFISH/merfish_analysis/MERFISH_test/data/extractedFeatures/fov_12_zpos_1.0_polyT 			> /mnt/NAS/Fang/Analysis/MERFISH/merfish_analysis/MERFISH_test/data/logs/fov_12_zpos_1.0_polyT_extract_features.log

		rm /mnt/NAS/Fang/Analysis/MERFISH/merfish_analysis/MERFISH_test/data/segmentedImages/fov_12_zpos_1.0_polyT.npz
		
		python /home/rfang/github/merfishdecoder/bin/merfishdecoder process-images 			--data-set-name=MERFISH_test/data 			--fov=12 --zpos=1.0 			--warped-images-name=/mnt/NAS/Fang/Analysis/MERFISH/merfish_analysis/MERFISH_test/data/warpedImages/fov_12_zpos_1.0.tif 			--output-name=/mnt/NAS/Fang/Analysis/MERFISH/merfish_analysis/MERFISH_test/data/processedImages/fov_12_zpos_1.0.npz 			--high-pass-filter-sigma=3 			> /mnt/NAS/Fang/Analysis/MERFISH/merfish_analysis/MERFISH_test/data/logs/fov_12_zpos_1.0_processing.log
		
		rm /mnt/NAS/Fang/Analysis/MERFISH/merfish_analysis/MERFISH_test/data/warpedImages/fov_12_zpos_1.0.tif

		python /home/rfang/github/merfishdecoder/bin/merfishdecoder decode-images 			--data-set-name=MERFISH_test/data 			--fov=12 			--zpos=1.0 			--decoding-images-name=/mnt/NAS/Fang/Analysis/MERFISH/merfish_analysis/MERFISH_test/data/processedImages/fov_12_zpos_1.0.npz 			--output-name=/mnt/NAS/Fang/Analysis/MERFISH/merfish_analysis/MERFISH_test/data/decodedImages/fov_12_zpos_1.0.npz 			--border-size=80 			--magnitude-threshold=0 			--distance-threshold=0.6 			> /mnt/NAS/Fang/Analysis/MERFISH/merfish_analysis/MERFISH_test/data/logs/fov_12_zpos_1.0_decoding.log

		rm /mnt/NAS/Fang/Analysis/MERFISH/merfish_analysis/MERFISH_test/data/processedImages/fov_12_zpos_1.0.npz

		
        (one of the commands exited with non-zero exit code; note that snakemake uses bash strict mode!)

Removing output files of failed job decoding since they might be corrupted:
/mnt/NAS/Fang/Analysis/MERFISH/merfish_analysis/MERFISH_test/data/logs/fov_12_zpos_1.0_registration.log
Terminating processes on user request, this might take some time.
Cancelling snakemake on user request.
