Building DAG of jobs...
Using shell: /bin/bash
Provided cores: 10
Rules claiming more threads will be scaled down.
Job counts:
	count	jobs
	1	all
	1	assignBarcodes_DAPI
	1	assignBarcodes_polyT
	1	createAnalysis
	30	decoding
	1	exportBarcodes
	1	exportFeatures
	1	exportGeneFeatureMatrix
	30	extractBarcodes
	1	filterBarcodes
	1	filterBarcodesFeature
	1	filterFeatures
	30	preprocessing
	30	registration
	30	segmentation_DAPI
	30	segmentation_polyT
	1	trainPSM
	191

[Mon Oct  5 23:11:31 2020]
rule createAnalysis:
    output: /mnt/NAS/Fang/Analysis/MERFISH/merfish_analysis/20200303_hMTG_V11_4000gene_best_sample/data/logs/create_analysis.log
    jobid: 1
    wildcards: analysisPath=/mnt/NAS/Fang/Analysis/MERFISH/merfish_analysis/20200303_hMTG_V11_4000gene_best_sample/data

[Mon Oct  5 23:11:32 2020]
Finished job 1.
1 of 191 steps (0.52%) done

[Mon Oct  5 23:11:32 2020]
rule registration:
    input: /mnt/NAS/Fang/Analysis/MERFISH/merfish_analysis/20200303_hMTG_V11_4000gene_best_sample/data/logs/create_analysis.log
    output: /mnt/NAS/Fang/Analysis/MERFISH/merfish_analysis/20200303_hMTG_V11_4000gene_best_sample/data/logs/fov_1_zpos_4.0_registration.log
    jobid: 11
    wildcards: analysisPath=/mnt/NAS/Fang/Analysis/MERFISH/merfish_analysis/20200303_hMTG_V11_4000gene_best_sample/data, fov=1, zpos=4.0


[Mon Oct  5 23:11:32 2020]
rule registration:
    input: /mnt/NAS/Fang/Analysis/MERFISH/merfish_analysis/20200303_hMTG_V11_4000gene_best_sample/data/logs/create_analysis.log
    output: /mnt/NAS/Fang/Analysis/MERFISH/merfish_analysis/20200303_hMTG_V11_4000gene_best_sample/data/logs/fov_3_zpos_6.0_registration.log
    jobid: 25
    wildcards: analysisPath=/mnt/NAS/Fang/Analysis/MERFISH/merfish_analysis/20200303_hMTG_V11_4000gene_best_sample/data, fov=3, zpos=6.0


[Mon Oct  5 23:11:32 2020]
rule registration:
    input: /mnt/NAS/Fang/Analysis/MERFISH/merfish_analysis/20200303_hMTG_V11_4000gene_best_sample/data/logs/create_analysis.log
    output: /mnt/NAS/Fang/Analysis/MERFISH/merfish_analysis/20200303_hMTG_V11_4000gene_best_sample/data/logs/fov_0_zpos_3.0_registration.log
    jobid: 4
    wildcards: analysisPath=/mnt/NAS/Fang/Analysis/MERFISH/merfish_analysis/20200303_hMTG_V11_4000gene_best_sample/data, fov=0, zpos=3.0


[Mon Oct  5 23:11:32 2020]
rule registration:
    input: /mnt/NAS/Fang/Analysis/MERFISH/merfish_analysis/20200303_hMTG_V11_4000gene_best_sample/data/logs/create_analysis.log
    output: /mnt/NAS/Fang/Analysis/MERFISH/merfish_analysis/20200303_hMTG_V11_4000gene_best_sample/data/logs/fov_2_zpos_5.0_registration.log
    jobid: 18
    wildcards: analysisPath=/mnt/NAS/Fang/Analysis/MERFISH/merfish_analysis/20200303_hMTG_V11_4000gene_best_sample/data, fov=2, zpos=5.0


[Mon Oct  5 23:11:32 2020]
rule registration:
    input: /mnt/NAS/Fang/Analysis/MERFISH/merfish_analysis/20200303_hMTG_V11_4000gene_best_sample/data/logs/create_analysis.log
    output: /mnt/NAS/Fang/Analysis/MERFISH/merfish_analysis/20200303_hMTG_V11_4000gene_best_sample/data/logs/fov_1_zpos_5.0_registration.log
    jobid: 12
    wildcards: analysisPath=/mnt/NAS/Fang/Analysis/MERFISH/merfish_analysis/20200303_hMTG_V11_4000gene_best_sample/data, fov=1, zpos=5.0


[Mon Oct  5 23:11:32 2020]
rule registration:
    input: /mnt/NAS/Fang/Analysis/MERFISH/merfish_analysis/20200303_hMTG_V11_4000gene_best_sample/data/logs/create_analysis.log
    output: /mnt/NAS/Fang/Analysis/MERFISH/merfish_analysis/20200303_hMTG_V11_4000gene_best_sample/data/logs/fov_4_zpos_1.0_registration.log
    jobid: 26
    wildcards: analysisPath=/mnt/NAS/Fang/Analysis/MERFISH/merfish_analysis/20200303_hMTG_V11_4000gene_best_sample/data, fov=4, zpos=1.0


[Mon Oct  5 23:11:32 2020]
rule registration:
    input: /mnt/NAS/Fang/Analysis/MERFISH/merfish_analysis/20200303_hMTG_V11_4000gene_best_sample/data/logs/create_analysis.log
    output: /mnt/NAS/Fang/Analysis/MERFISH/merfish_analysis/20200303_hMTG_V11_4000gene_best_sample/data/logs/fov_0_zpos_4.0_registration.log
    jobid: 5
    wildcards: analysisPath=/mnt/NAS/Fang/Analysis/MERFISH/merfish_analysis/20200303_hMTG_V11_4000gene_best_sample/data, fov=0, zpos=4.0


[Mon Oct  5 23:11:32 2020]
rule registration:
    input: /mnt/NAS/Fang/Analysis/MERFISH/merfish_analysis/20200303_hMTG_V11_4000gene_best_sample/data/logs/create_analysis.log
    output: /mnt/NAS/Fang/Analysis/MERFISH/merfish_analysis/20200303_hMTG_V11_4000gene_best_sample/data/logs/fov_1_zpos_2.0_registration.log
    jobid: 9
    wildcards: analysisPath=/mnt/NAS/Fang/Analysis/MERFISH/merfish_analysis/20200303_hMTG_V11_4000gene_best_sample/data, fov=1, zpos=2.0


[Mon Oct  5 23:11:32 2020]
rule registration:
    input: /mnt/NAS/Fang/Analysis/MERFISH/merfish_analysis/20200303_hMTG_V11_4000gene_best_sample/data/logs/create_analysis.log
    output: /mnt/NAS/Fang/Analysis/MERFISH/merfish_analysis/20200303_hMTG_V11_4000gene_best_sample/data/logs/fov_3_zpos_4.0_registration.log
    jobid: 23
    wildcards: analysisPath=/mnt/NAS/Fang/Analysis/MERFISH/merfish_analysis/20200303_hMTG_V11_4000gene_best_sample/data, fov=3, zpos=4.0


[Mon Oct  5 23:11:32 2020]
rule registration:
    input: /mnt/NAS/Fang/Analysis/MERFISH/merfish_analysis/20200303_hMTG_V11_4000gene_best_sample/data/logs/create_analysis.log
    output: /mnt/NAS/Fang/Analysis/MERFISH/merfish_analysis/20200303_hMTG_V11_4000gene_best_sample/data/logs/fov_1_zpos_3.0_registration.log
    jobid: 10
    wildcards: analysisPath=/mnt/NAS/Fang/Analysis/MERFISH/merfish_analysis/20200303_hMTG_V11_4000gene_best_sample/data, fov=1, zpos=3.0

[Mon Oct  5 23:13:45 2020]
Finished job 10.
2 of 191 steps (1%) done

[Mon Oct  5 23:13:45 2020]
rule preprocessing:
    input: /mnt/NAS/Fang/Analysis/MERFISH/merfish_analysis/20200303_hMTG_V11_4000gene_best_sample/data/logs/fov_1_zpos_3.0_registration.log
    output: /mnt/NAS/Fang/Analysis/MERFISH/merfish_analysis/20200303_hMTG_V11_4000gene_best_sample/data/logs/fov_1_zpos_3.0_processing.log
    jobid: 40
    wildcards: analysisPath=/mnt/NAS/Fang/Analysis/MERFISH/merfish_analysis/20200303_hMTG_V11_4000gene_best_sample/data, fov=1, zpos=3.0

[Mon Oct  5 23:14:09 2020]
Finished job 26.
3 of 191 steps (2%) done

[Mon Oct  5 23:14:10 2020]
rule preprocessing:
    input: /mnt/NAS/Fang/Analysis/MERFISH/merfish_analysis/20200303_hMTG_V11_4000gene_best_sample/data/logs/fov_4_zpos_1.0_registration.log
    output: /mnt/NAS/Fang/Analysis/MERFISH/merfish_analysis/20200303_hMTG_V11_4000gene_best_sample/data/logs/fov_4_zpos_1.0_processing.log
    jobid: 56
    wildcards: analysisPath=/mnt/NAS/Fang/Analysis/MERFISH/merfish_analysis/20200303_hMTG_V11_4000gene_best_sample/data, fov=4, zpos=1.0

[Mon Oct  5 23:14:15 2020]
Finished job 9.
4 of 191 steps (2%) done

[Mon Oct  5 23:14:15 2020]
rule preprocessing:
    input: /mnt/NAS/Fang/Analysis/MERFISH/merfish_analysis/20200303_hMTG_V11_4000gene_best_sample/data/logs/fov_1_zpos_2.0_registration.log
    output: /mnt/NAS/Fang/Analysis/MERFISH/merfish_analysis/20200303_hMTG_V11_4000gene_best_sample/data/logs/fov_1_zpos_2.0_processing.log
    jobid: 39
    wildcards: analysisPath=/mnt/NAS/Fang/Analysis/MERFISH/merfish_analysis/20200303_hMTG_V11_4000gene_best_sample/data, fov=1, zpos=2.0

[Mon Oct  5 23:14:16 2020]
Finished job 5.
5 of 191 steps (3%) done

[Mon Oct  5 23:14:16 2020]
rule preprocessing:
    input: /mnt/NAS/Fang/Analysis/MERFISH/merfish_analysis/20200303_hMTG_V11_4000gene_best_sample/data/logs/fov_0_zpos_4.0_registration.log
    output: /mnt/NAS/Fang/Analysis/MERFISH/merfish_analysis/20200303_hMTG_V11_4000gene_best_sample/data/logs/fov_0_zpos_4.0_processing.log
    jobid: 35
    wildcards: analysisPath=/mnt/NAS/Fang/Analysis/MERFISH/merfish_analysis/20200303_hMTG_V11_4000gene_best_sample/data, fov=0, zpos=4.0

[Mon Oct  5 23:14:17 2020]
Finished job 12.
6 of 191 steps (3%) done
[Mon Oct  5 23:14:18 2020]
Finished job 23.
7 of 191 steps (4%) done

[Mon Oct  5 23:14:18 2020]
rule registration:
    input: /mnt/NAS/Fang/Analysis/MERFISH/merfish_analysis/20200303_hMTG_V11_4000gene_best_sample/data/logs/create_analysis.log
    output: /mnt/NAS/Fang/Analysis/MERFISH/merfish_analysis/20200303_hMTG_V11_4000gene_best_sample/data/logs/fov_4_zpos_5.0_registration.log
    jobid: 30
    wildcards: analysisPath=/mnt/NAS/Fang/Analysis/MERFISH/merfish_analysis/20200303_hMTG_V11_4000gene_best_sample/data, fov=4, zpos=5.0


[Mon Oct  5 23:14:18 2020]
rule registration:
    input: /mnt/NAS/Fang/Analysis/MERFISH/merfish_analysis/20200303_hMTG_V11_4000gene_best_sample/data/logs/create_analysis.log
    output: /mnt/NAS/Fang/Analysis/MERFISH/merfish_analysis/20200303_hMTG_V11_4000gene_best_sample/data/logs/fov_3_zpos_5.0_registration.log
    jobid: 24
    wildcards: analysisPath=/mnt/NAS/Fang/Analysis/MERFISH/merfish_analysis/20200303_hMTG_V11_4000gene_best_sample/data, fov=3, zpos=5.0

[Mon Oct  5 23:14:18 2020]
Finished job 11.
8 of 191 steps (4%) done
[Mon Oct  5 23:14:18 2020]
Finished job 25.
9 of 191 steps (5%) done

[Mon Oct  5 23:14:18 2020]
rule registration:
    input: /mnt/NAS/Fang/Analysis/MERFISH/merfish_analysis/20200303_hMTG_V11_4000gene_best_sample/data/logs/create_analysis.log
    output: /mnt/NAS/Fang/Analysis/MERFISH/merfish_analysis/20200303_hMTG_V11_4000gene_best_sample/data/logs/fov_0_zpos_1.0_registration.log
    jobid: 2
    wildcards: analysisPath=/mnt/NAS/Fang/Analysis/MERFISH/merfish_analysis/20200303_hMTG_V11_4000gene_best_sample/data, fov=0, zpos=1.0


[Mon Oct  5 23:14:18 2020]
rule registration:
    input: /mnt/NAS/Fang/Analysis/MERFISH/merfish_analysis/20200303_hMTG_V11_4000gene_best_sample/data/logs/create_analysis.log
    output: /mnt/NAS/Fang/Analysis/MERFISH/merfish_analysis/20200303_hMTG_V11_4000gene_best_sample/data/logs/fov_2_zpos_3.0_registration.log
    jobid: 16
    wildcards: analysisPath=/mnt/NAS/Fang/Analysis/MERFISH/merfish_analysis/20200303_hMTG_V11_4000gene_best_sample/data, fov=2, zpos=3.0

[Mon Oct  5 23:14:19 2020]
Finished job 4.
10 of 191 steps (5%) done
[Mon Oct  5 23:14:19 2020]
Finished job 18.
11 of 191 steps (6%) done

[Mon Oct  5 23:14:19 2020]
rule registration:
    input: /mnt/NAS/Fang/Analysis/MERFISH/merfish_analysis/20200303_hMTG_V11_4000gene_best_sample/data/logs/create_analysis.log
    output: /mnt/NAS/Fang/Analysis/MERFISH/merfish_analysis/20200303_hMTG_V11_4000gene_best_sample/data/logs/fov_2_zpos_6.0_registration.log
    jobid: 19
    wildcards: analysisPath=/mnt/NAS/Fang/Analysis/MERFISH/merfish_analysis/20200303_hMTG_V11_4000gene_best_sample/data, fov=2, zpos=6.0


[Mon Oct  5 23:14:19 2020]
rule segmentation_DAPI:
    input: /mnt/NAS/Fang/Analysis/MERFISH/merfish_analysis/20200303_hMTG_V11_4000gene_best_sample/data/logs/fov_1_zpos_2.0_registration.log
    output: /mnt/NAS/Fang/Analysis/MERFISH/merfish_analysis/20200303_hMTG_V11_4000gene_best_sample/data/logs/fov_1_zpos_2.0_DAPI_segmentation.log, /mnt/NAS/Fang/Analysis/MERFISH/merfish_analysis/20200303_hMTG_V11_4000gene_best_sample/data/logs/fov_1_zpos_2.0_DAPI_extract_features.log
    jobid: 69
    wildcards: analysisPath=/mnt/NAS/Fang/Analysis/MERFISH/merfish_analysis/20200303_hMTG_V11_4000gene_best_sample/data, fov=1, zpos=2.0

[Mon Oct  5 23:15:00 2020]
Finished job 40.
12 of 191 steps (6%) done

[Mon Oct  5 23:15:00 2020]
rule registration:
    input: /mnt/NAS/Fang/Analysis/MERFISH/merfish_analysis/20200303_hMTG_V11_4000gene_best_sample/data/logs/create_analysis.log
    output: /mnt/NAS/Fang/Analysis/MERFISH/merfish_analysis/20200303_hMTG_V11_4000gene_best_sample/data/logs/fov_1_zpos_1.0_registration.log
    jobid: 8
    wildcards: analysisPath=/mnt/NAS/Fang/Analysis/MERFISH/merfish_analysis/20200303_hMTG_V11_4000gene_best_sample/data, fov=1, zpos=1.0

[Mon Oct  5 23:15:17 2020]
Finished job 56.
13 of 191 steps (7%) done

[Mon Oct  5 23:15:17 2020]
rule registration:
    input: /mnt/NAS/Fang/Analysis/MERFISH/merfish_analysis/20200303_hMTG_V11_4000gene_best_sample/data/logs/create_analysis.log
    output: /mnt/NAS/Fang/Analysis/MERFISH/merfish_analysis/20200303_hMTG_V11_4000gene_best_sample/data/logs/fov_4_zpos_4.0_registration.log
    jobid: 29
    wildcards: analysisPath=/mnt/NAS/Fang/Analysis/MERFISH/merfish_analysis/20200303_hMTG_V11_4000gene_best_sample/data, fov=4, zpos=4.0

[Mon Oct  5 23:15:19 2020]
Finished job 39.
14 of 191 steps (7%) done

[Mon Oct  5 23:15:19 2020]
rule registration:
    input: /mnt/NAS/Fang/Analysis/MERFISH/merfish_analysis/20200303_hMTG_V11_4000gene_best_sample/data/logs/create_analysis.log
    output: /mnt/NAS/Fang/Analysis/MERFISH/merfish_analysis/20200303_hMTG_V11_4000gene_best_sample/data/logs/fov_2_zpos_2.0_registration.log
    jobid: 15
    wildcards: analysisPath=/mnt/NAS/Fang/Analysis/MERFISH/merfish_analysis/20200303_hMTG_V11_4000gene_best_sample/data, fov=2, zpos=2.0

[Mon Oct  5 23:15:22 2020]
Finished job 35.
15 of 191 steps (8%) done

[Mon Oct  5 23:15:22 2020]
rule registration:
    input: /mnt/NAS/Fang/Analysis/MERFISH/merfish_analysis/20200303_hMTG_V11_4000gene_best_sample/data/logs/create_analysis.log
    output: /mnt/NAS/Fang/Analysis/MERFISH/merfish_analysis/20200303_hMTG_V11_4000gene_best_sample/data/logs/fov_3_zpos_2.0_registration.log
    jobid: 21
    wildcards: analysisPath=/mnt/NAS/Fang/Analysis/MERFISH/merfish_analysis/20200303_hMTG_V11_4000gene_best_sample/data, fov=3, zpos=2.0

[Mon Oct  5 23:15:36 2020]
Finished job 69.
16 of 191 steps (8%) done

[Mon Oct  5 23:15:36 2020]
rule registration:
    input: /mnt/NAS/Fang/Analysis/MERFISH/merfish_analysis/20200303_hMTG_V11_4000gene_best_sample/data/logs/create_analysis.log
    output: /mnt/NAS/Fang/Analysis/MERFISH/merfish_analysis/20200303_hMTG_V11_4000gene_best_sample/data/logs/fov_3_zpos_3.0_registration.log
    jobid: 22
    wildcards: analysisPath=/mnt/NAS/Fang/Analysis/MERFISH/merfish_analysis/20200303_hMTG_V11_4000gene_best_sample/data, fov=3, zpos=3.0

[Mon Oct  5 23:16:25 2020]
Finished job 2.
17 of 191 steps (9%) done

[Mon Oct  5 23:16:26 2020]
rule segmentation_DAPI:
    input: /mnt/NAS/Fang/Analysis/MERFISH/merfish_analysis/20200303_hMTG_V11_4000gene_best_sample/data/logs/fov_3_zpos_4.0_registration.log
    output: /mnt/NAS/Fang/Analysis/MERFISH/merfish_analysis/20200303_hMTG_V11_4000gene_best_sample/data/logs/fov_3_zpos_4.0_DAPI_segmentation.log, /mnt/NAS/Fang/Analysis/MERFISH/merfish_analysis/20200303_hMTG_V11_4000gene_best_sample/data/logs/fov_3_zpos_4.0_DAPI_extract_features.log
    jobid: 83
    wildcards: analysisPath=/mnt/NAS/Fang/Analysis/MERFISH/merfish_analysis/20200303_hMTG_V11_4000gene_best_sample/data, fov=3, zpos=4.0

[Mon Oct  5 23:16:29 2020]
Finished job 30.
18 of 191 steps (9%) done

[Mon Oct  5 23:16:30 2020]
rule segmentation_DAPI:
    input: /mnt/NAS/Fang/Analysis/MERFISH/merfish_analysis/20200303_hMTG_V11_4000gene_best_sample/data/logs/fov_0_zpos_1.0_registration.log
    output: /mnt/NAS/Fang/Analysis/MERFISH/merfish_analysis/20200303_hMTG_V11_4000gene_best_sample/data/logs/fov_0_zpos_1.0_DAPI_segmentation.log, /mnt/NAS/Fang/Analysis/MERFISH/merfish_analysis/20200303_hMTG_V11_4000gene_best_sample/data/logs/fov_0_zpos_1.0_DAPI_extract_features.log
    jobid: 62
    wildcards: analysisPath=/mnt/NAS/Fang/Analysis/MERFISH/merfish_analysis/20200303_hMTG_V11_4000gene_best_sample/data, fov=0, zpos=1.0

[Mon Oct  5 23:16:31 2020]
Finished job 24.
19 of 191 steps (10%) done

[Mon Oct  5 23:16:31 2020]
rule segmentation_DAPI:
    input: /mnt/NAS/Fang/Analysis/MERFISH/merfish_analysis/20200303_hMTG_V11_4000gene_best_sample/data/logs/fov_4_zpos_5.0_registration.log
    output: /mnt/NAS/Fang/Analysis/MERFISH/merfish_analysis/20200303_hMTG_V11_4000gene_best_sample/data/logs/fov_4_zpos_5.0_DAPI_segmentation.log, /mnt/NAS/Fang/Analysis/MERFISH/merfish_analysis/20200303_hMTG_V11_4000gene_best_sample/data/logs/fov_4_zpos_5.0_DAPI_extract_features.log
    jobid: 90
    wildcards: analysisPath=/mnt/NAS/Fang/Analysis/MERFISH/merfish_analysis/20200303_hMTG_V11_4000gene_best_sample/data, fov=4, zpos=5.0

[Mon Oct  5 23:16:31 2020]
Finished job 16.
20 of 191 steps (10%) done
[Mon Oct  5 23:16:31 2020]
Finished job 19.
21 of 191 steps (11%) done

[Mon Oct  5 23:16:31 2020]
rule segmentation_DAPI:
    input: /mnt/NAS/Fang/Analysis/MERFISH/merfish_analysis/20200303_hMTG_V11_4000gene_best_sample/data/logs/fov_1_zpos_3.0_registration.log
    output: /mnt/NAS/Fang/Analysis/MERFISH/merfish_analysis/20200303_hMTG_V11_4000gene_best_sample/data/logs/fov_1_zpos_3.0_DAPI_segmentation.log, /mnt/NAS/Fang/Analysis/MERFISH/merfish_analysis/20200303_hMTG_V11_4000gene_best_sample/data/logs/fov_1_zpos_3.0_DAPI_extract_features.log
    jobid: 70
    wildcards: analysisPath=/mnt/NAS/Fang/Analysis/MERFISH/merfish_analysis/20200303_hMTG_V11_4000gene_best_sample/data, fov=1, zpos=3.0


[Mon Oct  5 23:16:31 2020]
rule segmentation_DAPI:
    input: /mnt/NAS/Fang/Analysis/MERFISH/merfish_analysis/20200303_hMTG_V11_4000gene_best_sample/data/logs/fov_3_zpos_5.0_registration.log
    output: /mnt/NAS/Fang/Analysis/MERFISH/merfish_analysis/20200303_hMTG_V11_4000gene_best_sample/data/logs/fov_3_zpos_5.0_DAPI_segmentation.log, /mnt/NAS/Fang/Analysis/MERFISH/merfish_analysis/20200303_hMTG_V11_4000gene_best_sample/data/logs/fov_3_zpos_5.0_DAPI_extract_features.log
    jobid: 84
    wildcards: analysisPath=/mnt/NAS/Fang/Analysis/MERFISH/merfish_analysis/20200303_hMTG_V11_4000gene_best_sample/data, fov=3, zpos=5.0

[Mon Oct  5 23:16:51 2020]
Finished job 8.
22 of 191 steps (12%) done

[Mon Oct  5 23:16:51 2020]
rule segmentation_DAPI:
    input: /mnt/NAS/Fang/Analysis/MERFISH/merfish_analysis/20200303_hMTG_V11_4000gene_best_sample/data/logs/fov_1_zpos_1.0_registration.log
    output: /mnt/NAS/Fang/Analysis/MERFISH/merfish_analysis/20200303_hMTG_V11_4000gene_best_sample/data/logs/fov_1_zpos_1.0_DAPI_segmentation.log, /mnt/NAS/Fang/Analysis/MERFISH/merfish_analysis/20200303_hMTG_V11_4000gene_best_sample/data/logs/fov_1_zpos_1.0_DAPI_extract_features.log
    jobid: 68
    wildcards: analysisPath=/mnt/NAS/Fang/Analysis/MERFISH/merfish_analysis/20200303_hMTG_V11_4000gene_best_sample/data, fov=1, zpos=1.0

[Mon Oct  5 23:17:06 2020]
Finished job 29.
23 of 191 steps (12%) done

[Mon Oct  5 23:17:06 2020]
rule segmentation_DAPI:
    input: /mnt/NAS/Fang/Analysis/MERFISH/merfish_analysis/20200303_hMTG_V11_4000gene_best_sample/data/logs/fov_4_zpos_4.0_registration.log
    output: /mnt/NAS/Fang/Analysis/MERFISH/merfish_analysis/20200303_hMTG_V11_4000gene_best_sample/data/logs/fov_4_zpos_4.0_DAPI_segmentation.log, /mnt/NAS/Fang/Analysis/MERFISH/merfish_analysis/20200303_hMTG_V11_4000gene_best_sample/data/logs/fov_4_zpos_4.0_DAPI_extract_features.log
    jobid: 89
    wildcards: analysisPath=/mnt/NAS/Fang/Analysis/MERFISH/merfish_analysis/20200303_hMTG_V11_4000gene_best_sample/data, fov=4, zpos=4.0

[Mon Oct  5 23:17:17 2020]
Finished job 15.
24 of 191 steps (13%) done

[Mon Oct  5 23:17:17 2020]
rule segmentation_DAPI:
    input: /mnt/NAS/Fang/Analysis/MERFISH/merfish_analysis/20200303_hMTG_V11_4000gene_best_sample/data/logs/fov_2_zpos_2.0_registration.log
    output: /mnt/NAS/Fang/Analysis/MERFISH/merfish_analysis/20200303_hMTG_V11_4000gene_best_sample/data/logs/fov_2_zpos_2.0_DAPI_segmentation.log, /mnt/NAS/Fang/Analysis/MERFISH/merfish_analysis/20200303_hMTG_V11_4000gene_best_sample/data/logs/fov_2_zpos_2.0_DAPI_extract_features.log
    jobid: 75
    wildcards: analysisPath=/mnt/NAS/Fang/Analysis/MERFISH/merfish_analysis/20200303_hMTG_V11_4000gene_best_sample/data, fov=2, zpos=2.0

[Mon Oct  5 23:17:17 2020]
Finished job 83.
25 of 191 steps (13%) done

[Mon Oct  5 23:17:17 2020]
rule registration:
    input: /mnt/NAS/Fang/Analysis/MERFISH/merfish_analysis/20200303_hMTG_V11_4000gene_best_sample/data/logs/create_analysis.log
    output: /mnt/NAS/Fang/Analysis/MERFISH/merfish_analysis/20200303_hMTG_V11_4000gene_best_sample/data/logs/fov_0_zpos_6.0_registration.log
    jobid: 7
    wildcards: analysisPath=/mnt/NAS/Fang/Analysis/MERFISH/merfish_analysis/20200303_hMTG_V11_4000gene_best_sample/data, fov=0, zpos=6.0

[Mon Oct  5 23:17:18 2020]
Finished job 62.
26 of 191 steps (14%) done

[Mon Oct  5 23:17:18 2020]
rule segmentation_DAPI:
    input: /mnt/NAS/Fang/Analysis/MERFISH/merfish_analysis/20200303_hMTG_V11_4000gene_best_sample/data/logs/fov_2_zpos_3.0_registration.log
    output: /mnt/NAS/Fang/Analysis/MERFISH/merfish_analysis/20200303_hMTG_V11_4000gene_best_sample/data/logs/fov_2_zpos_3.0_DAPI_segmentation.log, /mnt/NAS/Fang/Analysis/MERFISH/merfish_analysis/20200303_hMTG_V11_4000gene_best_sample/data/logs/fov_2_zpos_3.0_DAPI_extract_features.log
    jobid: 76
    wildcards: analysisPath=/mnt/NAS/Fang/Analysis/MERFISH/merfish_analysis/20200303_hMTG_V11_4000gene_best_sample/data, fov=2, zpos=3.0

[Mon Oct  5 23:17:23 2020]
Finished job 21.
27 of 191 steps (14%) done

[Mon Oct  5 23:17:23 2020]
rule segmentation_DAPI:
    input: /mnt/NAS/Fang/Analysis/MERFISH/merfish_analysis/20200303_hMTG_V11_4000gene_best_sample/data/logs/fov_1_zpos_4.0_registration.log
    output: /mnt/NAS/Fang/Analysis/MERFISH/merfish_analysis/20200303_hMTG_V11_4000gene_best_sample/data/logs/fov_1_zpos_4.0_DAPI_segmentation.log, /mnt/NAS/Fang/Analysis/MERFISH/merfish_analysis/20200303_hMTG_V11_4000gene_best_sample/data/logs/fov_1_zpos_4.0_DAPI_extract_features.log
    jobid: 71
    wildcards: analysisPath=/mnt/NAS/Fang/Analysis/MERFISH/merfish_analysis/20200303_hMTG_V11_4000gene_best_sample/data, fov=1, zpos=4.0

[Mon Oct  5 23:17:32 2020]
Finished job 22.
28 of 191 steps (15%) done

[Mon Oct  5 23:17:33 2020]
rule segmentation_DAPI:
    input: /mnt/NAS/Fang/Analysis/MERFISH/merfish_analysis/20200303_hMTG_V11_4000gene_best_sample/data/logs/fov_2_zpos_6.0_registration.log
    output: /mnt/NAS/Fang/Analysis/MERFISH/merfish_analysis/20200303_hMTG_V11_4000gene_best_sample/data/logs/fov_2_zpos_6.0_DAPI_segmentation.log, /mnt/NAS/Fang/Analysis/MERFISH/merfish_analysis/20200303_hMTG_V11_4000gene_best_sample/data/logs/fov_2_zpos_6.0_DAPI_extract_features.log
    jobid: 79
    wildcards: analysisPath=/mnt/NAS/Fang/Analysis/MERFISH/merfish_analysis/20200303_hMTG_V11_4000gene_best_sample/data, fov=2, zpos=6.0

Terminating processes on user request, this might take some time.
[Mon Oct  5 23:17:35 2020]
[Mon Oct  5 23:17:35 2020]
Error in rule segmentation_DAPI:
Error in rule registration:
    jobid: 79
    jobid: 7
    output: /mnt/NAS/Fang/Analysis/MERFISH/merfish_analysis/20200303_hMTG_V11_4000gene_best_sample/data/logs/fov_2_zpos_6.0_DAPI_segmentation.log, /mnt/NAS/Fang/Analysis/MERFISH/merfish_analysis/20200303_hMTG_V11_4000gene_best_sample/data/logs/fov_2_zpos_6.0_DAPI_extract_features.log
    output: /mnt/NAS/Fang/Analysis/MERFISH/merfish_analysis/20200303_hMTG_V11_4000gene_best_sample/data/logs/fov_0_zpos_6.0_registration.log
    shell:
        
		python /home/rfang/github/merfishdecoder/bin/merfishdecoder segmentation 			--data-set-name=20200303_hMTG_V11_4000gene_best_sample/data 			--fov=2 			--zpos=6.0 			--warped-images-name=/mnt/NAS/Fang/Analysis/MERFISH/merfish_analysis/20200303_hMTG_V11_4000gene_best_sample/data/warpedImages/fov_2_zpos_6.0.tif 			--feature-name=DAPI 			--output-name=/mnt/NAS/Fang/Analysis/MERFISH/merfish_analysis/20200303_hMTG_V11_4000gene_best_sample/data/segmentedImages/fov_2_zpos_6.0_DAPI.npz 			--diameter=150 			--model-type=nuclei 			--gpu=False  			> /mnt/NAS/Fang/Analysis/MERFISH/merfish_analysis/20200303_hMTG_V11_4000gene_best_sample/data/logs/fov_2_zpos_6.0_DAPI_segmentation.log
		python /home/rfang/github/merfishdecoder/bin/merfishdecoder extract-features 			--data-set-name=20200303_hMTG_V11_4000gene_best_sample/data 			--fov=2 			--zpos=6.0 			--segmented-images-name=/mnt/NAS/Fang/Analysis/MERFISH/merfish_analysis/20200303_hMTG_V11_4000gene_best_sample/data/segmentedImages/fov_2_zpos_6.0_DAPI.npz 			--output-name=/mnt/NAS/Fang/Analysis/MERFISH/merfish_analysis/20200303_hMTG_V11_4000gene_best_sample/data/extractedFeatures/fov_2_zpos_6.0_DAPI 			> /mnt/NAS/Fang/Analysis/MERFISH/merfish_analysis/20200303_hMTG_V11_4000gene_best_sample/data/logs/fov_2_zpos_6.0_DAPI_extract_features.log
		
        (one of the commands exited with non-zero exit code; note that snakemake uses bash strict mode!)
    shell:
        
		python /home/rfang/github/merfishdecoder/bin/merfishdecoder register-images 			--data-set-name=20200303_hMTG_V11_4000gene_best_sample/data 			--fov=0 			--zpos=6.0  			--output-name=/mnt/NAS/Fang/Analysis/MERFISH/merfish_analysis/20200303_hMTG_V11_4000gene_best_sample/data/warpedImages/fov_0_zpos_6.0.tif 			--register-drift=True 			--ref-frame-index=0 			--high-pass-filter-sigma=3 			--register-color=True 			--save-fiducials=False 			> /mnt/NAS/Fang/Analysis/MERFISH/merfish_analysis/20200303_hMTG_V11_4000gene_best_sample/data/logs/fov_0_zpos_6.0_registration.log
		
        (one of the commands exited with non-zero exit code; note that snakemake uses bash strict mode!)


Cancelling snakemake on user request.
