Building DAG of jobs...
Using shell: /bin/bash
Provided cores: 10
Rules claiming more threads will be scaled down.
Job counts:
	count	jobs
	1	all
	1	createAnalysis
	30	decoding
	32

[Tue Oct  6 11:51:37 2020]
rule createAnalysis:
    output: /mnt/NAS/Fang/Analysis/MERFISH/merfish_analysis/MERFISH_test/data/logs/create_analysis.log
    jobid: 1
    wildcards: analysisPath=/mnt/NAS/Fang/Analysis/MERFISH/merfish_analysis/MERFISH_test/data

[Tue Oct  6 11:51:39 2020]
Finished job 1.
1 of 32 steps (3%) done

[Tue Oct  6 11:51:39 2020]
rule decoding:
    input: /mnt/NAS/Fang/Analysis/MERFISH/merfish_analysis/MERFISH_test/data/logs/create_analysis.log
    output: /mnt/NAS/Fang/Analysis/MERFISH/merfish_analysis/MERFISH_test/data/logs/fov_1_zpos_4.0_registration.log, /mnt/NAS/Fang/Analysis/MERFISH/merfish_analysis/MERFISH_test/data/logs/fov_1_zpos_4.0_processing.log, /mnt/NAS/Fang/Analysis/MERFISH/merfish_analysis/MERFISH_test/data/logs/fov_1_zpos_4.0_DAPI_segmentation.log, /mnt/NAS/Fang/Analysis/MERFISH/merfish_analysis/MERFISH_test/data/logs/fov_1_zpos_4.0_polyT_segmentation.log, /mnt/NAS/Fang/Analysis/MERFISH/merfish_analysis/MERFISH_test/data/logs/fov_1_zpos_4.0_polyT_extract_features.log, /mnt/NAS/Fang/Analysis/MERFISH/merfish_analysis/MERFISH_test/data/logs/fov_1_zpos_4.0_DAPI_extract_features.log, /mnt/NAS/Fang/Analysis/MERFISH/merfish_analysis/MERFISH_test/data/logs/fov_1_zpos_4.0_decoding.log
    jobid: 11
    wildcards: analysisPath=/mnt/NAS/Fang/Analysis/MERFISH/merfish_analysis/MERFISH_test/data, fov=1, zpos=4.0

RuleException in line 69 of /home/rfang/github/merfishdecoder/snakemake/SnakefileSaveDisk:
'Params' object has no attribute 'diameter_polyT'
  File "/home/rfang/.local/lib/python3.7/site-packages/snakemake/executors/__init__.py", line 115, in run_jobs
  File "/home/rfang/.local/lib/python3.7/site-packages/snakemake/executors/__init__.py", line 402, in run
  File "/home/rfang/.local/lib/python3.7/site-packages/snakemake/executors/__init__.py", line 203, in _run
  File "/home/rfang/.local/lib/python3.7/site-packages/snakemake/executors/__init__.py", line 131, in _run
  File "/home/rfang/.local/lib/python3.7/site-packages/snakemake/executors/__init__.py", line 137, in printjob
