Building DAG of jobs...
Using shell: /bin/bash
Provided cores: 10
Rules claiming more threads will be scaled down.
Job counts:
	count	jobs
	1	all
	2	registration
	3

[Mon Oct  5 15:35:49 2020]
rule registration:
    input: /mnt/NAS/Fang/Analysis/MERFISH/merfish_analysis/MERFISH_test/data/filemap.csv
    output: /mnt/NAS/Fang/Analysis/MERFISH/merfish_analysis/MERFISH_test/data/warpedImages/fov_0_zpos_1.0.log
    jobid: 2
    wildcards: analysisPath=/mnt/NAS/Fang/Analysis/MERFISH/merfish_analysis/MERFISH_test/data, fov=0, zpos=1.0

RuleException in line 35 of /home/rfang/github/merfishdecoder/snakemake/Snakefile.test:
'Params' object has no attribute 'registerColorProfile'
  File "/home/rfang/.local/lib/python3.7/site-packages/snakemake/executors/__init__.py", line 115, in run_jobs
  File "/home/rfang/.local/lib/python3.7/site-packages/snakemake/executors/__init__.py", line 402, in run
  File "/home/rfang/.local/lib/python3.7/site-packages/snakemake/executors/__init__.py", line 203, in _run
  File "/home/rfang/.local/lib/python3.7/site-packages/snakemake/executors/__init__.py", line 131, in _run
  File "/home/rfang/.local/lib/python3.7/site-packages/snakemake/executors/__init__.py", line 137, in printjob
