Building DAG of jobs...
Using shell: /bin/bash
Provided cores: 20
Rules claiming more threads will be scaled down.
Job counts:
	count	jobs
	1	all
	12	extractBarcodes
	13

[Mon Oct  5 16:45:13 2020]
rule extractBarcodes:
    input: /mnt/NAS/Fang/Analysis/MERFISH/merfish_analysis/MERFISH_test/data/decodedImages/fov_1_zpos_5.0.log, /mnt/NAS/Fang/Analysis/MERFISH/merfish_analysis/MERFISH_test/data/pixel_score_machine.log
    output: /mnt/NAS/Fang/Analysis/MERFISH/merfish_analysis/MERFISH_test/data/decodedBarcodes/fov_1_zpos_5.0.log
    jobid: 97
    wildcards: analysisPath=/mnt/NAS/Fang/Analysis/MERFISH/merfish_analysis/MERFISH_test/data, fov=1, zpos=5.0

RuleException in line 244 of /home/rfang/github/merfishdecoder/snakemake/Snakefile:
NameError: The name 'analysisPath' is unknown in this context. Did you mean 'wildcards.analysisPath'?
  File "/home/rfang/.local/lib/python3.7/site-packages/snakemake/executors/__init__.py", line 115, in run_jobs
  File "/home/rfang/.local/lib/python3.7/site-packages/snakemake/executors/__init__.py", line 402, in run
  File "/home/rfang/.local/lib/python3.7/site-packages/snakemake/executors/__init__.py", line 203, in _run
  File "/home/rfang/.local/lib/python3.7/site-packages/snakemake/executors/__init__.py", line 131, in _run
  File "/home/rfang/.local/lib/python3.7/site-packages/snakemake/executors/__init__.py", line 137, in printjob
