Building DAG of jobs...
Using shell: /bin/bash
Provided cores: 10
Rules claiming more threads will be scaled down.
Job counts:
	count	jobs
	1	all
	1	assignBarcodes_DAPI
	1	assignBarcodes_polyT
	1	createAnalysis
	30	decoding
	1	exportBarcodes
	1	exportFeatures
	1	exportGeneFeatureMatrix
	30	extractBarcodes
	1	filterBarcodes
	1	filterBarcodesFeature
	1	filterFeatures
	30	preprocessing
	5	registration
	30	segmentation_DAPI
	30	segmentation_polyT
	1	trainPSM
	166

[Tue Oct  6 11:32:54 2020]
rule createAnalysis:
    output: /mnt/NAS/Fang/Analysis/MERFISH/merfish_analysis/MERFISH_test/data/logs/create_analysis.log
    jobid: 1
    wildcards: analysisPath=/mnt/NAS/Fang/Analysis/MERFISH/merfish_analysis/MERFISH_test/data

[Tue Oct  6 11:32:56 2020]
Finished job 1.
1 of 166 steps (0.60%) done

[Tue Oct  6 11:32:56 2020]
rule registration:
    input: /mnt/NAS/Fang/Analysis/MERFISH/merfish_analysis/MERFISH_test/data/logs/create_analysis.log
    output: /mnt/NAS/Fang/Analysis/MERFISH/merfish_analysis/MERFISH_test/data/logs/fov_0_zpos_1.0_registration.log, /mnt/NAS/Fang/Analysis/MERFISH/merfish_analysis/MERFISH_test/data/logs/fov_0_zpos_2.0_registration.log, /mnt/NAS/Fang/Analysis/MERFISH/merfish_analysis/MERFISH_test/data/logs/fov_0_zpos_3.0_registration.log, /mnt/NAS/Fang/Analysis/MERFISH/merfish_analysis/MERFISH_test/data/logs/fov_0_zpos_4.0_registration.log, /mnt/NAS/Fang/Analysis/MERFISH/merfish_analysis/MERFISH_test/data/logs/fov_0_zpos_5.0_registration.log, /mnt/NAS/Fang/Analysis/MERFISH/merfish_analysis/MERFISH_test/data/logs/fov_0_zpos_6.0_registration.log
    jobid: 2
    wildcards: analysisPath=/mnt/NAS/Fang/Analysis/MERFISH/merfish_analysis/MERFISH_test/data, fov=0


[Tue Oct  6 11:32:56 2020]
rule registration:
    input: /mnt/NAS/Fang/Analysis/MERFISH/merfish_analysis/MERFISH_test/data/logs/create_analysis.log
    output: /mnt/NAS/Fang/Analysis/MERFISH/merfish_analysis/MERFISH_test/data/logs/fov_1_zpos_1.0_registration.log, /mnt/NAS/Fang/Analysis/MERFISH/merfish_analysis/MERFISH_test/data/logs/fov_1_zpos_2.0_registration.log, /mnt/NAS/Fang/Analysis/MERFISH/merfish_analysis/MERFISH_test/data/logs/fov_1_zpos_3.0_registration.log, /mnt/NAS/Fang/Analysis/MERFISH/merfish_analysis/MERFISH_test/data/logs/fov_1_zpos_4.0_registration.log, /mnt/NAS/Fang/Analysis/MERFISH/merfish_analysis/MERFISH_test/data/logs/fov_1_zpos_5.0_registration.log, /mnt/NAS/Fang/Analysis/MERFISH/merfish_analysis/MERFISH_test/data/logs/fov_1_zpos_6.0_registration.log
    jobid: 3
    wildcards: analysisPath=/mnt/NAS/Fang/Analysis/MERFISH/merfish_analysis/MERFISH_test/data, fov=1


[Tue Oct  6 11:32:56 2020]
rule registration:
    input: /mnt/NAS/Fang/Analysis/MERFISH/merfish_analysis/MERFISH_test/data/logs/create_analysis.log
    output: /mnt/NAS/Fang/Analysis/MERFISH/merfish_analysis/MERFISH_test/data/logs/fov_3_zpos_1.0_registration.log, /mnt/NAS/Fang/Analysis/MERFISH/merfish_analysis/MERFISH_test/data/logs/fov_3_zpos_2.0_registration.log, /mnt/NAS/Fang/Analysis/MERFISH/merfish_analysis/MERFISH_test/data/logs/fov_3_zpos_3.0_registration.log, /mnt/NAS/Fang/Analysis/MERFISH/merfish_analysis/MERFISH_test/data/logs/fov_3_zpos_4.0_registration.log, /mnt/NAS/Fang/Analysis/MERFISH/merfish_analysis/MERFISH_test/data/logs/fov_3_zpos_5.0_registration.log, /mnt/NAS/Fang/Analysis/MERFISH/merfish_analysis/MERFISH_test/data/logs/fov_3_zpos_6.0_registration.log
    jobid: 5
    wildcards: analysisPath=/mnt/NAS/Fang/Analysis/MERFISH/merfish_analysis/MERFISH_test/data, fov=3


[Tue Oct  6 11:32:56 2020]
rule registration:
    input: /mnt/NAS/Fang/Analysis/MERFISH/merfish_analysis/MERFISH_test/data/logs/create_analysis.log
    output: /mnt/NAS/Fang/Analysis/MERFISH/merfish_analysis/MERFISH_test/data/logs/fov_2_zpos_1.0_registration.log, /mnt/NAS/Fang/Analysis/MERFISH/merfish_analysis/MERFISH_test/data/logs/fov_2_zpos_2.0_registration.log, /mnt/NAS/Fang/Analysis/MERFISH/merfish_analysis/MERFISH_test/data/logs/fov_2_zpos_3.0_registration.log, /mnt/NAS/Fang/Analysis/MERFISH/merfish_analysis/MERFISH_test/data/logs/fov_2_zpos_4.0_registration.log, /mnt/NAS/Fang/Analysis/MERFISH/merfish_analysis/MERFISH_test/data/logs/fov_2_zpos_5.0_registration.log, /mnt/NAS/Fang/Analysis/MERFISH/merfish_analysis/MERFISH_test/data/logs/fov_2_zpos_6.0_registration.log
    jobid: 4
    wildcards: analysisPath=/mnt/NAS/Fang/Analysis/MERFISH/merfish_analysis/MERFISH_test/data, fov=2


[Tue Oct  6 11:32:56 2020]
rule registration:
    input: /mnt/NAS/Fang/Analysis/MERFISH/merfish_analysis/MERFISH_test/data/logs/create_analysis.log
    output: /mnt/NAS/Fang/Analysis/MERFISH/merfish_analysis/MERFISH_test/data/logs/fov_4_zpos_1.0_registration.log, /mnt/NAS/Fang/Analysis/MERFISH/merfish_analysis/MERFISH_test/data/logs/fov_4_zpos_2.0_registration.log, /mnt/NAS/Fang/Analysis/MERFISH/merfish_analysis/MERFISH_test/data/logs/fov_4_zpos_3.0_registration.log, /mnt/NAS/Fang/Analysis/MERFISH/merfish_analysis/MERFISH_test/data/logs/fov_4_zpos_4.0_registration.log, /mnt/NAS/Fang/Analysis/MERFISH/merfish_analysis/MERFISH_test/data/logs/fov_4_zpos_5.0_registration.log, /mnt/NAS/Fang/Analysis/MERFISH/merfish_analysis/MERFISH_test/data/logs/fov_4_zpos_6.0_registration.log
    jobid: 6
    wildcards: analysisPath=/mnt/NAS/Fang/Analysis/MERFISH/merfish_analysis/MERFISH_test/data, fov=4

[Tue Oct  6 11:44:18 2020]
Finished job 3.
2 of 166 steps (1%) done

[Tue Oct  6 11:44:18 2020]
rule segmentation_DAPI:
    input: /mnt/NAS/Fang/Analysis/MERFISH/merfish_analysis/MERFISH_test/data/logs/fov_1_zpos_2.0_registration.log
    output: /mnt/NAS/Fang/Analysis/MERFISH/merfish_analysis/MERFISH_test/data/logs/fov_1_zpos_2.0_DAPI_segmentation.log, /mnt/NAS/Fang/Analysis/MERFISH/merfish_analysis/MERFISH_test/data/logs/fov_1_zpos_2.0_DAPI_extract_features.log
    jobid: 44
    wildcards: analysisPath=/mnt/NAS/Fang/Analysis/MERFISH/merfish_analysis/MERFISH_test/data, fov=1, zpos=2.0


[Tue Oct  6 11:44:18 2020]
rule segmentation_DAPI:
    input: /mnt/NAS/Fang/Analysis/MERFISH/merfish_analysis/MERFISH_test/data/logs/fov_1_zpos_3.0_registration.log
    output: /mnt/NAS/Fang/Analysis/MERFISH/merfish_analysis/MERFISH_test/data/logs/fov_1_zpos_3.0_DAPI_segmentation.log, /mnt/NAS/Fang/Analysis/MERFISH/merfish_analysis/MERFISH_test/data/logs/fov_1_zpos_3.0_DAPI_extract_features.log
    jobid: 45
    wildcards: analysisPath=/mnt/NAS/Fang/Analysis/MERFISH/merfish_analysis/MERFISH_test/data, fov=1, zpos=3.0


[Tue Oct  6 11:44:18 2020]
rule segmentation_DAPI:
    input: /mnt/NAS/Fang/Analysis/MERFISH/merfish_analysis/MERFISH_test/data/logs/fov_1_zpos_5.0_registration.log
    output: /mnt/NAS/Fang/Analysis/MERFISH/merfish_analysis/MERFISH_test/data/logs/fov_1_zpos_5.0_DAPI_segmentation.log, /mnt/NAS/Fang/Analysis/MERFISH/merfish_analysis/MERFISH_test/data/logs/fov_1_zpos_5.0_DAPI_extract_features.log
    jobid: 47
    wildcards: analysisPath=/mnt/NAS/Fang/Analysis/MERFISH/merfish_analysis/MERFISH_test/data, fov=1, zpos=5.0


[Tue Oct  6 11:44:19 2020]
rule segmentation_DAPI:
    input: /mnt/NAS/Fang/Analysis/MERFISH/merfish_analysis/MERFISH_test/data/logs/fov_1_zpos_6.0_registration.log
    output: /mnt/NAS/Fang/Analysis/MERFISH/merfish_analysis/MERFISH_test/data/logs/fov_1_zpos_6.0_DAPI_segmentation.log, /mnt/NAS/Fang/Analysis/MERFISH/merfish_analysis/MERFISH_test/data/logs/fov_1_zpos_6.0_DAPI_extract_features.log
    jobid: 48
    wildcards: analysisPath=/mnt/NAS/Fang/Analysis/MERFISH/merfish_analysis/MERFISH_test/data, fov=1, zpos=6.0


[Tue Oct  6 11:44:19 2020]
rule segmentation_DAPI:
    input: /mnt/NAS/Fang/Analysis/MERFISH/merfish_analysis/MERFISH_test/data/logs/fov_1_zpos_1.0_registration.log
    output: /mnt/NAS/Fang/Analysis/MERFISH/merfish_analysis/MERFISH_test/data/logs/fov_1_zpos_1.0_DAPI_segmentation.log, /mnt/NAS/Fang/Analysis/MERFISH/merfish_analysis/MERFISH_test/data/logs/fov_1_zpos_1.0_DAPI_extract_features.log
    jobid: 43
    wildcards: analysisPath=/mnt/NAS/Fang/Analysis/MERFISH/merfish_analysis/MERFISH_test/data, fov=1, zpos=1.0


[Tue Oct  6 11:44:19 2020]
rule segmentation_DAPI:
    input: /mnt/NAS/Fang/Analysis/MERFISH/merfish_analysis/MERFISH_test/data/logs/fov_1_zpos_4.0_registration.log
    output: /mnt/NAS/Fang/Analysis/MERFISH/merfish_analysis/MERFISH_test/data/logs/fov_1_zpos_4.0_DAPI_segmentation.log, /mnt/NAS/Fang/Analysis/MERFISH/merfish_analysis/MERFISH_test/data/logs/fov_1_zpos_4.0_DAPI_extract_features.log
    jobid: 46
    wildcards: analysisPath=/mnt/NAS/Fang/Analysis/MERFISH/merfish_analysis/MERFISH_test/data, fov=1, zpos=4.0

[Tue Oct  6 11:44:19 2020]
Finished job 2.
3 of 166 steps (2%) done

[Tue Oct  6 11:44:19 2020]
rule segmentation_DAPI:
    input: /mnt/NAS/Fang/Analysis/MERFISH/merfish_analysis/MERFISH_test/data/logs/fov_0_zpos_6.0_registration.log
    output: /mnt/NAS/Fang/Analysis/MERFISH/merfish_analysis/MERFISH_test/data/logs/fov_0_zpos_6.0_DAPI_segmentation.log, /mnt/NAS/Fang/Analysis/MERFISH/merfish_analysis/MERFISH_test/data/logs/fov_0_zpos_6.0_DAPI_extract_features.log
    jobid: 42
    wildcards: analysisPath=/mnt/NAS/Fang/Analysis/MERFISH/merfish_analysis/MERFISH_test/data, fov=0, zpos=6.0

[Tue Oct  6 11:44:44 2020]
Finished job 5.
4 of 166 steps (2%) done

[Tue Oct  6 11:44:44 2020]
rule segmentation_DAPI:
    input: /mnt/NAS/Fang/Analysis/MERFISH/merfish_analysis/MERFISH_test/data/logs/fov_0_zpos_5.0_registration.log
    output: /mnt/NAS/Fang/Analysis/MERFISH/merfish_analysis/MERFISH_test/data/logs/fov_0_zpos_5.0_DAPI_segmentation.log, /mnt/NAS/Fang/Analysis/MERFISH/merfish_analysis/MERFISH_test/data/logs/fov_0_zpos_5.0_DAPI_extract_features.log
    jobid: 41
    wildcards: analysisPath=/mnt/NAS/Fang/Analysis/MERFISH/merfish_analysis/MERFISH_test/data, fov=0, zpos=5.0

[Tue Oct  6 11:44:48 2020]
Finished job 4.
5 of 166 steps (3%) done

[Tue Oct  6 11:44:48 2020]
rule segmentation_polyT:
    input: /mnt/NAS/Fang/Analysis/MERFISH/merfish_analysis/MERFISH_test/data/logs/fov_3_zpos_5.0_registration.log
    output: /mnt/NAS/Fang/Analysis/MERFISH/merfish_analysis/MERFISH_test/data/logs/fov_3_zpos_5.0_polyT_segmentation.log, /mnt/NAS/Fang/Analysis/MERFISH/merfish_analysis/MERFISH_test/data/logs/fov_3_zpos_5.0_polyT_extract_features.log
    jobid: 89
    wildcards: analysisPath=/mnt/NAS/Fang/Analysis/MERFISH/merfish_analysis/MERFISH_test/data, fov=3, zpos=5.0

[Tue Oct  6 11:44:52 2020]
Finished job 6.
6 of 166 steps (4%) done

[Tue Oct  6 11:44:52 2020]
rule segmentation_polyT:
    input: /mnt/NAS/Fang/Analysis/MERFISH/merfish_analysis/MERFISH_test/data/logs/fov_2_zpos_4.0_registration.log
    output: /mnt/NAS/Fang/Analysis/MERFISH/merfish_analysis/MERFISH_test/data/logs/fov_2_zpos_4.0_polyT_segmentation.log, /mnt/NAS/Fang/Analysis/MERFISH/merfish_analysis/MERFISH_test/data/logs/fov_2_zpos_4.0_polyT_extract_features.log
    jobid: 82
    wildcards: analysisPath=/mnt/NAS/Fang/Analysis/MERFISH/merfish_analysis/MERFISH_test/data, fov=2, zpos=4.0

[Tue Oct  6 11:45:07 2020]
Finished job 44.
7 of 166 steps (4%) done

[Tue Oct  6 11:45:07 2020]
rule segmentation_polyT:
    input: /mnt/NAS/Fang/Analysis/MERFISH/merfish_analysis/MERFISH_test/data/logs/fov_4_zpos_6.0_registration.log
    output: /mnt/NAS/Fang/Analysis/MERFISH/merfish_analysis/MERFISH_test/data/logs/fov_4_zpos_6.0_polyT_segmentation.log, /mnt/NAS/Fang/Analysis/MERFISH/merfish_analysis/MERFISH_test/data/logs/fov_4_zpos_6.0_polyT_extract_features.log
    jobid: 96
    wildcards: analysisPath=/mnt/NAS/Fang/Analysis/MERFISH/merfish_analysis/MERFISH_test/data, fov=4, zpos=6.0

[Tue Oct  6 11:45:15 2020]
Finished job 43.
8 of 166 steps (5%) done

[Tue Oct  6 11:45:15 2020]
rule segmentation_polyT:
    input: /mnt/NAS/Fang/Analysis/MERFISH/merfish_analysis/MERFISH_test/data/logs/fov_0_zpos_2.0_registration.log
    output: /mnt/NAS/Fang/Analysis/MERFISH/merfish_analysis/MERFISH_test/data/logs/fov_0_zpos_2.0_polyT_segmentation.log, /mnt/NAS/Fang/Analysis/MERFISH/merfish_analysis/MERFISH_test/data/logs/fov_0_zpos_2.0_polyT_extract_features.log
    jobid: 68
    wildcards: analysisPath=/mnt/NAS/Fang/Analysis/MERFISH/merfish_analysis/MERFISH_test/data, fov=0, zpos=2.0

[Tue Oct  6 11:45:24 2020]
Finished job 45.
9 of 166 steps (5%) done

[Tue Oct  6 11:45:24 2020]
rule segmentation_polyT:
    input: /mnt/NAS/Fang/Analysis/MERFISH/merfish_analysis/MERFISH_test/data/logs/fov_1_zpos_3.0_registration.log
    output: /mnt/NAS/Fang/Analysis/MERFISH/merfish_analysis/MERFISH_test/data/logs/fov_1_zpos_3.0_polyT_segmentation.log, /mnt/NAS/Fang/Analysis/MERFISH/merfish_analysis/MERFISH_test/data/logs/fov_1_zpos_3.0_polyT_extract_features.log
    jobid: 75
    wildcards: analysisPath=/mnt/NAS/Fang/Analysis/MERFISH/merfish_analysis/MERFISH_test/data, fov=1, zpos=3.0

[Tue Oct  6 11:45:32 2020]
Finished job 46.
10 of 166 steps (6%) done

[Tue Oct  6 11:45:32 2020]
rule segmentation_polyT:
    input: /mnt/NAS/Fang/Analysis/MERFISH/merfish_analysis/MERFISH_test/data/logs/fov_3_zpos_3.0_registration.log
    output: /mnt/NAS/Fang/Analysis/MERFISH/merfish_analysis/MERFISH_test/data/logs/fov_3_zpos_3.0_polyT_segmentation.log, /mnt/NAS/Fang/Analysis/MERFISH/merfish_analysis/MERFISH_test/data/logs/fov_3_zpos_3.0_polyT_extract_features.log
    jobid: 87
    wildcards: analysisPath=/mnt/NAS/Fang/Analysis/MERFISH/merfish_analysis/MERFISH_test/data, fov=3, zpos=3.0

[Tue Oct  6 11:45:33 2020]
Finished job 47.
11 of 166 steps (7%) done

[Tue Oct  6 11:45:33 2020]
rule segmentation_polyT:
    input: /mnt/NAS/Fang/Analysis/MERFISH/merfish_analysis/MERFISH_test/data/logs/fov_0_zpos_3.0_registration.log
    output: /mnt/NAS/Fang/Analysis/MERFISH/merfish_analysis/MERFISH_test/data/logs/fov_0_zpos_3.0_polyT_segmentation.log, /mnt/NAS/Fang/Analysis/MERFISH/merfish_analysis/MERFISH_test/data/logs/fov_0_zpos_3.0_polyT_extract_features.log
    jobid: 69
    wildcards: analysisPath=/mnt/NAS/Fang/Analysis/MERFISH/merfish_analysis/MERFISH_test/data, fov=0, zpos=3.0

[Tue Oct  6 11:45:35 2020]
Finished job 42.
12 of 166 steps (7%) done

[Tue Oct  6 11:45:35 2020]
rule segmentation_polyT:
    input: /mnt/NAS/Fang/Analysis/MERFISH/merfish_analysis/MERFISH_test/data/logs/fov_1_zpos_1.0_registration.log
    output: /mnt/NAS/Fang/Analysis/MERFISH/merfish_analysis/MERFISH_test/data/logs/fov_1_zpos_1.0_polyT_segmentation.log, /mnt/NAS/Fang/Analysis/MERFISH/merfish_analysis/MERFISH_test/data/logs/fov_1_zpos_1.0_polyT_extract_features.log
    jobid: 73
    wildcards: analysisPath=/mnt/NAS/Fang/Analysis/MERFISH/merfish_analysis/MERFISH_test/data, fov=1, zpos=1.0

[Tue Oct  6 11:45:40 2020]
Finished job 48.
13 of 166 steps (8%) done

[Tue Oct  6 11:45:40 2020]
rule segmentation_polyT:
    input: /mnt/NAS/Fang/Analysis/MERFISH/merfish_analysis/MERFISH_test/data/logs/fov_0_zpos_1.0_registration.log
    output: /mnt/NAS/Fang/Analysis/MERFISH/merfish_analysis/MERFISH_test/data/logs/fov_0_zpos_1.0_polyT_segmentation.log, /mnt/NAS/Fang/Analysis/MERFISH/merfish_analysis/MERFISH_test/data/logs/fov_0_zpos_1.0_polyT_extract_features.log
    jobid: 67
    wildcards: analysisPath=/mnt/NAS/Fang/Analysis/MERFISH/merfish_analysis/MERFISH_test/data, fov=0, zpos=1.0

[Tue Oct  6 11:45:48 2020]
Finished job 41.
14 of 166 steps (8%) done

[Tue Oct  6 11:45:48 2020]
rule segmentation_DAPI:
    input: /mnt/NAS/Fang/Analysis/MERFISH/merfish_analysis/MERFISH_test/data/logs/fov_2_zpos_4.0_registration.log
    output: /mnt/NAS/Fang/Analysis/MERFISH/merfish_analysis/MERFISH_test/data/logs/fov_2_zpos_4.0_DAPI_segmentation.log, /mnt/NAS/Fang/Analysis/MERFISH/merfish_analysis/MERFISH_test/data/logs/fov_2_zpos_4.0_DAPI_extract_features.log
    jobid: 52
    wildcards: analysisPath=/mnt/NAS/Fang/Analysis/MERFISH/merfish_analysis/MERFISH_test/data, fov=2, zpos=4.0

[Tue Oct  6 11:46:05 2020]
Finished job 82.
15 of 166 steps (9%) done

[Tue Oct  6 11:46:05 2020]
rule segmentation_polyT:
    input: /mnt/NAS/Fang/Analysis/MERFISH/merfish_analysis/MERFISH_test/data/logs/fov_2_zpos_5.0_registration.log
    output: /mnt/NAS/Fang/Analysis/MERFISH/merfish_analysis/MERFISH_test/data/logs/fov_2_zpos_5.0_polyT_segmentation.log, /mnt/NAS/Fang/Analysis/MERFISH/merfish_analysis/MERFISH_test/data/logs/fov_2_zpos_5.0_polyT_extract_features.log
    jobid: 83
    wildcards: analysisPath=/mnt/NAS/Fang/Analysis/MERFISH/merfish_analysis/MERFISH_test/data, fov=2, zpos=5.0

[Tue Oct  6 11:46:24 2020]
Finished job 89.
16 of 166 steps (10%) done

[Tue Oct  6 11:46:24 2020]
rule segmentation_DAPI:
    input: /mnt/NAS/Fang/Analysis/MERFISH/merfish_analysis/MERFISH_test/data/logs/fov_2_zpos_6.0_registration.log
    output: /mnt/NAS/Fang/Analysis/MERFISH/merfish_analysis/MERFISH_test/data/logs/fov_2_zpos_6.0_DAPI_segmentation.log, /mnt/NAS/Fang/Analysis/MERFISH/merfish_analysis/MERFISH_test/data/logs/fov_2_zpos_6.0_DAPI_extract_features.log
    jobid: 54
    wildcards: analysisPath=/mnt/NAS/Fang/Analysis/MERFISH/merfish_analysis/MERFISH_test/data, fov=2, zpos=6.0

[Tue Oct  6 11:46:30 2020]
Finished job 68.
17 of 166 steps (10%) done

[Tue Oct  6 11:46:30 2020]
rule segmentation_polyT:
    input: /mnt/NAS/Fang/Analysis/MERFISH/merfish_analysis/MERFISH_test/data/logs/fov_1_zpos_4.0_registration.log
    output: /mnt/NAS/Fang/Analysis/MERFISH/merfish_analysis/MERFISH_test/data/logs/fov_1_zpos_4.0_polyT_segmentation.log, /mnt/NAS/Fang/Analysis/MERFISH/merfish_analysis/MERFISH_test/data/logs/fov_1_zpos_4.0_polyT_extract_features.log
    jobid: 76
    wildcards: analysisPath=/mnt/NAS/Fang/Analysis/MERFISH/merfish_analysis/MERFISH_test/data, fov=1, zpos=4.0

[Tue Oct  6 11:46:30 2020]
Finished job 75.
18 of 166 steps (11%) done

[Tue Oct  6 11:46:30 2020]
rule segmentation_DAPI:
    input: /mnt/NAS/Fang/Analysis/MERFISH/merfish_analysis/MERFISH_test/data/logs/fov_4_zpos_1.0_registration.log
    output: /mnt/NAS/Fang/Analysis/MERFISH/merfish_analysis/MERFISH_test/data/logs/fov_4_zpos_1.0_DAPI_segmentation.log, /mnt/NAS/Fang/Analysis/MERFISH/merfish_analysis/MERFISH_test/data/logs/fov_4_zpos_1.0_DAPI_extract_features.log
    jobid: 61
    wildcards: analysisPath=/mnt/NAS/Fang/Analysis/MERFISH/merfish_analysis/MERFISH_test/data, fov=4, zpos=1.0

[Tue Oct  6 11:46:31 2020]
Finished job 96.
19 of 166 steps (11%) done

[Tue Oct  6 11:46:31 2020]
rule segmentation_polyT:
    input: /mnt/NAS/Fang/Analysis/MERFISH/merfish_analysis/MERFISH_test/data/logs/fov_3_zpos_6.0_registration.log
    output: /mnt/NAS/Fang/Analysis/MERFISH/merfish_analysis/MERFISH_test/data/logs/fov_3_zpos_6.0_polyT_segmentation.log, /mnt/NAS/Fang/Analysis/MERFISH/merfish_analysis/MERFISH_test/data/logs/fov_3_zpos_6.0_polyT_extract_features.log
    jobid: 90
    wildcards: analysisPath=/mnt/NAS/Fang/Analysis/MERFISH/merfish_analysis/MERFISH_test/data, fov=3, zpos=6.0

[Tue Oct  6 11:46:46 2020]
Finished job 73.
20 of 166 steps (12%) done

[Tue Oct  6 11:46:46 2020]
rule segmentation_DAPI:
    input: /mnt/NAS/Fang/Analysis/MERFISH/merfish_analysis/MERFISH_test/data/logs/fov_3_zpos_1.0_registration.log
    output: /mnt/NAS/Fang/Analysis/MERFISH/merfish_analysis/MERFISH_test/data/logs/fov_3_zpos_1.0_DAPI_segmentation.log, /mnt/NAS/Fang/Analysis/MERFISH/merfish_analysis/MERFISH_test/data/logs/fov_3_zpos_1.0_DAPI_extract_features.log
    jobid: 55
    wildcards: analysisPath=/mnt/NAS/Fang/Analysis/MERFISH/merfish_analysis/MERFISH_test/data, fov=3, zpos=1.0

[Tue Oct  6 11:46:52 2020]
Finished job 69.
21 of 166 steps (13%) done

[Tue Oct  6 11:46:52 2020]
rule segmentation_polyT:
    input: /mnt/NAS/Fang/Analysis/MERFISH/merfish_analysis/MERFISH_test/data/logs/fov_0_zpos_4.0_registration.log
    output: /mnt/NAS/Fang/Analysis/MERFISH/merfish_analysis/MERFISH_test/data/logs/fov_0_zpos_4.0_polyT_segmentation.log, /mnt/NAS/Fang/Analysis/MERFISH/merfish_analysis/MERFISH_test/data/logs/fov_0_zpos_4.0_polyT_extract_features.log
    jobid: 70
    wildcards: analysisPath=/mnt/NAS/Fang/Analysis/MERFISH/merfish_analysis/MERFISH_test/data, fov=0, zpos=4.0

[Tue Oct  6 11:47:00 2020]
Finished job 67.
22 of 166 steps (13%) done

[Tue Oct  6 11:47:00 2020]
rule segmentation_DAPI:
    input: /mnt/NAS/Fang/Analysis/MERFISH/merfish_analysis/MERFISH_test/data/logs/fov_4_zpos_2.0_registration.log
    output: /mnt/NAS/Fang/Analysis/MERFISH/merfish_analysis/MERFISH_test/data/logs/fov_4_zpos_2.0_DAPI_segmentation.log, /mnt/NAS/Fang/Analysis/MERFISH/merfish_analysis/MERFISH_test/data/logs/fov_4_zpos_2.0_DAPI_extract_features.log
    jobid: 62
    wildcards: analysisPath=/mnt/NAS/Fang/Analysis/MERFISH/merfish_analysis/MERFISH_test/data, fov=4, zpos=2.0

[Tue Oct  6 11:47:04 2020]
Finished job 87.
23 of 166 steps (14%) done

[Tue Oct  6 11:47:04 2020]
rule segmentation_polyT:
    input: /mnt/NAS/Fang/Analysis/MERFISH/merfish_analysis/MERFISH_test/data/logs/fov_2_zpos_6.0_registration.log
    output: /mnt/NAS/Fang/Analysis/MERFISH/merfish_analysis/MERFISH_test/data/logs/fov_2_zpos_6.0_polyT_segmentation.log, /mnt/NAS/Fang/Analysis/MERFISH/merfish_analysis/MERFISH_test/data/logs/fov_2_zpos_6.0_polyT_extract_features.log
    jobid: 84
    wildcards: analysisPath=/mnt/NAS/Fang/Analysis/MERFISH/merfish_analysis/MERFISH_test/data, fov=2, zpos=6.0

[Tue Oct  6 11:47:04 2020]
Finished job 52.
24 of 166 steps (14%) done

[Tue Oct  6 11:47:04 2020]
rule segmentation_DAPI:
    input: /mnt/NAS/Fang/Analysis/MERFISH/merfish_analysis/MERFISH_test/data/logs/fov_3_zpos_2.0_registration.log
    output: /mnt/NAS/Fang/Analysis/MERFISH/merfish_analysis/MERFISH_test/data/logs/fov_3_zpos_2.0_DAPI_segmentation.log, /mnt/NAS/Fang/Analysis/MERFISH/merfish_analysis/MERFISH_test/data/logs/fov_3_zpos_2.0_DAPI_extract_features.log
    jobid: 56
    wildcards: analysisPath=/mnt/NAS/Fang/Analysis/MERFISH/merfish_analysis/MERFISH_test/data, fov=3, zpos=2.0

[Tue Oct  6 11:47:07 2020]
Finished job 61.
25 of 166 steps (15%) done

[Tue Oct  6 11:47:07 2020]
rule segmentation_polyT:
    input: /mnt/NAS/Fang/Analysis/MERFISH/merfish_analysis/MERFISH_test/data/logs/fov_1_zpos_5.0_registration.log
    output: /mnt/NAS/Fang/Analysis/MERFISH/merfish_analysis/MERFISH_test/data/logs/fov_1_zpos_5.0_polyT_segmentation.log, /mnt/NAS/Fang/Analysis/MERFISH/merfish_analysis/MERFISH_test/data/logs/fov_1_zpos_5.0_polyT_extract_features.log
    jobid: 77
    wildcards: analysisPath=/mnt/NAS/Fang/Analysis/MERFISH/merfish_analysis/MERFISH_test/data, fov=1, zpos=5.0

[Tue Oct  6 11:47:19 2020]
Finished job 55.
26 of 166 steps (16%) done
[Tue Oct  6 11:47:19 2020]
Finished job 83.
27 of 166 steps (16%) done

[Tue Oct  6 11:47:19 2020]
rule segmentation_polyT:
    input: /mnt/NAS/Fang/Analysis/MERFISH/merfish_analysis/MERFISH_test/data/logs/fov_1_zpos_2.0_registration.log
    output: /mnt/NAS/Fang/Analysis/MERFISH/merfish_analysis/MERFISH_test/data/logs/fov_1_zpos_2.0_polyT_segmentation.log, /mnt/NAS/Fang/Analysis/MERFISH/merfish_analysis/MERFISH_test/data/logs/fov_1_zpos_2.0_polyT_extract_features.log
    jobid: 74
    wildcards: analysisPath=/mnt/NAS/Fang/Analysis/MERFISH/merfish_analysis/MERFISH_test/data, fov=1, zpos=2.0


[Tue Oct  6 11:47:19 2020]
rule segmentation_polyT:
    input: /mnt/NAS/Fang/Analysis/MERFISH/merfish_analysis/MERFISH_test/data/logs/fov_3_zpos_4.0_registration.log
    output: /mnt/NAS/Fang/Analysis/MERFISH/merfish_analysis/MERFISH_test/data/logs/fov_3_zpos_4.0_polyT_segmentation.log, /mnt/NAS/Fang/Analysis/MERFISH/merfish_analysis/MERFISH_test/data/logs/fov_3_zpos_4.0_polyT_extract_features.log
    jobid: 88
    wildcards: analysisPath=/mnt/NAS/Fang/Analysis/MERFISH/merfish_analysis/MERFISH_test/data, fov=3, zpos=4.0

[Tue Oct  6 11:47:37 2020]
Finished job 62.
28 of 166 steps (17%) done

[Tue Oct  6 11:47:37 2020]
rule segmentation_DAPI:
    input: /mnt/NAS/Fang/Analysis/MERFISH/merfish_analysis/MERFISH_test/data/logs/fov_3_zpos_5.0_registration.log
    output: /mnt/NAS/Fang/Analysis/MERFISH/merfish_analysis/MERFISH_test/data/logs/fov_3_zpos_5.0_DAPI_segmentation.log, /mnt/NAS/Fang/Analysis/MERFISH/merfish_analysis/MERFISH_test/data/logs/fov_3_zpos_5.0_DAPI_extract_features.log
    jobid: 59
    wildcards: analysisPath=/mnt/NAS/Fang/Analysis/MERFISH/merfish_analysis/MERFISH_test/data, fov=3, zpos=5.0

[Tue Oct  6 11:47:40 2020]
Finished job 54.
29 of 166 steps (17%) done

[Tue Oct  6 11:47:40 2020]
rule segmentation_DAPI:
    input: /mnt/NAS/Fang/Analysis/MERFISH/merfish_analysis/MERFISH_test/data/logs/fov_0_zpos_3.0_registration.log
    output: /mnt/NAS/Fang/Analysis/MERFISH/merfish_analysis/MERFISH_test/data/logs/fov_0_zpos_3.0_DAPI_segmentation.log, /mnt/NAS/Fang/Analysis/MERFISH/merfish_analysis/MERFISH_test/data/logs/fov_0_zpos_3.0_DAPI_extract_features.log
    jobid: 39
    wildcards: analysisPath=/mnt/NAS/Fang/Analysis/MERFISH/merfish_analysis/MERFISH_test/data, fov=0, zpos=3.0

[Tue Oct  6 11:47:49 2020]
Finished job 76.
30 of 166 steps (18%) done

[Tue Oct  6 11:47:49 2020]
rule segmentation_DAPI:
    input: /mnt/NAS/Fang/Analysis/MERFISH/merfish_analysis/MERFISH_test/data/logs/fov_2_zpos_5.0_registration.log
    output: /mnt/NAS/Fang/Analysis/MERFISH/merfish_analysis/MERFISH_test/data/logs/fov_2_zpos_5.0_DAPI_segmentation.log, /mnt/NAS/Fang/Analysis/MERFISH/merfish_analysis/MERFISH_test/data/logs/fov_2_zpos_5.0_DAPI_extract_features.log
    jobid: 53
    wildcards: analysisPath=/mnt/NAS/Fang/Analysis/MERFISH/merfish_analysis/MERFISH_test/data, fov=2, zpos=5.0

[Tue Oct  6 11:47:53 2020]
Finished job 56.
31 of 166 steps (19%) done

[Tue Oct  6 11:47:53 2020]
rule segmentation_DAPI:
    input: /mnt/NAS/Fang/Analysis/MERFISH/merfish_analysis/MERFISH_test/data/logs/fov_3_zpos_3.0_registration.log
    output: /mnt/NAS/Fang/Analysis/MERFISH/merfish_analysis/MERFISH_test/data/logs/fov_3_zpos_3.0_DAPI_segmentation.log, /mnt/NAS/Fang/Analysis/MERFISH/merfish_analysis/MERFISH_test/data/logs/fov_3_zpos_3.0_DAPI_extract_features.log
    jobid: 57
    wildcards: analysisPath=/mnt/NAS/Fang/Analysis/MERFISH/merfish_analysis/MERFISH_test/data, fov=3, zpos=3.0

[Tue Oct  6 11:48:07 2020]
Finished job 70.
32 of 166 steps (19%) done

[Tue Oct  6 11:48:07 2020]
rule segmentation_DAPI:
    input: /mnt/NAS/Fang/Analysis/MERFISH/merfish_analysis/MERFISH_test/data/logs/fov_2_zpos_2.0_registration.log
    output: /mnt/NAS/Fang/Analysis/MERFISH/merfish_analysis/MERFISH_test/data/logs/fov_2_zpos_2.0_DAPI_segmentation.log, /mnt/NAS/Fang/Analysis/MERFISH/merfish_analysis/MERFISH_test/data/logs/fov_2_zpos_2.0_DAPI_extract_features.log
    jobid: 50
    wildcards: analysisPath=/mnt/NAS/Fang/Analysis/MERFISH/merfish_analysis/MERFISH_test/data, fov=2, zpos=2.0

[Tue Oct  6 11:48:09 2020]
Finished job 90.
33 of 166 steps (20%) done

[Tue Oct  6 11:48:09 2020]
rule segmentation_DAPI:
    input: /mnt/NAS/Fang/Analysis/MERFISH/merfish_analysis/MERFISH_test/data/logs/fov_4_zpos_4.0_registration.log
    output: /mnt/NAS/Fang/Analysis/MERFISH/merfish_analysis/MERFISH_test/data/logs/fov_4_zpos_4.0_DAPI_segmentation.log, /mnt/NAS/Fang/Analysis/MERFISH/merfish_analysis/MERFISH_test/data/logs/fov_4_zpos_4.0_DAPI_extract_features.log
    jobid: 64
    wildcards: analysisPath=/mnt/NAS/Fang/Analysis/MERFISH/merfish_analysis/MERFISH_test/data, fov=4, zpos=4.0

[Tue Oct  6 11:48:21 2020]
Finished job 77.
34 of 166 steps (20%) done

[Tue Oct  6 11:48:21 2020]
rule segmentation_DAPI:
    input: /mnt/NAS/Fang/Analysis/MERFISH/merfish_analysis/MERFISH_test/data/logs/fov_3_zpos_4.0_registration.log
    output: /mnt/NAS/Fang/Analysis/MERFISH/merfish_analysis/MERFISH_test/data/logs/fov_3_zpos_4.0_DAPI_segmentation.log, /mnt/NAS/Fang/Analysis/MERFISH/merfish_analysis/MERFISH_test/data/logs/fov_3_zpos_4.0_DAPI_extract_features.log
    jobid: 58
    wildcards: analysisPath=/mnt/NAS/Fang/Analysis/MERFISH/merfish_analysis/MERFISH_test/data, fov=3, zpos=4.0

[Tue Oct  6 11:48:24 2020]
Finished job 84.
35 of 166 steps (21%) done

[Tue Oct  6 11:48:24 2020]
rule segmentation_DAPI:
    input: /mnt/NAS/Fang/Analysis/MERFISH/merfish_analysis/MERFISH_test/data/logs/fov_0_zpos_1.0_registration.log
    output: /mnt/NAS/Fang/Analysis/MERFISH/merfish_analysis/MERFISH_test/data/logs/fov_0_zpos_1.0_DAPI_segmentation.log, /mnt/NAS/Fang/Analysis/MERFISH/merfish_analysis/MERFISH_test/data/logs/fov_0_zpos_1.0_DAPI_extract_features.log
    jobid: 37
    wildcards: analysisPath=/mnt/NAS/Fang/Analysis/MERFISH/merfish_analysis/MERFISH_test/data, fov=0, zpos=1.0

[Tue Oct  6 11:48:31 2020]
Finished job 74.
36 of 166 steps (22%) done

[Tue Oct  6 11:48:31 2020]
rule segmentation_DAPI:
    input: /mnt/NAS/Fang/Analysis/MERFISH/merfish_analysis/MERFISH_test/data/logs/fov_2_zpos_3.0_registration.log
    output: /mnt/NAS/Fang/Analysis/MERFISH/merfish_analysis/MERFISH_test/data/logs/fov_2_zpos_3.0_DAPI_segmentation.log, /mnt/NAS/Fang/Analysis/MERFISH/merfish_analysis/MERFISH_test/data/logs/fov_2_zpos_3.0_DAPI_extract_features.log
    jobid: 51
    wildcards: analysisPath=/mnt/NAS/Fang/Analysis/MERFISH/merfish_analysis/MERFISH_test/data, fov=2, zpos=3.0

[Tue Oct  6 11:48:38 2020]
Finished job 39.
37 of 166 steps (22%) done

[Tue Oct  6 11:48:38 2020]
rule segmentation_DAPI:
    input: /mnt/NAS/Fang/Analysis/MERFISH/merfish_analysis/MERFISH_test/data/logs/fov_4_zpos_5.0_registration.log
    output: /mnt/NAS/Fang/Analysis/MERFISH/merfish_analysis/MERFISH_test/data/logs/fov_4_zpos_5.0_DAPI_segmentation.log, /mnt/NAS/Fang/Analysis/MERFISH/merfish_analysis/MERFISH_test/data/logs/fov_4_zpos_5.0_DAPI_extract_features.log
    jobid: 65
    wildcards: analysisPath=/mnt/NAS/Fang/Analysis/MERFISH/merfish_analysis/MERFISH_test/data, fov=4, zpos=5.0

[Tue Oct  6 11:48:40 2020]
Finished job 59.
38 of 166 steps (23%) done

[Tue Oct  6 11:48:40 2020]
rule segmentation_DAPI:
    input: /mnt/NAS/Fang/Analysis/MERFISH/merfish_analysis/MERFISH_test/data/logs/fov_0_zpos_2.0_registration.log
    output: /mnt/NAS/Fang/Analysis/MERFISH/merfish_analysis/MERFISH_test/data/logs/fov_0_zpos_2.0_DAPI_segmentation.log, /mnt/NAS/Fang/Analysis/MERFISH/merfish_analysis/MERFISH_test/data/logs/fov_0_zpos_2.0_DAPI_extract_features.log
    jobid: 38
    wildcards: analysisPath=/mnt/NAS/Fang/Analysis/MERFISH/merfish_analysis/MERFISH_test/data, fov=0, zpos=2.0

[Tue Oct  6 11:48:46 2020]
Finished job 50.
39 of 166 steps (23%) done

[Tue Oct  6 11:48:46 2020]
rule segmentation_DAPI:
    input: /mnt/NAS/Fang/Analysis/MERFISH/merfish_analysis/MERFISH_test/data/logs/fov_3_zpos_6.0_registration.log
    output: /mnt/NAS/Fang/Analysis/MERFISH/merfish_analysis/MERFISH_test/data/logs/fov_3_zpos_6.0_DAPI_segmentation.log, /mnt/NAS/Fang/Analysis/MERFISH/merfish_analysis/MERFISH_test/data/logs/fov_3_zpos_6.0_DAPI_extract_features.log
    jobid: 60
    wildcards: analysisPath=/mnt/NAS/Fang/Analysis/MERFISH/merfish_analysis/MERFISH_test/data, fov=3, zpos=6.0

[Tue Oct  6 11:48:54 2020]
Finished job 88.
40 of 166 steps (24%) done

[Tue Oct  6 11:48:54 2020]
rule segmentation_DAPI:
    input: /mnt/NAS/Fang/Analysis/MERFISH/merfish_analysis/MERFISH_test/data/logs/fov_0_zpos_4.0_registration.log
    output: /mnt/NAS/Fang/Analysis/MERFISH/merfish_analysis/MERFISH_test/data/logs/fov_0_zpos_4.0_DAPI_segmentation.log, /mnt/NAS/Fang/Analysis/MERFISH/merfish_analysis/MERFISH_test/data/logs/fov_0_zpos_4.0_DAPI_extract_features.log
    jobid: 40
    wildcards: analysisPath=/mnt/NAS/Fang/Analysis/MERFISH/merfish_analysis/MERFISH_test/data, fov=0, zpos=4.0

[Tue Oct  6 11:48:55 2020]
Finished job 57.
41 of 166 steps (25%) done

[Tue Oct  6 11:48:55 2020]
rule segmentation_DAPI:
    input: /mnt/NAS/Fang/Analysis/MERFISH/merfish_analysis/MERFISH_test/data/logs/fov_4_zpos_6.0_registration.log
    output: /mnt/NAS/Fang/Analysis/MERFISH/merfish_analysis/MERFISH_test/data/logs/fov_4_zpos_6.0_DAPI_segmentation.log, /mnt/NAS/Fang/Analysis/MERFISH/merfish_analysis/MERFISH_test/data/logs/fov_4_zpos_6.0_DAPI_extract_features.log
    jobid: 66
    wildcards: analysisPath=/mnt/NAS/Fang/Analysis/MERFISH/merfish_analysis/MERFISH_test/data, fov=4, zpos=6.0

[Tue Oct  6 11:49:06 2020]
Finished job 53.
42 of 166 steps (25%) done

[Tue Oct  6 11:49:06 2020]
rule segmentation_polyT:
    input: /mnt/NAS/Fang/Analysis/MERFISH/merfish_analysis/MERFISH_test/data/logs/fov_4_zpos_2.0_registration.log
    output: /mnt/NAS/Fang/Analysis/MERFISH/merfish_analysis/MERFISH_test/data/logs/fov_4_zpos_2.0_polyT_segmentation.log, /mnt/NAS/Fang/Analysis/MERFISH/merfish_analysis/MERFISH_test/data/logs/fov_4_zpos_2.0_polyT_extract_features.log
    jobid: 92
    wildcards: analysisPath=/mnt/NAS/Fang/Analysis/MERFISH/merfish_analysis/MERFISH_test/data, fov=4, zpos=2.0

[Tue Oct  6 11:49:06 2020]
Finished job 64.
43 of 166 steps (26%) done

[Tue Oct  6 11:49:06 2020]
rule segmentation_polyT:
    input: /mnt/NAS/Fang/Analysis/MERFISH/merfish_analysis/MERFISH_test/data/logs/fov_0_zpos_6.0_registration.log
    output: /mnt/NAS/Fang/Analysis/MERFISH/merfish_analysis/MERFISH_test/data/logs/fov_0_zpos_6.0_polyT_segmentation.log, /mnt/NAS/Fang/Analysis/MERFISH/merfish_analysis/MERFISH_test/data/logs/fov_0_zpos_6.0_polyT_extract_features.log
    jobid: 72
    wildcards: analysisPath=/mnt/NAS/Fang/Analysis/MERFISH/merfish_analysis/MERFISH_test/data, fov=0, zpos=6.0

[Tue Oct  6 11:49:07 2020]
Finished job 37.
44 of 166 steps (27%) done

[Tue Oct  6 11:49:07 2020]
rule segmentation_polyT:
    input: /mnt/NAS/Fang/Analysis/MERFISH/merfish_analysis/MERFISH_test/data/logs/fov_3_zpos_2.0_registration.log
    output: /mnt/NAS/Fang/Analysis/MERFISH/merfish_analysis/MERFISH_test/data/logs/fov_3_zpos_2.0_polyT_segmentation.log, /mnt/NAS/Fang/Analysis/MERFISH/merfish_analysis/MERFISH_test/data/logs/fov_3_zpos_2.0_polyT_extract_features.log
    jobid: 86
    wildcards: analysisPath=/mnt/NAS/Fang/Analysis/MERFISH/merfish_analysis/MERFISH_test/data, fov=3, zpos=2.0

[Tue Oct  6 11:49:25 2020]
Finished job 58.
45 of 166 steps (27%) done

[Tue Oct  6 11:49:25 2020]
rule segmentation_polyT:
    input: /mnt/NAS/Fang/Analysis/MERFISH/merfish_analysis/MERFISH_test/data/logs/fov_2_zpos_1.0_registration.log
    output: /mnt/NAS/Fang/Analysis/MERFISH/merfish_analysis/MERFISH_test/data/logs/fov_2_zpos_1.0_polyT_segmentation.log, /mnt/NAS/Fang/Analysis/MERFISH/merfish_analysis/MERFISH_test/data/logs/fov_2_zpos_1.0_polyT_extract_features.log
    jobid: 79
    wildcards: analysisPath=/mnt/NAS/Fang/Analysis/MERFISH/merfish_analysis/MERFISH_test/data, fov=2, zpos=1.0

[Tue Oct  6 11:49:33 2020]
Finished job 38.
46 of 166 steps (28%) done

[Tue Oct  6 11:49:33 2020]
rule segmentation_polyT:
    input: /mnt/NAS/Fang/Analysis/MERFISH/merfish_analysis/MERFISH_test/data/logs/fov_4_zpos_3.0_registration.log
    output: /mnt/NAS/Fang/Analysis/MERFISH/merfish_analysis/MERFISH_test/data/logs/fov_4_zpos_3.0_polyT_segmentation.log, /mnt/NAS/Fang/Analysis/MERFISH/merfish_analysis/MERFISH_test/data/logs/fov_4_zpos_3.0_polyT_extract_features.log
    jobid: 93
    wildcards: analysisPath=/mnt/NAS/Fang/Analysis/MERFISH/merfish_analysis/MERFISH_test/data, fov=4, zpos=3.0

[Tue Oct  6 11:49:37 2020]
Finished job 65.
47 of 166 steps (28%) done

[Tue Oct  6 11:49:37 2020]
rule segmentation_polyT:
    input: /mnt/NAS/Fang/Analysis/MERFISH/merfish_analysis/MERFISH_test/data/logs/fov_2_zpos_2.0_registration.log
    output: /mnt/NAS/Fang/Analysis/MERFISH/merfish_analysis/MERFISH_test/data/logs/fov_2_zpos_2.0_polyT_segmentation.log, /mnt/NAS/Fang/Analysis/MERFISH/merfish_analysis/MERFISH_test/data/logs/fov_2_zpos_2.0_polyT_extract_features.log
    jobid: 80
    wildcards: analysisPath=/mnt/NAS/Fang/Analysis/MERFISH/merfish_analysis/MERFISH_test/data, fov=2, zpos=2.0

[Tue Oct  6 11:49:45 2020]
Finished job 60.
48 of 166 steps (29%) done

[Tue Oct  6 11:49:45 2020]
rule segmentation_polyT:
    input: /mnt/NAS/Fang/Analysis/MERFISH/merfish_analysis/MERFISH_test/data/logs/fov_1_zpos_6.0_registration.log
    output: /mnt/NAS/Fang/Analysis/MERFISH/merfish_analysis/MERFISH_test/data/logs/fov_1_zpos_6.0_polyT_segmentation.log, /mnt/NAS/Fang/Analysis/MERFISH/merfish_analysis/MERFISH_test/data/logs/fov_1_zpos_6.0_polyT_extract_features.log
    jobid: 78
    wildcards: analysisPath=/mnt/NAS/Fang/Analysis/MERFISH/merfish_analysis/MERFISH_test/data, fov=1, zpos=6.0

[Tue Oct  6 11:49:46 2020]
Finished job 51.
49 of 166 steps (30%) done

[Tue Oct  6 11:49:46 2020]
rule segmentation_polyT:
    input: /mnt/NAS/Fang/Analysis/MERFISH/merfish_analysis/MERFISH_test/data/logs/fov_3_zpos_1.0_registration.log
    output: /mnt/NAS/Fang/Analysis/MERFISH/merfish_analysis/MERFISH_test/data/logs/fov_3_zpos_1.0_polyT_segmentation.log, /mnt/NAS/Fang/Analysis/MERFISH/merfish_analysis/MERFISH_test/data/logs/fov_3_zpos_1.0_polyT_extract_features.log
    jobid: 85
    wildcards: analysisPath=/mnt/NAS/Fang/Analysis/MERFISH/merfish_analysis/MERFISH_test/data, fov=3, zpos=1.0

[Tue Oct  6 11:49:57 2020]
Finished job 40.
50 of 166 steps (30%) done

[Tue Oct  6 11:49:57 2020]
rule segmentation_polyT:
    input: /mnt/NAS/Fang/Analysis/MERFISH/merfish_analysis/MERFISH_test/data/logs/fov_0_zpos_5.0_registration.log
    output: /mnt/NAS/Fang/Analysis/MERFISH/merfish_analysis/MERFISH_test/data/logs/fov_0_zpos_5.0_polyT_segmentation.log, /mnt/NAS/Fang/Analysis/MERFISH/merfish_analysis/MERFISH_test/data/logs/fov_0_zpos_5.0_polyT_extract_features.log
    jobid: 71
    wildcards: analysisPath=/mnt/NAS/Fang/Analysis/MERFISH/merfish_analysis/MERFISH_test/data, fov=0, zpos=5.0

[Tue Oct  6 11:49:58 2020]
Finished job 66.
51 of 166 steps (31%) done

[Tue Oct  6 11:49:58 2020]
rule segmentation_polyT:
    input: /mnt/NAS/Fang/Analysis/MERFISH/merfish_analysis/MERFISH_test/data/logs/fov_4_zpos_4.0_registration.log
    output: /mnt/NAS/Fang/Analysis/MERFISH/merfish_analysis/MERFISH_test/data/logs/fov_4_zpos_4.0_polyT_segmentation.log, /mnt/NAS/Fang/Analysis/MERFISH/merfish_analysis/MERFISH_test/data/logs/fov_4_zpos_4.0_polyT_extract_features.log
    jobid: 94
    wildcards: analysisPath=/mnt/NAS/Fang/Analysis/MERFISH/merfish_analysis/MERFISH_test/data, fov=4, zpos=4.0

[Tue Oct  6 11:50:21 2020]
Finished job 92.
52 of 166 steps (31%) done

[Tue Oct  6 11:50:21 2020]
rule segmentation_polyT:
    input: /mnt/NAS/Fang/Analysis/MERFISH/merfish_analysis/MERFISH_test/data/logs/fov_4_zpos_1.0_registration.log
    output: /mnt/NAS/Fang/Analysis/MERFISH/merfish_analysis/MERFISH_test/data/logs/fov_4_zpos_1.0_polyT_segmentation.log, /mnt/NAS/Fang/Analysis/MERFISH/merfish_analysis/MERFISH_test/data/logs/fov_4_zpos_1.0_polyT_extract_features.log
    jobid: 91
    wildcards: analysisPath=/mnt/NAS/Fang/Analysis/MERFISH/merfish_analysis/MERFISH_test/data, fov=4, zpos=1.0

[Tue Oct  6 11:50:27 2020]
Finished job 72.
53 of 166 steps (32%) done

[Tue Oct  6 11:50:27 2020]
rule segmentation_polyT:
    input: /mnt/NAS/Fang/Analysis/MERFISH/merfish_analysis/MERFISH_test/data/logs/fov_4_zpos_5.0_registration.log
    output: /mnt/NAS/Fang/Analysis/MERFISH/merfish_analysis/MERFISH_test/data/logs/fov_4_zpos_5.0_polyT_segmentation.log, /mnt/NAS/Fang/Analysis/MERFISH/merfish_analysis/MERFISH_test/data/logs/fov_4_zpos_5.0_polyT_extract_features.log
    jobid: 95
    wildcards: analysisPath=/mnt/NAS/Fang/Analysis/MERFISH/merfish_analysis/MERFISH_test/data, fov=4, zpos=5.0

[Tue Oct  6 11:50:37 2020]
Finished job 86.
54 of 166 steps (33%) done

[Tue Oct  6 11:50:37 2020]
rule segmentation_polyT:
    input: /mnt/NAS/Fang/Analysis/MERFISH/merfish_analysis/MERFISH_test/data/logs/fov_2_zpos_3.0_registration.log
    output: /mnt/NAS/Fang/Analysis/MERFISH/merfish_analysis/MERFISH_test/data/logs/fov_2_zpos_3.0_polyT_segmentation.log, /mnt/NAS/Fang/Analysis/MERFISH/merfish_analysis/MERFISH_test/data/logs/fov_2_zpos_3.0_polyT_extract_features.log
    jobid: 81
    wildcards: analysisPath=/mnt/NAS/Fang/Analysis/MERFISH/merfish_analysis/MERFISH_test/data, fov=2, zpos=3.0

[Tue Oct  6 11:50:42 2020]
Finished job 79.
55 of 166 steps (33%) done

[Tue Oct  6 11:50:42 2020]
rule segmentation_DAPI:
    input: /mnt/NAS/Fang/Analysis/MERFISH/merfish_analysis/MERFISH_test/data/logs/fov_2_zpos_1.0_registration.log
    output: /mnt/NAS/Fang/Analysis/MERFISH/merfish_analysis/MERFISH_test/data/logs/fov_2_zpos_1.0_DAPI_segmentation.log, /mnt/NAS/Fang/Analysis/MERFISH/merfish_analysis/MERFISH_test/data/logs/fov_2_zpos_1.0_DAPI_extract_features.log
    jobid: 49
    wildcards: analysisPath=/mnt/NAS/Fang/Analysis/MERFISH/merfish_analysis/MERFISH_test/data, fov=2, zpos=1.0

Terminating processes on user request, this might take some time.
Cancelling snakemake on user request.
