Building DAG of jobs...
Using shell: /bin/bash
Provided cores: 10
Rules claiming more threads will be scaled down.
Job counts:
	count	jobs
	1	all
	1	assignBarcodes_DAPI
	1	assignBarcodes_polyT
	570	decoding
	1	exportBarcodes
	1	exportFeatures
	1	exportGeneFeatureMatrix
	600	extractBarcodes
	1	filterBarcodes
	1	filterBarcodesFeature
	1	filterFeatures
	570	preprocessing
	43	registration
	477	segmentation_DAPI
	570	segmentation_polyT
	1	trainPSM
	2840

[Tue Oct  6 10:36:44 2020]
rule segmentation_polyT:
    input: /mnt/NAS/Fang/Analysis/MERFISH/merfish_analysis/20200303_hMTG_V11_4000gene_best_sample/data/logs/fov_5_zpos_4.0_registration.log
    output: /mnt/NAS/Fang/Analysis/MERFISH/merfish_analysis/20200303_hMTG_V11_4000gene_best_sample/data/logs/fov_5_zpos_4.0_polyT_segmentation.log, /mnt/NAS/Fang/Analysis/MERFISH/merfish_analysis/20200303_hMTG_V11_4000gene_best_sample/data/logs/fov_5_zpos_4.0_polyT_extract_features.log
    jobid: 1335
    wildcards: analysisPath=/mnt/NAS/Fang/Analysis/MERFISH/merfish_analysis/20200303_hMTG_V11_4000gene_best_sample/data, fov=5, zpos=4.0


[Tue Oct  6 10:36:44 2020]
rule segmentation_polyT:
    input: /mnt/NAS/Fang/Analysis/MERFISH/merfish_analysis/20200303_hMTG_V11_4000gene_best_sample/data/logs/fov_47_zpos_4.0_registration.log
    output: /mnt/NAS/Fang/Analysis/MERFISH/merfish_analysis/20200303_hMTG_V11_4000gene_best_sample/data/logs/fov_47_zpos_4.0_polyT_segmentation.log, /mnt/NAS/Fang/Analysis/MERFISH/merfish_analysis/20200303_hMTG_V11_4000gene_best_sample/data/logs/fov_47_zpos_4.0_polyT_extract_features.log
    jobid: 1587
    wildcards: analysisPath=/mnt/NAS/Fang/Analysis/MERFISH/merfish_analysis/20200303_hMTG_V11_4000gene_best_sample/data, fov=47, zpos=4.0


[Tue Oct  6 10:36:44 2020]
rule segmentation_polyT:
    input: /mnt/NAS/Fang/Analysis/MERFISH/merfish_analysis/20200303_hMTG_V11_4000gene_best_sample/data/logs/fov_87_zpos_2.0_registration.log
    output: /mnt/NAS/Fang/Analysis/MERFISH/merfish_analysis/20200303_hMTG_V11_4000gene_best_sample/data/logs/fov_87_zpos_2.0_polyT_segmentation.log, /mnt/NAS/Fang/Analysis/MERFISH/merfish_analysis/20200303_hMTG_V11_4000gene_best_sample/data/logs/fov_87_zpos_2.0_polyT_extract_features.log
    jobid: 1825
    wildcards: analysisPath=/mnt/NAS/Fang/Analysis/MERFISH/merfish_analysis/20200303_hMTG_V11_4000gene_best_sample/data, fov=87, zpos=2.0


[Tue Oct  6 10:36:44 2020]
rule segmentation_polyT:
    input: /mnt/NAS/Fang/Analysis/MERFISH/merfish_analysis/20200303_hMTG_V11_4000gene_best_sample/data/logs/fov_8_zpos_1.0_registration.log
    output: /mnt/NAS/Fang/Analysis/MERFISH/merfish_analysis/20200303_hMTG_V11_4000gene_best_sample/data/logs/fov_8_zpos_1.0_polyT_segmentation.log, /mnt/NAS/Fang/Analysis/MERFISH/merfish_analysis/20200303_hMTG_V11_4000gene_best_sample/data/logs/fov_8_zpos_1.0_polyT_extract_features.log
    jobid: 1350
    wildcards: analysisPath=/mnt/NAS/Fang/Analysis/MERFISH/merfish_analysis/20200303_hMTG_V11_4000gene_best_sample/data, fov=8, zpos=1.0


[Tue Oct  6 10:36:44 2020]
rule segmentation_polyT:
    input: /mnt/NAS/Fang/Analysis/MERFISH/merfish_analysis/20200303_hMTG_V11_4000gene_best_sample/data/logs/fov_26_zpos_5.0_registration.log
    output: /mnt/NAS/Fang/Analysis/MERFISH/merfish_analysis/20200303_hMTG_V11_4000gene_best_sample/data/logs/fov_26_zpos_5.0_polyT_segmentation.log, /mnt/NAS/Fang/Analysis/MERFISH/merfish_analysis/20200303_hMTG_V11_4000gene_best_sample/data/logs/fov_26_zpos_5.0_polyT_extract_features.log
    jobid: 1462
    wildcards: analysisPath=/mnt/NAS/Fang/Analysis/MERFISH/merfish_analysis/20200303_hMTG_V11_4000gene_best_sample/data, fov=26, zpos=5.0


[Tue Oct  6 10:36:45 2020]
rule segmentation_polyT:
    input: /mnt/NAS/Fang/Analysis/MERFISH/merfish_analysis/20200303_hMTG_V11_4000gene_best_sample/data/logs/fov_8_zpos_2.0_registration.log
    output: /mnt/NAS/Fang/Analysis/MERFISH/merfish_analysis/20200303_hMTG_V11_4000gene_best_sample/data/logs/fov_8_zpos_2.0_polyT_segmentation.log, /mnt/NAS/Fang/Analysis/MERFISH/merfish_analysis/20200303_hMTG_V11_4000gene_best_sample/data/logs/fov_8_zpos_2.0_polyT_extract_features.log
    jobid: 1351
    wildcards: analysisPath=/mnt/NAS/Fang/Analysis/MERFISH/merfish_analysis/20200303_hMTG_V11_4000gene_best_sample/data, fov=8, zpos=2.0


[Tue Oct  6 10:36:45 2020]
rule segmentation_polyT:
    input: /mnt/NAS/Fang/Analysis/MERFISH/merfish_analysis/20200303_hMTG_V11_4000gene_best_sample/data/logs/fov_26_zpos_6.0_registration.log
    output: /mnt/NAS/Fang/Analysis/MERFISH/merfish_analysis/20200303_hMTG_V11_4000gene_best_sample/data/logs/fov_26_zpos_6.0_polyT_segmentation.log, /mnt/NAS/Fang/Analysis/MERFISH/merfish_analysis/20200303_hMTG_V11_4000gene_best_sample/data/logs/fov_26_zpos_6.0_polyT_extract_features.log
    jobid: 1463
    wildcards: analysisPath=/mnt/NAS/Fang/Analysis/MERFISH/merfish_analysis/20200303_hMTG_V11_4000gene_best_sample/data, fov=26, zpos=6.0


[Tue Oct  6 10:36:45 2020]
rule segmentation_polyT:
    input: /mnt/NAS/Fang/Analysis/MERFISH/merfish_analysis/20200303_hMTG_V11_4000gene_best_sample/data/logs/fov_8_zpos_3.0_registration.log
    output: /mnt/NAS/Fang/Analysis/MERFISH/merfish_analysis/20200303_hMTG_V11_4000gene_best_sample/data/logs/fov_8_zpos_3.0_polyT_segmentation.log, /mnt/NAS/Fang/Analysis/MERFISH/merfish_analysis/20200303_hMTG_V11_4000gene_best_sample/data/logs/fov_8_zpos_3.0_polyT_extract_features.log
    jobid: 1352
    wildcards: analysisPath=/mnt/NAS/Fang/Analysis/MERFISH/merfish_analysis/20200303_hMTG_V11_4000gene_best_sample/data, fov=8, zpos=3.0


[Tue Oct  6 10:36:45 2020]
rule segmentation_polyT:
    input: /mnt/NAS/Fang/Analysis/MERFISH/merfish_analysis/20200303_hMTG_V11_4000gene_best_sample/data/logs/fov_8_zpos_5.0_registration.log
    output: /mnt/NAS/Fang/Analysis/MERFISH/merfish_analysis/20200303_hMTG_V11_4000gene_best_sample/data/logs/fov_8_zpos_5.0_polyT_segmentation.log, /mnt/NAS/Fang/Analysis/MERFISH/merfish_analysis/20200303_hMTG_V11_4000gene_best_sample/data/logs/fov_8_zpos_5.0_polyT_extract_features.log
    jobid: 1354
    wildcards: analysisPath=/mnt/NAS/Fang/Analysis/MERFISH/merfish_analysis/20200303_hMTG_V11_4000gene_best_sample/data, fov=8, zpos=5.0


[Tue Oct  6 10:36:45 2020]
rule segmentation_polyT:
    input: /mnt/NAS/Fang/Analysis/MERFISH/merfish_analysis/20200303_hMTG_V11_4000gene_best_sample/data/logs/fov_27_zpos_3.0_registration.log
    output: /mnt/NAS/Fang/Analysis/MERFISH/merfish_analysis/20200303_hMTG_V11_4000gene_best_sample/data/logs/fov_27_zpos_3.0_polyT_segmentation.log, /mnt/NAS/Fang/Analysis/MERFISH/merfish_analysis/20200303_hMTG_V11_4000gene_best_sample/data/logs/fov_27_zpos_3.0_polyT_extract_features.log
    jobid: 1466
    wildcards: analysisPath=/mnt/NAS/Fang/Analysis/MERFISH/merfish_analysis/20200303_hMTG_V11_4000gene_best_sample/data, fov=27, zpos=3.0

[Tue Oct  6 10:38:09 2020]
Finished job 1350.
1 of 2840 steps (0.04%) done

[Tue Oct  6 10:38:09 2020]
rule preprocessing:
    input: /mnt/NAS/Fang/Analysis/MERFISH/merfish_analysis/20200303_hMTG_V11_4000gene_best_sample/data/logs/fov_62_zpos_4.0_registration.log
    output: /mnt/NAS/Fang/Analysis/MERFISH/merfish_analysis/20200303_hMTG_V11_4000gene_best_sample/data/logs/fov_62_zpos_4.0_processing.log
    jobid: 477
    wildcards: analysisPath=/mnt/NAS/Fang/Analysis/MERFISH/merfish_analysis/20200303_hMTG_V11_4000gene_best_sample/data, fov=62, zpos=4.0

[Tue Oct  6 10:38:21 2020]
Finished job 1466.
2 of 2840 steps (0.07%) done

[Tue Oct  6 10:38:21 2020]
rule preprocessing:
    input: /mnt/NAS/Fang/Analysis/MERFISH/merfish_analysis/20200303_hMTG_V11_4000gene_best_sample/data/logs/fov_6_zpos_4.0_registration.log
    output: /mnt/NAS/Fang/Analysis/MERFISH/merfish_analysis/20200303_hMTG_V11_4000gene_best_sample/data/logs/fov_6_zpos_4.0_processing.log
    jobid: 141
    wildcards: analysisPath=/mnt/NAS/Fang/Analysis/MERFISH/merfish_analysis/20200303_hMTG_V11_4000gene_best_sample/data, fov=6, zpos=4.0

[Tue Oct  6 10:38:22 2020]
Finished job 1587.
3 of 2840 steps (0.11%) done

[Tue Oct  6 10:38:22 2020]
rule preprocessing:
    input: /mnt/NAS/Fang/Analysis/MERFISH/merfish_analysis/20200303_hMTG_V11_4000gene_best_sample/data/logs/fov_29_zpos_6.0_registration.log
    output: /mnt/NAS/Fang/Analysis/MERFISH/merfish_analysis/20200303_hMTG_V11_4000gene_best_sample/data/logs/fov_29_zpos_6.0_processing.log
    jobid: 281
    wildcards: analysisPath=/mnt/NAS/Fang/Analysis/MERFISH/merfish_analysis/20200303_hMTG_V11_4000gene_best_sample/data, fov=29, zpos=6.0

Terminating processes on user request, this might take some time.
[Tue Oct  6 10:38:24 2020]
Error in rule segmentation_polyT:
    jobid: 1825
    output: /mnt/NAS/Fang/Analysis/MERFISH/merfish_analysis/20200303_hMTG_V11_4000gene_best_sample/data/logs/fov_87_zpos_2.0_polyT_segmentation.log, /mnt/NAS/Fang/Analysis/MERFISH/merfish_analysis/20200303_hMTG_V11_4000gene_best_sample/data/logs/fov_87_zpos_2.0_polyT_extract_features.log
    shell:
        
		python /home/rfang/github/merfishdecoder/bin/merfishdecoder segmentation 			--data-set-name=20200303_hMTG_V11_4000gene_best_sample/data 			--fov=87 			--zpos=2.0 			--warped-images-name=/mnt/NAS/Fang/Analysis/MERFISH/merfish_analysis/20200303_hMTG_V11_4000gene_best_sample/data/warpedImages/fov_87_zpos_2.0.tif 			--feature-name=DAPI 			--output-name=/mnt/NAS/Fang/Analysis/MERFISH/merfish_analysis/20200303_hMTG_V11_4000gene_best_sample/data/segmentedImages/fov_87_zpos_2.0_polyT.npz 			--diameter=200 			--model-type=cyto 			--gpu=False  			> /mnt/NAS/Fang/Analysis/MERFISH/merfish_analysis/20200303_hMTG_V11_4000gene_best_sample/data/logs/fov_87_zpos_2.0_polyT_segmentation.log
		python /home/rfang/github/merfishdecoder/bin/merfishdecoder extract-features 			--data-set-name=20200303_hMTG_V11_4000gene_best_sample/data 			--fov=87 			--zpos=2.0 			--segmented-images-name=/mnt/NAS/Fang/Analysis/MERFISH/merfish_analysis/20200303_hMTG_V11_4000gene_best_sample/data/segmentedImages/fov_87_zpos_2.0_polyT.npz 			--output-name=/mnt/NAS/Fang/Analysis/MERFISH/merfish_analysis/20200303_hMTG_V11_4000gene_best_sample/data/extractedFeatures/fov_87_zpos_2.0_polyT 			> /mnt/NAS/Fang/Analysis/MERFISH/merfish_analysis/20200303_hMTG_V11_4000gene_best_sample/data/logs/fov_87_zpos_2.0_polyT_extract_features.log
		
        (one of the commands exited with non-zero exit code; note that snakemake uses bash strict mode!)

Removing output files of failed job segmentation_polyT since they might be corrupted:
/mnt/NAS/Fang/Analysis/MERFISH/merfish_analysis/20200303_hMTG_V11_4000gene_best_sample/data/logs/fov_87_zpos_2.0_polyT_segmentation.log, /mnt/NAS/Fang/Analysis/MERFISH/merfish_analysis/20200303_hMTG_V11_4000gene_best_sample/data/logs/fov_87_zpos_2.0_polyT_extract_features.log
[Tue Oct  6 10:38:24 2020]
Error in rule preprocessing:
    jobid: 477
    output: /mnt/NAS/Fang/Analysis/MERFISH/merfish_analysis/20200303_hMTG_V11_4000gene_best_sample/data/logs/fov_62_zpos_4.0_processing.log
    shell:
        
		python /home/rfang/github/merfishdecoder/bin/merfishdecoder process-images 			--data-set-name=20200303_hMTG_V11_4000gene_best_sample/data 			--fov=62 --zpos=4.0 			--warped-images-name=/mnt/NAS/Fang/Analysis/MERFISH/merfish_analysis/20200303_hMTG_V11_4000gene_best_sample/data/warpedImages/fov_62_zpos_4.0.tif 			--output-name=/mnt/NAS/Fang/Analysis/MERFISH/merfish_analysis/20200303_hMTG_V11_4000gene_best_sample/data/processedImages/fov_62_zpos_4.0.npz 			--high-pass-filter-sigma=3 			> /mnt/NAS/Fang/Analysis/MERFISH/merfish_analysis/20200303_hMTG_V11_4000gene_best_sample/data/logs/fov_62_zpos_4.0_processing.log
		
        (one of the commands exited with non-zero exit code; note that snakemake uses bash strict mode!)

Removing output files of failed job preprocessing since they might be corrupted:
/mnt/NAS/Fang/Analysis/MERFISH/merfish_analysis/20200303_hMTG_V11_4000gene_best_sample/data/logs/fov_62_zpos_4.0_processing.log
[Tue Oct  6 10:38:24 2020]
Error in rule preprocessing:
    jobid: 281
    output: /mnt/NAS/Fang/Analysis/MERFISH/merfish_analysis/20200303_hMTG_V11_4000gene_best_sample/data/logs/fov_29_zpos_6.0_processing.log
    shell:
        
		python /home/rfang/github/merfishdecoder/bin/merfishdecoder process-images 			--data-set-name=20200303_hMTG_V11_4000gene_best_sample/data 			--fov=29 --zpos=6.0 			--warped-images-name=/mnt/NAS/Fang/Analysis/MERFISH/merfish_analysis/20200303_hMTG_V11_4000gene_best_sample/data/warpedImages/fov_29_zpos_6.0.tif 			--output-name=/mnt/NAS/Fang/Analysis/MERFISH/merfish_analysis/20200303_hMTG_V11_4000gene_best_sample/data/processedImages/fov_29_zpos_6.0.npz 			--high-pass-filter-sigma=3 			> /mnt/NAS/Fang/Analysis/MERFISH/merfish_analysis/20200303_hMTG_V11_4000gene_best_sample/data/logs/fov_29_zpos_6.0_processing.log
		
        (one of the commands exited with non-zero exit code; note that snakemake uses bash strict mode!)

Removing output files of failed job preprocessing since they might be corrupted:
/mnt/NAS/Fang/Analysis/MERFISH/merfish_analysis/20200303_hMTG_V11_4000gene_best_sample/data/logs/fov_29_zpos_6.0_processing.log
[Tue Oct  6 10:38:24 2020]
Error in rule segmentation_polyT:
    jobid: 1462
    output: /mnt/NAS/Fang/Analysis/MERFISH/merfish_analysis/20200303_hMTG_V11_4000gene_best_sample/data/logs/fov_26_zpos_5.0_polyT_segmentation.log, /mnt/NAS/Fang/Analysis/MERFISH/merfish_analysis/20200303_hMTG_V11_4000gene_best_sample/data/logs/fov_26_zpos_5.0_polyT_extract_features.log
    shell:
        
		python /home/rfang/github/merfishdecoder/bin/merfishdecoder segmentation 			--data-set-name=20200303_hMTG_V11_4000gene_best_sample/data 			--fov=26 			--zpos=5.0 			--warped-images-name=/mnt/NAS/Fang/Analysis/MERFISH/merfish_analysis/20200303_hMTG_V11_4000gene_best_sample/data/warpedImages/fov_26_zpos_5.0.tif 			--feature-name=DAPI 			--output-name=/mnt/NAS/Fang/Analysis/MERFISH/merfish_analysis/20200303_hMTG_V11_4000gene_best_sample/data/segmentedImages/fov_26_zpos_5.0_polyT.npz 			--diameter=200 			--model-type=cyto 			--gpu=False  			> /mnt/NAS/Fang/Analysis/MERFISH/merfish_analysis/20200303_hMTG_V11_4000gene_best_sample/data/logs/fov_26_zpos_5.0_polyT_segmentation.log
		python /home/rfang/github/merfishdecoder/bin/merfishdecoder extract-features 			--data-set-name=20200303_hMTG_V11_4000gene_best_sample/data 			--fov=26 			--zpos=5.0 			--segmented-images-name=/mnt/NAS/Fang/Analysis/MERFISH/merfish_analysis/20200303_hMTG_V11_4000gene_best_sample/data/segmentedImages/fov_26_zpos_5.0_polyT.npz 			--output-name=/mnt/NAS/Fang/Analysis/MERFISH/merfish_analysis/20200303_hMTG_V11_4000gene_best_sample/data/extractedFeatures/fov_26_zpos_5.0_polyT 			> /mnt/NAS/Fang/Analysis/MERFISH/merfish_analysis/20200303_hMTG_V11_4000gene_best_sample/data/logs/fov_26_zpos_5.0_polyT_extract_features.log
		
        (one of the commands exited with non-zero exit code; note that snakemake uses bash strict mode!)

Removing output files of failed job segmentation_polyT since they might be corrupted:
/mnt/NAS/Fang/Analysis/MERFISH/merfish_analysis/20200303_hMTG_V11_4000gene_best_sample/data/logs/fov_26_zpos_5.0_polyT_segmentation.log, /mnt/NAS/Fang/Analysis/MERFISH/merfish_analysis/20200303_hMTG_V11_4000gene_best_sample/data/logs/fov_26_zpos_5.0_polyT_extract_features.log
[Tue Oct  6 10:38:25 2020]
Error in rule segmentation_polyT:
    jobid: 1335
    output: /mnt/NAS/Fang/Analysis/MERFISH/merfish_analysis/20200303_hMTG_V11_4000gene_best_sample/data/logs/fov_5_zpos_4.0_polyT_segmentation.log, /mnt/NAS/Fang/Analysis/MERFISH/merfish_analysis/20200303_hMTG_V11_4000gene_best_sample/data/logs/fov_5_zpos_4.0_polyT_extract_features.log
    shell:
        
		python /home/rfang/github/merfishdecoder/bin/merfishdecoder segmentation 			--data-set-name=20200303_hMTG_V11_4000gene_best_sample/data 			--fov=5 			--zpos=4.0 			--warped-images-name=/mnt/NAS/Fang/Analysis/MERFISH/merfish_analysis/20200303_hMTG_V11_4000gene_best_sample/data/warpedImages/fov_5_zpos_4.0.tif 			--feature-name=DAPI 			--output-name=/mnt/NAS/Fang/Analysis/MERFISH/merfish_analysis/20200303_hMTG_V11_4000gene_best_sample/data/segmentedImages/fov_5_zpos_4.0_polyT.npz 			--diameter=200 			--model-type=cyto 			--gpu=False  			> /mnt/NAS/Fang/Analysis/MERFISH/merfish_analysis/20200303_hMTG_V11_4000gene_best_sample/data/logs/fov_5_zpos_4.0_polyT_segmentation.log
		python /home/rfang/github/merfishdecoder/bin/merfishdecoder extract-features 			--data-set-name=20200303_hMTG_V11_4000gene_best_sample/data 			--fov=5 			--zpos=4.0 			--segmented-images-name=/mnt/NAS/Fang/Analysis/MERFISH/merfish_analysis/20200303_hMTG_V11_4000gene_best_sample/data/segmentedImages/fov_5_zpos_4.0_polyT.npz 			--output-name=/mnt/NAS/Fang/Analysis/MERFISH/merfish_analysis/20200303_hMTG_V11_4000gene_best_sample/data/extractedFeatures/fov_5_zpos_4.0_polyT 			> /mnt/NAS/Fang/Analysis/MERFISH/merfish_analysis/20200303_hMTG_V11_4000gene_best_sample/data/logs/fov_5_zpos_4.0_polyT_extract_features.log
		
        (one of the commands exited with non-zero exit code; note that snakemake uses bash strict mode!)

Removing output files of failed job segmentation_polyT since they might be corrupted:
/mnt/NAS/Fang/Analysis/MERFISH/merfish_analysis/20200303_hMTG_V11_4000gene_best_sample/data/logs/fov_5_zpos_4.0_polyT_segmentation.log
[Tue Oct  6 10:38:25 2020]
Error in rule segmentation_polyT:
    jobid: 1351
    output: /mnt/NAS/Fang/Analysis/MERFISH/merfish_analysis/20200303_hMTG_V11_4000gene_best_sample/data/logs/fov_8_zpos_2.0_polyT_segmentation.log, /mnt/NAS/Fang/Analysis/MERFISH/merfish_analysis/20200303_hMTG_V11_4000gene_best_sample/data/logs/fov_8_zpos_2.0_polyT_extract_features.log
    shell:
        
		python /home/rfang/github/merfishdecoder/bin/merfishdecoder segmentation 			--data-set-name=20200303_hMTG_V11_4000gene_best_sample/data 			--fov=8 			--zpos=2.0 			--warped-images-name=/mnt/NAS/Fang/Analysis/MERFISH/merfish_analysis/20200303_hMTG_V11_4000gene_best_sample/data/warpedImages/fov_8_zpos_2.0.tif 			--feature-name=DAPI 			--output-name=/mnt/NAS/Fang/Analysis/MERFISH/merfish_analysis/20200303_hMTG_V11_4000gene_best_sample/data/segmentedImages/fov_8_zpos_2.0_polyT.npz 			--diameter=200 			--model-type=cyto 			--gpu=False  			> /mnt/NAS/Fang/Analysis/MERFISH/merfish_analysis/20200303_hMTG_V11_4000gene_best_sample/data/logs/fov_8_zpos_2.0_polyT_segmentation.log
		python /home/rfang/github/merfishdecoder/bin/merfishdecoder extract-features 			--data-set-name=20200303_hMTG_V11_4000gene_best_sample/data 			--fov=8 			--zpos=2.0 			--segmented-images-name=/mnt/NAS/Fang/Analysis/MERFISH/merfish_analysis/20200303_hMTG_V11_4000gene_best_sample/data/segmentedImages/fov_8_zpos_2.0_polyT.npz 			--output-name=/mnt/NAS/Fang/Analysis/MERFISH/merfish_analysis/20200303_hMTG_V11_4000gene_best_sample/data/extractedFeatures/fov_8_zpos_2.0_polyT 			> /mnt/NAS/Fang/Analysis/MERFISH/merfish_analysis/20200303_hMTG_V11_4000gene_best_sample/data/logs/fov_8_zpos_2.0_polyT_extract_features.log
		
        (one of the commands exited with non-zero exit code; note that snakemake uses bash strict mode!)

Cancelling snakemake on user request.
