Building DAG of jobs...
Using shell: /bin/bash
Provided cores: 1 (use --cores to define parallelism)
Rules claiming more threads will be scaled down.
Job counts:
	count	jobs
	1	all
	1	trainPSM
	2

[Mon Oct  5 14:52:48 2020]
rule trainPSM:
    output: /mnt/NAS/Fang/Analysis/MERFISH/merfish_analysis/MERFISH_test/data/pixel_score_machine.pkl
    jobid: 212
    wildcards: analysisPath=/mnt/NAS/Fang/Analysis/MERFISH/merfish_analysis/MERFISH_test/data

[Mon Oct  5 14:52:48 2020]
Error in rule trainPSM:
    jobid: 212
    output: /mnt/NAS/Fang/Analysis/MERFISH/merfish_analysis/MERFISH_test/data/pixel_score_machine.pkl
    shell:
        python /home/rfang/github/merfishdecoder/bin/merfishdecoder train-psm --data-set-name=MERFISH_test/data --decoded-images-name=/mnt/NAS/Fang/Analysis/MERFISH/merfish_analysis/MERFISH_test/data/decodedImages/fov_*.npz --output-name=/mnt/NAS/Fang/Analysis/MERFISH/merfish_analysis/MERFISH_test/data/pixel_score_machine.pkl
        (one of the commands exited with non-zero exit code; note that snakemake uses bash strict mode!)

Shutting down, this might take some time.
Exiting because a job execution failed. Look above for error message
Complete log: /home/rfang/github/merfishdecoder/snakemake/.snakemake/log/2020-10-05T145248.314808.snakemake.log
