Building DAG of jobs...
Using shell: /bin/bash
Provided cores: 10
Rules claiming more threads will be scaled down.
Job counts:
	count	jobs
	1	all
	1	assignBarcodes_DAPI
	1	assignBarcodes_polyT
	300	decoding
	1	exportBarcodes
	1	exportFeatures
	1	exportGeneFeatureMatrix
	30	extractBarcodes
	1	filterBarcodes
	1	filterBarcodesFeature
	1	filterFeatures
	1	trainPSM
	340

[Tue Oct  6 11:59:53 2020]
rule decoding:
    input: /mnt/NAS/Fang/Analysis/MERFISH/merfish_analysis/MERFISH_test/data/logs/create_analysis.log
    output: /mnt/NAS/Fang/Analysis/MERFISH/merfish_analysis/MERFISH_test/data/logs/fov_19_zpos_5.0_registration.log, /mnt/NAS/Fang/Analysis/MERFISH/merfish_analysis/MERFISH_test/data/logs/fov_19_zpos_5.0_processing.log, /mnt/NAS/Fang/Analysis/MERFISH/merfish_analysis/MERFISH_test/data/logs/fov_19_zpos_5.0_DAPI_segmentation.log, /mnt/NAS/Fang/Analysis/MERFISH/merfish_analysis/MERFISH_test/data/logs/fov_19_zpos_5.0_polyT_segmentation.log, /mnt/NAS/Fang/Analysis/MERFISH/merfish_analysis/MERFISH_test/data/logs/fov_19_zpos_5.0_polyT_extract_features.log, /mnt/NAS/Fang/Analysis/MERFISH/merfish_analysis/MERFISH_test/data/logs/fov_19_zpos_5.0_DAPI_extract_features.log, /mnt/NAS/Fang/Analysis/MERFISH/merfish_analysis/MERFISH_test/data/logs/fov_19_zpos_5.0_decoding.log
    jobid: 159
    wildcards: analysisPath=/mnt/NAS/Fang/Analysis/MERFISH/merfish_analysis/MERFISH_test/data, fov=19, zpos=5.0


[Tue Oct  6 11:59:53 2020]
rule decoding:
    input: /mnt/NAS/Fang/Analysis/MERFISH/merfish_analysis/MERFISH_test/data/logs/create_analysis.log
    output: /mnt/NAS/Fang/Analysis/MERFISH/merfish_analysis/MERFISH_test/data/logs/fov_48_zpos_4.0_registration.log, /mnt/NAS/Fang/Analysis/MERFISH/merfish_analysis/MERFISH_test/data/logs/fov_48_zpos_4.0_processing.log, /mnt/NAS/Fang/Analysis/MERFISH/merfish_analysis/MERFISH_test/data/logs/fov_48_zpos_4.0_DAPI_segmentation.log, /mnt/NAS/Fang/Analysis/MERFISH/merfish_analysis/MERFISH_test/data/logs/fov_48_zpos_4.0_polyT_segmentation.log, /mnt/NAS/Fang/Analysis/MERFISH/merfish_analysis/MERFISH_test/data/logs/fov_48_zpos_4.0_polyT_extract_features.log, /mnt/NAS/Fang/Analysis/MERFISH/merfish_analysis/MERFISH_test/data/logs/fov_48_zpos_4.0_DAPI_extract_features.log, /mnt/NAS/Fang/Analysis/MERFISH/merfish_analysis/MERFISH_test/data/logs/fov_48_zpos_4.0_decoding.log
    jobid: 332
    wildcards: analysisPath=/mnt/NAS/Fang/Analysis/MERFISH/merfish_analysis/MERFISH_test/data, fov=48, zpos=4.0


[Tue Oct  6 11:59:53 2020]
rule decoding:
    input: /mnt/NAS/Fang/Analysis/MERFISH/merfish_analysis/MERFISH_test/data/logs/create_analysis.log
    output: /mnt/NAS/Fang/Analysis/MERFISH/merfish_analysis/MERFISH_test/data/logs/fov_5_zpos_1.0_registration.log, /mnt/NAS/Fang/Analysis/MERFISH/merfish_analysis/MERFISH_test/data/logs/fov_5_zpos_1.0_processing.log, /mnt/NAS/Fang/Analysis/MERFISH/merfish_analysis/MERFISH_test/data/logs/fov_5_zpos_1.0_DAPI_segmentation.log, /mnt/NAS/Fang/Analysis/MERFISH/merfish_analysis/MERFISH_test/data/logs/fov_5_zpos_1.0_polyT_segmentation.log, /mnt/NAS/Fang/Analysis/MERFISH/merfish_analysis/MERFISH_test/data/logs/fov_5_zpos_1.0_polyT_extract_features.log, /mnt/NAS/Fang/Analysis/MERFISH/merfish_analysis/MERFISH_test/data/logs/fov_5_zpos_1.0_DAPI_extract_features.log, /mnt/NAS/Fang/Analysis/MERFISH/merfish_analysis/MERFISH_test/data/logs/fov_5_zpos_1.0_decoding.log
    jobid: 71
    wildcards: analysisPath=/mnt/NAS/Fang/Analysis/MERFISH/merfish_analysis/MERFISH_test/data, fov=5, zpos=1.0


[Tue Oct  6 11:59:53 2020]
rule decoding:
    input: /mnt/NAS/Fang/Analysis/MERFISH/merfish_analysis/MERFISH_test/data/logs/create_analysis.log
    output: /mnt/NAS/Fang/Analysis/MERFISH/merfish_analysis/MERFISH_test/data/logs/fov_14_zpos_3.0_registration.log, /mnt/NAS/Fang/Analysis/MERFISH/merfish_analysis/MERFISH_test/data/logs/fov_14_zpos_3.0_processing.log, /mnt/NAS/Fang/Analysis/MERFISH/merfish_analysis/MERFISH_test/data/logs/fov_14_zpos_3.0_DAPI_segmentation.log, /mnt/NAS/Fang/Analysis/MERFISH/merfish_analysis/MERFISH_test/data/logs/fov_14_zpos_3.0_polyT_segmentation.log, /mnt/NAS/Fang/Analysis/MERFISH/merfish_analysis/MERFISH_test/data/logs/fov_14_zpos_3.0_polyT_extract_features.log, /mnt/NAS/Fang/Analysis/MERFISH/merfish_analysis/MERFISH_test/data/logs/fov_14_zpos_3.0_DAPI_extract_features.log, /mnt/NAS/Fang/Analysis/MERFISH/merfish_analysis/MERFISH_test/data/logs/fov_14_zpos_3.0_decoding.log
    jobid: 127
    wildcards: analysisPath=/mnt/NAS/Fang/Analysis/MERFISH/merfish_analysis/MERFISH_test/data, fov=14, zpos=3.0


[Tue Oct  6 11:59:53 2020]
rule decoding:
    input: /mnt/NAS/Fang/Analysis/MERFISH/merfish_analysis/MERFISH_test/data/logs/create_analysis.log
    output: /mnt/NAS/Fang/Analysis/MERFISH/merfish_analysis/MERFISH_test/data/logs/fov_16_zpos_5.0_registration.log, /mnt/NAS/Fang/Analysis/MERFISH/merfish_analysis/MERFISH_test/data/logs/fov_16_zpos_5.0_processing.log, /mnt/NAS/Fang/Analysis/MERFISH/merfish_analysis/MERFISH_test/data/logs/fov_16_zpos_5.0_DAPI_segmentation.log, /mnt/NAS/Fang/Analysis/MERFISH/merfish_analysis/MERFISH_test/data/logs/fov_16_zpos_5.0_polyT_segmentation.log, /mnt/NAS/Fang/Analysis/MERFISH/merfish_analysis/MERFISH_test/data/logs/fov_16_zpos_5.0_polyT_extract_features.log, /mnt/NAS/Fang/Analysis/MERFISH/merfish_analysis/MERFISH_test/data/logs/fov_16_zpos_5.0_DAPI_extract_features.log, /mnt/NAS/Fang/Analysis/MERFISH/merfish_analysis/MERFISH_test/data/logs/fov_16_zpos_5.0_decoding.log
    jobid: 141
    wildcards: analysisPath=/mnt/NAS/Fang/Analysis/MERFISH/merfish_analysis/MERFISH_test/data, fov=16, zpos=5.0


[Tue Oct  6 11:59:53 2020]
rule decoding:
    input: /mnt/NAS/Fang/Analysis/MERFISH/merfish_analysis/MERFISH_test/data/logs/create_analysis.log
    output: /mnt/NAS/Fang/Analysis/MERFISH/merfish_analysis/MERFISH_test/data/logs/fov_19_zpos_1.0_registration.log, /mnt/NAS/Fang/Analysis/MERFISH/merfish_analysis/MERFISH_test/data/logs/fov_19_zpos_1.0_processing.log, /mnt/NAS/Fang/Analysis/MERFISH/merfish_analysis/MERFISH_test/data/logs/fov_19_zpos_1.0_DAPI_segmentation.log, /mnt/NAS/Fang/Analysis/MERFISH/merfish_analysis/MERFISH_test/data/logs/fov_19_zpos_1.0_polyT_segmentation.log, /mnt/NAS/Fang/Analysis/MERFISH/merfish_analysis/MERFISH_test/data/logs/fov_19_zpos_1.0_polyT_extract_features.log, /mnt/NAS/Fang/Analysis/MERFISH/merfish_analysis/MERFISH_test/data/logs/fov_19_zpos_1.0_DAPI_extract_features.log, /mnt/NAS/Fang/Analysis/MERFISH/merfish_analysis/MERFISH_test/data/logs/fov_19_zpos_1.0_decoding.log
    jobid: 155
    wildcards: analysisPath=/mnt/NAS/Fang/Analysis/MERFISH/merfish_analysis/MERFISH_test/data, fov=19, zpos=1.0


[Tue Oct  6 11:59:53 2020]
rule decoding:
    input: /mnt/NAS/Fang/Analysis/MERFISH/merfish_analysis/MERFISH_test/data/logs/create_analysis.log
    output: /mnt/NAS/Fang/Analysis/MERFISH/merfish_analysis/MERFISH_test/data/logs/fov_26_zpos_1.0_registration.log, /mnt/NAS/Fang/Analysis/MERFISH/merfish_analysis/MERFISH_test/data/logs/fov_26_zpos_1.0_processing.log, /mnt/NAS/Fang/Analysis/MERFISH/merfish_analysis/MERFISH_test/data/logs/fov_26_zpos_1.0_DAPI_segmentation.log, /mnt/NAS/Fang/Analysis/MERFISH/merfish_analysis/MERFISH_test/data/logs/fov_26_zpos_1.0_polyT_segmentation.log, /mnt/NAS/Fang/Analysis/MERFISH/merfish_analysis/MERFISH_test/data/logs/fov_26_zpos_1.0_polyT_extract_features.log, /mnt/NAS/Fang/Analysis/MERFISH/merfish_analysis/MERFISH_test/data/logs/fov_26_zpos_1.0_DAPI_extract_features.log, /mnt/NAS/Fang/Analysis/MERFISH/merfish_analysis/MERFISH_test/data/logs/fov_26_zpos_1.0_decoding.log
    jobid: 197
    wildcards: analysisPath=/mnt/NAS/Fang/Analysis/MERFISH/merfish_analysis/MERFISH_test/data, fov=26, zpos=1.0


[Tue Oct  6 11:59:53 2020]
rule decoding:
    input: /mnt/NAS/Fang/Analysis/MERFISH/merfish_analysis/MERFISH_test/data/logs/create_analysis.log
    output: /mnt/NAS/Fang/Analysis/MERFISH/merfish_analysis/MERFISH_test/data/logs/fov_28_zpos_3.0_registration.log, /mnt/NAS/Fang/Analysis/MERFISH/merfish_analysis/MERFISH_test/data/logs/fov_28_zpos_3.0_processing.log, /mnt/NAS/Fang/Analysis/MERFISH/merfish_analysis/MERFISH_test/data/logs/fov_28_zpos_3.0_DAPI_segmentation.log, /mnt/NAS/Fang/Analysis/MERFISH/merfish_analysis/MERFISH_test/data/logs/fov_28_zpos_3.0_polyT_segmentation.log, /mnt/NAS/Fang/Analysis/MERFISH/merfish_analysis/MERFISH_test/data/logs/fov_28_zpos_3.0_polyT_extract_features.log, /mnt/NAS/Fang/Analysis/MERFISH/merfish_analysis/MERFISH_test/data/logs/fov_28_zpos_3.0_DAPI_extract_features.log, /mnt/NAS/Fang/Analysis/MERFISH/merfish_analysis/MERFISH_test/data/logs/fov_28_zpos_3.0_decoding.log
    jobid: 211
    wildcards: analysisPath=/mnt/NAS/Fang/Analysis/MERFISH/merfish_analysis/MERFISH_test/data, fov=28, zpos=3.0


[Tue Oct  6 11:59:53 2020]
rule decoding:
    input: /mnt/NAS/Fang/Analysis/MERFISH/merfish_analysis/MERFISH_test/data/logs/create_analysis.log
    output: /mnt/NAS/Fang/Analysis/MERFISH/merfish_analysis/MERFISH_test/data/logs/fov_33_zpos_1.0_registration.log, /mnt/NAS/Fang/Analysis/MERFISH/merfish_analysis/MERFISH_test/data/logs/fov_33_zpos_1.0_processing.log, /mnt/NAS/Fang/Analysis/MERFISH/merfish_analysis/MERFISH_test/data/logs/fov_33_zpos_1.0_DAPI_segmentation.log, /mnt/NAS/Fang/Analysis/MERFISH/merfish_analysis/MERFISH_test/data/logs/fov_33_zpos_1.0_polyT_segmentation.log, /mnt/NAS/Fang/Analysis/MERFISH/merfish_analysis/MERFISH_test/data/logs/fov_33_zpos_1.0_polyT_extract_features.log, /mnt/NAS/Fang/Analysis/MERFISH/merfish_analysis/MERFISH_test/data/logs/fov_33_zpos_1.0_DAPI_extract_features.log, /mnt/NAS/Fang/Analysis/MERFISH/merfish_analysis/MERFISH_test/data/logs/fov_33_zpos_1.0_decoding.log
    jobid: 239
    wildcards: analysisPath=/mnt/NAS/Fang/Analysis/MERFISH/merfish_analysis/MERFISH_test/data, fov=33, zpos=1.0


[Tue Oct  6 11:59:53 2020]
rule decoding:
    input: /mnt/NAS/Fang/Analysis/MERFISH/merfish_analysis/MERFISH_test/data/logs/create_analysis.log
    output: /mnt/NAS/Fang/Analysis/MERFISH/merfish_analysis/MERFISH_test/data/logs/fov_35_zpos_3.0_registration.log, /mnt/NAS/Fang/Analysis/MERFISH/merfish_analysis/MERFISH_test/data/logs/fov_35_zpos_3.0_processing.log, /mnt/NAS/Fang/Analysis/MERFISH/merfish_analysis/MERFISH_test/data/logs/fov_35_zpos_3.0_DAPI_segmentation.log, /mnt/NAS/Fang/Analysis/MERFISH/merfish_analysis/MERFISH_test/data/logs/fov_35_zpos_3.0_polyT_segmentation.log, /mnt/NAS/Fang/Analysis/MERFISH/merfish_analysis/MERFISH_test/data/logs/fov_35_zpos_3.0_polyT_extract_features.log, /mnt/NAS/Fang/Analysis/MERFISH/merfish_analysis/MERFISH_test/data/logs/fov_35_zpos_3.0_DAPI_extract_features.log, /mnt/NAS/Fang/Analysis/MERFISH/merfish_analysis/MERFISH_test/data/logs/fov_35_zpos_3.0_decoding.log
    jobid: 253
    wildcards: analysisPath=/mnt/NAS/Fang/Analysis/MERFISH/merfish_analysis/MERFISH_test/data, fov=35, zpos=3.0

[Tue Oct  6 11:59:55 2020]
Error in rule decoding:
    jobid: 332
    output: /mnt/NAS/Fang/Analysis/MERFISH/merfish_analysis/MERFISH_test/data/logs/fov_48_zpos_4.0_registration.log, /mnt/NAS/Fang/Analysis/MERFISH/merfish_analysis/MERFISH_test/data/logs/fov_48_zpos_4.0_processing.log, /mnt/NAS/Fang/Analysis/MERFISH/merfish_analysis/MERFISH_test/data/logs/fov_48_zpos_4.0_DAPI_segmentation.log, /mnt/NAS/Fang/Analysis/MERFISH/merfish_analysis/MERFISH_test/data/logs/fov_48_zpos_4.0_polyT_segmentation.log, /mnt/NAS/Fang/Analysis/MERFISH/merfish_analysis/MERFISH_test/data/logs/fov_48_zpos_4.0_polyT_extract_features.log, /mnt/NAS/Fang/Analysis/MERFISH/merfish_analysis/MERFISH_test/data/logs/fov_48_zpos_4.0_DAPI_extract_features.log, /mnt/NAS/Fang/Analysis/MERFISH/merfish_analysis/MERFISH_test/data/logs/fov_48_zpos_4.0_decoding.log
    shell:
        
		python /home/rfang/github/merfishdecoder/bin/merfishdecoder register-images 			--data-set-name=MERFISH_test/data 			--fov=48 			--zpos=1.0  			--output-name=/mnt/NAS/Fang/Analysis/MERFISH/merfish_analysis/MERFISH_test/data/warpedImages/fov_48_zpos_1.0.tif 			--register-drift=True 			--ref-frame-index=0 			--high-pass-filter-sigma=3 			--register-color=True 			--save-fiducials=False 			> /mnt/NAS/Fang/Analysis/MERFISH/merfish_analysis/MERFISH_test/data/logs/fov_48_zpos_4.0_registration.log

		python /home/rfang/github/merfishdecoder/bin/merfishdecoder segmentation 			--data-set-name=MERFISH_test/data 			--fov=48 			--zpos=4.0 			--warped-images-name=/mnt/NAS/Fang/Analysis/MERFISH/merfish_analysis/MERFISH_test/data/warpedImages/fov_48_zpos_4.0.tif 			--feature-name=DAPI 			--output-name=/mnt/NAS/Fang/Analysis/MERFISH/merfish_analysis/MERFISH_test/data/segmentedImages/fov_48_zpos_4.0_DAPI.npz 			--diameter=150 			--model-type=nuclei 			--gpu=False  			> /mnt/NAS/Fang/Analysis/MERFISH/merfish_analysis/MERFISH_test/data/logs/fov_48_zpos_4.0_DAPI_segmentation.log
		
		python /home/rfang/github/merfishdecoder/bin/merfishdecoder extract-features 			--data-set-name=MERFISH_test/data 			--fov=48 			--zpos=4.0 			--segmented-images-name=/mnt/NAS/Fang/Analysis/MERFISH/merfish_analysis/MERFISH_test/data/segmentedImages/fov_48_zpos_4.0_DAPI.npz 			--output-name=/mnt/NAS/Fang/Analysis/MERFISH/merfish_analysis/MERFISH_test/data/extractedFeatures/fov_48_zpos_4.0_DAPI 			> /mnt/NAS/Fang/Analysis/MERFISH/merfish_analysis/MERFISH_test/data/logs/fov_48_zpos_4.0_DAPI_extract_features.log

		rm /mnt/NAS/Fang/Analysis/MERFISH/merfish_analysis/MERFISH_test/data/segmentedImages/fov_48_zpos_4.0_DAPI.npz
		
		python /home/rfang/github/merfishdecoder/bin/merfishdecoder segmentation 			--data-set-name=MERFISH_test/data 			--fov=48 			--zpos=4.0 			--warped-images-name=/mnt/NAS/Fang/Analysis/MERFISH/merfish_analysis/MERFISH_test/data/warpedImages/fov_48_zpos_4.0.tif 			--feature-name=polyT 			--output-name=/mnt/NAS/Fang/Analysis/MERFISH/merfish_analysis/MERFISH_test/data/segmentedImages/fov_48_zpos_4.0_ployT.npz 			--diameter=200 			--model-type=cyto 			--gpu=False  			> /mnt/NAS/Fang/Analysis/MERFISH/merfish_analysis/MERFISH_test/data/logs/fov_48_zpos_4.0_polyT_segmentation.log
		
		python /home/rfang/github/merfishdecoder/bin/merfishdecoder extract-features 			--data-set-name=MERFISH_test/data 			--fov=48 			--zpos=4.0 			--segmented-images-name=/mnt/NAS/Fang/Analysis/MERFISH/merfish_analysis/MERFISH_test/data/segmentedImages/fov_48_zpos_4.0_polyT.npz 			--output-name=/mnt/NAS/Fang/Analysis/MERFISH/merfish_analysis/MERFISH_test/data/extractedFeatures/fov_48_zpos_4.0_polyT 			> /mnt/NAS/Fang/Analysis/MERFISH/merfish_analysis/MERFISH_test/data/logs/fov_48_zpos_4.0_polyT_extract_features.log

		rm /mnt/NAS/Fang/Analysis/MERFISH/merfish_analysis/MERFISH_test/data/segmentedImages/fov_48_zpos_4.0_polyT.npz
		
		python /home/rfang/github/merfishdecoder/bin/merfishdecoder process-images 			--data-set-name=MERFISH_test/data 			--fov=48 --zpos=4.0 			--warped-images-name=/mnt/NAS/Fang/Analysis/MERFISH/merfish_analysis/MERFISH_test/data/warpedImages/fov_48_zpos_4.0.tif 			--output-name=/mnt/NAS/Fang/Analysis/MERFISH/merfish_analysis/MERFISH_test/data/processedImages/fov_48_zpos_4.0.npz 			--high-pass-filter-sigma=3 			> /mnt/NAS/Fang/Analysis/MERFISH/merfish_analysis/MERFISH_test/data/logs/fov_48_zpos_4.0_processing.log
		
		rm /mnt/NAS/Fang/Analysis/MERFISH/merfish_analysis/MERFISH_test/data/warpedImages/fov_48_zpos_4.0.tif

		python /home/rfang/github/merfishdecoder/bin/merfishdecoder decode-images 			--data-set-name=MERFISH_test/data 			--fov=48 			--zpos=4.0 			--decoding-images-name=/mnt/NAS/Fang/Analysis/MERFISH/merfish_analysis/MERFISH_test/data/processedImages/fov_48_zpos_4.0.npz 			--output-name=/mnt/NAS/Fang/Analysis/MERFISH/merfish_analysis/MERFISH_test/data/decodedImages/fov_48_zpos_4.0.npz 			--border-size=80 			--magnitude-threshold=0 			--distance-threshold=0.6 			> /mnt/NAS/Fang/Analysis/MERFISH/merfish_analysis/MERFISH_test/data/logs/fov_48_zpos_4.0_decoding.log

		rm /mnt/NAS/Fang/Analysis/MERFISH/merfish_analysis/MERFISH_test/data/processedImages/fov_48_zpos_4.0.npz

		
        (one of the commands exited with non-zero exit code; note that snakemake uses bash strict mode!)

[Tue Oct  6 11:59:55 2020]
Error in rule decoding:
    jobid: 127
    output: /mnt/NAS/Fang/Analysis/MERFISH/merfish_analysis/MERFISH_test/data/logs/fov_14_zpos_3.0_registration.log, /mnt/NAS/Fang/Analysis/MERFISH/merfish_analysis/MERFISH_test/data/logs/fov_14_zpos_3.0_processing.log, /mnt/NAS/Fang/Analysis/MERFISH/merfish_analysis/MERFISH_test/data/logs/fov_14_zpos_3.0_DAPI_segmentation.log, /mnt/NAS/Fang/Analysis/MERFISH/merfish_analysis/MERFISH_test/data/logs/fov_14_zpos_3.0_polyT_segmentation.log, /mnt/NAS/Fang/Analysis/MERFISH/merfish_analysis/MERFISH_test/data/logs/fov_14_zpos_3.0_polyT_extract_features.log, /mnt/NAS/Fang/Analysis/MERFISH/merfish_analysis/MERFISH_test/data/logs/fov_14_zpos_3.0_DAPI_extract_features.log, /mnt/NAS/Fang/Analysis/MERFISH/merfish_analysis/MERFISH_test/data/logs/fov_14_zpos_3.0_decoding.log
    shell:
        
		python /home/rfang/github/merfishdecoder/bin/merfishdecoder register-images 			--data-set-name=MERFISH_test/data 			--fov=14 			--zpos=1.0  			--output-name=/mnt/NAS/Fang/Analysis/MERFISH/merfish_analysis/MERFISH_test/data/warpedImages/fov_14_zpos_1.0.tif 			--register-drift=True 			--ref-frame-index=0 			--high-pass-filter-sigma=3 			--register-color=True 			--save-fiducials=False 			> /mnt/NAS/Fang/Analysis/MERFISH/merfish_analysis/MERFISH_test/data/logs/fov_14_zpos_3.0_registration.log

		python /home/rfang/github/merfishdecoder/bin/merfishdecoder segmentation 			--data-set-name=MERFISH_test/data 			--fov=14 			--zpos=3.0 			--warped-images-name=/mnt/NAS/Fang/Analysis/MERFISH/merfish_analysis/MERFISH_test/data/warpedImages/fov_14_zpos_3.0.tif 			--feature-name=DAPI 			--output-name=/mnt/NAS/Fang/Analysis/MERFISH/merfish_analysis/MERFISH_test/data/segmentedImages/fov_14_zpos_3.0_DAPI.npz 			--diameter=150 			--model-type=nuclei 			--gpu=False  			> /mnt/NAS/Fang/Analysis/MERFISH/merfish_analysis/MERFISH_test/data/logs/fov_14_zpos_3.0_DAPI_segmentation.log
		
		python /home/rfang/github/merfishdecoder/bin/merfishdecoder extract-features 			--data-set-name=MERFISH_test/data 			--fov=14 			--zpos=3.0 			--segmented-images-name=/mnt/NAS/Fang/Analysis/MERFISH/merfish_analysis/MERFISH_test/data/segmentedImages/fov_14_zpos_3.0_DAPI.npz 			--output-name=/mnt/NAS/Fang/Analysis/MERFISH/merfish_analysis/MERFISH_test/data/extractedFeatures/fov_14_zpos_3.0_DAPI 			> /mnt/NAS/Fang/Analysis/MERFISH/merfish_analysis/MERFISH_test/data/logs/fov_14_zpos_3.0_DAPI_extract_features.log

		rm /mnt/NAS/Fang/Analysis/MERFISH/merfish_analysis/MERFISH_test/data/segmentedImages/fov_14_zpos_3.0_DAPI.npz
		
		python /home/rfang/github/merfishdecoder/bin/merfishdecoder segmentation 			--data-set-name=MERFISH_test/data 			--fov=14 			--zpos=3.0 			--warped-images-name=/mnt/NAS/Fang/Analysis/MERFISH/merfish_analysis/MERFISH_test/data/warpedImages/fov_14_zpos_3.0.tif 			--feature-name=polyT 			--output-name=/mnt/NAS/Fang/Analysis/MERFISH/merfish_analysis/MERFISH_test/data/segmentedImages/fov_14_zpos_3.0_ployT.npz 			--diameter=200 			--model-type=cyto 			--gpu=False  			> /mnt/NAS/Fang/Analysis/MERFISH/merfish_analysis/MERFISH_test/data/logs/fov_14_zpos_3.0_polyT_segmentation.log
		
		python /home/rfang/github/merfishdecoder/bin/merfishdecoder extract-features 			--data-set-name=MERFISH_test/data 			--fov=14 			--zpos=3.0 			--segmented-images-name=/mnt/NAS/Fang/Analysis/MERFISH/merfish_analysis/MERFISH_test/data/segmentedImages/fov_14_zpos_3.0_polyT.npz 			--output-name=/mnt/NAS/Fang/Analysis/MERFISH/merfish_analysis/MERFISH_test/data/extractedFeatures/fov_14_zpos_3.0_polyT 			> /mnt/NAS/Fang/Analysis/MERFISH/merfish_analysis/MERFISH_test/data/logs/fov_14_zpos_3.0_polyT_extract_features.log

		rm /mnt/NAS/Fang/Analysis/MERFISH/merfish_analysis/MERFISH_test/data/segmentedImages/fov_14_zpos_3.0_polyT.npz
		
		python /home/rfang/github/merfishdecoder/bin/merfishdecoder process-images 			--data-set-name=MERFISH_test/data 			--fov=14 --zpos=3.0 			--warped-images-name=/mnt/NAS/Fang/Analysis/MERFISH/merfish_analysis/MERFISH_test/data/warpedImages/fov_14_zpos_3.0.tif 			--output-name=/mnt/NAS/Fang/Analysis/MERFISH/merfish_analysis/MERFISH_test/data/processedImages/fov_14_zpos_3.0.npz 			--high-pass-filter-sigma=3 			> /mnt/NAS/Fang/Analysis/MERFISH/merfish_analysis/MERFISH_test/data/logs/fov_14_zpos_3.0_processing.log
		
		rm /mnt/NAS/Fang/Analysis/MERFISH/merfish_analysis/MERFISH_test/data/warpedImages/fov_14_zpos_3.0.tif

		python /home/rfang/github/merfishdecoder/bin/merfishdecoder decode-images 			--data-set-name=MERFISH_test/data 			--fov=14 			--zpos=3.0 			--decoding-images-name=/mnt/NAS/Fang/Analysis/MERFISH/merfish_analysis/MERFISH_test/data/processedImages/fov_14_zpos_3.0.npz 			--output-name=/mnt/NAS/Fang/Analysis/MERFISH/merfish_analysis/MERFISH_test/data/decodedImages/fov_14_zpos_3.0.npz 			--border-size=80 			--magnitude-threshold=0 			--distance-threshold=0.6 			> /mnt/NAS/Fang/Analysis/MERFISH/merfish_analysis/MERFISH_test/data/logs/fov_14_zpos_3.0_decoding.log

		rm /mnt/NAS/Fang/Analysis/MERFISH/merfish_analysis/MERFISH_test/data/processedImages/fov_14_zpos_3.0.npz

		
        (one of the commands exited with non-zero exit code; note that snakemake uses bash strict mode!)

Removing output files of failed job decoding since they might be corrupted:
/mnt/NAS/Fang/Analysis/MERFISH/merfish_analysis/MERFISH_test/data/logs/fov_48_zpos_4.0_registration.log
Removing output files of failed job decoding since they might be corrupted:
/mnt/NAS/Fang/Analysis/MERFISH/merfish_analysis/MERFISH_test/data/logs/fov_14_zpos_3.0_registration.log
[Tue Oct  6 11:59:55 2020]
Error in rule decoding:
    jobid: 211
    output: /mnt/NAS/Fang/Analysis/MERFISH/merfish_analysis/MERFISH_test/data/logs/fov_28_zpos_3.0_registration.log, /mnt/NAS/Fang/Analysis/MERFISH/merfish_analysis/MERFISH_test/data/logs/fov_28_zpos_3.0_processing.log, /mnt/NAS/Fang/Analysis/MERFISH/merfish_analysis/MERFISH_test/data/logs/fov_28_zpos_3.0_DAPI_segmentation.log, /mnt/NAS/Fang/Analysis/MERFISH/merfish_analysis/MERFISH_test/data/logs/fov_28_zpos_3.0_polyT_segmentation.log, /mnt/NAS/Fang/Analysis/MERFISH/merfish_analysis/MERFISH_test/data/logs/fov_28_zpos_3.0_polyT_extract_features.log, /mnt/NAS/Fang/Analysis/MERFISH/merfish_analysis/MERFISH_test/data/logs/fov_28_zpos_3.0_DAPI_extract_features.log, /mnt/NAS/Fang/Analysis/MERFISH/merfish_analysis/MERFISH_test/data/logs/fov_28_zpos_3.0_decoding.log
    shell:
        
		python /home/rfang/github/merfishdecoder/bin/merfishdecoder register-images 			--data-set-name=MERFISH_test/data 			--fov=28 			--zpos=1.0  			--output-name=/mnt/NAS/Fang/Analysis/MERFISH/merfish_analysis/MERFISH_test/data/warpedImages/fov_28_zpos_1.0.tif 			--register-drift=True 			--ref-frame-index=0 			--high-pass-filter-sigma=3 			--register-color=True 			--save-fiducials=False 			> /mnt/NAS/Fang/Analysis/MERFISH/merfish_analysis/MERFISH_test/data/logs/fov_28_zpos_3.0_registration.log

		python /home/rfang/github/merfishdecoder/bin/merfishdecoder segmentation 			--data-set-name=MERFISH_test/data 			--fov=28 			--zpos=3.0 			--warped-images-name=/mnt/NAS/Fang/Analysis/MERFISH/merfish_analysis/MERFISH_test/data/warpedImages/fov_28_zpos_3.0.tif 			--feature-name=DAPI 			--output-name=/mnt/NAS/Fang/Analysis/MERFISH/merfish_analysis/MERFISH_test/data/segmentedImages/fov_28_zpos_3.0_DAPI.npz 			--diameter=150 			--model-type=nuclei 			--gpu=False  			> /mnt/NAS/Fang/Analysis/MERFISH/merfish_analysis/MERFISH_test/data/logs/fov_28_zpos_3.0_DAPI_segmentation.log
		
		python /home/rfang/github/merfishdecoder/bin/merfishdecoder extract-features 			--data-set-name=MERFISH_test/data 			--fov=28 			--zpos=3.0 			--segmented-images-name=/mnt/NAS/Fang/Analysis/MERFISH/merfish_analysis/MERFISH_test/data/segmentedImages/fov_28_zpos_3.0_DAPI.npz 			--output-name=/mnt/NAS/Fang/Analysis/MERFISH/merfish_analysis/MERFISH_test/data/extractedFeatures/fov_28_zpos_3.0_DAPI 			> /mnt/NAS/Fang/Analysis/MERFISH/merfish_analysis/MERFISH_test/data/logs/fov_28_zpos_3.0_DAPI_extract_features.log

		rm /mnt/NAS/Fang/Analysis/MERFISH/merfish_analysis/MERFISH_test/data/segmentedImages/fov_28_zpos_3.0_DAPI.npz
		
		python /home/rfang/github/merfishdecoder/bin/merfishdecoder segmentation 			--data-set-name=MERFISH_test/data 			--fov=28 			--zpos=3.0 			--warped-images-name=/mnt/NAS/Fang/Analysis/MERFISH/merfish_analysis/MERFISH_test/data/warpedImages/fov_28_zpos_3.0.tif 			--feature-name=polyT 			--output-name=/mnt/NAS/Fang/Analysis/MERFISH/merfish_analysis/MERFISH_test/data/segmentedImages/fov_28_zpos_3.0_ployT.npz 			--diameter=200 			--model-type=cyto 			--gpu=False  			> /mnt/NAS/Fang/Analysis/MERFISH/merfish_analysis/MERFISH_test/data/logs/fov_28_zpos_3.0_polyT_segmentation.log
		
		python /home/rfang/github/merfishdecoder/bin/merfishdecoder extract-features 			--data-set-name=MERFISH_test/data 			--fov=28 			--zpos=3.0 			--segmented-images-name=/mnt/NAS/Fang/Analysis/MERFISH/merfish_analysis/MERFISH_test/data/segmentedImages/fov_28_zpos_3.0_polyT.npz 			--output-name=/mnt/NAS/Fang/Analysis/MERFISH/merfish_analysis/MERFISH_test/data/extractedFeatures/fov_28_zpos_3.0_polyT 			> /mnt/NAS/Fang/Analysis/MERFISH/merfish_analysis/MERFISH_test/data/logs/fov_28_zpos_3.0_polyT_extract_features.log

		rm /mnt/NAS/Fang/Analysis/MERFISH/merfish_analysis/MERFISH_test/data/segmentedImages/fov_28_zpos_3.0_polyT.npz
		
		python /home/rfang/github/merfishdecoder/bin/merfishdecoder process-images 			--data-set-name=MERFISH_test/data 			--fov=28 --zpos=3.0 			--warped-images-name=/mnt/NAS/Fang/Analysis/MERFISH/merfish_analysis/MERFISH_test/data/warpedImages/fov_28_zpos_3.0.tif 			--output-name=/mnt/NAS/Fang/Analysis/MERFISH/merfish_analysis/MERFISH_test/data/processedImages/fov_28_zpos_3.0.npz 			--high-pass-filter-sigma=3 			> /mnt/NAS/Fang/Analysis/MERFISH/merfish_analysis/MERFISH_test/data/logs/fov_28_zpos_3.0_processing.log
		
		rm /mnt/NAS/Fang/Analysis/MERFISH/merfish_analysis/MERFISH_test/data/warpedImages/fov_28_zpos_3.0.tif

		python /home/rfang/github/merfishdecoder/bin/merfishdecoder decode-images 			--data-set-name=MERFISH_test/data 			--fov=28 			--zpos=3.0 			--decoding-images-name=/mnt/NAS/Fang/Analysis/MERFISH/merfish_analysis/MERFISH_test/data/processedImages/fov_28_zpos_3.0.npz 			--output-name=/mnt/NAS/Fang/Analysis/MERFISH/merfish_analysis/MERFISH_test/data/decodedImages/fov_28_zpos_3.0.npz 			--border-size=80 			--magnitude-threshold=0 			--distance-threshold=0.6 			> /mnt/NAS/Fang/Analysis/MERFISH/merfish_analysis/MERFISH_test/data/logs/fov_28_zpos_3.0_decoding.log

		rm /mnt/NAS/Fang/Analysis/MERFISH/merfish_analysis/MERFISH_test/data/processedImages/fov_28_zpos_3.0.npz

		
        (one of the commands exited with non-zero exit code; note that snakemake uses bash strict mode!)

Removing output files of failed job decoding since they might be corrupted:
/mnt/NAS/Fang/Analysis/MERFISH/merfish_analysis/MERFISH_test/data/logs/fov_28_zpos_3.0_registration.log
[Tue Oct  6 11:59:55 2020]
Error in rule decoding:
    jobid: 155
    output: /mnt/NAS/Fang/Analysis/MERFISH/merfish_analysis/MERFISH_test/data/logs/fov_19_zpos_1.0_registration.log, /mnt/NAS/Fang/Analysis/MERFISH/merfish_analysis/MERFISH_test/data/logs/fov_19_zpos_1.0_processing.log, /mnt/NAS/Fang/Analysis/MERFISH/merfish_analysis/MERFISH_test/data/logs/fov_19_zpos_1.0_DAPI_segmentation.log, /mnt/NAS/Fang/Analysis/MERFISH/merfish_analysis/MERFISH_test/data/logs/fov_19_zpos_1.0_polyT_segmentation.log, /mnt/NAS/Fang/Analysis/MERFISH/merfish_analysis/MERFISH_test/data/logs/fov_19_zpos_1.0_polyT_extract_features.log, /mnt/NAS/Fang/Analysis/MERFISH/merfish_analysis/MERFISH_test/data/logs/fov_19_zpos_1.0_DAPI_extract_features.log, /mnt/NAS/Fang/Analysis/MERFISH/merfish_analysis/MERFISH_test/data/logs/fov_19_zpos_1.0_decoding.log
    shell:
        
		python /home/rfang/github/merfishdecoder/bin/merfishdecoder register-images 			--data-set-name=MERFISH_test/data 			--fov=19 			--zpos=1.0  			--output-name=/mnt/NAS/Fang/Analysis/MERFISH/merfish_analysis/MERFISH_test/data/warpedImages/fov_19_zpos_1.0.tif 			--register-drift=True 			--ref-frame-index=0 			--high-pass-filter-sigma=3 			--register-color=True 			--save-fiducials=False 			> /mnt/NAS/Fang/Analysis/MERFISH/merfish_analysis/MERFISH_test/data/logs/fov_19_zpos_1.0_registration.log

		python /home/rfang/github/merfishdecoder/bin/merfishdecoder segmentation 			--data-set-name=MERFISH_test/data 			--fov=19 			--zpos=1.0 			--warped-images-name=/mnt/NAS/Fang/Analysis/MERFISH/merfish_analysis/MERFISH_test/data/warpedImages/fov_19_zpos_1.0.tif 			--feature-name=DAPI 			--output-name=/mnt/NAS/Fang/Analysis/MERFISH/merfish_analysis/MERFISH_test/data/segmentedImages/fov_19_zpos_1.0_DAPI.npz 			--diameter=150 			--model-type=nuclei 			--gpu=False  			> /mnt/NAS/Fang/Analysis/MERFISH/merfish_analysis/MERFISH_test/data/logs/fov_19_zpos_1.0_DAPI_segmentation.log
		
		python /home/rfang/github/merfishdecoder/bin/merfishdecoder extract-features 			--data-set-name=MERFISH_test/data 			--fov=19 			--zpos=1.0 			--segmented-images-name=/mnt/NAS/Fang/Analysis/MERFISH/merfish_analysis/MERFISH_test/data/segmentedImages/fov_19_zpos_1.0_DAPI.npz 			--output-name=/mnt/NAS/Fang/Analysis/MERFISH/merfish_analysis/MERFISH_test/data/extractedFeatures/fov_19_zpos_1.0_DAPI 			> /mnt/NAS/Fang/Analysis/MERFISH/merfish_analysis/MERFISH_test/data/logs/fov_19_zpos_1.0_DAPI_extract_features.log

		rm /mnt/NAS/Fang/Analysis/MERFISH/merfish_analysis/MERFISH_test/data/segmentedImages/fov_19_zpos_1.0_DAPI.npz
		
		python /home/rfang/github/merfishdecoder/bin/merfishdecoder segmentation 			--data-set-name=MERFISH_test/data 			--fov=19 			--zpos=1.0 			--warped-images-name=/mnt/NAS/Fang/Analysis/MERFISH/merfish_analysis/MERFISH_test/data/warpedImages/fov_19_zpos_1.0.tif 			--feature-name=polyT 			--output-name=/mnt/NAS/Fang/Analysis/MERFISH/merfish_analysis/MERFISH_test/data/segmentedImages/fov_19_zpos_1.0_ployT.npz 			--diameter=200 			--model-type=cyto 			--gpu=False  			> /mnt/NAS/Fang/Analysis/MERFISH/merfish_analysis/MERFISH_test/data/logs/fov_19_zpos_1.0_polyT_segmentation.log
		
		python /home/rfang/github/merfishdecoder/bin/merfishdecoder extract-features 			--data-set-name=MERFISH_test/data 			--fov=19 			--zpos=1.0 			--segmented-images-name=/mnt/NAS/Fang/Analysis/MERFISH/merfish_analysis/MERFISH_test/data/segmentedImages/fov_19_zpos_1.0_polyT.npz 			--output-name=/mnt/NAS/Fang/Analysis/MERFISH/merfish_analysis/MERFISH_test/data/extractedFeatures/fov_19_zpos_1.0_polyT 			> /mnt/NAS/Fang/Analysis/MERFISH/merfish_analysis/MERFISH_test/data/logs/fov_19_zpos_1.0_polyT_extract_features.log

		rm /mnt/NAS/Fang/Analysis/MERFISH/merfish_analysis/MERFISH_test/data/segmentedImages/fov_19_zpos_1.0_polyT.npz
		
		python /home/rfang/github/merfishdecoder/bin/merfishdecoder process-images 			--data-set-name=MERFISH_test/data 			--fov=19 --zpos=1.0 			--warped-images-name=/mnt/NAS/Fang/Analysis/MERFISH/merfish_analysis/MERFISH_test/data/warpedImages/fov_19_zpos_1.0.tif 			--output-name=/mnt/NAS/Fang/Analysis/MERFISH/merfish_analysis/MERFISH_test/data/processedImages/fov_19_zpos_1.0.npz 			--high-pass-filter-sigma=3 			> /mnt/NAS/Fang/Analysis/MERFISH/merfish_analysis/MERFISH_test/data/logs/fov_19_zpos_1.0_processing.log
		
		rm /mnt/NAS/Fang/Analysis/MERFISH/merfish_analysis/MERFISH_test/data/warpedImages/fov_19_zpos_1.0.tif

		python /home/rfang/github/merfishdecoder/bin/merfishdecoder decode-images 			--data-set-name=MERFISH_test/data 			--fov=19 			--zpos=1.0 			--decoding-images-name=/mnt/NAS/Fang/Analysis/MERFISH/merfish_analysis/MERFISH_test/data/processedImages/fov_19_zpos_1.0.npz 			--output-name=/mnt/NAS/Fang/Analysis/MERFISH/merfish_analysis/MERFISH_test/data/decodedImages/fov_19_zpos_1.0.npz 			--border-size=80 			--magnitude-threshold=0 			--distance-threshold=0.6 			> /mnt/NAS/Fang/Analysis/MERFISH/merfish_analysis/MERFISH_test/data/logs/fov_19_zpos_1.0_decoding.log

		rm /mnt/NAS/Fang/Analysis/MERFISH/merfish_analysis/MERFISH_test/data/processedImages/fov_19_zpos_1.0.npz

		
        (one of the commands exited with non-zero exit code; note that snakemake uses bash strict mode!)

Removing output files of failed job decoding since they might be corrupted:
/mnt/NAS/Fang/Analysis/MERFISH/merfish_analysis/MERFISH_test/data/logs/fov_19_zpos_1.0_registration.log
[Tue Oct  6 11:59:55 2020]
Error in rule decoding:
    jobid: 71
    output: /mnt/NAS/Fang/Analysis/MERFISH/merfish_analysis/MERFISH_test/data/logs/fov_5_zpos_1.0_registration.log, /mnt/NAS/Fang/Analysis/MERFISH/merfish_analysis/MERFISH_test/data/logs/fov_5_zpos_1.0_processing.log, /mnt/NAS/Fang/Analysis/MERFISH/merfish_analysis/MERFISH_test/data/logs/fov_5_zpos_1.0_DAPI_segmentation.log, /mnt/NAS/Fang/Analysis/MERFISH/merfish_analysis/MERFISH_test/data/logs/fov_5_zpos_1.0_polyT_segmentation.log, /mnt/NAS/Fang/Analysis/MERFISH/merfish_analysis/MERFISH_test/data/logs/fov_5_zpos_1.0_polyT_extract_features.log, /mnt/NAS/Fang/Analysis/MERFISH/merfish_analysis/MERFISH_test/data/logs/fov_5_zpos_1.0_DAPI_extract_features.log, /mnt/NAS/Fang/Analysis/MERFISH/merfish_analysis/MERFISH_test/data/logs/fov_5_zpos_1.0_decoding.log
    shell:
        
		python /home/rfang/github/merfishdecoder/bin/merfishdecoder register-images 			--data-set-name=MERFISH_test/data 			--fov=5 			--zpos=1.0  			--output-name=/mnt/NAS/Fang/Analysis/MERFISH/merfish_analysis/MERFISH_test/data/warpedImages/fov_5_zpos_1.0.tif 			--register-drift=True 			--ref-frame-index=0 			--high-pass-filter-sigma=3 			--register-color=True 			--save-fiducials=False 			> /mnt/NAS/Fang/Analysis/MERFISH/merfish_analysis/MERFISH_test/data/logs/fov_5_zpos_1.0_registration.log

		python /home/rfang/github/merfishdecoder/bin/merfishdecoder segmentation 			--data-set-name=MERFISH_test/data 			--fov=5 			--zpos=1.0 			--warped-images-name=/mnt/NAS/Fang/Analysis/MERFISH/merfish_analysis/MERFISH_test/data/warpedImages/fov_5_zpos_1.0.tif 			--feature-name=DAPI 			--output-name=/mnt/NAS/Fang/Analysis/MERFISH/merfish_analysis/MERFISH_test/data/segmentedImages/fov_5_zpos_1.0_DAPI.npz 			--diameter=150 			--model-type=nuclei 			--gpu=False  			> /mnt/NAS/Fang/Analysis/MERFISH/merfish_analysis/MERFISH_test/data/logs/fov_5_zpos_1.0_DAPI_segmentation.log
		
		python /home/rfang/github/merfishdecoder/bin/merfishdecoder extract-features 			--data-set-name=MERFISH_test/data 			--fov=5 			--zpos=1.0 			--segmented-images-name=/mnt/NAS/Fang/Analysis/MERFISH/merfish_analysis/MERFISH_test/data/segmentedImages/fov_5_zpos_1.0_DAPI.npz 			--output-name=/mnt/NAS/Fang/Analysis/MERFISH/merfish_analysis/MERFISH_test/data/extractedFeatures/fov_5_zpos_1.0_DAPI 			> /mnt/NAS/Fang/Analysis/MERFISH/merfish_analysis/MERFISH_test/data/logs/fov_5_zpos_1.0_DAPI_extract_features.log

		rm /mnt/NAS/Fang/Analysis/MERFISH/merfish_analysis/MERFISH_test/data/segmentedImages/fov_5_zpos_1.0_DAPI.npz
		
		python /home/rfang/github/merfishdecoder/bin/merfishdecoder segmentation 			--data-set-name=MERFISH_test/data 			--fov=5 			--zpos=1.0 			--warped-images-name=/mnt/NAS/Fang/Analysis/MERFISH/merfish_analysis/MERFISH_test/data/warpedImages/fov_5_zpos_1.0.tif 			--feature-name=polyT 			--output-name=/mnt/NAS/Fang/Analysis/MERFISH/merfish_analysis/MERFISH_test/data/segmentedImages/fov_5_zpos_1.0_ployT.npz 			--diameter=200 			--model-type=cyto 			--gpu=False  			> /mnt/NAS/Fang/Analysis/MERFISH/merfish_analysis/MERFISH_test/data/logs/fov_5_zpos_1.0_polyT_segmentation.log
		
		python /home/rfang/github/merfishdecoder/bin/merfishdecoder extract-features 			--data-set-name=MERFISH_test/data 			--fov=5 			--zpos=1.0 			--segmented-images-name=/mnt/NAS/Fang/Analysis/MERFISH/merfish_analysis/MERFISH_test/data/segmentedImages/fov_5_zpos_1.0_polyT.npz 			--output-name=/mnt/NAS/Fang/Analysis/MERFISH/merfish_analysis/MERFISH_test/data/extractedFeatures/fov_5_zpos_1.0_polyT 			> /mnt/NAS/Fang/Analysis/MERFISH/merfish_analysis/MERFISH_test/data/logs/fov_5_zpos_1.0_polyT_extract_features.log

		rm /mnt/NAS/Fang/Analysis/MERFISH/merfish_analysis/MERFISH_test/data/segmentedImages/fov_5_zpos_1.0_polyT.npz
		
		python /home/rfang/github/merfishdecoder/bin/merfishdecoder process-images 			--data-set-name=MERFISH_test/data 			--fov=5 --zpos=1.0 			--warped-images-name=/mnt/NAS/Fang/Analysis/MERFISH/merfish_analysis/MERFISH_test/data/warpedImages/fov_5_zpos_1.0.tif 			--output-name=/mnt/NAS/Fang/Analysis/MERFISH/merfish_analysis/MERFISH_test/data/processedImages/fov_5_zpos_1.0.npz 			--high-pass-filter-sigma=3 			> /mnt/NAS/Fang/Analysis/MERFISH/merfish_analysis/MERFISH_test/data/logs/fov_5_zpos_1.0_processing.log
		
		rm /mnt/NAS/Fang/Analysis/MERFISH/merfish_analysis/MERFISH_test/data/warpedImages/fov_5_zpos_1.0.tif

		python /home/rfang/github/merfishdecoder/bin/merfishdecoder decode-images 			--data-set-name=MERFISH_test/data 			--fov=5 			--zpos=1.0 			--decoding-images-name=/mnt/NAS/Fang/Analysis/MERFISH/merfish_analysis/MERFISH_test/data/processedImages/fov_5_zpos_1.0.npz 			--output-name=/mnt/NAS/Fang/Analysis/MERFISH/merfish_analysis/MERFISH_test/data/decodedImages/fov_5_zpos_1.0.npz 			--border-size=80 			--magnitude-threshold=0 			--distance-threshold=0.6 			> /mnt/NAS/Fang/Analysis/MERFISH/merfish_analysis/MERFISH_test/data/logs/fov_5_zpos_1.0_decoding.log

		rm /mnt/NAS/Fang/Analysis/MERFISH/merfish_analysis/MERFISH_test/data/processedImages/fov_5_zpos_1.0.npz

		
        (one of the commands exited with non-zero exit code; note that snakemake uses bash strict mode!)

Removing output files of failed job decoding since they might be corrupted:
/mnt/NAS/Fang/Analysis/MERFISH/merfish_analysis/MERFISH_test/data/logs/fov_5_zpos_1.0_registration.log
[Tue Oct  6 11:59:55 2020]
Error in rule decoding:
    jobid: 159
    output: /mnt/NAS/Fang/Analysis/MERFISH/merfish_analysis/MERFISH_test/data/logs/fov_19_zpos_5.0_registration.log, /mnt/NAS/Fang/Analysis/MERFISH/merfish_analysis/MERFISH_test/data/logs/fov_19_zpos_5.0_processing.log, /mnt/NAS/Fang/Analysis/MERFISH/merfish_analysis/MERFISH_test/data/logs/fov_19_zpos_5.0_DAPI_segmentation.log, /mnt/NAS/Fang/Analysis/MERFISH/merfish_analysis/MERFISH_test/data/logs/fov_19_zpos_5.0_polyT_segmentation.log, /mnt/NAS/Fang/Analysis/MERFISH/merfish_analysis/MERFISH_test/data/logs/fov_19_zpos_5.0_polyT_extract_features.log, /mnt/NAS/Fang/Analysis/MERFISH/merfish_analysis/MERFISH_test/data/logs/fov_19_zpos_5.0_DAPI_extract_features.log, /mnt/NAS/Fang/Analysis/MERFISH/merfish_analysis/MERFISH_test/data/logs/fov_19_zpos_5.0_decoding.log
    shell:
        
		python /home/rfang/github/merfishdecoder/bin/merfishdecoder register-images 			--data-set-name=MERFISH_test/data 			--fov=19 			--zpos=1.0  			--output-name=/mnt/NAS/Fang/Analysis/MERFISH/merfish_analysis/MERFISH_test/data/warpedImages/fov_19_zpos_1.0.tif 			--register-drift=True 			--ref-frame-index=0 			--high-pass-filter-sigma=3 			--register-color=True 			--save-fiducials=False 			> /mnt/NAS/Fang/Analysis/MERFISH/merfish_analysis/MERFISH_test/data/logs/fov_19_zpos_5.0_registration.log

		python /home/rfang/github/merfishdecoder/bin/merfishdecoder segmentation 			--data-set-name=MERFISH_test/data 			--fov=19 			--zpos=5.0 			--warped-images-name=/mnt/NAS/Fang/Analysis/MERFISH/merfish_analysis/MERFISH_test/data/warpedImages/fov_19_zpos_5.0.tif 			--feature-name=DAPI 			--output-name=/mnt/NAS/Fang/Analysis/MERFISH/merfish_analysis/MERFISH_test/data/segmentedImages/fov_19_zpos_5.0_DAPI.npz 			--diameter=150 			--model-type=nuclei 			--gpu=False  			> /mnt/NAS/Fang/Analysis/MERFISH/merfish_analysis/MERFISH_test/data/logs/fov_19_zpos_5.0_DAPI_segmentation.log
		
		python /home/rfang/github/merfishdecoder/bin/merfishdecoder extract-features 			--data-set-name=MERFISH_test/data 			--fov=19 			--zpos=5.0 			--segmented-images-name=/mnt/NAS/Fang/Analysis/MERFISH/merfish_analysis/MERFISH_test/data/segmentedImages/fov_19_zpos_5.0_DAPI.npz 			--output-name=/mnt/NAS/Fang/Analysis/MERFISH/merfish_analysis/MERFISH_test/data/extractedFeatures/fov_19_zpos_5.0_DAPI 			> /mnt/NAS/Fang/Analysis/MERFISH/merfish_analysis/MERFISH_test/data/logs/fov_19_zpos_5.0_DAPI_extract_features.log

		rm /mnt/NAS/Fang/Analysis/MERFISH/merfish_analysis/MERFISH_test/data/segmentedImages/fov_19_zpos_5.0_DAPI.npz
		
		python /home/rfang/github/merfishdecoder/bin/merfishdecoder segmentation 			--data-set-name=MERFISH_test/data 			--fov=19 			--zpos=5.0 			--warped-images-name=/mnt/NAS/Fang/Analysis/MERFISH/merfish_analysis/MERFISH_test/data/warpedImages/fov_19_zpos_5.0.tif 			--feature-name=polyT 			--output-name=/mnt/NAS/Fang/Analysis/MERFISH/merfish_analysis/MERFISH_test/data/segmentedImages/fov_19_zpos_5.0_ployT.npz 			--diameter=200 			--model-type=cyto 			--gpu=False  			> /mnt/NAS/Fang/Analysis/MERFISH/merfish_analysis/MERFISH_test/data/logs/fov_19_zpos_5.0_polyT_segmentation.log
		
		python /home/rfang/github/merfishdecoder/bin/merfishdecoder extract-features 			--data-set-name=MERFISH_test/data 			--fov=19 			--zpos=5.0 			--segmented-images-name=/mnt/NAS/Fang/Analysis/MERFISH/merfish_analysis/MERFISH_test/data/segmentedImages/fov_19_zpos_5.0_polyT.npz 			--output-name=/mnt/NAS/Fang/Analysis/MERFISH/merfish_analysis/MERFISH_test/data/extractedFeatures/fov_19_zpos_5.0_polyT 			> /mnt/NAS/Fang/Analysis/MERFISH/merfish_analysis/MERFISH_test/data/logs/fov_19_zpos_5.0_polyT_extract_features.log

		rm /mnt/NAS/Fang/Analysis/MERFISH/merfish_analysis/MERFISH_test/data/segmentedImages/fov_19_zpos_5.0_polyT.npz
		
		python /home/rfang/github/merfishdecoder/bin/merfishdecoder process-images 			--data-set-name=MERFISH_test/data 			--fov=19 --zpos=5.0 			--warped-images-name=/mnt/NAS/Fang/Analysis/MERFISH/merfish_analysis/MERFISH_test/data/warpedImages/fov_19_zpos_5.0.tif 			--output-name=/mnt/NAS/Fang/Analysis/MERFISH/merfish_analysis/MERFISH_test/data/processedImages/fov_19_zpos_5.0.npz 			--high-pass-filter-sigma=3 			> /mnt/NAS/Fang/Analysis/MERFISH/merfish_analysis/MERFISH_test/data/logs/fov_19_zpos_5.0_processing.log
		
		rm /mnt/NAS/Fang/Analysis/MERFISH/merfish_analysis/MERFISH_test/data/warpedImages/fov_19_zpos_5.0.tif

		python /home/rfang/github/merfishdecoder/bin/merfishdecoder decode-images 			--data-set-name=MERFISH_test/data 			--fov=19 			--zpos=5.0 			--decoding-images-name=/mnt/NAS/Fang/Analysis/MERFISH/merfish_analysis/MERFISH_test/data/processedImages/fov_19_zpos_5.0.npz 			--output-name=/mnt/NAS/Fang/Analysis/MERFISH/merfish_analysis/MERFISH_test/data/decodedImages/fov_19_zpos_5.0.npz 			--border-size=80 			--magnitude-threshold=0 			--distance-threshold=0.6 			> /mnt/NAS/Fang/Analysis/MERFISH/merfish_analysis/MERFISH_test/data/logs/fov_19_zpos_5.0_decoding.log

		rm /mnt/NAS/Fang/Analysis/MERFISH/merfish_analysis/MERFISH_test/data/processedImages/fov_19_zpos_5.0.npz

		
        (one of the commands exited with non-zero exit code; note that snakemake uses bash strict mode!)

[Tue Oct  6 11:59:55 2020]
Error in rule decoding:
    jobid: 197
    output: /mnt/NAS/Fang/Analysis/MERFISH/merfish_analysis/MERFISH_test/data/logs/fov_26_zpos_1.0_registration.log, /mnt/NAS/Fang/Analysis/MERFISH/merfish_analysis/MERFISH_test/data/logs/fov_26_zpos_1.0_processing.log, /mnt/NAS/Fang/Analysis/MERFISH/merfish_analysis/MERFISH_test/data/logs/fov_26_zpos_1.0_DAPI_segmentation.log, /mnt/NAS/Fang/Analysis/MERFISH/merfish_analysis/MERFISH_test/data/logs/fov_26_zpos_1.0_polyT_segmentation.log, /mnt/NAS/Fang/Analysis/MERFISH/merfish_analysis/MERFISH_test/data/logs/fov_26_zpos_1.0_polyT_extract_features.log, /mnt/NAS/Fang/Analysis/MERFISH/merfish_analysis/MERFISH_test/data/logs/fov_26_zpos_1.0_DAPI_extract_features.log, /mnt/NAS/Fang/Analysis/MERFISH/merfish_analysis/MERFISH_test/data/logs/fov_26_zpos_1.0_decoding.log
    shell:
        
		python /home/rfang/github/merfishdecoder/bin/merfishdecoder register-images 			--data-set-name=MERFISH_test/data 			--fov=26 			--zpos=1.0  			--output-name=/mnt/NAS/Fang/Analysis/MERFISH/merfish_analysis/MERFISH_test/data/warpedImages/fov_26_zpos_1.0.tif 			--register-drift=True 			--ref-frame-index=0 			--high-pass-filter-sigma=3 			--register-color=True 			--save-fiducials=False 			> /mnt/NAS/Fang/Analysis/MERFISH/merfish_analysis/MERFISH_test/data/logs/fov_26_zpos_1.0_registration.log

		python /home/rfang/github/merfishdecoder/bin/merfishdecoder segmentation 			--data-set-name=MERFISH_test/data 			--fov=26 			--zpos=1.0 			--warped-images-name=/mnt/NAS/Fang/Analysis/MERFISH/merfish_analysis/MERFISH_test/data/warpedImages/fov_26_zpos_1.0.tif 			--feature-name=DAPI 			--output-name=/mnt/NAS/Fang/Analysis/MERFISH/merfish_analysis/MERFISH_test/data/segmentedImages/fov_26_zpos_1.0_DAPI.npz 			--diameter=150 			--model-type=nuclei 			--gpu=False  			> /mnt/NAS/Fang/Analysis/MERFISH/merfish_analysis/MERFISH_test/data/logs/fov_26_zpos_1.0_DAPI_segmentation.log
		
		python /home/rfang/github/merfishdecoder/bin/merfishdecoder extract-features 			--data-set-name=MERFISH_test/data 			--fov=26 			--zpos=1.0 			--segmented-images-name=/mnt/NAS/Fang/Analysis/MERFISH/merfish_analysis/MERFISH_test/data/segmentedImages/fov_26_zpos_1.0_DAPI.npz 			--output-name=/mnt/NAS/Fang/Analysis/MERFISH/merfish_analysis/MERFISH_test/data/extractedFeatures/fov_26_zpos_1.0_DAPI 			> /mnt/NAS/Fang/Analysis/MERFISH/merfish_analysis/MERFISH_test/data/logs/fov_26_zpos_1.0_DAPI_extract_features.log

		rm /mnt/NAS/Fang/Analysis/MERFISH/merfish_analysis/MERFISH_test/data/segmentedImages/fov_26_zpos_1.0_DAPI.npz
		
		python /home/rfang/github/merfishdecoder/bin/merfishdecoder segmentation 			--data-set-name=MERFISH_test/data 			--fov=26 			--zpos=1.0 			--warped-images-name=/mnt/NAS/Fang/Analysis/MERFISH/merfish_analysis/MERFISH_test/data/warpedImages/fov_26_zpos_1.0.tif 			--feature-name=polyT 			--output-name=/mnt/NAS/Fang/Analysis/MERFISH/merfish_analysis/MERFISH_test/data/segmentedImages/fov_26_zpos_1.0_ployT.npz 			--diameter=200 			--model-type=cyto 			--gpu=False  			> /mnt/NAS/Fang/Analysis/MERFISH/merfish_analysis/MERFISH_test/data/logs/fov_26_zpos_1.0_polyT_segmentation.log
		
		python /home/rfang/github/merfishdecoder/bin/merfishdecoder extract-features 			--data-set-name=MERFISH_test/data 			--fov=26 			--zpos=1.0 			--segmented-images-name=/mnt/NAS/Fang/Analysis/MERFISH/merfish_analysis/MERFISH_test/data/segmentedImages/fov_26_zpos_1.0_polyT.npz 			--output-name=/mnt/NAS/Fang/Analysis/MERFISH/merfish_analysis/MERFISH_test/data/extractedFeatures/fov_26_zpos_1.0_polyT 			> /mnt/NAS/Fang/Analysis/MERFISH/merfish_analysis/MERFISH_test/data/logs/fov_26_zpos_1.0_polyT_extract_features.log

		rm /mnt/NAS/Fang/Analysis/MERFISH/merfish_analysis/MERFISH_test/data/segmentedImages/fov_26_zpos_1.0_polyT.npz
		
		python /home/rfang/github/merfishdecoder/bin/merfishdecoder process-images 			--data-set-name=MERFISH_test/data 			--fov=26 --zpos=1.0 			--warped-images-name=/mnt/NAS/Fang/Analysis/MERFISH/merfish_analysis/MERFISH_test/data/warpedImages/fov_26_zpos_1.0.tif 			--output-name=/mnt/NAS/Fang/Analysis/MERFISH/merfish_analysis/MERFISH_test/data/processedImages/fov_26_zpos_1.0.npz 			--high-pass-filter-sigma=3 			> /mnt/NAS/Fang/Analysis/MERFISH/merfish_analysis/MERFISH_test/data/logs/fov_26_zpos_1.0_processing.log
		
		rm /mnt/NAS/Fang/Analysis/MERFISH/merfish_analysis/MERFISH_test/data/warpedImages/fov_26_zpos_1.0.tif

		python /home/rfang/github/merfishdecoder/bin/merfishdecoder decode-images 			--data-set-name=MERFISH_test/data 			--fov=26 			--zpos=1.0 			--decoding-images-name=/mnt/NAS/Fang/Analysis/MERFISH/merfish_analysis/MERFISH_test/data/processedImages/fov_26_zpos_1.0.npz 			--output-name=/mnt/NAS/Fang/Analysis/MERFISH/merfish_analysis/MERFISH_test/data/decodedImages/fov_26_zpos_1.0.npz 			--border-size=80 			--magnitude-threshold=0 			--distance-threshold=0.6 			> /mnt/NAS/Fang/Analysis/MERFISH/merfish_analysis/MERFISH_test/data/logs/fov_26_zpos_1.0_decoding.log

		rm /mnt/NAS/Fang/Analysis/MERFISH/merfish_analysis/MERFISH_test/data/processedImages/fov_26_zpos_1.0.npz

		
        (one of the commands exited with non-zero exit code; note that snakemake uses bash strict mode!)

Removing output files of failed job decoding since they might be corrupted:
/mnt/NAS/Fang/Analysis/MERFISH/merfish_analysis/MERFISH_test/data/logs/fov_19_zpos_5.0_registration.log
Removing output files of failed job decoding since they might be corrupted:
/mnt/NAS/Fang/Analysis/MERFISH/merfish_analysis/MERFISH_test/data/logs/fov_26_zpos_1.0_registration.log
[Tue Oct  6 11:59:55 2020]
Error in rule decoding:
    jobid: 239
    output: /mnt/NAS/Fang/Analysis/MERFISH/merfish_analysis/MERFISH_test/data/logs/fov_33_zpos_1.0_registration.log, /mnt/NAS/Fang/Analysis/MERFISH/merfish_analysis/MERFISH_test/data/logs/fov_33_zpos_1.0_processing.log, /mnt/NAS/Fang/Analysis/MERFISH/merfish_analysis/MERFISH_test/data/logs/fov_33_zpos_1.0_DAPI_segmentation.log, /mnt/NAS/Fang/Analysis/MERFISH/merfish_analysis/MERFISH_test/data/logs/fov_33_zpos_1.0_polyT_segmentation.log, /mnt/NAS/Fang/Analysis/MERFISH/merfish_analysis/MERFISH_test/data/logs/fov_33_zpos_1.0_polyT_extract_features.log, /mnt/NAS/Fang/Analysis/MERFISH/merfish_analysis/MERFISH_test/data/logs/fov_33_zpos_1.0_DAPI_extract_features.log, /mnt/NAS/Fang/Analysis/MERFISH/merfish_analysis/MERFISH_test/data/logs/fov_33_zpos_1.0_decoding.log
    shell:
        
		python /home/rfang/github/merfishdecoder/bin/merfishdecoder register-images 			--data-set-name=MERFISH_test/data 			--fov=33 			--zpos=1.0  			--output-name=/mnt/NAS/Fang/Analysis/MERFISH/merfish_analysis/MERFISH_test/data/warpedImages/fov_33_zpos_1.0.tif 			--register-drift=True 			--ref-frame-index=0 			--high-pass-filter-sigma=3 			--register-color=True 			--save-fiducials=False 			> /mnt/NAS/Fang/Analysis/MERFISH/merfish_analysis/MERFISH_test/data/logs/fov_33_zpos_1.0_registration.log

		python /home/rfang/github/merfishdecoder/bin/merfishdecoder segmentation 			--data-set-name=MERFISH_test/data 			--fov=33 			--zpos=1.0 			--warped-images-name=/mnt/NAS/Fang/Analysis/MERFISH/merfish_analysis/MERFISH_test/data/warpedImages/fov_33_zpos_1.0.tif 			--feature-name=DAPI 			--output-name=/mnt/NAS/Fang/Analysis/MERFISH/merfish_analysis/MERFISH_test/data/segmentedImages/fov_33_zpos_1.0_DAPI.npz 			--diameter=150 			--model-type=nuclei 			--gpu=False  			> /mnt/NAS/Fang/Analysis/MERFISH/merfish_analysis/MERFISH_test/data/logs/fov_33_zpos_1.0_DAPI_segmentation.log
		
		python /home/rfang/github/merfishdecoder/bin/merfishdecoder extract-features 			--data-set-name=MERFISH_test/data 			--fov=33 			--zpos=1.0 			--segmented-images-name=/mnt/NAS/Fang/Analysis/MERFISH/merfish_analysis/MERFISH_test/data/segmentedImages/fov_33_zpos_1.0_DAPI.npz 			--output-name=/mnt/NAS/Fang/Analysis/MERFISH/merfish_analysis/MERFISH_test/data/extractedFeatures/fov_33_zpos_1.0_DAPI 			> /mnt/NAS/Fang/Analysis/MERFISH/merfish_analysis/MERFISH_test/data/logs/fov_33_zpos_1.0_DAPI_extract_features.log

		rm /mnt/NAS/Fang/Analysis/MERFISH/merfish_analysis/MERFISH_test/data/segmentedImages/fov_33_zpos_1.0_DAPI.npz
		
		python /home/rfang/github/merfishdecoder/bin/merfishdecoder segmentation 			--data-set-name=MERFISH_test/data 			--fov=33 			--zpos=1.0 			--warped-images-name=/mnt/NAS/Fang/Analysis/MERFISH/merfish_analysis/MERFISH_test/data/warpedImages/fov_33_zpos_1.0.tif 			--feature-name=polyT 			--output-name=/mnt/NAS/Fang/Analysis/MERFISH/merfish_analysis/MERFISH_test/data/segmentedImages/fov_33_zpos_1.0_ployT.npz 			--diameter=200 			--model-type=cyto 			--gpu=False  			> /mnt/NAS/Fang/Analysis/MERFISH/merfish_analysis/MERFISH_test/data/logs/fov_33_zpos_1.0_polyT_segmentation.log
		
		python /home/rfang/github/merfishdecoder/bin/merfishdecoder extract-features 			--data-set-name=MERFISH_test/data 			--fov=33 			--zpos=1.0 			--segmented-images-name=/mnt/NAS/Fang/Analysis/MERFISH/merfish_analysis/MERFISH_test/data/segmentedImages/fov_33_zpos_1.0_polyT.npz 			--output-name=/mnt/NAS/Fang/Analysis/MERFISH/merfish_analysis/MERFISH_test/data/extractedFeatures/fov_33_zpos_1.0_polyT 			> /mnt/NAS/Fang/Analysis/MERFISH/merfish_analysis/MERFISH_test/data/logs/fov_33_zpos_1.0_polyT_extract_features.log

		rm /mnt/NAS/Fang/Analysis/MERFISH/merfish_analysis/MERFISH_test/data/segmentedImages/fov_33_zpos_1.0_polyT.npz
		
		python /home/rfang/github/merfishdecoder/bin/merfishdecoder process-images 			--data-set-name=MERFISH_test/data 			--fov=33 --zpos=1.0 			--warped-images-name=/mnt/NAS/Fang/Analysis/MERFISH/merfish_analysis/MERFISH_test/data/warpedImages/fov_33_zpos_1.0.tif 			--output-name=/mnt/NAS/Fang/Analysis/MERFISH/merfish_analysis/MERFISH_test/data/processedImages/fov_33_zpos_1.0.npz 			--high-pass-filter-sigma=3 			> /mnt/NAS/Fang/Analysis/MERFISH/merfish_analysis/MERFISH_test/data/logs/fov_33_zpos_1.0_processing.log
		
		rm /mnt/NAS/Fang/Analysis/MERFISH/merfish_analysis/MERFISH_test/data/warpedImages/fov_33_zpos_1.0.tif

		python /home/rfang/github/merfishdecoder/bin/merfishdecoder decode-images 			--data-set-name=MERFISH_test/data 			--fov=33 			--zpos=1.0 			--decoding-images-name=/mnt/NAS/Fang/Analysis/MERFISH/merfish_analysis/MERFISH_test/data/processedImages/fov_33_zpos_1.0.npz 			--output-name=/mnt/NAS/Fang/Analysis/MERFISH/merfish_analysis/MERFISH_test/data/decodedImages/fov_33_zpos_1.0.npz 			--border-size=80 			--magnitude-threshold=0 			--distance-threshold=0.6 			> /mnt/NAS/Fang/Analysis/MERFISH/merfish_analysis/MERFISH_test/data/logs/fov_33_zpos_1.0_decoding.log

		rm /mnt/NAS/Fang/Analysis/MERFISH/merfish_analysis/MERFISH_test/data/processedImages/fov_33_zpos_1.0.npz

		
        (one of the commands exited with non-zero exit code; note that snakemake uses bash strict mode!)

[Tue Oct  6 11:59:55 2020]
Error in rule decoding:
    jobid: 141
    output: /mnt/NAS/Fang/Analysis/MERFISH/merfish_analysis/MERFISH_test/data/logs/fov_16_zpos_5.0_registration.log, /mnt/NAS/Fang/Analysis/MERFISH/merfish_analysis/MERFISH_test/data/logs/fov_16_zpos_5.0_processing.log, /mnt/NAS/Fang/Analysis/MERFISH/merfish_analysis/MERFISH_test/data/logs/fov_16_zpos_5.0_DAPI_segmentation.log, /mnt/NAS/Fang/Analysis/MERFISH/merfish_analysis/MERFISH_test/data/logs/fov_16_zpos_5.0_polyT_segmentation.log, /mnt/NAS/Fang/Analysis/MERFISH/merfish_analysis/MERFISH_test/data/logs/fov_16_zpos_5.0_polyT_extract_features.log, /mnt/NAS/Fang/Analysis/MERFISH/merfish_analysis/MERFISH_test/data/logs/fov_16_zpos_5.0_DAPI_extract_features.log, /mnt/NAS/Fang/Analysis/MERFISH/merfish_analysis/MERFISH_test/data/logs/fov_16_zpos_5.0_decoding.log
    shell:
        
		python /home/rfang/github/merfishdecoder/bin/merfishdecoder register-images 			--data-set-name=MERFISH_test/data 			--fov=16 			--zpos=1.0  			--output-name=/mnt/NAS/Fang/Analysis/MERFISH/merfish_analysis/MERFISH_test/data/warpedImages/fov_16_zpos_1.0.tif 			--register-drift=True 			--ref-frame-index=0 			--high-pass-filter-sigma=3 			--register-color=True 			--save-fiducials=False 			> /mnt/NAS/Fang/Analysis/MERFISH/merfish_analysis/MERFISH_test/data/logs/fov_16_zpos_5.0_registration.log

		python /home/rfang/github/merfishdecoder/bin/merfishdecoder segmentation 			--data-set-name=MERFISH_test/data 			--fov=16 			--zpos=5.0 			--warped-images-name=/mnt/NAS/Fang/Analysis/MERFISH/merfish_analysis/MERFISH_test/data/warpedImages/fov_16_zpos_5.0.tif 			--feature-name=DAPI 			--output-name=/mnt/NAS/Fang/Analysis/MERFISH/merfish_analysis/MERFISH_test/data/segmentedImages/fov_16_zpos_5.0_DAPI.npz 			--diameter=150 			--model-type=nuclei 			--gpu=False  			> /mnt/NAS/Fang/Analysis/MERFISH/merfish_analysis/MERFISH_test/data/logs/fov_16_zpos_5.0_DAPI_segmentation.log
		
		python /home/rfang/github/merfishdecoder/bin/merfishdecoder extract-features 			--data-set-name=MERFISH_test/data 			--fov=16 			--zpos=5.0 			--segmented-images-name=/mnt/NAS/Fang/Analysis/MERFISH/merfish_analysis/MERFISH_test/data/segmentedImages/fov_16_zpos_5.0_DAPI.npz 			--output-name=/mnt/NAS/Fang/Analysis/MERFISH/merfish_analysis/MERFISH_test/data/extractedFeatures/fov_16_zpos_5.0_DAPI 			> /mnt/NAS/Fang/Analysis/MERFISH/merfish_analysis/MERFISH_test/data/logs/fov_16_zpos_5.0_DAPI_extract_features.log

		rm /mnt/NAS/Fang/Analysis/MERFISH/merfish_analysis/MERFISH_test/data/segmentedImages/fov_16_zpos_5.0_DAPI.npz
		
		python /home/rfang/github/merfishdecoder/bin/merfishdecoder segmentation 			--data-set-name=MERFISH_test/data 			--fov=16 			--zpos=5.0 			--warped-images-name=/mnt/NAS/Fang/Analysis/MERFISH/merfish_analysis/MERFISH_test/data/warpedImages/fov_16_zpos_5.0.tif 			--feature-name=polyT 			--output-name=/mnt/NAS/Fang/Analysis/MERFISH/merfish_analysis/MERFISH_test/data/segmentedImages/fov_16_zpos_5.0_ployT.npz 			--diameter=200 			--model-type=cyto 			--gpu=False  			> /mnt/NAS/Fang/Analysis/MERFISH/merfish_analysis/MERFISH_test/data/logs/fov_16_zpos_5.0_polyT_segmentation.log
		
		python /home/rfang/github/merfishdecoder/bin/merfishdecoder extract-features 			--data-set-name=MERFISH_test/data 			--fov=16 			--zpos=5.0 			--segmented-images-name=/mnt/NAS/Fang/Analysis/MERFISH/merfish_analysis/MERFISH_test/data/segmentedImages/fov_16_zpos_5.0_polyT.npz 			--output-name=/mnt/NAS/Fang/Analysis/MERFISH/merfish_analysis/MERFISH_test/data/extractedFeatures/fov_16_zpos_5.0_polyT 			> /mnt/NAS/Fang/Analysis/MERFISH/merfish_analysis/MERFISH_test/data/logs/fov_16_zpos_5.0_polyT_extract_features.log

		rm /mnt/NAS/Fang/Analysis/MERFISH/merfish_analysis/MERFISH_test/data/segmentedImages/fov_16_zpos_5.0_polyT.npz
		
		python /home/rfang/github/merfishdecoder/bin/merfishdecoder process-images 			--data-set-name=MERFISH_test/data 			--fov=16 --zpos=5.0 			--warped-images-name=/mnt/NAS/Fang/Analysis/MERFISH/merfish_analysis/MERFISH_test/data/warpedImages/fov_16_zpos_5.0.tif 			--output-name=/mnt/NAS/Fang/Analysis/MERFISH/merfish_analysis/MERFISH_test/data/processedImages/fov_16_zpos_5.0.npz 			--high-pass-filter-sigma=3 			> /mnt/NAS/Fang/Analysis/MERFISH/merfish_analysis/MERFISH_test/data/logs/fov_16_zpos_5.0_processing.log
		
		rm /mnt/NAS/Fang/Analysis/MERFISH/merfish_analysis/MERFISH_test/data/warpedImages/fov_16_zpos_5.0.tif

		python /home/rfang/github/merfishdecoder/bin/merfishdecoder decode-images 			--data-set-name=MERFISH_test/data 			--fov=16 			--zpos=5.0 			--decoding-images-name=/mnt/NAS/Fang/Analysis/MERFISH/merfish_analysis/MERFISH_test/data/processedImages/fov_16_zpos_5.0.npz 			--output-name=/mnt/NAS/Fang/Analysis/MERFISH/merfish_analysis/MERFISH_test/data/decodedImages/fov_16_zpos_5.0.npz 			--border-size=80 			--magnitude-threshold=0 			--distance-threshold=0.6 			> /mnt/NAS/Fang/Analysis/MERFISH/merfish_analysis/MERFISH_test/data/logs/fov_16_zpos_5.0_decoding.log

		rm /mnt/NAS/Fang/Analysis/MERFISH/merfish_analysis/MERFISH_test/data/processedImages/fov_16_zpos_5.0.npz

		
        (one of the commands exited with non-zero exit code; note that snakemake uses bash strict mode!)

Removing output files of failed job decoding since they might be corrupted:
/mnt/NAS/Fang/Analysis/MERFISH/merfish_analysis/MERFISH_test/data/logs/fov_33_zpos_1.0_registration.log
Removing output files of failed job decoding since they might be corrupted:
/mnt/NAS/Fang/Analysis/MERFISH/merfish_analysis/MERFISH_test/data/logs/fov_16_zpos_5.0_registration.log
[Tue Oct  6 11:59:55 2020]
Error in rule decoding:
    jobid: 253
    output: /mnt/NAS/Fang/Analysis/MERFISH/merfish_analysis/MERFISH_test/data/logs/fov_35_zpos_3.0_registration.log, /mnt/NAS/Fang/Analysis/MERFISH/merfish_analysis/MERFISH_test/data/logs/fov_35_zpos_3.0_processing.log, /mnt/NAS/Fang/Analysis/MERFISH/merfish_analysis/MERFISH_test/data/logs/fov_35_zpos_3.0_DAPI_segmentation.log, /mnt/NAS/Fang/Analysis/MERFISH/merfish_analysis/MERFISH_test/data/logs/fov_35_zpos_3.0_polyT_segmentation.log, /mnt/NAS/Fang/Analysis/MERFISH/merfish_analysis/MERFISH_test/data/logs/fov_35_zpos_3.0_polyT_extract_features.log, /mnt/NAS/Fang/Analysis/MERFISH/merfish_analysis/MERFISH_test/data/logs/fov_35_zpos_3.0_DAPI_extract_features.log, /mnt/NAS/Fang/Analysis/MERFISH/merfish_analysis/MERFISH_test/data/logs/fov_35_zpos_3.0_decoding.log
    shell:
        
		python /home/rfang/github/merfishdecoder/bin/merfishdecoder register-images 			--data-set-name=MERFISH_test/data 			--fov=35 			--zpos=1.0  			--output-name=/mnt/NAS/Fang/Analysis/MERFISH/merfish_analysis/MERFISH_test/data/warpedImages/fov_35_zpos_1.0.tif 			--register-drift=True 			--ref-frame-index=0 			--high-pass-filter-sigma=3 			--register-color=True 			--save-fiducials=False 			> /mnt/NAS/Fang/Analysis/MERFISH/merfish_analysis/MERFISH_test/data/logs/fov_35_zpos_3.0_registration.log

		python /home/rfang/github/merfishdecoder/bin/merfishdecoder segmentation 			--data-set-name=MERFISH_test/data 			--fov=35 			--zpos=3.0 			--warped-images-name=/mnt/NAS/Fang/Analysis/MERFISH/merfish_analysis/MERFISH_test/data/warpedImages/fov_35_zpos_3.0.tif 			--feature-name=DAPI 			--output-name=/mnt/NAS/Fang/Analysis/MERFISH/merfish_analysis/MERFISH_test/data/segmentedImages/fov_35_zpos_3.0_DAPI.npz 			--diameter=150 			--model-type=nuclei 			--gpu=False  			> /mnt/NAS/Fang/Analysis/MERFISH/merfish_analysis/MERFISH_test/data/logs/fov_35_zpos_3.0_DAPI_segmentation.log
		
		python /home/rfang/github/merfishdecoder/bin/merfishdecoder extract-features 			--data-set-name=MERFISH_test/data 			--fov=35 			--zpos=3.0 			--segmented-images-name=/mnt/NAS/Fang/Analysis/MERFISH/merfish_analysis/MERFISH_test/data/segmentedImages/fov_35_zpos_3.0_DAPI.npz 			--output-name=/mnt/NAS/Fang/Analysis/MERFISH/merfish_analysis/MERFISH_test/data/extractedFeatures/fov_35_zpos_3.0_DAPI 			> /mnt/NAS/Fang/Analysis/MERFISH/merfish_analysis/MERFISH_test/data/logs/fov_35_zpos_3.0_DAPI_extract_features.log

		rm /mnt/NAS/Fang/Analysis/MERFISH/merfish_analysis/MERFISH_test/data/segmentedImages/fov_35_zpos_3.0_DAPI.npz
		
		python /home/rfang/github/merfishdecoder/bin/merfishdecoder segmentation 			--data-set-name=MERFISH_test/data 			--fov=35 			--zpos=3.0 			--warped-images-name=/mnt/NAS/Fang/Analysis/MERFISH/merfish_analysis/MERFISH_test/data/warpedImages/fov_35_zpos_3.0.tif 			--feature-name=polyT 			--output-name=/mnt/NAS/Fang/Analysis/MERFISH/merfish_analysis/MERFISH_test/data/segmentedImages/fov_35_zpos_3.0_ployT.npz 			--diameter=200 			--model-type=cyto 			--gpu=False  			> /mnt/NAS/Fang/Analysis/MERFISH/merfish_analysis/MERFISH_test/data/logs/fov_35_zpos_3.0_polyT_segmentation.log
		
		python /home/rfang/github/merfishdecoder/bin/merfishdecoder extract-features 			--data-set-name=MERFISH_test/data 			--fov=35 			--zpos=3.0 			--segmented-images-name=/mnt/NAS/Fang/Analysis/MERFISH/merfish_analysis/MERFISH_test/data/segmentedImages/fov_35_zpos_3.0_polyT.npz 			--output-name=/mnt/NAS/Fang/Analysis/MERFISH/merfish_analysis/MERFISH_test/data/extractedFeatures/fov_35_zpos_3.0_polyT 			> /mnt/NAS/Fang/Analysis/MERFISH/merfish_analysis/MERFISH_test/data/logs/fov_35_zpos_3.0_polyT_extract_features.log

		rm /mnt/NAS/Fang/Analysis/MERFISH/merfish_analysis/MERFISH_test/data/segmentedImages/fov_35_zpos_3.0_polyT.npz
		
		python /home/rfang/github/merfishdecoder/bin/merfishdecoder process-images 			--data-set-name=MERFISH_test/data 			--fov=35 --zpos=3.0 			--warped-images-name=/mnt/NAS/Fang/Analysis/MERFISH/merfish_analysis/MERFISH_test/data/warpedImages/fov_35_zpos_3.0.tif 			--output-name=/mnt/NAS/Fang/Analysis/MERFISH/merfish_analysis/MERFISH_test/data/processedImages/fov_35_zpos_3.0.npz 			--high-pass-filter-sigma=3 			> /mnt/NAS/Fang/Analysis/MERFISH/merfish_analysis/MERFISH_test/data/logs/fov_35_zpos_3.0_processing.log
		
		rm /mnt/NAS/Fang/Analysis/MERFISH/merfish_analysis/MERFISH_test/data/warpedImages/fov_35_zpos_3.0.tif

		python /home/rfang/github/merfishdecoder/bin/merfishdecoder decode-images 			--data-set-name=MERFISH_test/data 			--fov=35 			--zpos=3.0 			--decoding-images-name=/mnt/NAS/Fang/Analysis/MERFISH/merfish_analysis/MERFISH_test/data/processedImages/fov_35_zpos_3.0.npz 			--output-name=/mnt/NAS/Fang/Analysis/MERFISH/merfish_analysis/MERFISH_test/data/decodedImages/fov_35_zpos_3.0.npz 			--border-size=80 			--magnitude-threshold=0 			--distance-threshold=0.6 			> /mnt/NAS/Fang/Analysis/MERFISH/merfish_analysis/MERFISH_test/data/logs/fov_35_zpos_3.0_decoding.log

		rm /mnt/NAS/Fang/Analysis/MERFISH/merfish_analysis/MERFISH_test/data/processedImages/fov_35_zpos_3.0.npz

		
        (one of the commands exited with non-zero exit code; note that snakemake uses bash strict mode!)

Removing output files of failed job decoding since they might be corrupted:
/mnt/NAS/Fang/Analysis/MERFISH/merfish_analysis/MERFISH_test/data/logs/fov_35_zpos_3.0_registration.log
Shutting down, this might take some time.
Exiting because a job execution failed. Look above for error message
Complete log: /home/rfang/github/merfishdecoder/snakemake/.snakemake/log/2020-10-06T115951.365171.snakemake.log
