Building DAG of jobs...
Using shell: /bin/bash
Provided cores: 20
Rules claiming more threads will be scaled down.
Job counts:
	count	jobs
	1	all
	1	assignBarcodes_DAPI
	1	assignBarcodes_polyT
	4764	decoding
	1	exportBarcodes
	1	exportFeatures
	1	exportGeneFeatureMatrix
	4794	extractBarcodes
	1	filterBarcodes
	1	filterBarcodesFeature
	1	filterFeatures
	4764	preprocessing
	4764	registration
	4764	segmentation_DAPI
	4764	segmentation_polyT
	1	trainPSM
	28624

[Tue Oct  6 00:24:42 2020]
rule registration:
    input: /mnt/NAS/Fang/Analysis/MERFISH/merfish_analysis/20200303_hMTG_V11_4000gene_best_sample/data/logs/create_analysis.log
    output: /mnt/NAS/Fang/Analysis/MERFISH/merfish_analysis/20200303_hMTG_V11_4000gene_best_sample/data/logs/fov_85_zpos_5.0_registration.log
    jobid: 516
    wildcards: analysisPath=/mnt/NAS/Fang/Analysis/MERFISH/merfish_analysis/20200303_hMTG_V11_4000gene_best_sample/data, fov=85, zpos=5.0


[Tue Oct  6 00:24:42 2020]
rule registration:
    input: /mnt/NAS/Fang/Analysis/MERFISH/merfish_analysis/20200303_hMTG_V11_4000gene_best_sample/data/logs/create_analysis.log
    output: /mnt/NAS/Fang/Analysis/MERFISH/merfish_analysis/20200303_hMTG_V11_4000gene_best_sample/data/logs/fov_144_zpos_1.0_registration.log
    jobid: 866
    wildcards: analysisPath=/mnt/NAS/Fang/Analysis/MERFISH/merfish_analysis/20200303_hMTG_V11_4000gene_best_sample/data, fov=144, zpos=1.0


[Tue Oct  6 00:24:42 2020]
rule registration:
    input: /mnt/NAS/Fang/Analysis/MERFISH/merfish_analysis/20200303_hMTG_V11_4000gene_best_sample/data/logs/create_analysis.log
    output: /mnt/NAS/Fang/Analysis/MERFISH/merfish_analysis/20200303_hMTG_V11_4000gene_best_sample/data/logs/fov_183_zpos_5.0_registration.log
    jobid: 1104
    wildcards: analysisPath=/mnt/NAS/Fang/Analysis/MERFISH/merfish_analysis/20200303_hMTG_V11_4000gene_best_sample/data, fov=183, zpos=5.0


[Tue Oct  6 00:24:42 2020]
rule registration:
    input: /mnt/NAS/Fang/Analysis/MERFISH/merfish_analysis/20200303_hMTG_V11_4000gene_best_sample/data/logs/create_analysis.log
    output: /mnt/NAS/Fang/Analysis/MERFISH/merfish_analysis/20200303_hMTG_V11_4000gene_best_sample/data/logs/fov_225_zpos_5.0_registration.log
    jobid: 1356
    wildcards: analysisPath=/mnt/NAS/Fang/Analysis/MERFISH/merfish_analysis/20200303_hMTG_V11_4000gene_best_sample/data, fov=225, zpos=5.0


[Tue Oct  6 00:24:42 2020]
rule registration:
    input: /mnt/NAS/Fang/Analysis/MERFISH/merfish_analysis/20200303_hMTG_V11_4000gene_best_sample/data/logs/create_analysis.log
    output: /mnt/NAS/Fang/Analysis/MERFISH/merfish_analysis/20200303_hMTG_V11_4000gene_best_sample/data/logs/fov_270_zpos_1.0_registration.log
    jobid: 1622
    wildcards: analysisPath=/mnt/NAS/Fang/Analysis/MERFISH/merfish_analysis/20200303_hMTG_V11_4000gene_best_sample/data, fov=270, zpos=1.0


[Tue Oct  6 00:24:42 2020]
rule registration:
    input: /mnt/NAS/Fang/Analysis/MERFISH/merfish_analysis/20200303_hMTG_V11_4000gene_best_sample/data/logs/create_analysis.log
    output: /mnt/NAS/Fang/Analysis/MERFISH/merfish_analysis/20200303_hMTG_V11_4000gene_best_sample/data/logs/fov_284_zpos_1.0_registration.log
    jobid: 1706
    wildcards: analysisPath=/mnt/NAS/Fang/Analysis/MERFISH/merfish_analysis/20200303_hMTG_V11_4000gene_best_sample/data, fov=284, zpos=1.0


[Tue Oct  6 00:24:42 2020]
rule registration:
    input: /mnt/NAS/Fang/Analysis/MERFISH/merfish_analysis/20200303_hMTG_V11_4000gene_best_sample/data/logs/create_analysis.log
    output: /mnt/NAS/Fang/Analysis/MERFISH/merfish_analysis/20200303_hMTG_V11_4000gene_best_sample/data/logs/fov_356_zpos_3.0_registration.log
    jobid: 2140
    wildcards: analysisPath=/mnt/NAS/Fang/Analysis/MERFISH/merfish_analysis/20200303_hMTG_V11_4000gene_best_sample/data, fov=356, zpos=3.0


[Tue Oct  6 00:24:42 2020]
rule registration:
    input: /mnt/NAS/Fang/Analysis/MERFISH/merfish_analysis/20200303_hMTG_V11_4000gene_best_sample/data/logs/create_analysis.log
    output: /mnt/NAS/Fang/Analysis/MERFISH/merfish_analysis/20200303_hMTG_V11_4000gene_best_sample/data/logs/fov_442_zpos_5.0_registration.log
    jobid: 2658
    wildcards: analysisPath=/mnt/NAS/Fang/Analysis/MERFISH/merfish_analysis/20200303_hMTG_V11_4000gene_best_sample/data, fov=442, zpos=5.0


[Tue Oct  6 00:24:42 2020]
rule registration:
    input: /mnt/NAS/Fang/Analysis/MERFISH/merfish_analysis/20200303_hMTG_V11_4000gene_best_sample/data/logs/create_analysis.log
    output: /mnt/NAS/Fang/Analysis/MERFISH/merfish_analysis/20200303_hMTG_V11_4000gene_best_sample/data/logs/fov_529_zpos_1.0_registration.log
    jobid: 3176
    wildcards: analysisPath=/mnt/NAS/Fang/Analysis/MERFISH/merfish_analysis/20200303_hMTG_V11_4000gene_best_sample/data, fov=529, zpos=1.0


[Tue Oct  6 00:24:42 2020]
rule registration:
    input: /mnt/NAS/Fang/Analysis/MERFISH/merfish_analysis/20200303_hMTG_V11_4000gene_best_sample/data/logs/create_analysis.log
    output: /mnt/NAS/Fang/Analysis/MERFISH/merfish_analysis/20200303_hMTG_V11_4000gene_best_sample/data/logs/fov_601_zpos_3.0_registration.log
    jobid: 3610
    wildcards: analysisPath=/mnt/NAS/Fang/Analysis/MERFISH/merfish_analysis/20200303_hMTG_V11_4000gene_best_sample/data, fov=601, zpos=3.0


[Tue Oct  6 00:24:42 2020]
rule registration:
    input: /mnt/NAS/Fang/Analysis/MERFISH/merfish_analysis/20200303_hMTG_V11_4000gene_best_sample/data/logs/create_analysis.log
    output: /mnt/NAS/Fang/Analysis/MERFISH/merfish_analysis/20200303_hMTG_V11_4000gene_best_sample/data/logs/fov_794_zpos_5.0_registration.log
    jobid: 4770
    wildcards: analysisPath=/mnt/NAS/Fang/Analysis/MERFISH/merfish_analysis/20200303_hMTG_V11_4000gene_best_sample/data, fov=794, zpos=5.0


[Tue Oct  6 00:24:42 2020]
rule registration:
    input: /mnt/NAS/Fang/Analysis/MERFISH/merfish_analysis/20200303_hMTG_V11_4000gene_best_sample/data/logs/create_analysis.log
    output: /mnt/NAS/Fang/Analysis/MERFISH/merfish_analysis/20200303_hMTG_V11_4000gene_best_sample/data/logs/fov_39_zpos_2.0_registration.log
    jobid: 237
    wildcards: analysisPath=/mnt/NAS/Fang/Analysis/MERFISH/merfish_analysis/20200303_hMTG_V11_4000gene_best_sample/data, fov=39, zpos=2.0


[Tue Oct  6 00:24:42 2020]
rule registration:
    input: /mnt/NAS/Fang/Analysis/MERFISH/merfish_analysis/20200303_hMTG_V11_4000gene_best_sample/data/logs/create_analysis.log
    output: /mnt/NAS/Fang/Analysis/MERFISH/merfish_analysis/20200303_hMTG_V11_4000gene_best_sample/data/logs/fov_111_zpos_4.0_registration.log
    jobid: 671
    wildcards: analysisPath=/mnt/NAS/Fang/Analysis/MERFISH/merfish_analysis/20200303_hMTG_V11_4000gene_best_sample/data, fov=111, zpos=4.0


[Tue Oct  6 00:24:42 2020]
rule registration:
    input: /mnt/NAS/Fang/Analysis/MERFISH/merfish_analysis/20200303_hMTG_V11_4000gene_best_sample/data/logs/create_analysis.log
    output: /mnt/NAS/Fang/Analysis/MERFISH/merfish_analysis/20200303_hMTG_V11_4000gene_best_sample/data/logs/fov_183_zpos_6.0_registration.log
    jobid: 1105
    wildcards: analysisPath=/mnt/NAS/Fang/Analysis/MERFISH/merfish_analysis/20200303_hMTG_V11_4000gene_best_sample/data, fov=183, zpos=6.0


[Tue Oct  6 00:24:42 2020]
rule registration:
    input: /mnt/NAS/Fang/Analysis/MERFISH/merfish_analysis/20200303_hMTG_V11_4000gene_best_sample/data/logs/create_analysis.log
    output: /mnt/NAS/Fang/Analysis/MERFISH/merfish_analysis/20200303_hMTG_V11_4000gene_best_sample/data/logs/fov_225_zpos_6.0_registration.log
    jobid: 1357
    wildcards: analysisPath=/mnt/NAS/Fang/Analysis/MERFISH/merfish_analysis/20200303_hMTG_V11_4000gene_best_sample/data, fov=225, zpos=6.0


[Tue Oct  6 00:24:43 2020]
rule registration:
    input: /mnt/NAS/Fang/Analysis/MERFISH/merfish_analysis/20200303_hMTG_V11_4000gene_best_sample/data/logs/create_analysis.log
    output: /mnt/NAS/Fang/Analysis/MERFISH/merfish_analysis/20200303_hMTG_V11_4000gene_best_sample/data/logs/fov_270_zpos_2.0_registration.log
    jobid: 1623
    wildcards: analysisPath=/mnt/NAS/Fang/Analysis/MERFISH/merfish_analysis/20200303_hMTG_V11_4000gene_best_sample/data, fov=270, zpos=2.0


[Tue Oct  6 00:24:43 2020]
rule registration:
    input: /mnt/NAS/Fang/Analysis/MERFISH/merfish_analysis/20200303_hMTG_V11_4000gene_best_sample/data/logs/create_analysis.log
    output: /mnt/NAS/Fang/Analysis/MERFISH/merfish_analysis/20200303_hMTG_V11_4000gene_best_sample/data/logs/fov_284_zpos_2.0_registration.log
    jobid: 1707
    wildcards: analysisPath=/mnt/NAS/Fang/Analysis/MERFISH/merfish_analysis/20200303_hMTG_V11_4000gene_best_sample/data, fov=284, zpos=2.0


[Tue Oct  6 00:24:43 2020]
rule registration:
    input: /mnt/NAS/Fang/Analysis/MERFISH/merfish_analysis/20200303_hMTG_V11_4000gene_best_sample/data/logs/create_analysis.log
    output: /mnt/NAS/Fang/Analysis/MERFISH/merfish_analysis/20200303_hMTG_V11_4000gene_best_sample/data/logs/fov_356_zpos_4.0_registration.log
    jobid: 2141
    wildcards: analysisPath=/mnt/NAS/Fang/Analysis/MERFISH/merfish_analysis/20200303_hMTG_V11_4000gene_best_sample/data, fov=356, zpos=4.0


[Tue Oct  6 00:24:43 2020]
rule registration:
    input: /mnt/NAS/Fang/Analysis/MERFISH/merfish_analysis/20200303_hMTG_V11_4000gene_best_sample/data/logs/create_analysis.log
    output: /mnt/NAS/Fang/Analysis/MERFISH/merfish_analysis/20200303_hMTG_V11_4000gene_best_sample/data/logs/fov_184_zpos_2.0_registration.log
    jobid: 1107
    wildcards: analysisPath=/mnt/NAS/Fang/Analysis/MERFISH/merfish_analysis/20200303_hMTG_V11_4000gene_best_sample/data, fov=184, zpos=2.0


[Tue Oct  6 00:24:43 2020]
rule registration:
    input: /mnt/NAS/Fang/Analysis/MERFISH/merfish_analysis/20200303_hMTG_V11_4000gene_best_sample/data/logs/create_analysis.log
    output: /mnt/NAS/Fang/Analysis/MERFISH/merfish_analysis/20200303_hMTG_V11_4000gene_best_sample/data/logs/fov_226_zpos_2.0_registration.log
    jobid: 1359
    wildcards: analysisPath=/mnt/NAS/Fang/Analysis/MERFISH/merfish_analysis/20200303_hMTG_V11_4000gene_best_sample/data, fov=226, zpos=2.0

Terminating processes on user request, this might take some time.
Cancelling snakemake on user request.
