Building DAG of jobs...
Using shell: /bin/bash
Provided cores: 10
Rules claiming more threads will be scaled down.
Job counts:
	count	jobs
	1	all
	1	assignBarcodes_DAPI
	1	assignBarcodes_polyT
	4764	decoding
	1	exportBarcodes
	1	exportFeatures
	1	exportGeneFeatureMatrix
	4794	extractBarcodes
	1	filterBarcodes
	1	filterBarcodesFeature
	1	filterFeatures
	4764	preprocessing
	1671	registration
	3860	segmentation_DAPI
	4764	segmentation_polyT
	1	trainPSM
	24627

[Tue Oct  6 09:52:05 2020]
rule segmentation_DAPI:
    input: /mnt/NAS/Fang/Analysis/MERFISH/merfish_analysis/20200303_hMTG_V11_4000gene_best_sample/data/logs/fov_641_zpos_2.0_registration.log
    output: /mnt/NAS/Fang/Analysis/MERFISH/merfish_analysis/20200303_hMTG_V11_4000gene_best_sample/data/logs/fov_641_zpos_2.0_DAPI_segmentation.log, /mnt/NAS/Fang/Analysis/MERFISH/merfish_analysis/20200303_hMTG_V11_4000gene_best_sample/data/logs/fov_641_zpos_2.0_DAPI_extract_features.log
    jobid: 13437
    wildcards: analysisPath=/mnt/NAS/Fang/Analysis/MERFISH/merfish_analysis/20200303_hMTG_V11_4000gene_best_sample/data, fov=641, zpos=2.0


[Tue Oct  6 09:52:05 2020]
rule segmentation_DAPI:
    input: /mnt/NAS/Fang/Analysis/MERFISH/merfish_analysis/20200303_hMTG_V11_4000gene_best_sample/data/logs/fov_648_zpos_2.0_registration.log
    output: /mnt/NAS/Fang/Analysis/MERFISH/merfish_analysis/20200303_hMTG_V11_4000gene_best_sample/data/logs/fov_648_zpos_2.0_DAPI_segmentation.log, /mnt/NAS/Fang/Analysis/MERFISH/merfish_analysis/20200303_hMTG_V11_4000gene_best_sample/data/logs/fov_648_zpos_2.0_DAPI_extract_features.log
    jobid: 13479
    wildcards: analysisPath=/mnt/NAS/Fang/Analysis/MERFISH/merfish_analysis/20200303_hMTG_V11_4000gene_best_sample/data, fov=648, zpos=2.0


[Tue Oct  6 09:52:05 2020]
rule segmentation_DAPI:
    input: /mnt/NAS/Fang/Analysis/MERFISH/merfish_analysis/20200303_hMTG_V11_4000gene_best_sample/data/logs/fov_648_zpos_3.0_registration.log
    output: /mnt/NAS/Fang/Analysis/MERFISH/merfish_analysis/20200303_hMTG_V11_4000gene_best_sample/data/logs/fov_648_zpos_3.0_DAPI_segmentation.log, /mnt/NAS/Fang/Analysis/MERFISH/merfish_analysis/20200303_hMTG_V11_4000gene_best_sample/data/logs/fov_648_zpos_3.0_DAPI_extract_features.log
    jobid: 13480
    wildcards: analysisPath=/mnt/NAS/Fang/Analysis/MERFISH/merfish_analysis/20200303_hMTG_V11_4000gene_best_sample/data, fov=648, zpos=3.0


[Tue Oct  6 09:52:05 2020]
rule segmentation_DAPI:
    input: /mnt/NAS/Fang/Analysis/MERFISH/merfish_analysis/20200303_hMTG_V11_4000gene_best_sample/data/logs/fov_648_zpos_4.0_registration.log
    output: /mnt/NAS/Fang/Analysis/MERFISH/merfish_analysis/20200303_hMTG_V11_4000gene_best_sample/data/logs/fov_648_zpos_4.0_DAPI_segmentation.log, /mnt/NAS/Fang/Analysis/MERFISH/merfish_analysis/20200303_hMTG_V11_4000gene_best_sample/data/logs/fov_648_zpos_4.0_DAPI_extract_features.log
    jobid: 13481
    wildcards: analysisPath=/mnt/NAS/Fang/Analysis/MERFISH/merfish_analysis/20200303_hMTG_V11_4000gene_best_sample/data, fov=648, zpos=4.0


[Tue Oct  6 09:52:05 2020]
rule segmentation_DAPI:
    input: /mnt/NAS/Fang/Analysis/MERFISH/merfish_analysis/20200303_hMTG_V11_4000gene_best_sample/data/logs/fov_648_zpos_5.0_registration.log
    output: /mnt/NAS/Fang/Analysis/MERFISH/merfish_analysis/20200303_hMTG_V11_4000gene_best_sample/data/logs/fov_648_zpos_5.0_DAPI_segmentation.log, /mnt/NAS/Fang/Analysis/MERFISH/merfish_analysis/20200303_hMTG_V11_4000gene_best_sample/data/logs/fov_648_zpos_5.0_DAPI_extract_features.log
    jobid: 13482
    wildcards: analysisPath=/mnt/NAS/Fang/Analysis/MERFISH/merfish_analysis/20200303_hMTG_V11_4000gene_best_sample/data, fov=648, zpos=5.0


[Tue Oct  6 09:52:05 2020]
rule segmentation_DAPI:
    input: /mnt/NAS/Fang/Analysis/MERFISH/merfish_analysis/20200303_hMTG_V11_4000gene_best_sample/data/logs/fov_100_zpos_4.0_registration.log
    output: /mnt/NAS/Fang/Analysis/MERFISH/merfish_analysis/20200303_hMTG_V11_4000gene_best_sample/data/logs/fov_100_zpos_4.0_DAPI_segmentation.log, /mnt/NAS/Fang/Analysis/MERFISH/merfish_analysis/20200303_hMTG_V11_4000gene_best_sample/data/logs/fov_100_zpos_4.0_DAPI_extract_features.log
    jobid: 10193
    wildcards: analysisPath=/mnt/NAS/Fang/Analysis/MERFISH/merfish_analysis/20200303_hMTG_V11_4000gene_best_sample/data, fov=100, zpos=4.0


[Tue Oct  6 09:52:05 2020]
rule segmentation_DAPI:
    input: /mnt/NAS/Fang/Analysis/MERFISH/merfish_analysis/20200303_hMTG_V11_4000gene_best_sample/data/logs/fov_100_zpos_5.0_registration.log
    output: /mnt/NAS/Fang/Analysis/MERFISH/merfish_analysis/20200303_hMTG_V11_4000gene_best_sample/data/logs/fov_100_zpos_5.0_DAPI_segmentation.log, /mnt/NAS/Fang/Analysis/MERFISH/merfish_analysis/20200303_hMTG_V11_4000gene_best_sample/data/logs/fov_100_zpos_5.0_DAPI_extract_features.log
    jobid: 10194
    wildcards: analysisPath=/mnt/NAS/Fang/Analysis/MERFISH/merfish_analysis/20200303_hMTG_V11_4000gene_best_sample/data, fov=100, zpos=5.0


[Tue Oct  6 09:52:05 2020]
rule segmentation_DAPI:
    input: /mnt/NAS/Fang/Analysis/MERFISH/merfish_analysis/20200303_hMTG_V11_4000gene_best_sample/data/logs/fov_92_zpos_1.0_registration.log
    output: /mnt/NAS/Fang/Analysis/MERFISH/merfish_analysis/20200303_hMTG_V11_4000gene_best_sample/data/logs/fov_92_zpos_1.0_DAPI_segmentation.log, /mnt/NAS/Fang/Analysis/MERFISH/merfish_analysis/20200303_hMTG_V11_4000gene_best_sample/data/logs/fov_92_zpos_1.0_DAPI_extract_features.log
    jobid: 10142
    wildcards: analysisPath=/mnt/NAS/Fang/Analysis/MERFISH/merfish_analysis/20200303_hMTG_V11_4000gene_best_sample/data, fov=92, zpos=1.0


[Tue Oct  6 09:52:05 2020]
rule segmentation_DAPI:
    input: /mnt/NAS/Fang/Analysis/MERFISH/merfish_analysis/20200303_hMTG_V11_4000gene_best_sample/data/logs/fov_498_zpos_1.0_registration.log
    output: /mnt/NAS/Fang/Analysis/MERFISH/merfish_analysis/20200303_hMTG_V11_4000gene_best_sample/data/logs/fov_498_zpos_1.0_DAPI_segmentation.log, /mnt/NAS/Fang/Analysis/MERFISH/merfish_analysis/20200303_hMTG_V11_4000gene_best_sample/data/logs/fov_498_zpos_1.0_DAPI_extract_features.log
    jobid: 12578
    wildcards: analysisPath=/mnt/NAS/Fang/Analysis/MERFISH/merfish_analysis/20200303_hMTG_V11_4000gene_best_sample/data, fov=498, zpos=1.0


[Tue Oct  6 09:52:05 2020]
rule segmentation_DAPI:
    input: /mnt/NAS/Fang/Analysis/MERFISH/merfish_analysis/20200303_hMTG_V11_4000gene_best_sample/data/logs/fov_505_zpos_1.0_registration.log
    output: /mnt/NAS/Fang/Analysis/MERFISH/merfish_analysis/20200303_hMTG_V11_4000gene_best_sample/data/logs/fov_505_zpos_1.0_DAPI_segmentation.log, /mnt/NAS/Fang/Analysis/MERFISH/merfish_analysis/20200303_hMTG_V11_4000gene_best_sample/data/logs/fov_505_zpos_1.0_DAPI_extract_features.log
    jobid: 12620
    wildcards: analysisPath=/mnt/NAS/Fang/Analysis/MERFISH/merfish_analysis/20200303_hMTG_V11_4000gene_best_sample/data, fov=505, zpos=1.0

[Tue Oct  6 09:53:14 2020]
Finished job 10142.
1 of 24627 steps (0.00%) done
[Tue Oct  6 09:53:15 2020]
Finished job 12620.
2 of 24627 steps (0.01%) done

[Tue Oct  6 09:53:16 2020]
rule registration:
    input: /mnt/NAS/Fang/Analysis/MERFISH/merfish_analysis/20200303_hMTG_V11_4000gene_best_sample/data/logs/create_analysis.log
    output: /mnt/NAS/Fang/Analysis/MERFISH/merfish_analysis/20200303_hMTG_V11_4000gene_best_sample/data/logs/fov_261_zpos_1.0_registration.log
    jobid: 1568
    wildcards: analysisPath=/mnt/NAS/Fang/Analysis/MERFISH/merfish_analysis/20200303_hMTG_V11_4000gene_best_sample/data, fov=261, zpos=1.0


[Tue Oct  6 09:53:16 2020]
rule registration:
    input: /mnt/NAS/Fang/Analysis/MERFISH/merfish_analysis/20200303_hMTG_V11_4000gene_best_sample/data/logs/create_analysis.log
    output: /mnt/NAS/Fang/Analysis/MERFISH/merfish_analysis/20200303_hMTG_V11_4000gene_best_sample/data/logs/fov_461_zpos_5.0_registration.log
    jobid: 2772
    wildcards: analysisPath=/mnt/NAS/Fang/Analysis/MERFISH/merfish_analysis/20200303_hMTG_V11_4000gene_best_sample/data, fov=461, zpos=5.0

[Tue Oct  6 09:53:23 2020]
Finished job 12578.
3 of 24627 steps (0.01%) done

[Tue Oct  6 09:53:24 2020]
rule registration:
    input: /mnt/NAS/Fang/Analysis/MERFISH/merfish_analysis/20200303_hMTG_V11_4000gene_best_sample/data/logs/create_analysis.log
    output: /mnt/NAS/Fang/Analysis/MERFISH/merfish_analysis/20200303_hMTG_V11_4000gene_best_sample/data/logs/fov_339_zpos_5.0_registration.log
    jobid: 2040
    wildcards: analysisPath=/mnt/NAS/Fang/Analysis/MERFISH/merfish_analysis/20200303_hMTG_V11_4000gene_best_sample/data, fov=339, zpos=5.0

[Tue Oct  6 09:53:25 2020]
Finished job 13437.
4 of 24627 steps (0.02%) done
[Tue Oct  6 09:53:26 2020]
Finished job 13480.
5 of 24627 steps (0.02%) done

[Tue Oct  6 09:53:26 2020]
rule registration:
    input: /mnt/NAS/Fang/Analysis/MERFISH/merfish_analysis/20200303_hMTG_V11_4000gene_best_sample/data/logs/create_analysis.log
    output: /mnt/NAS/Fang/Analysis/MERFISH/merfish_analysis/20200303_hMTG_V11_4000gene_best_sample/data/logs/fov_44_zpos_2.0_registration.log
    jobid: 267
    wildcards: analysisPath=/mnt/NAS/Fang/Analysis/MERFISH/merfish_analysis/20200303_hMTG_V11_4000gene_best_sample/data, fov=44, zpos=2.0


[Tue Oct  6 09:53:27 2020]
rule registration:
    input: /mnt/NAS/Fang/Analysis/MERFISH/merfish_analysis/20200303_hMTG_V11_4000gene_best_sample/data/logs/create_analysis.log
    output: /mnt/NAS/Fang/Analysis/MERFISH/merfish_analysis/20200303_hMTG_V11_4000gene_best_sample/data/logs/fov_461_zpos_6.0_registration.log
    jobid: 2773
    wildcards: analysisPath=/mnt/NAS/Fang/Analysis/MERFISH/merfish_analysis/20200303_hMTG_V11_4000gene_best_sample/data, fov=461, zpos=6.0

[Tue Oct  6 09:53:29 2020]
Finished job 13479.
6 of 24627 steps (0.02%) done

[Tue Oct  6 09:53:30 2020]
rule registration:
    input: /mnt/NAS/Fang/Analysis/MERFISH/merfish_analysis/20200303_hMTG_V11_4000gene_best_sample/data/logs/create_analysis.log
    output: /mnt/NAS/Fang/Analysis/MERFISH/merfish_analysis/20200303_hMTG_V11_4000gene_best_sample/data/logs/fov_606_zpos_4.0_registration.log
    jobid: 3641
    wildcards: analysisPath=/mnt/NAS/Fang/Analysis/MERFISH/merfish_analysis/20200303_hMTG_V11_4000gene_best_sample/data, fov=606, zpos=4.0

[Tue Oct  6 09:53:39 2020]
Finished job 13481.
7 of 24627 steps (0.03%) done

[Tue Oct  6 09:53:40 2020]
rule registration:
    input: /mnt/NAS/Fang/Analysis/MERFISH/merfish_analysis/20200303_hMTG_V11_4000gene_best_sample/data/logs/create_analysis.log
    output: /mnt/NAS/Fang/Analysis/MERFISH/merfish_analysis/20200303_hMTG_V11_4000gene_best_sample/data/logs/fov_44_zpos_3.0_registration.log
    jobid: 268
    wildcards: analysisPath=/mnt/NAS/Fang/Analysis/MERFISH/merfish_analysis/20200303_hMTG_V11_4000gene_best_sample/data, fov=44, zpos=3.0

[Tue Oct  6 09:53:47 2020]
Finished job 13482.
8 of 24627 steps (0.03%) done

[Tue Oct  6 09:53:47 2020]
rule registration:
    input: /mnt/NAS/Fang/Analysis/MERFISH/merfish_analysis/20200303_hMTG_V11_4000gene_best_sample/data/logs/create_analysis.log
    output: /mnt/NAS/Fang/Analysis/MERFISH/merfish_analysis/20200303_hMTG_V11_4000gene_best_sample/data/logs/fov_261_zpos_3.0_registration.log
    jobid: 1570
    wildcards: analysisPath=/mnt/NAS/Fang/Analysis/MERFISH/merfish_analysis/20200303_hMTG_V11_4000gene_best_sample/data, fov=261, zpos=3.0

[Tue Oct  6 09:53:57 2020]
Finished job 10194.
9 of 24627 steps (0.04%) done

[Tue Oct  6 09:53:58 2020]
rule registration:
    input: /mnt/NAS/Fang/Analysis/MERFISH/merfish_analysis/20200303_hMTG_V11_4000gene_best_sample/data/logs/create_analysis.log
    output: /mnt/NAS/Fang/Analysis/MERFISH/merfish_analysis/20200303_hMTG_V11_4000gene_best_sample/data/logs/fov_685_zpos_1.0_registration.log
    jobid: 4112
    wildcards: analysisPath=/mnt/NAS/Fang/Analysis/MERFISH/merfish_analysis/20200303_hMTG_V11_4000gene_best_sample/data, fov=685, zpos=1.0

[Tue Oct  6 09:54:00 2020]
Finished job 10193.
10 of 24627 steps (0.04%) done

[Tue Oct  6 09:54:01 2020]
rule registration:
    input: /mnt/NAS/Fang/Analysis/MERFISH/merfish_analysis/20200303_hMTG_V11_4000gene_best_sample/data/logs/create_analysis.log
    output: /mnt/NAS/Fang/Analysis/MERFISH/merfish_analysis/20200303_hMTG_V11_4000gene_best_sample/data/logs/fov_121_zpos_6.0_registration.log
    jobid: 733
    wildcards: analysisPath=/mnt/NAS/Fang/Analysis/MERFISH/merfish_analysis/20200303_hMTG_V11_4000gene_best_sample/data, fov=121, zpos=6.0

[Tue Oct  6 09:55:25 2020]
Finished job 1568.
11 of 24627 steps (0.04%) done

[Tue Oct  6 09:55:26 2020]
rule registration:
    input: /mnt/NAS/Fang/Analysis/MERFISH/merfish_analysis/20200303_hMTG_V11_4000gene_best_sample/data/logs/create_analysis.log
    output: /mnt/NAS/Fang/Analysis/MERFISH/merfish_analysis/20200303_hMTG_V11_4000gene_best_sample/data/logs/fov_462_zpos_1.0_registration.log
    jobid: 2774
    wildcards: analysisPath=/mnt/NAS/Fang/Analysis/MERFISH/merfish_analysis/20200303_hMTG_V11_4000gene_best_sample/data, fov=462, zpos=1.0

[Tue Oct  6 09:55:32 2020]
Finished job 2772.
12 of 24627 steps (0.05%) done

[Tue Oct  6 09:55:33 2020]
rule registration:
    input: /mnt/NAS/Fang/Analysis/MERFISH/merfish_analysis/20200303_hMTG_V11_4000gene_best_sample/data/logs/create_analysis.log
    output: /mnt/NAS/Fang/Analysis/MERFISH/merfish_analysis/20200303_hMTG_V11_4000gene_best_sample/data/logs/fov_261_zpos_2.0_registration.log
    jobid: 1569
    wildcards: analysisPath=/mnt/NAS/Fang/Analysis/MERFISH/merfish_analysis/20200303_hMTG_V11_4000gene_best_sample/data, fov=261, zpos=2.0

[Tue Oct  6 09:55:51 2020]
Finished job 2040.
13 of 24627 steps (0.05%) done
[Tue Oct  6 09:55:52 2020]
Finished job 267.
14 of 24627 steps (0.06%) done

[Tue Oct  6 09:55:52 2020]
rule registration:
    input: /mnt/NAS/Fang/Analysis/MERFISH/merfish_analysis/20200303_hMTG_V11_4000gene_best_sample/data/logs/create_analysis.log
    output: /mnt/NAS/Fang/Analysis/MERFISH/merfish_analysis/20200303_hMTG_V11_4000gene_best_sample/data/logs/fov_44_zpos_1.0_registration.log
    jobid: 266
    wildcards: analysisPath=/mnt/NAS/Fang/Analysis/MERFISH/merfish_analysis/20200303_hMTG_V11_4000gene_best_sample/data, fov=44, zpos=1.0


[Tue Oct  6 09:55:53 2020]
rule registration:
    input: /mnt/NAS/Fang/Analysis/MERFISH/merfish_analysis/20200303_hMTG_V11_4000gene_best_sample/data/logs/create_analysis.log
    output: /mnt/NAS/Fang/Analysis/MERFISH/merfish_analysis/20200303_hMTG_V11_4000gene_best_sample/data/logs/fov_468_zpos_1.0_registration.log
    jobid: 2810
    wildcards: analysisPath=/mnt/NAS/Fang/Analysis/MERFISH/merfish_analysis/20200303_hMTG_V11_4000gene_best_sample/data, fov=468, zpos=1.0

[Tue Oct  6 09:55:57 2020]
Finished job 2773.
15 of 24627 steps (0.06%) done

[Tue Oct  6 09:55:58 2020]
rule registration:
    input: /mnt/NAS/Fang/Analysis/MERFISH/merfish_analysis/20200303_hMTG_V11_4000gene_best_sample/data/logs/create_analysis.log
    output: /mnt/NAS/Fang/Analysis/MERFISH/merfish_analysis/20200303_hMTG_V11_4000gene_best_sample/data/logs/fov_260_zpos_6.0_registration.log
    jobid: 1567
    wildcards: analysisPath=/mnt/NAS/Fang/Analysis/MERFISH/merfish_analysis/20200303_hMTG_V11_4000gene_best_sample/data, fov=260, zpos=6.0

[Tue Oct  6 09:56:00 2020]
Finished job 3641.
16 of 24627 steps (0.06%) done

[Tue Oct  6 09:56:01 2020]
rule registration:
    input: /mnt/NAS/Fang/Analysis/MERFISH/merfish_analysis/20200303_hMTG_V11_4000gene_best_sample/data/logs/create_analysis.log
    output: /mnt/NAS/Fang/Analysis/MERFISH/merfish_analysis/20200303_hMTG_V11_4000gene_best_sample/data/logs/fov_606_zpos_1.0_registration.log
    jobid: 3638
    wildcards: analysisPath=/mnt/NAS/Fang/Analysis/MERFISH/merfish_analysis/20200303_hMTG_V11_4000gene_best_sample/data, fov=606, zpos=1.0

[Tue Oct  6 09:56:02 2020]
Finished job 268.
17 of 24627 steps (0.07%) done

[Tue Oct  6 09:56:03 2020]
rule registration:
    input: /mnt/NAS/Fang/Analysis/MERFISH/merfish_analysis/20200303_hMTG_V11_4000gene_best_sample/data/logs/create_analysis.log
    output: /mnt/NAS/Fang/Analysis/MERFISH/merfish_analysis/20200303_hMTG_V11_4000gene_best_sample/data/logs/fov_461_zpos_2.0_registration.log
    jobid: 2769
    wildcards: analysisPath=/mnt/NAS/Fang/Analysis/MERFISH/merfish_analysis/20200303_hMTG_V11_4000gene_best_sample/data, fov=461, zpos=2.0

[Tue Oct  6 09:56:04 2020]
Finished job 1570.
18 of 24627 steps (0.07%) done

[Tue Oct  6 09:56:05 2020]
rule registration:
    input: /mnt/NAS/Fang/Analysis/MERFISH/merfish_analysis/20200303_hMTG_V11_4000gene_best_sample/data/logs/create_analysis.log
    output: /mnt/NAS/Fang/Analysis/MERFISH/merfish_analysis/20200303_hMTG_V11_4000gene_best_sample/data/logs/fov_260_zpos_4.0_registration.log
    jobid: 1565
    wildcards: analysisPath=/mnt/NAS/Fang/Analysis/MERFISH/merfish_analysis/20200303_hMTG_V11_4000gene_best_sample/data, fov=260, zpos=4.0

[Tue Oct  6 09:56:09 2020]
Finished job 4112.
19 of 24627 steps (0.08%) done
[Tue Oct  6 09:56:09 2020]
Finished job 733.
20 of 24627 steps (0.08%) done

[Tue Oct  6 09:56:11 2020]
rule segmentation_DAPI:
    input: /mnt/NAS/Fang/Analysis/MERFISH/merfish_analysis/20200303_hMTG_V11_4000gene_best_sample/data/logs/fov_505_zpos_2.0_registration.log
    output: /mnt/NAS/Fang/Analysis/MERFISH/merfish_analysis/20200303_hMTG_V11_4000gene_best_sample/data/logs/fov_505_zpos_2.0_DAPI_segmentation.log, /mnt/NAS/Fang/Analysis/MERFISH/merfish_analysis/20200303_hMTG_V11_4000gene_best_sample/data/logs/fov_505_zpos_2.0_DAPI_extract_features.log
    jobid: 12621
    wildcards: analysisPath=/mnt/NAS/Fang/Analysis/MERFISH/merfish_analysis/20200303_hMTG_V11_4000gene_best_sample/data, fov=505, zpos=2.0


[Tue Oct  6 09:56:11 2020]
rule segmentation_DAPI:
    input: /mnt/NAS/Fang/Analysis/MERFISH/merfish_analysis/20200303_hMTG_V11_4000gene_best_sample/data/logs/fov_92_zpos_3.0_registration.log
    output: /mnt/NAS/Fang/Analysis/MERFISH/merfish_analysis/20200303_hMTG_V11_4000gene_best_sample/data/logs/fov_92_zpos_3.0_DAPI_segmentation.log, /mnt/NAS/Fang/Analysis/MERFISH/merfish_analysis/20200303_hMTG_V11_4000gene_best_sample/data/logs/fov_92_zpos_3.0_DAPI_extract_features.log
    jobid: 10144
    wildcards: analysisPath=/mnt/NAS/Fang/Analysis/MERFISH/merfish_analysis/20200303_hMTG_V11_4000gene_best_sample/data, fov=92, zpos=3.0

[Tue Oct  6 09:57:22 2020]
Finished job 12621.
21 of 24627 steps (0.09%) done

[Tue Oct  6 09:57:23 2020]
rule registration:
    input: /mnt/NAS/Fang/Analysis/MERFISH/merfish_analysis/20200303_hMTG_V11_4000gene_best_sample/data/logs/create_analysis.log
    output: /mnt/NAS/Fang/Analysis/MERFISH/merfish_analysis/20200303_hMTG_V11_4000gene_best_sample/data/logs/fov_461_zpos_1.0_registration.log
    jobid: 2768
    wildcards: analysisPath=/mnt/NAS/Fang/Analysis/MERFISH/merfish_analysis/20200303_hMTG_V11_4000gene_best_sample/data, fov=461, zpos=1.0

[Tue Oct  6 09:57:27 2020]
Finished job 2774.
22 of 24627 steps (0.09%) done

[Tue Oct  6 09:57:28 2020]
rule registration:
    input: /mnt/NAS/Fang/Analysis/MERFISH/merfish_analysis/20200303_hMTG_V11_4000gene_best_sample/data/logs/create_analysis.log
    output: /mnt/NAS/Fang/Analysis/MERFISH/merfish_analysis/20200303_hMTG_V11_4000gene_best_sample/data/logs/fov_43_zpos_3.0_registration.log
    jobid: 262
    wildcards: analysisPath=/mnt/NAS/Fang/Analysis/MERFISH/merfish_analysis/20200303_hMTG_V11_4000gene_best_sample/data, fov=43, zpos=3.0

[Tue Oct  6 09:57:28 2020]
Finished job 10144.
23 of 24627 steps (0.09%) done

[Tue Oct  6 09:57:29 2020]
rule registration:
    input: /mnt/NAS/Fang/Analysis/MERFISH/merfish_analysis/20200303_hMTG_V11_4000gene_best_sample/data/logs/create_analysis.log
    output: /mnt/NAS/Fang/Analysis/MERFISH/merfish_analysis/20200303_hMTG_V11_4000gene_best_sample/data/logs/fov_605_zpos_5.0_registration.log
    jobid: 3636
    wildcards: analysisPath=/mnt/NAS/Fang/Analysis/MERFISH/merfish_analysis/20200303_hMTG_V11_4000gene_best_sample/data, fov=605, zpos=5.0

[Tue Oct  6 09:57:38 2020]
Finished job 1569.
24 of 24627 steps (0.10%) done

[Tue Oct  6 09:57:39 2020]
rule registration:
    input: /mnt/NAS/Fang/Analysis/MERFISH/merfish_analysis/20200303_hMTG_V11_4000gene_best_sample/data/logs/create_analysis.log
    output: /mnt/NAS/Fang/Analysis/MERFISH/merfish_analysis/20200303_hMTG_V11_4000gene_best_sample/data/logs/fov_605_zpos_4.0_registration.log
    jobid: 3635
    wildcards: analysisPath=/mnt/NAS/Fang/Analysis/MERFISH/merfish_analysis/20200303_hMTG_V11_4000gene_best_sample/data, fov=605, zpos=4.0

[Tue Oct  6 09:58:01 2020]
Finished job 266.
25 of 24627 steps (0.10%) done

[Tue Oct  6 09:58:02 2020]
rule registration:
    input: /mnt/NAS/Fang/Analysis/MERFISH/merfish_analysis/20200303_hMTG_V11_4000gene_best_sample/data/logs/create_analysis.log
    output: /mnt/NAS/Fang/Analysis/MERFISH/merfish_analysis/20200303_hMTG_V11_4000gene_best_sample/data/logs/fov_460_zpos_6.0_registration.log
    jobid: 2767
    wildcards: analysisPath=/mnt/NAS/Fang/Analysis/MERFISH/merfish_analysis/20200303_hMTG_V11_4000gene_best_sample/data, fov=460, zpos=6.0

[Tue Oct  6 09:58:13 2020]
Finished job 2810.
26 of 24627 steps (0.11%) done

[Tue Oct  6 09:58:14 2020]
rule registration:
    input: /mnt/NAS/Fang/Analysis/MERFISH/merfish_analysis/20200303_hMTG_V11_4000gene_best_sample/data/logs/create_analysis.log
    output: /mnt/NAS/Fang/Analysis/MERFISH/merfish_analysis/20200303_hMTG_V11_4000gene_best_sample/data/logs/fov_260_zpos_2.0_registration.log
    jobid: 1563
    wildcards: analysisPath=/mnt/NAS/Fang/Analysis/MERFISH/merfish_analysis/20200303_hMTG_V11_4000gene_best_sample/data, fov=260, zpos=2.0

[Tue Oct  6 09:58:17 2020]
Finished job 3638.
27 of 24627 steps (0.11%) done

[Tue Oct  6 09:58:18 2020]
rule registration:
    input: /mnt/NAS/Fang/Analysis/MERFISH/merfish_analysis/20200303_hMTG_V11_4000gene_best_sample/data/logs/create_analysis.log
    output: /mnt/NAS/Fang/Analysis/MERFISH/merfish_analysis/20200303_hMTG_V11_4000gene_best_sample/data/logs/fov_43_zpos_2.0_registration.log
    jobid: 261
    wildcards: analysisPath=/mnt/NAS/Fang/Analysis/MERFISH/merfish_analysis/20200303_hMTG_V11_4000gene_best_sample/data, fov=43, zpos=2.0

[Tue Oct  6 09:58:19 2020]
Finished job 1567.
28 of 24627 steps (0.11%) done

[Tue Oct  6 09:58:20 2020]
rule registration:
    input: /mnt/NAS/Fang/Analysis/MERFISH/merfish_analysis/20200303_hMTG_V11_4000gene_best_sample/data/logs/create_analysis.log
    output: /mnt/NAS/Fang/Analysis/MERFISH/merfish_analysis/20200303_hMTG_V11_4000gene_best_sample/data/logs/fov_339_zpos_4.0_registration.log
    jobid: 2039
    wildcards: analysisPath=/mnt/NAS/Fang/Analysis/MERFISH/merfish_analysis/20200303_hMTG_V11_4000gene_best_sample/data, fov=339, zpos=4.0

[Tue Oct  6 09:58:21 2020]
Finished job 2769.
29 of 24627 steps (0.12%) done
[Tue Oct  6 09:58:21 2020]
Finished job 1565.
30 of 24627 steps (0.12%) done

[Tue Oct  6 09:58:22 2020]
rule segmentation_DAPI:
    input: /mnt/NAS/Fang/Analysis/MERFISH/merfish_analysis/20200303_hMTG_V11_4000gene_best_sample/data/logs/fov_498_zpos_4.0_registration.log
    output: /mnt/NAS/Fang/Analysis/MERFISH/merfish_analysis/20200303_hMTG_V11_4000gene_best_sample/data/logs/fov_498_zpos_4.0_DAPI_segmentation.log, /mnt/NAS/Fang/Analysis/MERFISH/merfish_analysis/20200303_hMTG_V11_4000gene_best_sample/data/logs/fov_498_zpos_4.0_DAPI_extract_features.log
    jobid: 12581
    wildcards: analysisPath=/mnt/NAS/Fang/Analysis/MERFISH/merfish_analysis/20200303_hMTG_V11_4000gene_best_sample/data, fov=498, zpos=4.0


[Tue Oct  6 09:58:22 2020]
rule segmentation_DAPI:
    input: /mnt/NAS/Fang/Analysis/MERFISH/merfish_analysis/20200303_hMTG_V11_4000gene_best_sample/data/logs/fov_92_zpos_5.0_registration.log
    output: /mnt/NAS/Fang/Analysis/MERFISH/merfish_analysis/20200303_hMTG_V11_4000gene_best_sample/data/logs/fov_92_zpos_5.0_DAPI_segmentation.log, /mnt/NAS/Fang/Analysis/MERFISH/merfish_analysis/20200303_hMTG_V11_4000gene_best_sample/data/logs/fov_92_zpos_5.0_DAPI_extract_features.log
    jobid: 10146
    wildcards: analysisPath=/mnt/NAS/Fang/Analysis/MERFISH/merfish_analysis/20200303_hMTG_V11_4000gene_best_sample/data, fov=92, zpos=5.0

[Tue Oct  6 09:59:27 2020]
Finished job 2768.
31 of 24627 steps (0.13%) done

[Tue Oct  6 09:59:28 2020]
rule registration:
    input: /mnt/NAS/Fang/Analysis/MERFISH/merfish_analysis/20200303_hMTG_V11_4000gene_best_sample/data/logs/create_analysis.log
    output: /mnt/NAS/Fang/Analysis/MERFISH/merfish_analysis/20200303_hMTG_V11_4000gene_best_sample/data/logs/fov_605_zpos_2.0_registration.log
    jobid: 3633
    wildcards: analysisPath=/mnt/NAS/Fang/Analysis/MERFISH/merfish_analysis/20200303_hMTG_V11_4000gene_best_sample/data, fov=605, zpos=2.0

[Tue Oct  6 09:59:32 2020]
Finished job 262.
32 of 24627 steps (0.13%) done
[Tue Oct  6 09:59:33 2020]
Finished job 10146.
33 of 24627 steps (0.13%) done

[Tue Oct  6 09:59:33 2020]
rule registration:
    input: /mnt/NAS/Fang/Analysis/MERFISH/merfish_analysis/20200303_hMTG_V11_4000gene_best_sample/data/logs/create_analysis.log
    output: /mnt/NAS/Fang/Analysis/MERFISH/merfish_analysis/20200303_hMTG_V11_4000gene_best_sample/data/logs/fov_42_zpos_6.0_registration.log
    jobid: 259
    wildcards: analysisPath=/mnt/NAS/Fang/Analysis/MERFISH/merfish_analysis/20200303_hMTG_V11_4000gene_best_sample/data, fov=42, zpos=6.0

[Tue Oct  6 09:59:34 2020]
Finished job 3636.
34 of 24627 steps (0.14%) done

[Tue Oct  6 09:59:34 2020]
rule registration:
    input: /mnt/NAS/Fang/Analysis/MERFISH/merfish_analysis/20200303_hMTG_V11_4000gene_best_sample/data/logs/create_analysis.log
    output: /mnt/NAS/Fang/Analysis/MERFISH/merfish_analysis/20200303_hMTG_V11_4000gene_best_sample/data/logs/fov_43_zpos_1.0_registration.log
    jobid: 260
    wildcards: analysisPath=/mnt/NAS/Fang/Analysis/MERFISH/merfish_analysis/20200303_hMTG_V11_4000gene_best_sample/data, fov=43, zpos=1.0


[Tue Oct  6 09:59:35 2020]
rule registration:
    input: /mnt/NAS/Fang/Analysis/MERFISH/merfish_analysis/20200303_hMTG_V11_4000gene_best_sample/data/logs/create_analysis.log
    output: /mnt/NAS/Fang/Analysis/MERFISH/merfish_analysis/20200303_hMTG_V11_4000gene_best_sample/data/logs/fov_684_zpos_5.0_registration.log
    jobid: 4110
    wildcards: analysisPath=/mnt/NAS/Fang/Analysis/MERFISH/merfish_analysis/20200303_hMTG_V11_4000gene_best_sample/data, fov=684, zpos=5.0

[Tue Oct  6 09:59:39 2020]
Finished job 3635.
35 of 24627 steps (0.14%) done

[Tue Oct  6 09:59:40 2020]
rule registration:
    input: /mnt/NAS/Fang/Analysis/MERFISH/merfish_analysis/20200303_hMTG_V11_4000gene_best_sample/data/logs/create_analysis.log
    output: /mnt/NAS/Fang/Analysis/MERFISH/merfish_analysis/20200303_hMTG_V11_4000gene_best_sample/data/logs/fov_460_zpos_3.0_registration.log
    jobid: 2764
    wildcards: analysisPath=/mnt/NAS/Fang/Analysis/MERFISH/merfish_analysis/20200303_hMTG_V11_4000gene_best_sample/data, fov=460, zpos=3.0

[Tue Oct  6 09:59:44 2020]
Finished job 12581.
36 of 24627 steps (0.15%) done

[Tue Oct  6 09:59:45 2020]
rule registration:
    input: /mnt/NAS/Fang/Analysis/MERFISH/merfish_analysis/20200303_hMTG_V11_4000gene_best_sample/data/logs/create_analysis.log
    output: /mnt/NAS/Fang/Analysis/MERFISH/merfish_analysis/20200303_hMTG_V11_4000gene_best_sample/data/logs/fov_460_zpos_4.0_registration.log
    jobid: 2765
    wildcards: analysisPath=/mnt/NAS/Fang/Analysis/MERFISH/merfish_analysis/20200303_hMTG_V11_4000gene_best_sample/data, fov=460, zpos=4.0

[Tue Oct  6 10:00:07 2020]
Finished job 2767.
37 of 24627 steps (0.15%) done

[Tue Oct  6 10:00:08 2020]
rule registration:
    input: /mnt/NAS/Fang/Analysis/MERFISH/merfish_analysis/20200303_hMTG_V11_4000gene_best_sample/data/logs/create_analysis.log
    output: /mnt/NAS/Fang/Analysis/MERFISH/merfish_analysis/20200303_hMTG_V11_4000gene_best_sample/data/logs/fov_42_zpos_5.0_registration.log
    jobid: 258
    wildcards: analysisPath=/mnt/NAS/Fang/Analysis/MERFISH/merfish_analysis/20200303_hMTG_V11_4000gene_best_sample/data, fov=42, zpos=5.0

[Tue Oct  6 10:00:21 2020]
Finished job 261.
38 of 24627 steps (0.15%) done
[Tue Oct  6 10:00:21 2020]
Finished job 1563.
39 of 24627 steps (0.16%) done

[Tue Oct  6 10:00:22 2020]
rule registration:
    input: /mnt/NAS/Fang/Analysis/MERFISH/merfish_analysis/20200303_hMTG_V11_4000gene_best_sample/data/logs/create_analysis.log
    output: /mnt/NAS/Fang/Analysis/MERFISH/merfish_analysis/20200303_hMTG_V11_4000gene_best_sample/data/logs/fov_467_zpos_5.0_registration.log
    jobid: 2808
    wildcards: analysisPath=/mnt/NAS/Fang/Analysis/MERFISH/merfish_analysis/20200303_hMTG_V11_4000gene_best_sample/data, fov=467, zpos=5.0


[Tue Oct  6 10:00:23 2020]
rule registration:
    input: /mnt/NAS/Fang/Analysis/MERFISH/merfish_analysis/20200303_hMTG_V11_4000gene_best_sample/data/logs/create_analysis.log
    output: /mnt/NAS/Fang/Analysis/MERFISH/merfish_analysis/20200303_hMTG_V11_4000gene_best_sample/data/logs/fov_259_zpos_5.0_registration.log
    jobid: 1560
    wildcards: analysisPath=/mnt/NAS/Fang/Analysis/MERFISH/merfish_analysis/20200303_hMTG_V11_4000gene_best_sample/data, fov=259, zpos=5.0

[Tue Oct  6 10:00:26 2020]
Finished job 2039.
40 of 24627 steps (0.16%) done

[Tue Oct  6 10:00:26 2020]
rule registration:
    input: /mnt/NAS/Fang/Analysis/MERFISH/merfish_analysis/20200303_hMTG_V11_4000gene_best_sample/data/logs/create_analysis.log
    output: /mnt/NAS/Fang/Analysis/MERFISH/merfish_analysis/20200303_hMTG_V11_4000gene_best_sample/data/logs/fov_605_zpos_1.0_registration.log
    jobid: 3632
    wildcards: analysisPath=/mnt/NAS/Fang/Analysis/MERFISH/merfish_analysis/20200303_hMTG_V11_4000gene_best_sample/data, fov=605, zpos=1.0

[Tue Oct  6 10:01:33 2020]
Finished job 3633.
41 of 24627 steps (0.17%) done

[Tue Oct  6 10:01:34 2020]
rule registration:
    input: /mnt/NAS/Fang/Analysis/MERFISH/merfish_analysis/20200303_hMTG_V11_4000gene_best_sample/data/logs/create_analysis.log
    output: /mnt/NAS/Fang/Analysis/MERFISH/merfish_analysis/20200303_hMTG_V11_4000gene_best_sample/data/logs/fov_604_zpos_6.0_registration.log
    jobid: 3631
    wildcards: analysisPath=/mnt/NAS/Fang/Analysis/MERFISH/merfish_analysis/20200303_hMTG_V11_4000gene_best_sample/data, fov=604, zpos=6.0

[Tue Oct  6 10:01:40 2020]
Finished job 259.
42 of 24627 steps (0.17%) done

[Tue Oct  6 10:01:42 2020]
rule registration:
    input: /mnt/NAS/Fang/Analysis/MERFISH/merfish_analysis/20200303_hMTG_V11_4000gene_best_sample/data/logs/create_analysis.log
    output: /mnt/NAS/Fang/Analysis/MERFISH/merfish_analysis/20200303_hMTG_V11_4000gene_best_sample/data/logs/fov_460_zpos_2.0_registration.log
    jobid: 2763
    wildcards: analysisPath=/mnt/NAS/Fang/Analysis/MERFISH/merfish_analysis/20200303_hMTG_V11_4000gene_best_sample/data, fov=460, zpos=2.0

[Tue Oct  6 10:01:46 2020]
Finished job 260.
43 of 24627 steps (0.17%) done

[Tue Oct  6 10:01:47 2020]
rule registration:
    input: /mnt/NAS/Fang/Analysis/MERFISH/merfish_analysis/20200303_hMTG_V11_4000gene_best_sample/data/logs/create_analysis.log
    output: /mnt/NAS/Fang/Analysis/MERFISH/merfish_analysis/20200303_hMTG_V11_4000gene_best_sample/data/logs/fov_259_zpos_4.0_registration.log
    jobid: 1559
    wildcards: analysisPath=/mnt/NAS/Fang/Analysis/MERFISH/merfish_analysis/20200303_hMTG_V11_4000gene_best_sample/data, fov=259, zpos=4.0

[Tue Oct  6 10:01:51 2020]
Finished job 2764.
44 of 24627 steps (0.18%) done

[Tue Oct  6 10:01:52 2020]
rule registration:
    input: /mnt/NAS/Fang/Analysis/MERFISH/merfish_analysis/20200303_hMTG_V11_4000gene_best_sample/data/logs/create_analysis.log
    output: /mnt/NAS/Fang/Analysis/MERFISH/merfish_analysis/20200303_hMTG_V11_4000gene_best_sample/data/logs/fov_467_zpos_6.0_registration.log
    jobid: 2809
    wildcards: analysisPath=/mnt/NAS/Fang/Analysis/MERFISH/merfish_analysis/20200303_hMTG_V11_4000gene_best_sample/data, fov=467, zpos=6.0

[Tue Oct  6 10:01:55 2020]
Finished job 4110.
45 of 24627 steps (0.18%) done
[Tue Oct  6 10:01:55 2020]
Finished job 2765.
46 of 24627 steps (0.19%) done

[Tue Oct  6 10:01:56 2020]
rule registration:
    input: /mnt/NAS/Fang/Analysis/MERFISH/merfish_analysis/20200303_hMTG_V11_4000gene_best_sample/data/logs/create_analysis.log
    output: /mnt/NAS/Fang/Analysis/MERFISH/merfish_analysis/20200303_hMTG_V11_4000gene_best_sample/data/logs/fov_42_zpos_4.0_registration.log
    jobid: 257
    wildcards: analysisPath=/mnt/NAS/Fang/Analysis/MERFISH/merfish_analysis/20200303_hMTG_V11_4000gene_best_sample/data, fov=42, zpos=4.0


[Tue Oct  6 10:01:56 2020]
rule registration:
    input: /mnt/NAS/Fang/Analysis/MERFISH/merfish_analysis/20200303_hMTG_V11_4000gene_best_sample/data/logs/create_analysis.log
    output: /mnt/NAS/Fang/Analysis/MERFISH/merfish_analysis/20200303_hMTG_V11_4000gene_best_sample/data/logs/fov_684_zpos_6.0_registration.log
    jobid: 4111
    wildcards: analysisPath=/mnt/NAS/Fang/Analysis/MERFISH/merfish_analysis/20200303_hMTG_V11_4000gene_best_sample/data, fov=684, zpos=6.0

[Tue Oct  6 10:02:15 2020]
Finished job 258.
47 of 24627 steps (0.19%) done

[Tue Oct  6 10:02:15 2020]
rule registration:
    input: /mnt/NAS/Fang/Analysis/MERFISH/merfish_analysis/20200303_hMTG_V11_4000gene_best_sample/data/logs/create_analysis.log
    output: /mnt/NAS/Fang/Analysis/MERFISH/merfish_analysis/20200303_hMTG_V11_4000gene_best_sample/data/logs/fov_339_zpos_3.0_registration.log
    jobid: 2038
    wildcards: analysisPath=/mnt/NAS/Fang/Analysis/MERFISH/merfish_analysis/20200303_hMTG_V11_4000gene_best_sample/data, fov=339, zpos=3.0

[Tue Oct  6 10:02:30 2020]
Finished job 1560.
48 of 24627 steps (0.19%) done

[Tue Oct  6 10:02:32 2020]
rule registration:
    input: /mnt/NAS/Fang/Analysis/MERFISH/merfish_analysis/20200303_hMTG_V11_4000gene_best_sample/data/logs/create_analysis.log
    output: /mnt/NAS/Fang/Analysis/MERFISH/merfish_analysis/20200303_hMTG_V11_4000gene_best_sample/data/logs/fov_460_zpos_5.0_registration.log
    jobid: 2766
    wildcards: analysisPath=/mnt/NAS/Fang/Analysis/MERFISH/merfish_analysis/20200303_hMTG_V11_4000gene_best_sample/data, fov=460, zpos=5.0

[Tue Oct  6 10:02:32 2020]
Finished job 3632.
49 of 24627 steps (0.20%) done
[Tue Oct  6 10:02:33 2020]
Finished job 2808.
50 of 24627 steps (0.20%) done

[Tue Oct  6 10:02:33 2020]
rule registration:
    input: /mnt/NAS/Fang/Analysis/MERFISH/merfish_analysis/20200303_hMTG_V11_4000gene_best_sample/data/logs/create_analysis.log
    output: /mnt/NAS/Fang/Analysis/MERFISH/merfish_analysis/20200303_hMTG_V11_4000gene_best_sample/data/logs/fov_260_zpos_1.0_registration.log
    jobid: 1562
    wildcards: analysisPath=/mnt/NAS/Fang/Analysis/MERFISH/merfish_analysis/20200303_hMTG_V11_4000gene_best_sample/data, fov=260, zpos=1.0


[Tue Oct  6 10:02:34 2020]
rule registration:
    input: /mnt/NAS/Fang/Analysis/MERFISH/merfish_analysis/20200303_hMTG_V11_4000gene_best_sample/data/logs/create_analysis.log
    output: /mnt/NAS/Fang/Analysis/MERFISH/merfish_analysis/20200303_hMTG_V11_4000gene_best_sample/data/logs/fov_605_zpos_3.0_registration.log
    jobid: 3634
    wildcards: analysisPath=/mnt/NAS/Fang/Analysis/MERFISH/merfish_analysis/20200303_hMTG_V11_4000gene_best_sample/data, fov=605, zpos=3.0

[Tue Oct  6 10:03:45 2020]
Finished job 3631.
51 of 24627 steps (0.21%) done
[Tue Oct  6 10:03:46 2020]
Finished job 2763.
52 of 24627 steps (0.21%) done

[Tue Oct  6 10:03:46 2020]
rule registration:
    input: /mnt/NAS/Fang/Analysis/MERFISH/merfish_analysis/20200303_hMTG_V11_4000gene_best_sample/data/logs/create_analysis.log
    output: /mnt/NAS/Fang/Analysis/MERFISH/merfish_analysis/20200303_hMTG_V11_4000gene_best_sample/data/logs/fov_259_zpos_3.0_registration.log
    jobid: 1558
    wildcards: analysisPath=/mnt/NAS/Fang/Analysis/MERFISH/merfish_analysis/20200303_hMTG_V11_4000gene_best_sample/data, fov=259, zpos=3.0


[Tue Oct  6 10:03:47 2020]
rule registration:
    input: /mnt/NAS/Fang/Analysis/MERFISH/merfish_analysis/20200303_hMTG_V11_4000gene_best_sample/data/logs/create_analysis.log
    output: /mnt/NAS/Fang/Analysis/MERFISH/merfish_analysis/20200303_hMTG_V11_4000gene_best_sample/data/logs/fov_604_zpos_5.0_registration.log
    jobid: 3630
    wildcards: analysisPath=/mnt/NAS/Fang/Analysis/MERFISH/merfish_analysis/20200303_hMTG_V11_4000gene_best_sample/data, fov=604, zpos=5.0

[Tue Oct  6 10:03:59 2020]
Finished job 1559.
53 of 24627 steps (0.22%) done

[Tue Oct  6 10:04:00 2020]
rule registration:
    input: /mnt/NAS/Fang/Analysis/MERFISH/merfish_analysis/20200303_hMTG_V11_4000gene_best_sample/data/logs/create_analysis.log
    output: /mnt/NAS/Fang/Analysis/MERFISH/merfish_analysis/20200303_hMTG_V11_4000gene_best_sample/data/logs/fov_42_zpos_3.0_registration.log
    jobid: 256
    wildcards: analysisPath=/mnt/NAS/Fang/Analysis/MERFISH/merfish_analysis/20200303_hMTG_V11_4000gene_best_sample/data, fov=42, zpos=3.0

[Tue Oct  6 10:04:06 2020]
Finished job 257.
54 of 24627 steps (0.22%) done
[Tue Oct  6 10:04:07 2020]
Finished job 2809.
55 of 24627 steps (0.22%) done

[Tue Oct  6 10:04:07 2020]
rule registration:
    input: /mnt/NAS/Fang/Analysis/MERFISH/merfish_analysis/20200303_hMTG_V11_4000gene_best_sample/data/logs/create_analysis.log
    output: /mnt/NAS/Fang/Analysis/MERFISH/merfish_analysis/20200303_hMTG_V11_4000gene_best_sample/data/logs/fov_604_zpos_4.0_registration.log
    jobid: 3629
    wildcards: analysisPath=/mnt/NAS/Fang/Analysis/MERFISH/merfish_analysis/20200303_hMTG_V11_4000gene_best_sample/data, fov=604, zpos=4.0


[Tue Oct  6 10:04:08 2020]
rule registration:
    input: /mnt/NAS/Fang/Analysis/MERFISH/merfish_analysis/20200303_hMTG_V11_4000gene_best_sample/data/logs/create_analysis.log
    output: /mnt/NAS/Fang/Analysis/MERFISH/merfish_analysis/20200303_hMTG_V11_4000gene_best_sample/data/logs/fov_260_zpos_3.0_registration.log
    jobid: 1564
    wildcards: analysisPath=/mnt/NAS/Fang/Analysis/MERFISH/merfish_analysis/20200303_hMTG_V11_4000gene_best_sample/data, fov=260, zpos=3.0

[Tue Oct  6 10:04:08 2020]
Finished job 4111.
56 of 24627 steps (0.23%) done

[Tue Oct  6 10:04:09 2020]
rule registration:
    input: /mnt/NAS/Fang/Analysis/MERFISH/merfish_analysis/20200303_hMTG_V11_4000gene_best_sample/data/logs/create_analysis.log
    output: /mnt/NAS/Fang/Analysis/MERFISH/merfish_analysis/20200303_hMTG_V11_4000gene_best_sample/data/logs/fov_259_zpos_2.0_registration.log
    jobid: 1557
    wildcards: analysisPath=/mnt/NAS/Fang/Analysis/MERFISH/merfish_analysis/20200303_hMTG_V11_4000gene_best_sample/data, fov=259, zpos=2.0

[Tue Oct  6 10:04:22 2020]
Finished job 2038.
57 of 24627 steps (0.23%) done

[Tue Oct  6 10:04:22 2020]
rule registration:
    input: /mnt/NAS/Fang/Analysis/MERFISH/merfish_analysis/20200303_hMTG_V11_4000gene_best_sample/data/logs/create_analysis.log
    output: /mnt/NAS/Fang/Analysis/MERFISH/merfish_analysis/20200303_hMTG_V11_4000gene_best_sample/data/logs/fov_42_zpos_2.0_registration.log
    jobid: 255
    wildcards: analysisPath=/mnt/NAS/Fang/Analysis/MERFISH/merfish_analysis/20200303_hMTG_V11_4000gene_best_sample/data, fov=42, zpos=2.0

[Tue Oct  6 10:04:36 2020]
Finished job 3634.
58 of 24627 steps (0.24%) done

[Tue Oct  6 10:04:37 2020]
rule registration:
    input: /mnt/NAS/Fang/Analysis/MERFISH/merfish_analysis/20200303_hMTG_V11_4000gene_best_sample/data/logs/create_analysis.log
    output: /mnt/NAS/Fang/Analysis/MERFISH/merfish_analysis/20200303_hMTG_V11_4000gene_best_sample/data/logs/fov_459_zpos_6.0_registration.log
    jobid: 2761
    wildcards: analysisPath=/mnt/NAS/Fang/Analysis/MERFISH/merfish_analysis/20200303_hMTG_V11_4000gene_best_sample/data, fov=459, zpos=6.0

[Tue Oct  6 10:04:39 2020]
Finished job 1562.
59 of 24627 steps (0.24%) done

[Tue Oct  6 10:04:40 2020]
rule registration:
    input: /mnt/NAS/Fang/Analysis/MERFISH/merfish_analysis/20200303_hMTG_V11_4000gene_best_sample/data/logs/create_analysis.log
    output: /mnt/NAS/Fang/Analysis/MERFISH/merfish_analysis/20200303_hMTG_V11_4000gene_best_sample/data/logs/fov_534_zpos_3.0_registration.log
    jobid: 3208
    wildcards: analysisPath=/mnt/NAS/Fang/Analysis/MERFISH/merfish_analysis/20200303_hMTG_V11_4000gene_best_sample/data, fov=534, zpos=3.0

[Tue Oct  6 10:04:40 2020]
Finished job 2766.
60 of 24627 steps (0.24%) done

[Tue Oct  6 10:04:41 2020]
rule registration:
    input: /mnt/NAS/Fang/Analysis/MERFISH/merfish_analysis/20200303_hMTG_V11_4000gene_best_sample/data/logs/create_analysis.log
    output: /mnt/NAS/Fang/Analysis/MERFISH/merfish_analysis/20200303_hMTG_V11_4000gene_best_sample/data/logs/fov_43_zpos_4.0_registration.log
    jobid: 263
    wildcards: analysisPath=/mnt/NAS/Fang/Analysis/MERFISH/merfish_analysis/20200303_hMTG_V11_4000gene_best_sample/data, fov=43, zpos=4.0

[Tue Oct  6 10:05:53 2020]
Finished job 1558.
61 of 24627 steps (0.25%) done
[Tue Oct  6 10:05:54 2020]
Finished job 3630.
62 of 24627 steps (0.25%) done

[Tue Oct  6 10:05:54 2020]
rule registration:
    input: /mnt/NAS/Fang/Analysis/MERFISH/merfish_analysis/20200303_hMTG_V11_4000gene_best_sample/data/logs/create_analysis.log
    output: /mnt/NAS/Fang/Analysis/MERFISH/merfish_analysis/20200303_hMTG_V11_4000gene_best_sample/data/logs/fov_189_zpos_1.0_registration.log
    jobid: 1136
    wildcards: analysisPath=/mnt/NAS/Fang/Analysis/MERFISH/merfish_analysis/20200303_hMTG_V11_4000gene_best_sample/data, fov=189, zpos=1.0


[Tue Oct  6 10:05:55 2020]
rule registration:
    input: /mnt/NAS/Fang/Analysis/MERFISH/merfish_analysis/20200303_hMTG_V11_4000gene_best_sample/data/logs/create_analysis.log
    output: /mnt/NAS/Fang/Analysis/MERFISH/merfish_analysis/20200303_hMTG_V11_4000gene_best_sample/data/logs/fov_684_zpos_4.0_registration.log
    jobid: 4109
    wildcards: analysisPath=/mnt/NAS/Fang/Analysis/MERFISH/merfish_analysis/20200303_hMTG_V11_4000gene_best_sample/data, fov=684, zpos=4.0

[Tue Oct  6 10:06:06 2020]
Finished job 256.
63 of 24627 steps (0.26%) done

[Tue Oct  6 10:06:07 2020]
rule registration:
    input: /mnt/NAS/Fang/Analysis/MERFISH/merfish_analysis/20200303_hMTG_V11_4000gene_best_sample/data/logs/create_analysis.log
    output: /mnt/NAS/Fang/Analysis/MERFISH/merfish_analysis/20200303_hMTG_V11_4000gene_best_sample/data/logs/fov_43_zpos_6.0_registration.log
    jobid: 265
    wildcards: analysisPath=/mnt/NAS/Fang/Analysis/MERFISH/merfish_analysis/20200303_hMTG_V11_4000gene_best_sample/data, fov=43, zpos=6.0

[Tue Oct  6 10:06:21 2020]
Finished job 1564.
64 of 24627 steps (0.26%) done
[Tue Oct  6 10:06:21 2020]
Finished job 3629.
65 of 24627 steps (0.26%) done
[Tue Oct  6 10:06:22 2020]
Finished job 1557.
66 of 24627 steps (0.27%) done

[Tue Oct  6 10:06:22 2020]
rule segmentation_DAPI:
    input: /mnt/NAS/Fang/Analysis/MERFISH/merfish_analysis/20200303_hMTG_V11_4000gene_best_sample/data/logs/fov_506_zpos_2.0_registration.log
    output: /mnt/NAS/Fang/Analysis/MERFISH/merfish_analysis/20200303_hMTG_V11_4000gene_best_sample/data/logs/fov_506_zpos_2.0_DAPI_segmentation.log, /mnt/NAS/Fang/Analysis/MERFISH/merfish_analysis/20200303_hMTG_V11_4000gene_best_sample/data/logs/fov_506_zpos_2.0_DAPI_extract_features.log
    jobid: 12627
    wildcards: analysisPath=/mnt/NAS/Fang/Analysis/MERFISH/merfish_analysis/20200303_hMTG_V11_4000gene_best_sample/data, fov=506, zpos=2.0


[Tue Oct  6 10:06:22 2020]
rule segmentation_DAPI:
    input: /mnt/NAS/Fang/Analysis/MERFISH/merfish_analysis/20200303_hMTG_V11_4000gene_best_sample/data/logs/fov_499_zpos_3.0_registration.log
    output: /mnt/NAS/Fang/Analysis/MERFISH/merfish_analysis/20200303_hMTG_V11_4000gene_best_sample/data/logs/fov_499_zpos_3.0_DAPI_segmentation.log, /mnt/NAS/Fang/Analysis/MERFISH/merfish_analysis/20200303_hMTG_V11_4000gene_best_sample/data/logs/fov_499_zpos_3.0_DAPI_extract_features.log
    jobid: 12586
    wildcards: analysisPath=/mnt/NAS/Fang/Analysis/MERFISH/merfish_analysis/20200303_hMTG_V11_4000gene_best_sample/data, fov=499, zpos=3.0


[Tue Oct  6 10:06:23 2020]
rule registration:
    input: /mnt/NAS/Fang/Analysis/MERFISH/merfish_analysis/20200303_hMTG_V11_4000gene_best_sample/data/logs/create_analysis.log
    output: /mnt/NAS/Fang/Analysis/MERFISH/merfish_analysis/20200303_hMTG_V11_4000gene_best_sample/data/logs/fov_116_zpos_5.0_registration.log
    jobid: 702
    wildcards: analysisPath=/mnt/NAS/Fang/Analysis/MERFISH/merfish_analysis/20200303_hMTG_V11_4000gene_best_sample/data, fov=116, zpos=5.0

[Tue Oct  6 10:06:29 2020]
Finished job 255.
67 of 24627 steps (0.27%) done

[Tue Oct  6 10:06:30 2020]
rule registration:
    input: /mnt/NAS/Fang/Analysis/MERFISH/merfish_analysis/20200303_hMTG_V11_4000gene_best_sample/data/logs/create_analysis.log
    output: /mnt/NAS/Fang/Analysis/MERFISH/merfish_analysis/20200303_hMTG_V11_4000gene_best_sample/data/logs/fov_188_zpos_6.0_registration.log
    jobid: 1135
    wildcards: analysisPath=/mnt/NAS/Fang/Analysis/MERFISH/merfish_analysis/20200303_hMTG_V11_4000gene_best_sample/data, fov=188, zpos=6.0

[Tue Oct  6 10:06:46 2020]
Finished job 3208.
68 of 24627 steps (0.28%) done

[Tue Oct  6 10:06:47 2020]
rule registration:
    input: /mnt/NAS/Fang/Analysis/MERFISH/merfish_analysis/20200303_hMTG_V11_4000gene_best_sample/data/logs/create_analysis.log
    output: /mnt/NAS/Fang/Analysis/MERFISH/merfish_analysis/20200303_hMTG_V11_4000gene_best_sample/data/logs/fov_467_zpos_4.0_registration.log
    jobid: 2807
    wildcards: analysisPath=/mnt/NAS/Fang/Analysis/MERFISH/merfish_analysis/20200303_hMTG_V11_4000gene_best_sample/data, fov=467, zpos=4.0

[Tue Oct  6 10:06:49 2020]
Finished job 2761.
69 of 24627 steps (0.28%) done
[Tue Oct  6 10:06:49 2020]
Finished job 263.
70 of 24627 steps (0.28%) done

[Tue Oct  6 10:06:50 2020]
rule segmentation_DAPI:
    input: /mnt/NAS/Fang/Analysis/MERFISH/merfish_analysis/20200303_hMTG_V11_4000gene_best_sample/data/logs/fov_506_zpos_1.0_registration.log
    output: /mnt/NAS/Fang/Analysis/MERFISH/merfish_analysis/20200303_hMTG_V11_4000gene_best_sample/data/logs/fov_506_zpos_1.0_DAPI_segmentation.log, /mnt/NAS/Fang/Analysis/MERFISH/merfish_analysis/20200303_hMTG_V11_4000gene_best_sample/data/logs/fov_506_zpos_1.0_DAPI_extract_features.log
    jobid: 12626
    wildcards: analysisPath=/mnt/NAS/Fang/Analysis/MERFISH/merfish_analysis/20200303_hMTG_V11_4000gene_best_sample/data, fov=506, zpos=1.0


[Tue Oct  6 10:06:50 2020]
rule segmentation_DAPI:
    input: /mnt/NAS/Fang/Analysis/MERFISH/merfish_analysis/20200303_hMTG_V11_4000gene_best_sample/data/logs/fov_499_zpos_2.0_registration.log
    output: /mnt/NAS/Fang/Analysis/MERFISH/merfish_analysis/20200303_hMTG_V11_4000gene_best_sample/data/logs/fov_499_zpos_2.0_DAPI_segmentation.log, /mnt/NAS/Fang/Analysis/MERFISH/merfish_analysis/20200303_hMTG_V11_4000gene_best_sample/data/logs/fov_499_zpos_2.0_DAPI_extract_features.log
    jobid: 12585
    wildcards: analysisPath=/mnt/NAS/Fang/Analysis/MERFISH/merfish_analysis/20200303_hMTG_V11_4000gene_best_sample/data, fov=499, zpos=2.0

[Tue Oct  6 10:07:27 2020]
Finished job 12627.
71 of 24627 steps (0.29%) done

[Tue Oct  6 10:07:29 2020]
rule registration:
    input: /mnt/NAS/Fang/Analysis/MERFISH/merfish_analysis/20200303_hMTG_V11_4000gene_best_sample/data/logs/create_analysis.log
    output: /mnt/NAS/Fang/Analysis/MERFISH/merfish_analysis/20200303_hMTG_V11_4000gene_best_sample/data/logs/fov_534_zpos_2.0_registration.log
    jobid: 3207
    wildcards: analysisPath=/mnt/NAS/Fang/Analysis/MERFISH/merfish_analysis/20200303_hMTG_V11_4000gene_best_sample/data, fov=534, zpos=2.0

[Tue Oct  6 10:07:30 2020]
Finished job 12626.
72 of 24627 steps (0.29%) done

[Tue Oct  6 10:07:31 2020]
rule registration:
    input: /mnt/NAS/Fang/Analysis/MERFISH/merfish_analysis/20200303_hMTG_V11_4000gene_best_sample/data/logs/create_analysis.log
    output: /mnt/NAS/Fang/Analysis/MERFISH/merfish_analysis/20200303_hMTG_V11_4000gene_best_sample/data/logs/fov_116_zpos_4.0_registration.log
    jobid: 701
    wildcards: analysisPath=/mnt/NAS/Fang/Analysis/MERFISH/merfish_analysis/20200303_hMTG_V11_4000gene_best_sample/data, fov=116, zpos=4.0

[Tue Oct  6 10:07:43 2020]
Finished job 12586.
73 of 24627 steps (0.30%) done

[Tue Oct  6 10:07:44 2020]
rule registration:
    input: /mnt/NAS/Fang/Analysis/MERFISH/merfish_analysis/20200303_hMTG_V11_4000gene_best_sample/data/logs/create_analysis.log
    output: /mnt/NAS/Fang/Analysis/MERFISH/merfish_analysis/20200303_hMTG_V11_4000gene_best_sample/data/logs/fov_461_zpos_4.0_registration.log
    jobid: 2771
    wildcards: analysisPath=/mnt/NAS/Fang/Analysis/MERFISH/merfish_analysis/20200303_hMTG_V11_4000gene_best_sample/data, fov=461, zpos=4.0

[Tue Oct  6 10:08:05 2020]
Finished job 1136.
74 of 24627 steps (0.30%) done

[Tue Oct  6 10:08:05 2020]
rule registration:
    input: /mnt/NAS/Fang/Analysis/MERFISH/merfish_analysis/20200303_hMTG_V11_4000gene_best_sample/data/logs/create_analysis.log
    output: /mnt/NAS/Fang/Analysis/MERFISH/merfish_analysis/20200303_hMTG_V11_4000gene_best_sample/data/logs/fov_339_zpos_2.0_registration.log
    jobid: 2037
    wildcards: analysisPath=/mnt/NAS/Fang/Analysis/MERFISH/merfish_analysis/20200303_hMTG_V11_4000gene_best_sample/data, fov=339, zpos=2.0

[Tue Oct  6 10:08:09 2020]
Finished job 4109.
75 of 24627 steps (0.30%) done
[Tue Oct  6 10:08:09 2020]
Finished job 12585.
76 of 24627 steps (0.31%) done

[Tue Oct  6 10:08:10 2020]
rule segmentation_DAPI:
    input: /mnt/NAS/Fang/Analysis/MERFISH/merfish_analysis/20200303_hMTG_V11_4000gene_best_sample/data/logs/fov_506_zpos_3.0_registration.log
    output: /mnt/NAS/Fang/Analysis/MERFISH/merfish_analysis/20200303_hMTG_V11_4000gene_best_sample/data/logs/fov_506_zpos_3.0_DAPI_segmentation.log, /mnt/NAS/Fang/Analysis/MERFISH/merfish_analysis/20200303_hMTG_V11_4000gene_best_sample/data/logs/fov_506_zpos_3.0_DAPI_extract_features.log
    jobid: 12628
    wildcards: analysisPath=/mnt/NAS/Fang/Analysis/MERFISH/merfish_analysis/20200303_hMTG_V11_4000gene_best_sample/data, fov=506, zpos=3.0


[Tue Oct  6 10:08:10 2020]
rule segmentation_DAPI:
    input: /mnt/NAS/Fang/Analysis/MERFISH/merfish_analysis/20200303_hMTG_V11_4000gene_best_sample/data/logs/fov_768_zpos_2.0_registration.log
    output: /mnt/NAS/Fang/Analysis/MERFISH/merfish_analysis/20200303_hMTG_V11_4000gene_best_sample/data/logs/fov_768_zpos_2.0_DAPI_segmentation.log, /mnt/NAS/Fang/Analysis/MERFISH/merfish_analysis/20200303_hMTG_V11_4000gene_best_sample/data/logs/fov_768_zpos_2.0_DAPI_extract_features.log
    jobid: 14199
    wildcards: analysisPath=/mnt/NAS/Fang/Analysis/MERFISH/merfish_analysis/20200303_hMTG_V11_4000gene_best_sample/data, fov=768, zpos=2.0

[Tue Oct  6 10:08:13 2020]
Finished job 265.
77 of 24627 steps (0.31%) done

[Tue Oct  6 10:08:14 2020]
rule registration:
    input: /mnt/NAS/Fang/Analysis/MERFISH/merfish_analysis/20200303_hMTG_V11_4000gene_best_sample/data/logs/create_analysis.log
    output: /mnt/NAS/Fang/Analysis/MERFISH/merfish_analysis/20200303_hMTG_V11_4000gene_best_sample/data/logs/fov_534_zpos_1.0_registration.log
    jobid: 3206
    wildcards: analysisPath=/mnt/NAS/Fang/Analysis/MERFISH/merfish_analysis/20200303_hMTG_V11_4000gene_best_sample/data, fov=534, zpos=1.0

[Tue Oct  6 10:08:32 2020]
Finished job 702.
78 of 24627 steps (0.32%) done

[Tue Oct  6 10:08:33 2020]
rule registration:
    input: /mnt/NAS/Fang/Analysis/MERFISH/merfish_analysis/20200303_hMTG_V11_4000gene_best_sample/data/logs/create_analysis.log
    output: /mnt/NAS/Fang/Analysis/MERFISH/merfish_analysis/20200303_hMTG_V11_4000gene_best_sample/data/logs/fov_339_zpos_6.0_registration.log
    jobid: 2041
    wildcards: analysisPath=/mnt/NAS/Fang/Analysis/MERFISH/merfish_analysis/20200303_hMTG_V11_4000gene_best_sample/data, fov=339, zpos=6.0

[Tue Oct  6 10:08:42 2020]
Finished job 1135.
79 of 24627 steps (0.32%) done

[Tue Oct  6 10:08:43 2020]
rule registration:
    input: /mnt/NAS/Fang/Analysis/MERFISH/merfish_analysis/20200303_hMTG_V11_4000gene_best_sample/data/logs/create_analysis.log
    output: /mnt/NAS/Fang/Analysis/MERFISH/merfish_analysis/20200303_hMTG_V11_4000gene_best_sample/data/logs/fov_188_zpos_5.0_registration.log
    jobid: 1134
    wildcards: analysisPath=/mnt/NAS/Fang/Analysis/MERFISH/merfish_analysis/20200303_hMTG_V11_4000gene_best_sample/data, fov=188, zpos=5.0

[Tue Oct  6 10:08:49 2020]
Finished job 2807.
80 of 24627 steps (0.32%) done

[Tue Oct  6 10:08:50 2020]
rule registration:
    input: /mnt/NAS/Fang/Analysis/MERFISH/merfish_analysis/20200303_hMTG_V11_4000gene_best_sample/data/logs/create_analysis.log
    output: /mnt/NAS/Fang/Analysis/MERFISH/merfish_analysis/20200303_hMTG_V11_4000gene_best_sample/data/logs/fov_116_zpos_3.0_registration.log
    jobid: 700
    wildcards: analysisPath=/mnt/NAS/Fang/Analysis/MERFISH/merfish_analysis/20200303_hMTG_V11_4000gene_best_sample/data, fov=116, zpos=3.0

[Tue Oct  6 10:09:01 2020]
Finished job 14199.
81 of 24627 steps (0.33%) done

[Tue Oct  6 10:09:01 2020]
rule registration:
    input: /mnt/NAS/Fang/Analysis/MERFISH/merfish_analysis/20200303_hMTG_V11_4000gene_best_sample/data/logs/create_analysis.log
    output: /mnt/NAS/Fang/Analysis/MERFISH/merfish_analysis/20200303_hMTG_V11_4000gene_best_sample/data/logs/fov_468_zpos_2.0_registration.log
    jobid: 2811
    wildcards: analysisPath=/mnt/NAS/Fang/Analysis/MERFISH/merfish_analysis/20200303_hMTG_V11_4000gene_best_sample/data, fov=468, zpos=2.0

[Tue Oct  6 10:09:22 2020]
Finished job 12628.
82 of 24627 steps (0.33%) done

[Tue Oct  6 10:09:23 2020]
rule registration:
    input: /mnt/NAS/Fang/Analysis/MERFISH/merfish_analysis/20200303_hMTG_V11_4000gene_best_sample/data/logs/create_analysis.log
    output: /mnt/NAS/Fang/Analysis/MERFISH/merfish_analysis/20200303_hMTG_V11_4000gene_best_sample/data/logs/fov_606_zpos_3.0_registration.log
    jobid: 3640
    wildcards: analysisPath=/mnt/NAS/Fang/Analysis/MERFISH/merfish_analysis/20200303_hMTG_V11_4000gene_best_sample/data, fov=606, zpos=3.0

[Tue Oct  6 10:09:31 2020]
Finished job 3207.
83 of 24627 steps (0.34%) done

[Tue Oct  6 10:09:32 2020]
rule registration:
    input: /mnt/NAS/Fang/Analysis/MERFISH/merfish_analysis/20200303_hMTG_V11_4000gene_best_sample/data/logs/create_analysis.log
    output: /mnt/NAS/Fang/Analysis/MERFISH/merfish_analysis/20200303_hMTG_V11_4000gene_best_sample/data/logs/fov_533_zpos_6.0_registration.log
    jobid: 3205
    wildcards: analysisPath=/mnt/NAS/Fang/Analysis/MERFISH/merfish_analysis/20200303_hMTG_V11_4000gene_best_sample/data, fov=533, zpos=6.0

[Tue Oct  6 10:09:33 2020]
Finished job 701.
84 of 24627 steps (0.34%) done

[Tue Oct  6 10:09:34 2020]
rule registration:
    input: /mnt/NAS/Fang/Analysis/MERFISH/merfish_analysis/20200303_hMTG_V11_4000gene_best_sample/data/logs/create_analysis.log
    output: /mnt/NAS/Fang/Analysis/MERFISH/merfish_analysis/20200303_hMTG_V11_4000gene_best_sample/data/logs/fov_685_zpos_2.0_registration.log
    jobid: 4113
    wildcards: analysisPath=/mnt/NAS/Fang/Analysis/MERFISH/merfish_analysis/20200303_hMTG_V11_4000gene_best_sample/data, fov=685, zpos=2.0

[Tue Oct  6 10:09:48 2020]
Finished job 2771.
85 of 24627 steps (0.35%) done

[Tue Oct  6 10:09:49 2020]
rule registration:
    input: /mnt/NAS/Fang/Analysis/MERFISH/merfish_analysis/20200303_hMTG_V11_4000gene_best_sample/data/logs/create_analysis.log
    output: /mnt/NAS/Fang/Analysis/MERFISH/merfish_analysis/20200303_hMTG_V11_4000gene_best_sample/data/logs/fov_606_zpos_5.0_registration.log
    jobid: 3642
    wildcards: analysisPath=/mnt/NAS/Fang/Analysis/MERFISH/merfish_analysis/20200303_hMTG_V11_4000gene_best_sample/data, fov=606, zpos=5.0

[Tue Oct  6 10:10:08 2020]
Finished job 2037.
86 of 24627 steps (0.35%) done

[Tue Oct  6 10:10:09 2020]
rule registration:
    input: /mnt/NAS/Fang/Analysis/MERFISH/merfish_analysis/20200303_hMTG_V11_4000gene_best_sample/data/logs/create_analysis.log
    output: /mnt/NAS/Fang/Analysis/MERFISH/merfish_analysis/20200303_hMTG_V11_4000gene_best_sample/data/logs/fov_188_zpos_4.0_registration.log
    jobid: 1133
    wildcards: analysisPath=/mnt/NAS/Fang/Analysis/MERFISH/merfish_analysis/20200303_hMTG_V11_4000gene_best_sample/data, fov=188, zpos=4.0

[Tue Oct  6 10:10:21 2020]
Finished job 3206.
87 of 24627 steps (0.35%) done

[Tue Oct  6 10:10:22 2020]
rule registration:
    input: /mnt/NAS/Fang/Analysis/MERFISH/merfish_analysis/20200303_hMTG_V11_4000gene_best_sample/data/logs/create_analysis.log
    output: /mnt/NAS/Fang/Analysis/MERFISH/merfish_analysis/20200303_hMTG_V11_4000gene_best_sample/data/logs/fov_331_zpos_4.0_registration.log
    jobid: 1991
    wildcards: analysisPath=/mnt/NAS/Fang/Analysis/MERFISH/merfish_analysis/20200303_hMTG_V11_4000gene_best_sample/data, fov=331, zpos=4.0

[Tue Oct  6 10:10:32 2020]
Finished job 2041.
88 of 24627 steps (0.36%) done

[Tue Oct  6 10:10:34 2020]
rule registration:
    input: /mnt/NAS/Fang/Analysis/MERFISH/merfish_analysis/20200303_hMTG_V11_4000gene_best_sample/data/logs/create_analysis.log
    output: /mnt/NAS/Fang/Analysis/MERFISH/merfish_analysis/20200303_hMTG_V11_4000gene_best_sample/data/logs/fov_116_zpos_2.0_registration.log
    jobid: 699
    wildcards: analysisPath=/mnt/NAS/Fang/Analysis/MERFISH/merfish_analysis/20200303_hMTG_V11_4000gene_best_sample/data, fov=116, zpos=2.0

[Tue Oct  6 10:10:42 2020]
Finished job 1134.
89 of 24627 steps (0.36%) done

[Tue Oct  6 10:10:42 2020]
rule registration:
    input: /mnt/NAS/Fang/Analysis/MERFISH/merfish_analysis/20200303_hMTG_V11_4000gene_best_sample/data/logs/create_analysis.log
    output: /mnt/NAS/Fang/Analysis/MERFISH/merfish_analysis/20200303_hMTG_V11_4000gene_best_sample/data/logs/fov_331_zpos_6.0_registration.log
    jobid: 1993
    wildcards: analysisPath=/mnt/NAS/Fang/Analysis/MERFISH/merfish_analysis/20200303_hMTG_V11_4000gene_best_sample/data, fov=331, zpos=6.0

[Tue Oct  6 10:10:53 2020]
Finished job 700.
90 of 24627 steps (0.37%) done

[Tue Oct  6 10:10:54 2020]
rule registration:
    input: /mnt/NAS/Fang/Analysis/MERFISH/merfish_analysis/20200303_hMTG_V11_4000gene_best_sample/data/logs/create_analysis.log
    output: /mnt/NAS/Fang/Analysis/MERFISH/merfish_analysis/20200303_hMTG_V11_4000gene_best_sample/data/logs/fov_533_zpos_5.0_registration.log
    jobid: 3204
    wildcards: analysisPath=/mnt/NAS/Fang/Analysis/MERFISH/merfish_analysis/20200303_hMTG_V11_4000gene_best_sample/data, fov=533, zpos=5.0

[Tue Oct  6 10:11:00 2020]
Finished job 2811.
91 of 24627 steps (0.37%) done

[Tue Oct  6 10:11:01 2020]
rule registration:
    input: /mnt/NAS/Fang/Analysis/MERFISH/merfish_analysis/20200303_hMTG_V11_4000gene_best_sample/data/logs/create_analysis.log
    output: /mnt/NAS/Fang/Analysis/MERFISH/merfish_analysis/20200303_hMTG_V11_4000gene_best_sample/data/logs/fov_188_zpos_3.0_registration.log
    jobid: 1132
    wildcards: analysisPath=/mnt/NAS/Fang/Analysis/MERFISH/merfish_analysis/20200303_hMTG_V11_4000gene_best_sample/data, fov=188, zpos=3.0

[Tue Oct  6 10:11:23 2020]
Finished job 3640.
92 of 24627 steps (0.37%) done

[Tue Oct  6 10:11:24 2020]
rule registration:
    input: /mnt/NAS/Fang/Analysis/MERFISH/merfish_analysis/20200303_hMTG_V11_4000gene_best_sample/data/logs/create_analysis.log
    output: /mnt/NAS/Fang/Analysis/MERFISH/merfish_analysis/20200303_hMTG_V11_4000gene_best_sample/data/logs/fov_116_zpos_1.0_registration.log
    jobid: 698
    wildcards: analysisPath=/mnt/NAS/Fang/Analysis/MERFISH/merfish_analysis/20200303_hMTG_V11_4000gene_best_sample/data, fov=116, zpos=1.0

[Tue Oct  6 10:11:30 2020]
Finished job 3205.
93 of 24627 steps (0.38%) done

[Tue Oct  6 10:11:32 2020]
rule registration:
    input: /mnt/NAS/Fang/Analysis/MERFISH/merfish_analysis/20200303_hMTG_V11_4000gene_best_sample/data/logs/create_analysis.log
    output: /mnt/NAS/Fang/Analysis/MERFISH/merfish_analysis/20200303_hMTG_V11_4000gene_best_sample/data/logs/fov_332_zpos_1.0_registration.log
    jobid: 1994
    wildcards: analysisPath=/mnt/NAS/Fang/Analysis/MERFISH/merfish_analysis/20200303_hMTG_V11_4000gene_best_sample/data, fov=332, zpos=1.0

[Tue Oct  6 10:11:33 2020]
Finished job 4113.
94 of 24627 steps (0.38%) done

[Tue Oct  6 10:11:35 2020]
rule registration:
    input: /mnt/NAS/Fang/Analysis/MERFISH/merfish_analysis/20200303_hMTG_V11_4000gene_best_sample/data/logs/create_analysis.log
    output: /mnt/NAS/Fang/Analysis/MERFISH/merfish_analysis/20200303_hMTG_V11_4000gene_best_sample/data/logs/fov_188_zpos_2.0_registration.log
    jobid: 1131
    wildcards: analysisPath=/mnt/NAS/Fang/Analysis/MERFISH/merfish_analysis/20200303_hMTG_V11_4000gene_best_sample/data, fov=188, zpos=2.0

[Tue Oct  6 10:11:44 2020]
Finished job 3642.
95 of 24627 steps (0.39%) done

[Tue Oct  6 10:11:45 2020]
rule registration:
    input: /mnt/NAS/Fang/Analysis/MERFISH/merfish_analysis/20200303_hMTG_V11_4000gene_best_sample/data/logs/create_analysis.log
    output: /mnt/NAS/Fang/Analysis/MERFISH/merfish_analysis/20200303_hMTG_V11_4000gene_best_sample/data/logs/fov_533_zpos_4.0_registration.log
    jobid: 3203
    wildcards: analysisPath=/mnt/NAS/Fang/Analysis/MERFISH/merfish_analysis/20200303_hMTG_V11_4000gene_best_sample/data, fov=533, zpos=4.0

[Tue Oct  6 10:12:04 2020]
Error in rule registration:
    jobid: 698
    output: /mnt/NAS/Fang/Analysis/MERFISH/merfish_analysis/20200303_hMTG_V11_4000gene_best_sample/data/logs/fov_116_zpos_1.0_registration.log
    shell:
        
		python /home/rfang/github/merfishdecoder/bin/merfishdecoder register-images 			--data-set-name=20200303_hMTG_V11_4000gene_best_sample/data 			--fov=116 			--zpos=1.0  			--output-name=/mnt/NAS/Fang/Analysis/MERFISH/merfish_analysis/20200303_hMTG_V11_4000gene_best_sample/data/warpedImages/fov_116_zpos_1.0.tif 			--register-drift=True 			--ref-frame-index=0 			--high-pass-filter-sigma=3 			--register-color=True 			--save-fiducials=False 			> /mnt/NAS/Fang/Analysis/MERFISH/merfish_analysis/20200303_hMTG_V11_4000gene_best_sample/data/logs/fov_116_zpos_1.0_registration.log
		
        (one of the commands exited with non-zero exit code; note that snakemake uses bash strict mode!)

Removing output files of failed job registration since they might be corrupted:
/mnt/NAS/Fang/Analysis/MERFISH/merfish_analysis/20200303_hMTG_V11_4000gene_best_sample/data/logs/fov_116_zpos_1.0_registration.log
[Tue Oct  6 10:12:08 2020]
Finished job 1133.
96 of 24627 steps (0.39%) done
[Tue Oct  6 10:12:24 2020]
Finished job 1991.
97 of 24627 steps (0.39%) done
[Tue Oct  6 10:12:34 2020]
Finished job 699.
98 of 24627 steps (0.40%) done
[Tue Oct  6 10:12:41 2020]
Finished job 1993.
99 of 24627 steps (0.40%) done
[Tue Oct  6 10:12:52 2020]
Finished job 3204.
100 of 24627 steps (0.41%) done
[Tue Oct  6 10:13:01 2020]
Finished job 1132.
101 of 24627 steps (0.41%) done
[Tue Oct  6 10:13:27 2020]
Finished job 1131.
102 of 24627 steps (0.41%) done
[Tue Oct  6 10:13:32 2020]
Finished job 1994.
103 of 24627 steps (0.42%) done
[Tue Oct  6 10:13:38 2020]
Finished job 3203.
104 of 24627 steps (0.42%) done
Shutting down, this might take some time.
Exiting because a job execution failed. Look above for error message
Complete log: /home/rfang/github/merfishdecoder/snakemake/.snakemake/log/2020-10-06T094710.808552.snakemake.log
